<?xml version="1.0" encoding="UTF-8"?>
<coverage generated="1767543277399" clover="3.2.0">
  <project timestamp="1767543277399" name="All files">
    <metrics statements="1657" coveredstatements="1535" conditionals="959" coveredconditionals="802" methods="377" coveredmethods="329" elements="2993" coveredelements="2666" complexity="0" loc="1657" ncloc="1657" packages="6" files="58" classes="58"/>
    <package name="src">
      <metrics statements="25" coveredstatements="25" conditionals="30" coveredconditionals="14" methods="3" coveredmethods="3"/>
      <file name="App.tsx" path="/Users/brandongarlock/projects/Fully-Compliant-Pipeline/ui/src/App.tsx">
        <metrics statements="25" coveredstatements="25" conditionals="30" coveredconditionals="14" methods="3" coveredmethods="3"/>
        <line num="2" count="1" type="stmt"/>
        <line num="3" count="1" type="stmt"/>
        <line num="4" count="1" type="stmt"/>
        <line num="5" count="1" type="stmt"/>
        <line num="6" count="1" type="stmt"/>
        <line num="7" count="1" type="stmt"/>
        <line num="8" count="1" type="stmt"/>
        <line num="9" count="1" type="stmt"/>
        <line num="10" count="1" type="stmt"/>
        <line num="11" count="1" type="stmt"/>
        <line num="12" count="1" type="stmt"/>
        <line num="13" count="1" type="stmt"/>
        <line num="14" count="1" type="stmt"/>
        <line num="15" count="1" type="stmt"/>
        <line num="16" count="1" type="stmt"/>
        <line num="17" count="1" type="stmt"/>
        <line num="18" count="1" type="stmt"/>
        <line num="20" count="1" type="stmt"/>
        <line num="21" count="18" type="stmt"/>
        <line num="22" count="18" type="stmt"/>
        <line num="23" count="18" type="stmt"/>
        <line num="25" count="18" type="stmt"/>
        <line num="60" count="9" type="stmt"/>
        <line num="91" count="9" type="stmt"/>
        <line num="98" count="1" type="stmt"/>
      </file>
    </package>
    <package name="src.components">
      <metrics statements="791" coveredstatements="723" conditionals="531" coveredconditionals="461" methods="173" coveredmethods="146"/>
      <file name="CartStockStatus.tsx" path="/Users/brandongarlock/projects/Fully-Compliant-Pipeline/ui/src/components/CartStockStatus.tsx">
        <metrics statements="9" coveredstatements="9" conditionals="10" coveredconditionals="10" methods="1" coveredmethods="1"/>
        <line num="3" count="4" type="stmt"/>
        <line num="4" count="4" type="stmt"/>
        <line num="5" count="4" type="stmt"/>
        <line num="6" count="4" type="stmt"/>
        <line num="13" count="4" type="stmt"/>
        <line num="14" count="53" type="cond" truecount="2" falsecount="0"/>
        <line num="17" count="53" type="stmt"/>
        <line num="18" count="53" type="stmt"/>
        <line num="20" count="53" type="stmt"/>
      </file>
      <file name="ExchangeForm.tsx" path="/Users/brandongarlock/projects/Fully-Compliant-Pipeline/ui/src/components/ExchangeForm.tsx">
        <metrics statements="37" coveredstatements="35" conditionals="10" coveredconditionals="8" methods="8" coveredmethods="8"/>
        <line num="1" count="1" type="stmt"/>
        <line num="2" count="1" type="stmt"/>
        <line num="3" count="1" type="stmt"/>
        <line num="5" count="1" type="stmt"/>
        <line num="12" count="1" type="stmt"/>
        <line num="16" count="41" type="stmt"/>
        <line num="17" count="41" type="stmt"/>
        <line num="18" count="41" type="stmt"/>
        <line num="19" count="41" type="stmt"/>
        <line num="20" count="41" type="stmt"/>
        <line num="21" count="41" type="stmt"/>
        <line num="23" count="41" type="stmt"/>
        <line num="24" count="13" type="stmt"/>
        <line num="27" count="41" type="stmt"/>
        <line num="28" count="13" type="stmt"/>
        <line num="29" count="13" type="stmt"/>
        <line num="30" count="12" type="stmt"/>
        <line num="32" count="1" type="stmt"/>
        <line num="36" count="41" type="stmt"/>
        <line num="37" count="4" type="stmt"/>
        <line num="39" count="4" type="cond" truecount="0" falsecount="1"/>
        <line num="40" count="0" type="stmt"/>
        <line num="41" count="0" type="stmt"/>
        <line num="44" count="4" type="stmt"/>
        <line num="45" count="4" type="stmt"/>
        <line num="47" count="4" type="stmt"/>
        <line num="48" count="4" type="stmt"/>
        <line num="54" count="4" type="stmt"/>
        <line num="55" count="3" type="cond" truecount="1" falsecount="0"/>
        <line num="56" count="1" type="stmt"/>
        <line num="59" count="1" type="cond" truecount="1" falsecount="1"/>
        <line num="61" count="4" type="stmt"/>
        <line num="65" count="41" type="stmt"/>
        <line num="75" count="5" type="stmt"/>
        <line num="80" count="54" type="stmt"/>
        <line num="93" count="3" type="cond" truecount="2" falsecount="0"/>
        <line num="102" count="2" type="stmt"/>
      </file>
      <file name="GiftCardBalance.tsx" path="/Users/brandongarlock/projects/Fully-Compliant-Pipeline/ui/src/components/GiftCardBalance.tsx">
        <metrics statements="34" coveredstatements="32" conditionals="15" coveredconditionals="11" methods="6" coveredmethods="5"/>
        <line num="1" count="2" type="stmt"/>
        <line num="2" count="2" type="stmt"/>
        <line num="4" count="2" type="stmt"/>
        <line num="6" count="2" type="stmt"/>
        <line num="7" count="15" type="stmt"/>
        <line num="8" count="15" type="stmt"/>
        <line num="9" count="15" type="stmt"/>
        <line num="10" count="15" type="stmt"/>
        <line num="11" count="15" type="stmt"/>
        <line num="13" count="15" type="stmt"/>
        <line num="14" count="4" type="stmt"/>
        <line num="16" count="4" type="cond" truecount="1" falsecount="0"/>
        <line num="17" count="1" type="stmt"/>
        <line num="18" count="1" type="stmt"/>
        <line num="21" count="3" type="stmt"/>
        <line num="22" count="3" type="stmt"/>
        <line num="23" count="3" type="stmt"/>
        <line num="24" count="3" type="stmt"/>
        <line num="26" count="3" type="stmt"/>
        <line num="27" count="3" type="stmt"/>
        <line num="28" count="2" type="stmt"/>
        <line num="31" count="2" type="cond" truecount="1" falsecount="0"/>
        <line num="32" count="2" type="stmt"/>
        <line num="41" count="1" type="cond" truecount="2" falsecount="1"/>
        <line num="43" count="3" type="stmt"/>
        <line num="47" count="15" type="stmt"/>
        <line num="48" count="2" type="stmt"/>
        <line num="49" count="2" type="stmt"/>
        <line num="51" count="0" type="stmt"/>
        <line num="55" count="15" type="stmt"/>
        <line num="56" count="4" type="stmt"/>
        <line num="62" count="15" type="stmt"/>
        <line num="73" count="3" type="stmt"/>
        <line num="126" count="0" type="stmt"/>
      </file>
      <file name="GiftCardPurchase.tsx" path="/Users/brandongarlock/projects/Fully-Compliant-Pipeline/ui/src/components/GiftCardPurchase.tsx">
        <metrics statements="78" coveredstatements="67" conditionals="46" coveredconditionals="40" methods="18" coveredmethods="11"/>
        <line num="1" count="2" type="stmt"/>
        <line num="2" count="2" type="stmt"/>
        <line num="3" count="2" type="stmt"/>
        <line num="5" count="2" type="stmt"/>
        <line num="7" count="2" type="stmt"/>
        <line num="9" count="2" type="stmt"/>
        <line num="10" count="32" type="stmt"/>
        <line num="11" count="32" type="stmt"/>
        <line num="12" count="32" type="stmt"/>
        <line num="13" count="32" type="stmt"/>
        <line num="14" count="32" type="stmt"/>
        <line num="15" count="32" type="stmt"/>
        <line num="16" count="32" type="stmt"/>
        <line num="17" count="32" type="stmt"/>
        <line num="18" count="32" type="stmt"/>
        <line num="19" count="32" type="stmt"/>
        <line num="20" count="32" type="stmt"/>
        <line num="21" count="32" type="stmt"/>
        <line num="23" count="32" type="stmt"/>
        <line num="24" count="6" type="stmt"/>
        <line num="25" count="6" type="stmt"/>
        <line num="28" count="32" type="stmt"/>
        <line num="29" count="4" type="stmt"/>
        <line num="30" count="4" type="cond" truecount="3" falsecount="0"/>
        <line num="31" count="4" type="stmt"/>
        <line num="32" count="4" type="stmt"/>
        <line num="36" count="32" type="stmt"/>
        <line num="37" count="76" type="cond" truecount="1" falsecount="0"/>
        <line num="38" count="36" type="stmt"/>
        <line num="40" count="40" type="cond" truecount="1" falsecount="0"/>
        <line num="41" count="9" type="stmt"/>
        <line num="42" count="9" type="cond" truecount="5" falsecount="0"/>
        <line num="44" count="31" type="stmt"/>
        <line num="47" count="32" type="stmt"/>
        <line num="48" count="2" type="stmt"/>
        <line num="49" count="2" type="stmt"/>
        <line num="50" count="2" type="stmt"/>
        <line num="52" count="2" type="stmt"/>
        <line num="53" count="2" type="cond" truecount="0" falsecount="1"/>
        <line num="54" count="0" type="stmt"/>
        <line num="55" count="0" type="stmt"/>
        <line num="58" count="2" type="cond" truecount="2" falsecount="1"/>
        <line num="59" count="0" type="stmt"/>
        <line num="60" count="0" type="stmt"/>
        <line num="63" count="2" type="stmt"/>
        <line num="65" count="2" type="stmt"/>
        <line num="66" count="2" type="stmt"/>
        <line num="78" count="2" type="stmt"/>
        <line num="79" count="1" type="stmt"/>
        <line num="82" count="1" type="stmt"/>
        <line num="83" count="1" type="stmt"/>
        <line num="84" count="1" type="stmt"/>
        <line num="85" count="1" type="stmt"/>
        <line num="86" count="1" type="stmt"/>
        <line num="87" count="1" type="stmt"/>
        <line num="88" count="1" type="stmt"/>
        <line num="89" count="1" type="stmt"/>
        <line num="91" count="1" type="cond" truecount="2" falsecount="1"/>
        <line num="93" count="2" type="stmt"/>
        <line num="97" count="32" type="stmt"/>
        <line num="98" count="250" type="stmt"/>
        <line num="104" count="32" type="cond" truecount="2" falsecount="0"/>
        <line num="106" count="32" type="cond" truecount="1" falsecount="0"/>
        <line num="107" count="1" type="stmt"/>
        <line num="114" count="1" type="stmt"/>
        <line num="124" count="0" type="stmt"/>
        <line num="132" count="31" type="stmt"/>
        <line num="141" count="217" type="stmt"/>
        <line num="145" count="6" type="stmt"/>
        <line num="170" count="0" type="stmt"/>
        <line num="179" count="2" type="cond" truecount="2" falsecount="0"/>
        <line num="180" count="2" type="stmt"/>
        <line num="188" count="2" type="stmt"/>
        <line num="204" count="0" type="stmt"/>
        <line num="215" count="0" type="stmt"/>
        <line num="226" count="0" type="stmt"/>
        <line num="239" count="0" type="stmt"/>
        <line num="254" count="0" type="stmt"/>
      </file>
      <file name="LowStockWarning.tsx" path="/Users/brandongarlock/projects/Fully-Compliant-Pipeline/ui/src/components/LowStockWarning.tsx">
        <metrics statements="6" coveredstatements="6" conditionals="5" coveredconditionals="4" methods="1" coveredmethods="1"/>
        <line num="3" count="9" type="stmt"/>
        <line num="9" count="9" type="stmt"/>
        <line num="10" count="13" type="cond" truecount="2" falsecount="0"/>
        <line num="13" count="13" type="cond" truecount="1" falsecount="0"/>
        <line num="14" count="10" type="stmt"/>
        <line num="17" count="3" type="stmt"/>
      </file>
      <file name="LoyaltyBalance.tsx" path="/Users/brandongarlock/projects/Fully-Compliant-Pipeline/ui/src/components/LoyaltyBalance.tsx">
        <metrics statements="25" coveredstatements="22" conditionals="5" coveredconditionals="4" methods="3" coveredmethods="3"/>
        <line num="1" count="4" type="stmt"/>
        <line num="2" count="4" type="stmt"/>
        <line num="4" count="4" type="stmt"/>
        <line num="11" count="4" type="stmt"/>
        <line num="12" count="5" type="stmt"/>
        <line num="13" count="5" type="stmt"/>
        <line num="14" count="5" type="stmt"/>
        <line num="16" count="5" type="stmt"/>
        <line num="17" count="3" type="stmt"/>
        <line num="20" count="5" type="stmt"/>
        <line num="21" count="3" type="stmt"/>
        <line num="22" count="3" type="stmt"/>
        <line num="23" count="3" type="stmt"/>
        <line num="24" count="3" type="stmt"/>
        <line num="25" count="2" type="stmt"/>
        <line num="26" count="2" type="cond" truecount="1" falsecount="0"/>
        <line num="27" count="1" type="stmt"/>
        <line num="30" count="0" type="stmt"/>
        <line num="31" count="0" type="stmt"/>
        <line num="33" count="2" type="stmt"/>
        <line num="37" count="5" type="cond" truecount="1" falsecount="0"/>
        <line num="38" count="3" type="stmt"/>
        <line num="45" count="2" type="cond" truecount="2" falsecount="1"/>
        <line num="46" count="0" type="stmt"/>
        <line num="49" count="2" type="stmt"/>
      </file>
      <file name="LoyaltyDashboard.tsx" path="/Users/brandongarlock/projects/Fully-Compliant-Pipeline/ui/src/components/LoyaltyDashboard.tsx">
        <metrics statements="28" coveredstatements="28" conditionals="19" coveredconditionals="16" methods="5" coveredmethods="5"/>
        <line num="1" count="3" type="stmt"/>
        <line num="2" count="3" type="stmt"/>
        <line num="3" count="3" type="stmt"/>
        <line num="4" count="3" type="stmt"/>
        <line num="6" count="3" type="stmt"/>
        <line num="12" count="3" type="stmt"/>
        <line num="13" count="37" type="stmt"/>
        <line num="14" count="37" type="stmt"/>
        <line num="15" count="37" type="stmt"/>
        <line num="17" count="37" type="stmt"/>
        <line num="18" count="17" type="stmt"/>
        <line num="21" count="37" type="stmt"/>
        <line num="22" count="18" type="stmt"/>
        <line num="23" count="18" type="stmt"/>
        <line num="24" count="18" type="stmt"/>
        <line num="25" count="18" type="stmt"/>
        <line num="26" count="16" type="stmt"/>
        <line num="28" count="2" type="stmt"/>
        <line num="29" count="2" type="stmt"/>
        <line num="31" count="18" type="stmt"/>
        <line num="35" count="37" type="cond" truecount="1" falsecount="0"/>
        <line num="36" count="18" type="stmt"/>
        <line num="43" count="19" type="cond" truecount="3" falsecount="0"/>
        <line num="44" count="2" type="stmt"/>
        <line num="54" count="17" type="stmt"/>
        <line num="56" count="17" type="stmt"/>
        <line num="107" count="34" type="stmt"/>
        <line num="155" count="32" type="stmt"/>
      </file>
      <file name="LoyaltyTierBadge.tsx" path="/Users/brandongarlock/projects/Fully-Compliant-Pipeline/ui/src/components/LoyaltyTierBadge.tsx">
        <metrics statements="13" coveredstatements="13" conditionals="8" coveredconditionals="8" methods="3" coveredmethods="3"/>
        <line num="3" count="4" type="stmt"/>
        <line num="11" count="4" type="stmt"/>
        <line num="15" count="32" type="stmt"/>
        <line num="16" count="32" type="cond" truecount="5" falsecount="0"/>
        <line num="18" count="3" type="stmt"/>
        <line num="20" count="4" type="stmt"/>
        <line num="22" count="20" type="stmt"/>
        <line num="25" count="5" type="stmt"/>
        <line num="29" count="32" type="stmt"/>
        <line num="30" count="32" type="stmt"/>
        <line num="33" count="32" type="stmt"/>
        <line num="34" count="32" type="stmt"/>
        <line num="36" count="32" type="stmt"/>
      </file>
      <file name="NotificationPreferences.tsx" path="/Users/brandongarlock/projects/Fully-Compliant-Pipeline/ui/src/components/NotificationPreferences.tsx">
        <metrics statements="40" coveredstatements="40" conditionals="17" coveredconditionals="14" methods="9" coveredmethods="8"/>
        <line num="1" count="3" type="stmt"/>
        <line num="2" count="3" type="stmt"/>
        <line num="4" count="3" type="stmt"/>
        <line num="10" count="3" type="stmt"/>
        <line num="11" count="39" type="stmt"/>
        <line num="12" count="39" type="stmt"/>
        <line num="13" count="39" type="stmt"/>
        <line num="14" count="39" type="stmt"/>
        <line num="15" count="39" type="stmt"/>
        <line num="17" count="39" type="stmt"/>
        <line num="18" count="14" type="stmt"/>
        <line num="21" count="39" type="stmt"/>
        <line num="22" count="14" type="stmt"/>
        <line num="23" count="14" type="stmt"/>
        <line num="24" count="14" type="stmt"/>
        <line num="25" count="14" type="stmt"/>
        <line num="26" count="13" type="stmt"/>
        <line num="28" count="1" type="cond" truecount="1" falsecount="1"/>
        <line num="30" count="14" type="stmt"/>
        <line num="34" count="39" type="stmt"/>
        <line num="35" count="3" type="cond" truecount="0" falsecount="1"/>
        <line num="37" count="3" type="stmt"/>
        <line num="38" count="3" type="stmt"/>
        <line num="39" count="3" type="stmt"/>
        <line num="41" count="3" type="stmt"/>
        <line num="42" count="3" type="stmt"/>
        <line num="43" count="2" type="stmt"/>
        <line num="44" count="2" type="stmt"/>
        <line num="45" count="2" type="stmt"/>
        <line num="47" count="1" type="cond" truecount="1" falsecount="1"/>
        <line num="49" count="3" type="stmt"/>
        <line num="53" count="39" type="cond" truecount="1" falsecount="0"/>
        <line num="54" count="15" type="stmt"/>
        <line num="57" count="24" type="cond" truecount="1" falsecount="0"/>
        <line num="58" count="1" type="stmt"/>
        <line num="61" count="23" type="stmt"/>
        <line num="79" count="1" type="stmt"/>
        <line num="91" count="1" type="stmt"/>
        <line num="105" count="1" type="stmt"/>
        <line num="118" count="1" type="stmt"/>
      </file>
      <file name="NotifyMeButton.tsx" path="/Users/brandongarlock/projects/Fully-Compliant-Pipeline/ui/src/components/NotifyMeButton.tsx">
        <metrics statements="33" coveredstatements="32" conditionals="12" coveredconditionals="11" methods="7" coveredmethods="6"/>
        <line num="1" count="9" type="stmt"/>
        <line num="2" count="9" type="stmt"/>
        <line num="3" count="9" type="stmt"/>
        <line num="10" count="9" type="stmt"/>
        <line num="11" count="27" type="stmt"/>
        <line num="12" count="27" type="stmt"/>
        <line num="13" count="27" type="stmt"/>
        <line num="14" count="27" type="stmt"/>
        <line num="15" count="27" type="stmt"/>
        <line num="17" count="27" type="stmt"/>
        <line num="18" count="5" type="stmt"/>
        <line num="19" count="5" type="stmt"/>
        <line num="20" count="5" type="stmt"/>
        <line num="21" count="5" type="stmt"/>
        <line num="24" count="27" type="stmt"/>
        <line num="25" count="1" type="stmt"/>
        <line num="26" count="1" type="stmt"/>
        <line num="27" count="1" type="stmt"/>
        <line num="28" count="1" type="stmt"/>
        <line num="31" count="27" type="stmt"/>
        <line num="32" count="2" type="stmt"/>
        <line num="33" count="2" type="stmt"/>
        <line num="34" count="2" type="stmt"/>
        <line num="36" count="2" type="stmt"/>
        <line num="37" count="2" type="stmt"/>
        <line num="38" count="1" type="stmt"/>
        <line num="39" count="1" type="stmt"/>
        <line num="40" count="0" type="stmt"/>
        <line num="43" count="1" type="cond" truecount="1" falsecount="1"/>
        <line num="45" count="2" type="stmt"/>
        <line num="49" count="27" type="stmt"/>
        <line num="61" count="3" type="stmt"/>
        <line num="87" count="3" type="stmt"/>
      </file>
      <file name="OrderDetails.tsx" path="/Users/brandongarlock/projects/Fully-Compliant-Pipeline/ui/src/components/OrderDetails.tsx">
        <metrics statements="9" coveredstatements="8" conditionals="12" coveredconditionals="11" methods="3" coveredmethods="2"/>
        <line num="2" count="3" type="stmt"/>
        <line num="4" count="3" type="stmt"/>
        <line num="10" count="3" type="stmt"/>
        <line num="11" count="6" type="stmt"/>
        <line num="14" count="6" type="cond" truecount="2" falsecount="0"/>
        <line num="16" count="6" type="stmt"/>
        <line num="17" count="0" type="stmt"/>
        <line num="20" count="6" type="stmt"/>
        <line num="74" count="9" type="stmt"/>
      </file>
      <file name="OrderDetailsCard.tsx" path="/Users/brandongarlock/projects/Fully-Compliant-Pipeline/ui/src/components/OrderDetailsCard.tsx">
        <metrics statements="4" coveredstatements="4" conditionals="18" coveredconditionals="17" methods="2" coveredmethods="2"/>
        <line num="3" count="3" type="stmt"/>
        <line num="10" count="3" type="stmt"/>
        <line num="11" count="29" type="stmt"/>
        <line num="20" count="37" type="stmt"/>
      </file>
      <file name="OrderForm.tsx" path="/Users/brandongarlock/projects/Fully-Compliant-Pipeline/ui/src/components/OrderForm.tsx">
        <metrics statements="104" coveredstatements="71" conditionals="67" coveredconditionals="50" methods="25" coveredmethods="12"/>
        <line num="1" count="3" type="stmt"/>
        <line num="2" count="3" type="stmt"/>
        <line num="3" count="3" type="stmt"/>
        <line num="4" count="3" type="stmt"/>
        <line num="5" count="3" type="stmt"/>
        <line num="6" count="3" type="stmt"/>
        <line num="7" count="3" type="stmt"/>
        <line num="8" count="3" type="stmt"/>
        <line num="9" count="3" type="stmt"/>
        <line num="10" count="3" type="stmt"/>
        <line num="13" count="3" type="stmt"/>
        <line num="19" count="3" type="stmt"/>
        <line num="34" count="92" type="stmt"/>
        <line num="36" count="92" type="cond" truecount="2" falsecount="0"/>
        <line num="37" count="92" type="stmt"/>
        <line num="38" count="92" type="stmt"/>
        <line num="39" count="92" type="stmt"/>
        <line num="40" count="92" type="stmt"/>
        <line num="41" count="92" type="stmt"/>
        <line num="42" count="92" type="stmt"/>
        <line num="43" count="92" type="stmt"/>
        <line num="44" count="92" type="stmt"/>
        <line num="45" count="92" type="stmt"/>
        <line num="46" count="92" type="stmt"/>
        <line num="48" count="92" type="stmt"/>
        <line num="49" count="52" type="stmt"/>
        <line num="53" count="92" type="cond" truecount="4" falsecount="0"/>
        <line num="54" count="92" type="stmt"/>
        <line num="57" count="92" type="stmt"/>
        <line num="58" count="37" type="cond" truecount="1" falsecount="0"/>
        <line num="59" count="31" type="stmt"/>
        <line num="60" count="0" type="stmt"/>
        <line num="67" count="92" type="stmt"/>
        <line num="68" count="8" type="stmt"/>
        <line num="70" count="8" type="cond" truecount="0" falsecount="1"/>
        <line num="71" count="0" type="stmt"/>
        <line num="72" count="0" type="stmt"/>
        <line num="75" count="8" type="cond" truecount="0" falsecount="1"/>
        <line num="76" count="0" type="stmt"/>
        <line num="77" count="0" type="stmt"/>
        <line num="81" count="8" type="stmt"/>
        <line num="82" count="8" type="cond" truecount="2" falsecount="0"/>
        <line num="84" count="8" type="cond" truecount="1" falsecount="0"/>
        <line num="85" count="2" type="stmt"/>
        <line num="86" count="2" type="stmt"/>
        <line num="89" count="6" type="stmt"/>
        <line num="90" count="6" type="stmt"/>
        <line num="92" count="6" type="stmt"/>
        <line num="93" count="6" type="stmt"/>
        <line num="95" count="6" type="stmt"/>
        <line num="100" count="0" type="cond" truecount="1" falsecount="1"/>
        <line num="103" count="6" type="stmt"/>
        <line num="104" count="5" type="stmt"/>
        <line num="105" count="5" type="stmt"/>
        <line num="106" count="5" type="stmt"/>
        <line num="107" count="5" type="stmt"/>
        <line num="108" count="5" type="stmt"/>
        <line num="109" count="5" type="stmt"/>
        <line num="110" count="5" type="stmt"/>
        <line num="112" count="5" type="cond" truecount="1" falsecount="0"/>
        <line num="113" count="2" type="stmt"/>
        <line num="116" count="1" type="cond" truecount="1" falsecount="1"/>
        <line num="118" count="6" type="stmt"/>
        <line num="122" count="92" type="cond" truecount="1" falsecount="0"/>
        <line num="123" count="5" type="stmt"/>
        <line num="131" count="1" type="stmt"/>
        <line num="132" count="1" type="cond" truecount="1" falsecount="0"/>
        <line num="133" count="1" type="stmt"/>
        <line num="144" count="87" type="cond" truecount="1" falsecount="0"/>
        <line num="145" count="12" type="stmt"/>
        <line num="154" count="75" type="cond" truecount="1" falsecount="0"/>
        <line num="155" count="27" type="stmt"/>
        <line num="164" count="48" type="stmt"/>
        <line num="171" count="48" type="stmt"/>
        <line num="178" count="0" type="stmt"/>
        <line num="183" count="1" type="stmt"/>
        <line num="191" count="1" type="stmt"/>
        <line num="210" count="1" type="stmt"/>
        <line num="230" count="0" type="stmt"/>
        <line num="231" count="0" type="cond" truecount="0" falsecount="1"/>
        <line num="232" count="0" type="stmt"/>
        <line num="257" count="0" type="stmt"/>
        <line num="258" count="0" type="stmt"/>
        <line num="259" count="0" type="stmt"/>
        <line num="262" count="0" type="stmt"/>
        <line num="275" count="0" type="stmt"/>
        <line num="283" count="0" type="cond" truecount="0" falsecount="1"/>
        <line num="284" count="0" type="stmt"/>
        <line num="285" count="0" type="stmt"/>
        <line num="288" count="0" type="cond" truecount="0" falsecount="1"/>
        <line num="289" count="0" type="stmt"/>
        <line num="290" count="0" type="stmt"/>
        <line num="293" count="0" type="stmt"/>
        <line num="294" count="0" type="stmt"/>
        <line num="295" count="0" type="stmt"/>
        <line num="296" count="0" type="stmt"/>
        <line num="301" count="0" type="stmt"/>
        <line num="306" count="0" type="stmt"/>
        <line num="307" count="0" type="stmt"/>
        <line num="309" count="0" type="cond" truecount="0" falsecount="3"/>
        <line num="327" count="0" type="stmt"/>
        <line num="334" count="0" type="stmt"/>
        <line num="335" count="0" type="stmt"/>
        <line num="336" count="0" type="stmt"/>
      </file>
      <file name="OrderStatusTimeline.tsx" path="/Users/brandongarlock/projects/Fully-Compliant-Pipeline/ui/src/components/OrderStatusTimeline.tsx">
        <metrics statements="10" coveredstatements="10" conditionals="14" coveredconditionals="14" methods="5" coveredmethods="5"/>
        <line num="3" count="3" type="stmt"/>
        <line num="10" count="3" type="stmt"/>
        <line num="14" count="27" type="stmt"/>
        <line num="15" count="57" type="stmt"/>
        <line num="24" count="27" type="stmt"/>
        <line num="25" count="228" type="stmt"/>
        <line num="29" count="27" type="stmt"/>
        <line num="30" count="33" type="stmt"/>
        <line num="33" count="27" type="stmt"/>
        <line num="41" count="57" type="stmt"/>
      </file>
      <file name="OrderTrackingHeader.tsx" path="/Users/brandongarlock/projects/Fully-Compliant-Pipeline/ui/src/components/OrderTrackingHeader.tsx">
        <metrics statements="12" coveredstatements="12" conditionals="15" coveredconditionals="14" methods="3" coveredmethods="3"/>
        <line num="3" count="3" type="stmt"/>
        <line num="9" count="3" type="stmt"/>
        <line num="10" count="32" type="stmt"/>
        <line num="11" count="30" type="cond" truecount="0" falsecount="1"/>
        <line num="12" count="30" type="stmt"/>
        <line num="21" count="32" type="stmt"/>
        <line num="22" count="32" type="stmt"/>
        <line num="23" count="32" type="cond" truecount="1" falsecount="0"/>
        <line num="24" count="31" type="cond" truecount="4" falsecount="0"/>
        <line num="25" count="2" type="cond" truecount="3" falsecount="0"/>
        <line num="26" count="1" type="stmt"/>
        <line num="29" count="32" type="stmt"/>
      </file>
      <file name="PointRedemptionForm.tsx" path="/Users/brandongarlock/projects/Fully-Compliant-Pipeline/ui/src/components/PointRedemptionForm.tsx">
        <metrics statements="36" coveredstatements="32" conditionals="23" coveredconditionals="19" methods="9" coveredmethods="9"/>
        <line num="1" count="4" type="stmt"/>
        <line num="3" count="4" type="stmt"/>
        <line num="14" count="4" type="stmt"/>
        <line num="19" count="48" type="stmt"/>
        <line num="20" count="48" type="stmt"/>
        <line num="21" count="48" type="stmt"/>
        <line num="23" count="48" type="stmt"/>
        <line num="24" count="48" type="stmt"/>
        <line num="26" count="48" type="stmt"/>
        <line num="27" count="32" type="stmt"/>
        <line num="30" count="48" type="stmt"/>
        <line num="31" count="32" type="cond" truecount="4" falsecount="0"/>
        <line num="32" count="10" type="stmt"/>
        <line num="35" count="10" type="cond" truecount="1" falsecount="0"/>
        <line num="36" count="3" type="stmt"/>
        <line num="37" count="3" type="stmt"/>
        <line num="40" count="10" type="stmt"/>
        <line num="42" count="22" type="stmt"/>
        <line num="46" count="48" type="stmt"/>
        <line num="47" count="1" type="cond" truecount="0" falsecount="1"/>
        <line num="48" count="0" type="stmt"/>
        <line num="49" count="0" type="stmt"/>
        <line num="52" count="1" type="cond" truecount="0" falsecount="1"/>
        <line num="53" count="0" type="stmt"/>
        <line num="54" count="0" type="stmt"/>
        <line num="59" count="1" type="cond" truecount="1" falsecount="0"/>
        <line num="60" count="1" type="stmt"/>
        <line num="66" count="1" type="stmt"/>
        <line num="70" count="48" type="stmt"/>
        <line num="71" count="3" type="cond" truecount="3" falsecount="0"/>
        <line num="72" count="3" type="stmt"/>
        <line num="76" count="48" type="stmt"/>
        <line num="91" count="13" type="cond" truecount="2" falsecount="0"/>
        <line num="112" count="1" type="stmt"/>
        <line num="120" count="1" type="stmt"/>
        <line num="128" count="1" type="stmt"/>
      </file>
      <file name="ProductForm.tsx" path="/Users/brandongarlock/projects/Fully-Compliant-Pipeline/ui/src/components/ProductForm.tsx">
        <metrics statements="36" coveredstatements="36" conditionals="40" coveredconditionals="39" methods="4" coveredmethods="4"/>
        <line num="1" count="4" type="stmt"/>
        <line num="2" count="4" type="stmt"/>
        <line num="3" count="4" type="stmt"/>
        <line num="5" count="4" type="stmt"/>
        <line num="7" count="4" type="stmt"/>
        <line num="8" count="112" type="stmt"/>
        <line num="9" count="112" type="stmt"/>
        <line num="16" count="112" type="stmt"/>
        <line num="17" count="112" type="stmt"/>
        <line num="18" count="112" type="stmt"/>
        <line num="20" count="112" type="stmt"/>
        <line num="21" count="11" type="stmt"/>
        <line num="22" count="11" type="stmt"/>
        <line num="23" count="11" type="stmt"/>
        <line num="24" count="11" type="stmt"/>
        <line num="26" count="11" type="stmt"/>
        <line num="28" count="11" type="cond" truecount="1" falsecount="0"/>
        <line num="29" count="1" type="stmt"/>
        <line num="31" count="10" type="cond" truecount="1" falsecount="0"/>
        <line num="32" count="1" type="stmt"/>
        <line num="34" count="9" type="cond" truecount="1" falsecount="0"/>
        <line num="35" count="1" type="stmt"/>
        <line num="37" count="8" type="cond" truecount="1" falsecount="0"/>
        <line num="38" count="1" type="stmt"/>
        <line num="40" count="7" type="cond" truecount="1" falsecount="0"/>
        <line num="41" count="1" type="stmt"/>
        <line num="44" count="6" type="stmt"/>
        <line num="45" count="4" type="stmt"/>
        <line num="46" count="4" type="stmt"/>
        <line num="47" count="4" type="stmt"/>
        <line num="55" count="6" type="cond" truecount="1" falsecount="1"/>
        <line num="57" count="10" type="stmt"/>
        <line num="61" count="112" type="stmt"/>
        <line num="62" count="59" type="stmt"/>
        <line num="63" count="59" type="stmt"/>
        <line num="69" count="112" type="stmt"/>
      </file>
      <file name="ProductList.tsx" path="/Users/brandongarlock/projects/Fully-Compliant-Pipeline/ui/src/components/ProductList.tsx">
        <metrics statements="37" coveredstatements="33" conditionals="18" coveredconditionals="14" methods="6" coveredmethods="4"/>
        <line num="1" count="5" type="stmt"/>
        <line num="2" count="5" type="stmt"/>
        <line num="3" count="5" type="stmt"/>
        <line num="5" count="5" type="stmt"/>
        <line num="6" count="5" type="stmt"/>
        <line num="7" count="5" type="stmt"/>
        <line num="8" count="5" type="stmt"/>
        <line num="9" count="5" type="stmt"/>
        <line num="10" count="5" type="stmt"/>
        <line num="11" count="5" type="stmt"/>
        <line num="18" count="5" type="stmt"/>
        <line num="22" count="77" type="stmt"/>
        <line num="23" count="77" type="stmt"/>
        <line num="24" count="77" type="stmt"/>
        <line num="26" count="77" type="stmt"/>
        <line num="27" count="29" type="stmt"/>
        <line num="30" count="77" type="stmt"/>
        <line num="31" count="29" type="stmt"/>
        <line num="32" count="29" type="stmt"/>
        <line num="33" count="29" type="stmt"/>
        <line num="34" count="29" type="stmt"/>
        <line num="35" count="16" type="stmt"/>
        <line num="37" count="1" type="cond" truecount="1" falsecount="1"/>
        <line num="39" count="17" type="stmt"/>
        <line num="43" count="77" type="stmt"/>
        <line num="44" count="0" type="cond" truecount="0" falsecount="2"/>
        <line num="45" count="0" type="stmt"/>
        <line num="47" count="0" type="stmt"/>
        <line num="51" count="77" type="cond" truecount="1" falsecount="0"/>
        <line num="52" count="41" type="stmt"/>
        <line num="59" count="36" type="cond" truecount="1" falsecount="0"/>
        <line num="60" count="1" type="stmt"/>
        <line num="70" count="35" type="cond" truecount="1" falsecount="0"/>
        <line num="71" count="30" type="stmt"/>
        <line num="74" count="5" type="stmt"/>
        <line num="79" count="8" type="stmt"/>
        <line num="108" count="0" type="stmt"/>
      </file>
      <file name="ProductShippingPreview.tsx" path="/Users/brandongarlock/projects/Fully-Compliant-Pipeline/ui/src/components/ProductShippingPreview.tsx">
        <metrics statements="40" coveredstatements="39" conditionals="29" coveredconditionals="25" methods="8" coveredmethods="8"/>
        <line num="1" count="6" type="stmt"/>
        <line num="2" count="6" type="stmt"/>
        <line num="4" count="6" type="stmt"/>
        <line num="5" count="6" type="stmt"/>
        <line num="12" count="6" type="stmt"/>
        <line num="16" count="34" type="stmt"/>
        <line num="17" count="34" type="stmt"/>
        <line num="18" count="34" type="stmt"/>
        <line num="21" count="34" type="stmt"/>
        <line num="22" count="34" type="cond" truecount="2" falsecount="0"/>
        <line num="24" count="34" type="stmt"/>
        <line num="25" count="20" type="stmt"/>
        <line num="26" count="20" type="stmt"/>
        <line num="28" count="20" type="stmt"/>
        <line num="29" count="14" type="stmt"/>
        <line num="30" count="14" type="stmt"/>
        <line num="32" count="14" type="stmt"/>
        <line num="34" count="14" type="stmt"/>
        <line num="39" count="13" type="cond" truecount="1" falsecount="0"/>
        <line num="40" count="13" type="stmt"/>
        <line num="41" count="13" type="stmt"/>
        <line num="44" count="1" type="cond" truecount="1" falsecount="0"/>
        <line num="45" count="1" type="cond" truecount="1" falsecount="1"/>
        <line num="46" count="1" type="stmt"/>
        <line num="48" count="1" type="stmt"/>
        <line num="62" count="20" type="stmt"/>
        <line num="63" count="14" type="stmt"/>
        <line num="66" count="20" type="stmt"/>
        <line num="67" count="20" type="stmt"/>
        <line num="68" count="20" type="cond" truecount="1" falsecount="0"/>
        <line num="69" count="20" type="stmt"/>
        <line num="75" count="34" type="cond" truecount="3" falsecount="0"/>
        <line num="76" count="18" type="stmt"/>
        <line num="84" count="16" type="cond" truecount="2" falsecount="1"/>
        <line num="85" count="0" type="stmt"/>
        <line num="92" count="16" type="cond" truecount="1" falsecount="0"/>
        <line num="93" count="2" type="stmt"/>
        <line num="101" count="14" type="stmt"/>
        <line num="103" count="14" type="stmt"/>
        <line num="143" count="4" type="stmt"/>
      </file>
      <file name="ReferralSection.tsx" path="/Users/brandongarlock/projects/Fully-Compliant-Pipeline/ui/src/components/ReferralSection.tsx">
        <metrics statements="36" coveredstatements="35" conditionals="7" coveredconditionals="7" methods="7" coveredmethods="7"/>
        <line num="1" count="4" type="stmt"/>
        <line num="2" count="4" type="stmt"/>
        <line num="4" count="4" type="stmt"/>
        <line num="10" count="4" type="stmt"/>
        <line num="11" count="44" type="stmt"/>
        <line num="12" count="44" type="stmt"/>
        <line num="13" count="44" type="stmt"/>
        <line num="14" count="44" type="stmt"/>
        <line num="15" count="44" type="stmt"/>
        <line num="17" count="44" type="stmt"/>
        <line num="18" count="30" type="stmt"/>
        <line num="21" count="44" type="stmt"/>
        <line num="22" count="30" type="stmt"/>
        <line num="23" count="30" type="stmt"/>
        <line num="24" count="30" type="stmt"/>
        <line num="25" count="30" type="stmt"/>
        <line num="26" count="13" type="stmt"/>
        <line num="28" count="13" type="stmt"/>
        <line num="29" count="13" type="stmt"/>
        <line num="31" count="17" type="stmt"/>
        <line num="33" count="30" type="stmt"/>
        <line num="37" count="44" type="stmt"/>
        <line num="38" count="3" type="stmt"/>
        <line num="39" count="3" type="stmt"/>
        <line num="40" count="2" type="stmt"/>
        <line num="41" count="2" type="stmt"/>
        <line num="43" count="1" type="stmt"/>
        <line num="47" count="44" type="stmt"/>
        <line num="48" count="1" type="stmt"/>
        <line num="49" count="1" type="stmt"/>
        <line num="50" count="1" type="stmt"/>
        <line num="51" count="1" type="stmt"/>
        <line num="53" count="0" type="stmt"/>
        <line num="57" count="44" type="cond" truecount="1" falsecount="0"/>
        <line num="58" count="30" type="stmt"/>
        <line num="61" count="14" type="stmt"/>
      </file>
      <file name="ReturnItemCard.tsx" path="/Users/brandongarlock/projects/Fully-Compliant-Pipeline/ui/src/components/ReturnItemCard.tsx">
        <metrics statements="3" coveredstatements="3" conditionals="6" coveredconditionals="6" methods="1" coveredmethods="1"/>
        <line num="3" count="1" type="stmt"/>
        <line num="9" count="1" type="stmt"/>
        <line num="10" count="14" type="stmt"/>
      </file>
      <file name="ReturnLabelDownload.tsx" path="/Users/brandongarlock/projects/Fully-Compliant-Pipeline/ui/src/components/ReturnLabelDownload.tsx">
        <metrics statements="5" coveredstatements="5" conditionals="5" coveredconditionals="5" methods="1" coveredmethods="1"/>
        <line num="2" count="1" type="stmt"/>
        <line num="10" count="1" type="stmt"/>
        <line num="15" count="10" type="cond" truecount="1" falsecount="0"/>
        <line num="16" count="2" type="stmt"/>
        <line num="19" count="8" type="stmt"/>
      </file>
      <file name="ReturnPolicyBadge.tsx" path="/Users/brandongarlock/projects/Fully-Compliant-Pipeline/ui/src/components/ReturnPolicyBadge.tsx">
        <metrics statements="11" coveredstatements="11" conditionals="1" coveredconditionals="1" methods="3" coveredmethods="3"/>
        <line num="1" count="5" type="stmt"/>
        <line num="2" count="5" type="stmt"/>
        <line num="4" count="5" type="stmt"/>
        <line num="10" count="5" type="stmt"/>
        <line num="11" count="10" type="stmt"/>
        <line num="13" count="10" type="stmt"/>
        <line num="14" count="6" type="stmt"/>
        <line num="18" count="5" type="stmt"/>
        <line num="22" count="10" type="cond" truecount="1" falsecount="0"/>
        <line num="23" count="6" type="stmt"/>
        <line num="26" count="4" type="stmt"/>
      </file>
      <file name="ReturnStatusTimeline.tsx" path="/Users/brandongarlock/projects/Fully-Compliant-Pipeline/ui/src/components/ReturnStatusTimeline.tsx">
        <metrics statements="11" coveredstatements="11" conditionals="10" coveredconditionals="10" methods="3" coveredmethods="3"/>
        <line num="3" count="1" type="stmt"/>
        <line num="9" count="1" type="stmt"/>
        <line num="10" count="15" type="stmt"/>
        <line num="11" count="28" type="cond" truecount="6" falsecount="0"/>
        <line num="13" count="8" type="stmt"/>
        <line num="15" count="1" type="stmt"/>
        <line num="18" count="3" type="stmt"/>
        <line num="20" count="8" type="stmt"/>
        <line num="22" count="8" type="stmt"/>
        <line num="26" count="15" type="stmt"/>
        <line num="31" count="28" type="stmt"/>
      </file>
      <file name="ShippingBanner.tsx" path="/Users/brandongarlock/projects/Fully-Compliant-Pipeline/ui/src/components/ShippingBanner.tsx">
        <metrics statements="6" coveredstatements="6" conditionals="6" coveredconditionals="6" methods="1" coveredmethods="1"/>
        <line num="2" count="11" type="stmt"/>
        <line num="10" count="11" type="stmt"/>
        <line num="15" count="35" type="stmt"/>
        <line num="16" count="35" type="stmt"/>
        <line num="17" count="35" type="stmt"/>
        <line num="19" count="35" type="stmt"/>
      </file>
      <file name="ShippingCostCalculator.tsx" path="/Users/brandongarlock/projects/Fully-Compliant-Pipeline/ui/src/components/ShippingCostCalculator.tsx">
        <metrics statements="5" coveredstatements="5" conditionals="10" coveredconditionals="10" methods="1" coveredmethods="1"/>
        <line num="2" count="4" type="stmt"/>
        <line num="3" count="4" type="stmt"/>
        <line num="14" count="4" type="stmt"/>
        <line num="22" count="60" type="stmt"/>
        <line num="24" count="60" type="stmt"/>
      </file>
      <file name="ShippingRecommendations.tsx" path="/Users/brandongarlock/projects/Fully-Compliant-Pipeline/ui/src/components/ShippingRecommendations.tsx">
        <metrics statements="24" coveredstatements="24" conditionals="26" coveredconditionals="22" methods="12" coveredmethods="12"/>
        <line num="1" count="4" type="stmt"/>
        <line num="3" count="4" type="stmt"/>
        <line num="11" count="4" type="stmt"/>
        <line num="16" count="65" type="stmt"/>
        <line num="19" count="65" type="cond" truecount="1" falsecount="0"/>
        <line num="20" count="30" type="stmt"/>
        <line num="28" count="35" type="cond" truecount="4" falsecount="0"/>
        <line num="29" count="20" type="stmt"/>
        <line num="32" count="15" type="stmt"/>
        <line num="33" count="3" type="stmt"/>
        <line num="36" count="15" type="stmt"/>
        <line num="37" count="1" type="stmt"/>
        <line num="38" count="2" type="stmt"/>
        <line num="42" count="15" type="stmt"/>
        <line num="65" count="6" type="stmt"/>
        <line num="68" count="1" type="stmt"/>
        <line num="79" count="6" type="stmt"/>
        <line num="105" count="4" type="stmt"/>
        <line num="110" count="18" type="stmt"/>
        <line num="121" count="19" type="stmt"/>
        <line num="124" count="1" type="stmt"/>
        <line num="133" count="1" type="stmt"/>
        <line num="148" count="4" type="stmt"/>
        <line num="152" count="19" type="stmt"/>
      </file>
      <file name="StockNotificationManager.tsx" path="/Users/brandongarlock/projects/Fully-Compliant-Pipeline/ui/src/components/StockNotificationManager.tsx">
        <metrics statements="35" coveredstatements="35" conditionals="15" coveredconditionals="12" methods="7" coveredmethods="7"/>
        <line num="1" count="3" type="stmt"/>
        <line num="2" count="3" type="stmt"/>
        <line num="3" count="3" type="stmt"/>
        <line num="4" count="3" type="stmt"/>
        <line num="6" count="3" type="stmt"/>
        <line num="7" count="49" type="stmt"/>
        <line num="8" count="49" type="stmt"/>
        <line num="9" count="49" type="stmt"/>
        <line num="10" count="49" type="stmt"/>
        <line num="12" count="49" type="stmt"/>
        <line num="13" count="14" type="cond" truecount="1" falsecount="0"/>
        <line num="14" count="13" type="stmt"/>
        <line num="18" count="49" type="stmt"/>
        <line num="19" count="14" type="cond" truecount="0" falsecount="1"/>
        <line num="21" count="14" type="stmt"/>
        <line num="22" count="14" type="stmt"/>
        <line num="23" count="14" type="stmt"/>
        <line num="24" count="14" type="stmt"/>
        <line num="25" count="12" type="stmt"/>
        <line num="27" count="2" type="cond" truecount="1" falsecount="1"/>
        <line num="29" count="14" type="stmt"/>
        <line num="33" count="49" type="stmt"/>
        <line num="34" count="2" type="stmt"/>
        <line num="35" count="2" type="stmt"/>
        <line num="36" count="2" type="stmt"/>
        <line num="38" count="1" type="cond" truecount="1" falsecount="1"/>
        <line num="42" count="49" type="cond" truecount="1" falsecount="0"/>
        <line num="43" count="2" type="stmt"/>
        <line num="50" count="47" type="cond" truecount="1" falsecount="0"/>
        <line num="51" count="15" type="stmt"/>
        <line num="58" count="32" type="cond" truecount="1" falsecount="0"/>
        <line num="59" count="4" type="stmt"/>
        <line num="71" count="28" type="stmt"/>
        <line num="84" count="30" type="stmt"/>
        <line num="105" count="2" type="stmt"/>
      </file>
      <file name="StockStatusBadge.tsx" path="/Users/brandongarlock/projects/Fully-Compliant-Pipeline/ui/src/components/StockStatusBadge.tsx">
        <metrics statements="16" coveredstatements="14" conditionals="12" coveredconditionals="10" methods="3" coveredmethods="3"/>
        <line num="3" count="9" type="stmt"/>
        <line num="9" count="9" type="stmt"/>
        <line num="10" count="67" type="cond" truecount="2" falsecount="0"/>
        <line num="13" count="67" type="stmt"/>
        <line num="14" count="67" type="cond" truecount="3" falsecount="1"/>
        <line num="16" count="55" type="stmt"/>
        <line num="18" count="2" type="stmt"/>
        <line num="20" count="10" type="stmt"/>
        <line num="22" count="0" type="stmt"/>
        <line num="26" count="67" type="stmt"/>
        <line num="27" count="67" type="cond" truecount="3" falsecount="1"/>
        <line num="29" count="55" type="stmt"/>
        <line num="31" count="2" type="stmt"/>
        <line num="33" count="10" type="stmt"/>
        <line num="35" count="0" type="stmt"/>
        <line num="39" count="67" type="stmt"/>
      </file>
      <file name="UserForm.tsx" path="/Users/brandongarlock/projects/Fully-Compliant-Pipeline/ui/src/components/UserForm.tsx">
        <metrics statements="35" coveredstatements="32" conditionals="41" coveredconditionals="34" methods="5" coveredmethods="4"/>
        <line num="1" count="3" type="stmt"/>
        <line num="2" count="3" type="stmt"/>
        <line num="3" count="3" type="stmt"/>
        <line num="5" count="3" type="stmt"/>
        <line num="7" count="3" type="stmt"/>
        <line num="8" count="31" type="stmt"/>
        <line num="9" count="31" type="stmt"/>
        <line num="14" count="31" type="stmt"/>
        <line num="15" count="31" type="stmt"/>
        <line num="16" count="31" type="stmt"/>
        <line num="18" count="31" type="stmt"/>
        <line num="19" count="3" type="stmt"/>
        <line num="20" count="3" type="stmt"/>
        <line num="21" count="3" type="stmt"/>
        <line num="22" count="3" type="stmt"/>
        <line num="24" count="3" type="stmt"/>
        <line num="26" count="3" type="cond" truecount="0" falsecount="1"/>
        <line num="27" count="0" type="stmt"/>
        <line num="29" count="3" type="cond" truecount="0" falsecount="1"/>
        <line num="30" count="0" type="stmt"/>
        <line num="32" count="3" type="cond" truecount="3" falsecount="0"/>
        <line num="33" count="1" type="stmt"/>
        <line num="36" count="2" type="stmt"/>
        <line num="37" count="1" type="stmt"/>
        <line num="38" count="1" type="stmt"/>
        <line num="39" count="1" type="stmt"/>
        <line num="41" count="2" type="cond" truecount="1" falsecount="1"/>
        <line num="43" count="3" type="stmt"/>
        <line num="47" count="31" type="stmt"/>
        <line num="48" count="9" type="stmt"/>
        <line num="49" count="9" type="stmt"/>
        <line num="52" count="31" type="cond" truecount="1" falsecount="0"/>
        <line num="53" count="3" type="stmt"/>
        <line num="60" count="0" type="stmt"/>
        <line num="68" count="28" type="stmt"/>
      </file>
      <file name="WishlistButton.tsx" path="/Users/brandongarlock/projects/Fully-Compliant-Pipeline/ui/src/components/WishlistButton.tsx">
        <metrics statements="13" coveredstatements="13" conditionals="9" coveredconditionals="9" methods="3" coveredmethods="3"/>
        <line num="2" count="6" type="stmt"/>
        <line num="4" count="6" type="stmt"/>
        <line num="10" count="6" type="stmt"/>
        <line num="11" count="35" type="stmt"/>
        <line num="12" count="35" type="stmt"/>
        <line num="14" count="35" type="cond" truecount="1" falsecount="0"/>
        <line num="16" count="25" type="stmt"/>
        <line num="17" count="3" type="stmt"/>
        <line num="18" count="3" type="stmt"/>
        <line num="19" count="3" type="cond" truecount="2" falsecount="0"/>
        <line num="20" count="1" type="stmt"/>
        <line num="22" count="2" type="stmt"/>
        <line num="26" count="25" type="stmt"/>
      </file>
    </package>
    <package name="src.context">
      <metrics statements="169" coveredstatements="153" conditionals="79" coveredconditionals="65" methods="43" coveredmethods="35"/>
      <file name="AppContext.tsx" path="/Users/brandongarlock/projects/Fully-Compliant-Pipeline/ui/src/context/AppContext.tsx">
        <metrics statements="169" coveredstatements="153" conditionals="79" coveredconditionals="65" methods="43" coveredmethods="35"/>
        <line num="1" count="18" type="stmt"/>
        <line num="4" count="18" type="stmt"/>
        <line num="5" count="18" type="stmt"/>
        <line num="6" count="18" type="stmt"/>
        <line num="31" count="18" type="stmt"/>
        <line num="33" count="18" type="stmt"/>
        <line num="34" count="745" type="stmt"/>
        <line num="35" count="744" type="cond" truecount="1" falsecount="0"/>
        <line num="36" count="2" type="stmt"/>
        <line num="38" count="742" type="stmt"/>
        <line num="45" count="18" type="stmt"/>
        <line num="46" count="462" type="stmt"/>
        <line num="47" count="182" type="cond" truecount="3" falsecount="0"/>
        <line num="48" count="181" type="stmt"/>
        <line num="49" count="181" type="cond" truecount="2" falsecount="0"/>
        <line num="51" count="1" type="stmt"/>
        <line num="54" count="462" type="stmt"/>
        <line num="55" count="182" type="cond" truecount="3" falsecount="0"/>
        <line num="56" count="181" type="stmt"/>
        <line num="57" count="181" type="cond" truecount="2" falsecount="0"/>
        <line num="59" count="1" type="stmt"/>
        <line num="62" count="462" type="stmt"/>
        <line num="63" count="462" type="stmt"/>
        <line num="65" count="462" type="stmt"/>
        <line num="66" count="182" type="cond" truecount="3" falsecount="0"/>
        <line num="67" count="181" type="stmt"/>
        <line num="68" count="181" type="cond" truecount="2" falsecount="0"/>
        <line num="70" count="1" type="stmt"/>
        <line num="73" count="462" type="stmt"/>
        <line num="74" count="182" type="cond" truecount="3" falsecount="0"/>
        <line num="75" count="181" type="stmt"/>
        <line num="76" count="181" type="cond" truecount="2" falsecount="0"/>
        <line num="78" count="1" type="stmt"/>
        <line num="81" count="462" type="stmt"/>
        <line num="82" count="182" type="cond" truecount="3" falsecount="0"/>
        <line num="83" count="181" type="stmt"/>
        <line num="84" count="181" type="cond" truecount="2" falsecount="0"/>
        <line num="86" count="1" type="stmt"/>
        <line num="89" count="462" type="stmt"/>
        <line num="90" count="182" type="cond" truecount="3" falsecount="0"/>
        <line num="91" count="181" type="stmt"/>
        <line num="92" count="181" type="cond" truecount="2" falsecount="0"/>
        <line num="94" count="1" type="stmt"/>
        <line num="97" count="462" type="stmt"/>
        <line num="98" count="462" type="stmt"/>
        <line num="99" count="462" type="stmt"/>
        <line num="101" count="462" type="stmt"/>
        <line num="102" count="238" type="stmt"/>
        <line num="104" count="238" type="stmt"/>
        <line num="105" count="79" type="stmt"/>
        <line num="110" count="238" type="stmt"/>
        <line num="115" count="143" type="stmt"/>
        <line num="116" count="136" type="stmt"/>
        <line num="117" count="136" type="stmt"/>
        <line num="118" count="136" type="stmt"/>
        <line num="121" count="136" type="cond" truecount="3" falsecount="0"/>
        <line num="122" count="136" type="stmt"/>
        <line num="123" count="136" type="stmt"/>
        <line num="124" count="136" type="stmt"/>
        <line num="125" count="136" type="stmt"/>
        <line num="129" count="8" type="cond" truecount="2" falsecount="0"/>
        <line num="130" count="8" type="stmt"/>
        <line num="131" count="8" type="stmt"/>
        <line num="132" count="8" type="stmt"/>
        <line num="133" count="0" type="stmt"/>
        <line num="136" count="8" type="cond" truecount="1" falsecount="1"/>
        <line num="138" count="8" type="stmt"/>
        <line num="139" count="8" type="stmt"/>
        <line num="140" count="8" type="stmt"/>
        <line num="141" count="8" type="stmt"/>
        <line num="143" count="8" type="cond" truecount="3" falsecount="0"/>
        <line num="144" count="8" type="stmt"/>
        <line num="145" count="8" type="stmt"/>
        <line num="146" count="8" type="stmt"/>
        <line num="147" count="8" type="stmt"/>
        <line num="153" count="462" type="stmt"/>
        <line num="154" count="182" type="stmt"/>
        <line num="159" count="462" type="stmt"/>
        <line num="160" count="197" type="cond" truecount="3" falsecount="0"/>
        <line num="161" count="56" type="stmt"/>
        <line num="167" count="462" type="stmt"/>
        <line num="169" count="222" type="cond" truecount="1" falsecount="0"/>
        <line num="170" count="40" type="stmt"/>
        <line num="174" count="222" type="stmt"/>
        <line num="177" count="222" type="stmt"/>
        <line num="178" count="1" type="stmt"/>
        <line num="180" count="1" type="stmt"/>
        <line num="181" count="0" type="stmt"/>
        <line num="186" count="1" type="stmt"/>
        <line num="189" count="1" type="stmt"/>
        <line num="196" count="1" type="stmt"/>
        <line num="198" count="0" type="stmt"/>
        <line num="199" count="0" type="stmt"/>
        <line num="201" count="1" type="stmt"/>
        <line num="207" count="462" type="stmt"/>
        <line num="208" count="222" type="stmt"/>
        <line num="211" count="222" type="stmt"/>
        <line num="212" count="222" type="cond" truecount="1" falsecount="0"/>
        <line num="213" count="222" type="stmt"/>
        <line num="220" count="462" type="stmt"/>
        <line num="221" count="190" type="cond" truecount="2" falsecount="0"/>
        <line num="222" count="83" type="stmt"/>
        <line num="223" count="83" type="stmt"/>
        <line num="224" count="20" type="stmt"/>
        <line num="226" count="54" type="stmt"/>
        <line num="229" count="107" type="stmt"/>
        <line num="233" count="462" type="stmt"/>
        <line num="234" count="184" type="stmt"/>
        <line num="237" count="462" type="stmt"/>
        <line num="238" count="2" type="cond" truecount="0" falsecount="1"/>
        <line num="239" count="2" type="stmt"/>
        <line num="240" count="2" type="stmt"/>
        <line num="241" count="2" type="stmt"/>
        <line num="243" count="0" type="stmt"/>
        <line num="247" count="462" type="stmt"/>
        <line num="248" count="4" type="cond" truecount="0" falsecount="1"/>
        <line num="249" count="4" type="stmt"/>
        <line num="250" count="4" type="stmt"/>
        <line num="251" count="4" type="stmt"/>
        <line num="253" count="0" type="stmt"/>
        <line num="257" count="462" type="stmt"/>
        <line num="258" count="2" type="stmt"/>
        <line num="259" count="2" type="cond" truecount="3" falsecount="0"/>
        <line num="260" count="2" type="cond" truecount="1" falsecount="1"/>
        <line num="261" count="2" type="stmt"/>
        <line num="263" count="0" type="stmt"/>
        <line num="266" count="2" type="cond" truecount="0" falsecount="1"/>
        <line num="267" count="0" type="stmt"/>
        <line num="271" count="462" type="stmt"/>
        <line num="272" count="197" type="cond" truecount="3" falsecount="0"/>
        <line num="273" count="196" type="cond" truecount="2" falsecount="0"/>
        <line num="274" count="41" type="stmt"/>
        <line num="276" count="155" type="stmt"/>
        <line num="282" count="462" type="stmt"/>
        <line num="283" count="197" type="cond" truecount="1" falsecount="0"/>
        <line num="285" count="41" type="stmt"/>
        <line num="286" count="41" type="stmt"/>
        <line num="287" count="43" type="stmt"/>
        <line num="288" count="41" type="stmt"/>
        <line num="290" count="0" type="stmt"/>
        <line num="291" count="0" type="stmt"/>
        <line num="292" count="0" type="stmt"/>
        <line num="293" count="0" type="cond" truecount="0" falsecount="2"/>
        <line num="300" count="22" type="stmt"/>
        <line num="305" count="41" type="stmt"/>
        <line num="308" count="41" type="stmt"/>
        <line num="310" count="41" type="stmt"/>
        <line num="313" count="462" type="stmt"/>
        <line num="314" count="5" type="stmt"/>
        <line num="315" count="5" type="stmt"/>
        <line num="316" count="5" type="cond" truecount="0" falsecount="1"/>
        <line num="317" count="0" type="stmt"/>
        <line num="318" count="0" type="cond" truecount="0" falsecount="2"/>
        <line num="323" count="5" type="stmt"/>
        <line num="327" count="462" type="stmt"/>
        <line num="328" count="2" type="stmt"/>
        <line num="331" count="462" type="stmt"/>
        <line num="332" count="2" type="cond" truecount="0" falsecount="1"/>
        <line num="333" count="0" type="stmt"/>
        <line num="334" count="0" type="stmt"/>
        <line num="336" count="2" type="stmt"/>
        <line num="337" count="2" type="stmt"/>
        <line num="338" count="2" type="cond" truecount="1" falsecount="1"/>
        <line num="343" count="462" type="stmt"/>
        <line num="344" count="6" type="stmt"/>
        <line num="345" count="6" type="cond" truecount="3" falsecount="0"/>
        <line num="346" count="6" type="stmt"/>
        <line num="350" count="462" type="stmt"/>
        <line num="373" count="462" type="stmt"/>
      </file>
    </package>
    <package name="src.pages">
      <metrics statements="417" coveredstatements="382" conditionals="236" coveredconditionals="188" methods="94" coveredmethods="84"/>
      <file name="AdminProductsPage.tsx" path="/Users/brandongarlock/projects/Fully-Compliant-Pipeline/ui/src/pages/AdminProductsPage.tsx">
        <metrics statements="8" coveredstatements="8" conditionals="4" coveredconditionals="4" methods="2" coveredmethods="2"/>
        <line num="1" count="2" type="stmt"/>
        <line num="2" count="2" type="stmt"/>
        <line num="3" count="2" type="stmt"/>
        <line num="4" count="2" type="stmt"/>
        <line num="6" count="2" type="stmt"/>
        <line num="7" count="7" type="stmt"/>
        <line num="9" count="7" type="stmt"/>
        <line num="14" count="3" type="stmt"/>
      </file>
      <file name="AdminReturnsPage.tsx" path="/Users/brandongarlock/projects/Fully-Compliant-Pipeline/ui/src/pages/AdminReturnsPage.tsx">
        <metrics statements="104" coveredstatements="94" conditionals="64" coveredconditionals="42" methods="28" coveredmethods="27"/>
        <line num="1" count="2" type="stmt"/>
        <line num="2" count="2" type="stmt"/>
        <line num="4" count="2" type="stmt"/>
        <line num="6" count="2" type="stmt"/>
        <line num="7" count="101" type="stmt"/>
        <line num="8" count="101" type="stmt"/>
        <line num="9" count="101" type="stmt"/>
        <line num="10" count="101" type="stmt"/>
        <line num="11" count="101" type="stmt"/>
        <line num="12" count="101" type="stmt"/>
        <line num="13" count="101" type="stmt"/>
        <line num="20" count="101" type="stmt"/>
        <line num="21" count="38" type="cond" truecount="2" falsecount="0"/>
        <line num="22" count="26" type="stmt"/>
        <line num="23" count="12" type="cond" truecount="1" falsecount="0"/>
        <line num="24" count="4" type="stmt"/>
        <line num="28" count="101" type="stmt"/>
        <line num="29" count="31" type="stmt"/>
        <line num="30" count="31" type="stmt"/>
        <line num="31" count="31" type="stmt"/>
        <line num="32" count="31" type="stmt"/>
        <line num="33" count="30" type="stmt"/>
        <line num="35" count="1" type="cond" truecount="1" falsecount="1"/>
        <line num="37" count="31" type="stmt"/>
        <line num="41" count="101" type="stmt"/>
        <line num="42" count="4" type="stmt"/>
        <line num="43" count="4" type="stmt"/>
        <line num="44" count="4" type="stmt"/>
        <line num="45" count="4" type="stmt"/>
        <line num="46" count="4" type="stmt"/>
        <line num="48" count="0" type="cond" truecount="0" falsecount="2"/>
        <line num="50" count="4" type="stmt"/>
        <line num="54" count="101" type="stmt"/>
        <line num="55" count="13" type="stmt"/>
        <line num="56" count="13" type="stmt"/>
        <line num="57" count="13" type="stmt"/>
        <line num="58" count="13" type="stmt"/>
        <line num="59" count="13" type="stmt"/>
        <line num="60" count="13" type="stmt"/>
        <line num="62" count="0" type="cond" truecount="0" falsecount="2"/>
        <line num="64" count="13" type="stmt"/>
        <line num="68" count="101" type="stmt"/>
        <line num="69" count="1" type="stmt"/>
        <line num="70" count="1" type="stmt"/>
        <line num="71" count="1" type="stmt"/>
        <line num="72" count="1" type="cond" truecount="1" falsecount="0"/>
        <line num="73" count="1" type="stmt"/>
        <line num="76" count="0" type="cond" truecount="0" falsecount="2"/>
        <line num="80" count="101" type="stmt"/>
        <line num="81" count="1" type="cond" truecount="0" falsecount="1"/>
        <line num="82" count="0" type="stmt"/>
        <line num="83" count="0" type="stmt"/>
        <line num="85" count="1" type="stmt"/>
        <line num="86" count="1" type="stmt"/>
        <line num="87" count="1" type="stmt"/>
        <line num="88" count="1" type="cond" truecount="1" falsecount="0"/>
        <line num="89" count="1" type="stmt"/>
        <line num="92" count="0" type="cond" truecount="0" falsecount="2"/>
        <line num="96" count="101" type="stmt"/>
        <line num="97" count="1" type="stmt"/>
        <line num="98" count="1" type="stmt"/>
        <line num="99" count="1" type="stmt"/>
        <line num="100" count="1" type="cond" truecount="1" falsecount="0"/>
        <line num="101" count="1" type="stmt"/>
        <line num="104" count="0" type="cond" truecount="0" falsecount="2"/>
        <line num="108" count="101" type="stmt"/>
        <line num="109" count="1" type="stmt"/>
        <line num="110" count="1" type="stmt"/>
        <line num="111" count="1" type="stmt"/>
        <line num="112" count="1" type="cond" truecount="1" falsecount="0"/>
        <line num="113" count="1" type="stmt"/>
        <line num="116" count="0" type="cond" truecount="0" falsecount="2"/>
        <line num="120" count="101" type="stmt"/>
        <line num="121" count="1" type="stmt"/>
        <line num="122" count="1" type="stmt"/>
        <line num="123" count="1" type="stmt"/>
        <line num="124" count="1" type="cond" truecount="1" falsecount="0"/>
        <line num="125" count="1" type="stmt"/>
        <line num="128" count="0" type="cond" truecount="0" falsecount="2"/>
        <line num="132" count="101" type="stmt"/>
        <line num="138" count="0" type="stmt"/>
        <line num="144" count="4" type="stmt"/>
        <line num="163" count="1" type="stmt"/>
        <line num="181" count="1" type="stmt"/>
        <line num="190" count="1" type="stmt"/>
        <line num="199" count="1" type="stmt"/>
        <line num="213" count="24" type="stmt"/>
        <line num="220" count="8" type="stmt"/>
        <line num="236" count="1" type="stmt"/>
        <line num="237" count="1" type="stmt"/>
        <line num="261" count="8" type="stmt"/>
        <line num="273" count="8" type="stmt"/>
        <line num="286" count="1" type="stmt"/>
        <line num="287" count="1" type="cond" truecount="1" falsecount="1"/>
        <line num="295" count="2" type="stmt"/>
        <line num="296" count="2" type="cond" truecount="1" falsecount="0"/>
        <line num="297" count="1" type="stmt"/>
        <line num="309" count="1" type="stmt"/>
        <line num="310" count="1" type="cond" truecount="1" falsecount="1"/>
        <line num="319" count="1" type="stmt"/>
        <line num="330" count="1" type="stmt"/>
        <line num="331" count="1" type="cond" truecount="1" falsecount="1"/>
        <line num="378" count="12" type="stmt"/>
        <line num="390" count="12" type="stmt"/>
      </file>
      <file name="CustomerProductsPage.tsx" path="/Users/brandongarlock/projects/Fully-Compliant-Pipeline/ui/src/pages/CustomerProductsPage.tsx">
        <metrics statements="9" coveredstatements="9" conditionals="4" coveredconditionals="4" methods="2" coveredmethods="2"/>
        <line num="2" count="2" type="stmt"/>
        <line num="3" count="2" type="stmt"/>
        <line num="4" count="2" type="stmt"/>
        <line num="5" count="2" type="stmt"/>
        <line num="7" count="2" type="stmt"/>
        <line num="8" count="14" type="stmt"/>
        <line num="10" count="14" type="stmt"/>
        <line num="11" count="10" type="stmt"/>
        <line num="15" count="14" type="stmt"/>
      </file>
      <file name="GiftCardBalancePage.tsx" path="/Users/brandongarlock/projects/Fully-Compliant-Pipeline/ui/src/pages/GiftCardBalancePage.tsx">
        <metrics statements="4" coveredstatements="3" conditionals="0" coveredconditionals="0" methods="1" coveredmethods="0"/>
        <line num="2" count="1" type="stmt"/>
        <line num="3" count="1" type="stmt"/>
        <line num="5" count="1" type="stmt"/>
        <line num="6" count="0" type="stmt"/>
      </file>
      <file name="GiftCardPurchasePage.tsx" path="/Users/brandongarlock/projects/Fully-Compliant-Pipeline/ui/src/pages/GiftCardPurchasePage.tsx">
        <metrics statements="4" coveredstatements="3" conditionals="0" coveredconditionals="0" methods="1" coveredmethods="0"/>
        <line num="2" count="1" type="stmt"/>
        <line num="3" count="1" type="stmt"/>
        <line num="5" count="1" type="stmt"/>
        <line num="6" count="0" type="stmt"/>
      </file>
      <file name="Home.tsx" path="/Users/brandongarlock/projects/Fully-Compliant-Pipeline/ui/src/pages/Home.tsx">
        <metrics statements="9" coveredstatements="9" conditionals="10" coveredconditionals="10" methods="2" coveredmethods="2"/>
        <line num="2" count="2" type="stmt"/>
        <line num="3" count="2" type="stmt"/>
        <line num="4" count="2" type="stmt"/>
        <line num="5" count="2" type="stmt"/>
        <line num="7" count="2" type="stmt"/>
        <line num="8" count="40" type="stmt"/>
        <line num="10" count="40" type="stmt"/>
        <line num="11" count="14" type="stmt"/>
        <line num="15" count="40" type="stmt"/>
      </file>
      <file name="OrderTrackingPage.tsx" path="/Users/brandongarlock/projects/Fully-Compliant-Pipeline/ui/src/pages/OrderTrackingPage.tsx">
        <metrics statements="46" coveredstatements="45" conditionals="17" coveredconditionals="14" methods="8" coveredmethods="7"/>
        <line num="1" count="2" type="stmt"/>
        <line num="2" count="2" type="stmt"/>
        <line num="3" count="2" type="stmt"/>
        <line num="4" count="2" type="stmt"/>
        <line num="5" count="2" type="stmt"/>
        <line num="6" count="2" type="stmt"/>
        <line num="7" count="2" type="stmt"/>
        <line num="8" count="2" type="stmt"/>
        <line num="10" count="2" type="stmt"/>
        <line num="12" count="2" type="stmt"/>
        <line num="13" count="46" type="stmt"/>
        <line num="14" count="46" type="stmt"/>
        <line num="15" count="46" type="stmt"/>
        <line num="16" count="46" type="stmt"/>
        <line num="17" count="46" type="stmt"/>
        <line num="18" count="46" type="stmt"/>
        <line num="19" count="46" type="stmt"/>
        <line num="21" count="46" type="stmt"/>
        <line num="22" count="14" type="cond" truecount="1" falsecount="0"/>
        <line num="23" count="14" type="stmt"/>
        <line num="24" count="14" type="stmt"/>
        <line num="27" count="14" type="stmt"/>
        <line num="32" count="46" type="stmt"/>
        <line num="33" count="15" type="cond" truecount="0" falsecount="1"/>
        <line num="35" count="15" type="stmt"/>
        <line num="36" count="15" type="stmt"/>
        <line num="38" count="15" type="stmt"/>
        <line num="39" count="15" type="stmt"/>
        <line num="41" count="1" type="stmt"/>
        <line num="44" count="14" type="stmt"/>
        <line num="45" count="14" type="stmt"/>
        <line num="47" count="1" type="cond" truecount="1" falsecount="1"/>
        <line num="49" count="15" type="stmt"/>
        <line num="53" count="46" type="stmt"/>
        <line num="54" count="14" type="cond" truecount="0" falsecount="1"/>
        <line num="56" count="14" type="stmt"/>
        <line num="57" count="1" type="stmt"/>
        <line num="59" count="1" type="stmt"/>
        <line num="62" count="14" type="stmt"/>
        <line num="64" count="14" type="stmt"/>
        <line num="65" count="0" type="stmt"/>
        <line num="69" count="46" type="cond" truecount="1" falsecount="0"/>
        <line num="70" count="28" type="stmt"/>
        <line num="79" count="18" type="cond" truecount="3" falsecount="0"/>
        <line num="80" count="3" type="stmt"/>
        <line num="92" count="15" type="stmt"/>
      </file>
      <file name="OrdersPage.tsx" path="/Users/brandongarlock/projects/Fully-Compliant-Pipeline/ui/src/pages/OrdersPage.tsx">
        <metrics statements="50" coveredstatements="44" conditionals="33" coveredconditionals="28" methods="11" coveredmethods="9"/>
        <line num="1" count="2" type="stmt"/>
        <line num="2" count="2" type="stmt"/>
        <line num="3" count="2" type="stmt"/>
        <line num="4" count="2" type="stmt"/>
        <line num="5" count="2" type="stmt"/>
        <line num="6" count="2" type="stmt"/>
        <line num="8" count="2" type="stmt"/>
        <line num="10" count="2" type="stmt"/>
        <line num="11" count="68" type="stmt"/>
        <line num="12" count="68" type="stmt"/>
        <line num="13" count="68" type="stmt"/>
        <line num="14" count="68" type="stmt"/>
        <line num="15" count="68" type="stmt"/>
        <line num="16" count="68" type="stmt"/>
        <line num="17" count="68" type="stmt"/>
        <line num="19" count="68" type="stmt"/>
        <line num="20" count="29" type="cond" truecount="3" falsecount="0"/>
        <line num="21" count="11" type="stmt"/>
        <line num="25" count="68" type="stmt"/>
        <line num="26" count="21" type="cond" truecount="0" falsecount="1"/>
        <line num="28" count="21" type="stmt"/>
        <line num="29" count="21" type="stmt"/>
        <line num="30" count="21" type="stmt"/>
        <line num="31" count="21" type="stmt"/>
        <line num="32" count="19" type="stmt"/>
        <line num="34" count="2" type="cond" truecount="1" falsecount="1"/>
        <line num="36" count="21" type="stmt"/>
        <line num="40" count="68" type="stmt"/>
        <line num="41" count="0" type="stmt"/>
        <line num="42" count="0" type="stmt"/>
        <line num="43" count="0" type="stmt"/>
        <line num="46" count="68" type="stmt"/>
        <line num="47" count="2" type="stmt"/>
        <line num="48" count="2" type="stmt"/>
        <line num="49" count="2" type="stmt"/>
        <line num="50" count="2" type="stmt"/>
        <line num="51" count="2" type="stmt"/>
        <line num="52" count="2" type="stmt"/>
        <line num="54" count="0" type="cond" truecount="0" falsecount="2"/>
        <line num="56" count="2" type="stmt"/>
        <line num="60" count="68" type="stmt"/>
        <line num="66" count="1" type="stmt"/>
        <line num="73" count="10" type="stmt"/>
        <line num="74" count="10" type="stmt"/>
        <line num="101" count="18" type="cond" truecount="2" falsecount="0"/>
        <line num="102" count="18" type="stmt"/>
        <line num="106" count="2" type="stmt"/>
        <line num="120" count="0" type="stmt"/>
        <line num="121" count="0" type="stmt"/>
        <line num="139" count="1" type="stmt"/>
      </file>
      <file name="ProductsPage.tsx" path="/Users/brandongarlock/projects/Fully-Compliant-Pipeline/ui/src/pages/ProductsPage.tsx">
        <metrics statements="13" coveredstatements="13" conditionals="8" coveredconditionals="8" methods="3" coveredmethods="3"/>
        <line num="1" count="1" type="stmt"/>
        <line num="2" count="1" type="stmt"/>
        <line num="3" count="1" type="stmt"/>
        <line num="4" count="1" type="stmt"/>
        <line num="5" count="1" type="stmt"/>
        <line num="6" count="1" type="stmt"/>
        <line num="8" count="1" type="stmt"/>
        <line num="9" count="34" type="stmt"/>
        <line num="10" count="34" type="stmt"/>
        <line num="12" count="34" type="stmt"/>
        <line num="13" count="4" type="stmt"/>
        <line num="17" count="34" type="stmt"/>
        <line num="22" count="9" type="stmt"/>
      </file>
      <file name="ReturnPolicyPage.tsx" path="/Users/brandongarlock/projects/Fully-Compliant-Pipeline/ui/src/pages/ReturnPolicyPage.tsx">
        <metrics statements="22" coveredstatements="22" conditionals="12" coveredconditionals="11" methods="3" coveredmethods="3"/>
        <line num="1" count="2" type="stmt"/>
        <line num="2" count="2" type="stmt"/>
        <line num="4" count="2" type="stmt"/>
        <line num="6" count="2" type="stmt"/>
        <line num="7" count="31" type="stmt"/>
        <line num="8" count="31" type="stmt"/>
        <line num="9" count="31" type="stmt"/>
        <line num="11" count="31" type="stmt"/>
        <line num="12" count="17" type="stmt"/>
        <line num="15" count="31" type="stmt"/>
        <line num="16" count="17" type="stmt"/>
        <line num="17" count="17" type="stmt"/>
        <line num="18" count="17" type="stmt"/>
        <line num="19" count="17" type="stmt"/>
        <line num="20" count="16" type="stmt"/>
        <line num="22" count="1" type="cond" truecount="1" falsecount="1"/>
        <line num="24" count="17" type="stmt"/>
        <line num="28" count="31" type="cond" truecount="1" falsecount="0"/>
        <line num="29" count="17" type="stmt"/>
        <line num="36" count="14" type="cond" truecount="1" falsecount="0"/>
        <line num="37" count="1" type="stmt"/>
        <line num="44" count="13" type="stmt"/>
      </file>
      <file name="ReturnRequestPage.tsx" path="/Users/brandongarlock/projects/Fully-Compliant-Pipeline/ui/src/pages/ReturnRequestPage.tsx">
        <metrics statements="92" coveredstatements="79" conditionals="49" coveredconditionals="38" methods="21" coveredmethods="17"/>
        <line num="1" count="2" type="stmt"/>
        <line num="2" count="2" type="stmt"/>
        <line num="3" count="2" type="stmt"/>
        <line num="4" count="2" type="stmt"/>
        <line num="5" count="2" type="stmt"/>
        <line num="7" count="2" type="stmt"/>
        <line num="9" count="2" type="stmt"/>
        <line num="10" count="77" type="stmt"/>
        <line num="11" count="77" type="stmt"/>
        <line num="12" count="77" type="stmt"/>
        <line num="13" count="77" type="stmt"/>
        <line num="14" count="77" type="stmt"/>
        <line num="15" count="77" type="stmt"/>
        <line num="16" count="77" type="stmt"/>
        <line num="17" count="77" type="stmt"/>
        <line num="18" count="77" type="stmt"/>
        <line num="19" count="77" type="stmt"/>
        <line num="20" count="77" type="stmt"/>
        <line num="22" count="77" type="stmt"/>
        <line num="23" count="16" type="cond" truecount="1" falsecount="0"/>
        <line num="24" count="14" type="stmt"/>
        <line num="27" count="14" type="stmt"/>
        <line num="28" count="14" type="cond" truecount="0" falsecount="1"/>
        <line num="29" count="0" type="stmt"/>
        <line num="30" count="0" type="stmt"/>
        <line num="31" count="0" type="stmt"/>
        <line num="36" count="77" type="stmt"/>
        <line num="37" count="14" type="cond" truecount="0" falsecount="1"/>
        <line num="39" count="14" type="stmt"/>
        <line num="40" count="14" type="stmt"/>
        <line num="41" count="14" type="stmt"/>
        <line num="42" count="14" type="stmt"/>
[...]
        <line num="6" count="2" type="stmt"/>
        <line num="7" count="52" type="stmt"/>
        <line num="8" count="52" type="stmt"/>
        <line num="9" count="52" type="stmt"/>
        <line num="10" count="52" type="stmt"/>
        <line num="12" count="52" type="stmt"/>
        <line num="13" count="13" type="stmt"/>
        <line num="14" count="13" type="cond" truecount="1" falsecount="0"/>
        <line num="15" count="1" type="stmt"/>
        <line num="16" count="1" type="stmt"/>
        <line num="19" count="12" type="stmt"/>
        <line num="20" count="12" type="stmt"/>
        <line num="21" count="12" type="stmt"/>
        <line num="22" count="12" type="stmt"/>
        <line num="23" count="10" type="stmt"/>
        <line num="24" count="10" type="stmt"/>
        <line num="26" count="2" type="cond" truecount="1" falsecount="1"/>
        <line num="27" count="2" type="stmt"/>
        <line num="29" count="12" type="stmt"/>
        <line num="33" count="52" type="stmt"/>
        <line num="34" count="33" type="cond" truecount="2" falsecount="4"/>
        <line num="36" count="22" type="stmt"/>
        <line num="38" count="0" type="stmt"/>
        <line num="41" count="0" type="stmt"/>
        <line num="43" count="11" type="stmt"/>
        <line num="45" count="0" type="stmt"/>
        <line num="49" count="52" type="stmt"/>
        <line num="59" count="13" type="stmt"/>
        <line num="115" count="22" type="stmt"/>
        <line num="130" count="11" type="stmt"/>
      </file>
      <file name="UserPage.tsx" path="/Users/brandongarlock/projects/Fully-Compliant-Pipeline/ui/src/pages/UserPage.tsx">
        <metrics statements="8" coveredstatements="8" conditionals="2" coveredconditionals="1" methods="1" coveredmethods="1"/>
        <line num="2" count="2" type="stmt"/>
        <line num="3" count="2" type="stmt"/>
        <line num="4" count="2" type="stmt"/>
        <line num="5" count="2" type="stmt"/>
        <line num="6" count="2" type="stmt"/>
        <line num="8" count="2" type="stmt"/>
        <line num="9" count="6" type="stmt"/>
        <line num="11" count="6" type="stmt"/>
      </file>
      <file name="WishlistPage.tsx" path="/Users/brandongarlock/projects/Fully-Compliant-Pipeline/ui/src/pages/WishlistPage.tsx">
        <metrics statements="15" coveredstatements="15" conditionals="2" coveredconditionals="2" methods="5" coveredmethods="5"/>
        <line num="2" count="2" type="stmt"/>
        <line num="3" count="2" type="stmt"/>
        <line num="5" count="2" type="stmt"/>
        <line num="6" count="25" type="stmt"/>
        <line num="8" count="25" type="cond" truecount="1" falsecount="0"/>
        <line num="9" count="2" type="stmt"/>
        <line num="12" count="23" type="cond" truecount="1" falsecount="0"/>
        <line num="13" count="15" type="stmt"/>
        <line num="16" count="8" type="stmt"/>
        <line num="17" count="2" type="stmt"/>
        <line num="18" count="2" type="stmt"/>
        <line num="21" count="8" type="stmt"/>
        <line num="26" count="12" type="stmt"/>
        <line num="32" count="2" type="stmt"/>
        <line num="38" count="1" type="stmt"/>
      </file>
    </package>
    <package name="src.services">
      <metrics statements="248" coveredstatements="245" conditionals="83" coveredconditionals="74" methods="63" coveredmethods="60"/>
      <file name="api.ts" path="/Users/brandongarlock/projects/Fully-Compliant-Pipeline/ui/src/services/api.ts">
        <metrics statements="10" coveredstatements="9" conditionals="3" coveredconditionals="2" methods="2" coveredmethods="1"/>
        <line num="1" count="54" type="stmt"/>
        <line num="5" count="54" type="stmt"/>
        <line num="8" count="54" type="stmt"/>
        <line num="16" count="54" type="stmt"/>
        <line num="17" count="0" type="stmt"/>
        <line num="19" count="241" type="cond" truecount="2" falsecount="1"/>
        <line num="20" count="241" type="stmt"/>
        <line num="26" count="54" type="stmt"/>
        <line num="27" count="54" type="stmt"/>
        <line num="28" count="54" type="stmt"/>
      </file>
      <file name="giftCardService.ts" path="/Users/brandongarlock/projects/Fully-Compliant-Pipeline/ui/src/services/giftCardService.ts">
        <metrics statements="17" coveredstatements="17" conditionals="0" coveredconditionals="0" methods="8" coveredmethods="8"/>
        <line num="1" count="6" type="stmt"/>
        <line num="79" count="6" type="stmt"/>
        <line num="81" count="1" type="stmt"/>
        <line num="82" count="1" type="stmt"/>
        <line num="86" count="1" type="stmt"/>
        <line num="87" count="1" type="stmt"/>
        <line num="91" count="1" type="stmt"/>
        <line num="92" count="1" type="stmt"/>
        <line num="96" count="1" type="stmt"/>
        <line num="97" count="1" type="stmt"/>
        <line num="101" count="1" type="stmt"/>
        <line num="102" count="1" type="stmt"/>
        <line num="106" count="1" type="stmt"/>
        <line num="107" count="1" type="stmt"/>
        <line num="111" count="1" type="stmt"/>
        <line num="112" count="1" type="stmt"/>
        <line num="116" count="1" type="stmt"/>
      </file>
      <file name="loyaltyService.ts" path="/Users/brandongarlock/projects/Fully-Compliant-Pipeline/ui/src/services/loyaltyService.ts">
        <metrics statements="19" coveredstatements="19" conditionals="4" coveredconditionals="4" methods="9" coveredmethods="9"/>
        <line num="1" count="8" type="stmt"/>
        <line num="12" count="8" type="stmt"/>
        <line num="14" count="32" type="stmt"/>
        <line num="17" count="1" type="stmt"/>
        <line num="21" count="1" type="stmt"/>
        <line num="24" count="1" type="stmt"/>
        <line num="34" count="2" type="stmt"/>
        <line num="37" count="2" type="stmt"/>
        <line num="41" count="1" type="stmt"/>
        <line num="44" count="1" type="stmt"/>
        <line num="48" count="1" type="stmt"/>
        <line num="51" count="1" type="stmt"/>
        <line num="55" count="1" type="stmt"/>
        <line num="58" count="1" type="stmt"/>
        <line num="62" count="2" type="stmt"/>
        <line num="66" count="2" type="stmt"/>
        <line num="70" count="1" type="stmt"/>
        <line num="76" count="1" type="stmt"/>
        <line num="79" count="1" type="stmt"/>
      </file>
      <file name="orderService.ts" path="/Users/brandongarlock/projects/Fully-Compliant-Pipeline/ui/src/services/orderService.ts">
        <metrics statements="27" coveredstatements="25" conditionals="0" coveredconditionals="0" methods="11" coveredmethods="9"/>
        <line num="1" count="7" type="stmt"/>
        <line num="4" count="7" type="stmt"/>
        <line num="6" count="2" type="stmt"/>
        <line num="7" count="1" type="stmt"/>
        <line num="11" count="1" type="stmt"/>
        <line num="12" count="1" type="stmt"/>
        <line num="16" count="1" type="stmt"/>
        <line num="17" count="1" type="stmt"/>
        <line num="21" count="1" type="stmt"/>
        <line num="22" count="1" type="stmt"/>
        <line num="26" count="1" type="stmt"/>
        <line num="27" count="1" type="stmt"/>
        <line num="31" count="3" type="stmt"/>
        <line num="33" count="3" type="stmt"/>
        <line num="34" count="0" type="stmt"/>
        <line num="37" count="3" type="stmt"/>
        <line num="38" count="2" type="stmt"/>
        <line num="39" count="2" type="stmt"/>
        <line num="40" count="1" type="stmt"/>
        <line num="42" count="1" type="stmt"/>
        <line num="46" count="3" type="stmt"/>
        <line num="47" count="0" type="stmt"/>
        <line num="50" count="3" type="stmt"/>
        <line num="54" count="1" type="stmt"/>
        <line num="55" count="1" type="stmt"/>
        <line num="59" count="1" type="stmt"/>
        <line num="60" count="1" type="stmt"/>
      </file>
      <file name="productService.ts" path="/Users/brandongarlock/projects/Fully-Compliant-Pipeline/ui/src/services/productService.ts">
        <metrics statements="8" coveredstatements="8" conditionals="0" coveredconditionals="0" methods="3" coveredmethods="3"/>
        <line num="1" count="8" type="stmt"/>
        <line num="4" count="8" type="stmt"/>
        <line num="6" count="13" type="stmt"/>
        <line num="7" count="1" type="stmt"/>
        <line num="11" count="1" type="stmt"/>
        <line num="12" count="1" type="stmt"/>
        <line num="16" count="1" type="stmt"/>
        <line num="17" count="1" type="stmt"/>
      </file>
      <file name="returnService.ts" path="/Users/brandongarlock/projects/Fully-Compliant-Pipeline/ui/src/services/returnService.ts">
        <metrics statements="51" coveredstatements="51" conditionals="22" coveredconditionals="22" methods="14" coveredmethods="14"/>
        <line num="1" count="11" type="stmt"/>
        <line num="12" count="11" type="stmt"/>
        <line num="14" count="2" type="stmt"/>
        <line num="15" count="1" type="stmt"/>
        <line num="19" count="1" type="stmt"/>
        <line num="20" count="1" type="stmt"/>
        <line num="24" count="1" type="stmt"/>
        <line num="25" count="1" type="stmt"/>
        <line num="29" count="1" type="stmt"/>
        <line num="30" count="1" type="stmt"/>
        <line num="34" count="7" type="stmt"/>
        <line num="35" count="1" type="stmt"/>
        <line num="39" count="1" type="stmt"/>
        <line num="40" count="1" type="stmt"/>
        <line num="50" count="3" type="stmt"/>
        <line num="51" count="3" type="cond" truecount="1" falsecount="0"/>
        <line num="52" count="3" type="cond" truecount="1" falsecount="0"/>
        <line num="53" count="3" type="cond" truecount="1" falsecount="0"/>
        <line num="54" count="3" type="cond" truecount="1" falsecount="0"/>
        <line num="56" count="3" type="stmt"/>
        <line num="57" count="3" type="cond" truecount="2" falsecount="0"/>
        <line num="58" count="3" type="stmt"/>
        <line num="59" count="3" type="stmt"/>
        <line num="63" count="1" type="stmt"/>
        <line num="64" count="1" type="stmt"/>
        <line num="68" count="3" type="stmt"/>
        <line num="69" count="3" type="cond" truecount="1" falsecount="0"/>
        <line num="71" count="3" type="stmt"/>
        <line num="72" count="3" type="cond" truecount="2" falsecount="0"/>
        <line num="73" count="3" type="cond" truecount="2" falsecount="0"/>
        <line num="77" count="2" type="stmt"/>
        <line num="78" count="2" type="stmt"/>
        <line num="79" count="2" type="cond" truecount="1" falsecount="0"/>
        <line num="81" count="2" type="stmt"/>
        <line num="82" count="2" type="stmt"/>
        <line num="91" count="3" type="stmt"/>
        <line num="92" count="3" type="cond" truecount="1" falsecount="0"/>
        <line num="94" count="3" type="stmt"/>
        <line num="95" count="3" type="cond" truecount="2" falsecount="0"/>
        <line num="96" count="3" type="stmt"/>
        <line num="104" count="3" type="stmt"/>
        <line num="105" count="3" type="cond" truecount="1" falsecount="0"/>
        <line num="106" count="3" type="cond" truecount="1" falsecount="0"/>
        <line num="108" count="3" type="cond" truecount="2" falsecount="0"/>
        <line num="109" count="3" type="stmt"/>
        <line num="113" count="2" type="stmt"/>
        <line num="114" count="2" type="cond" truecount="1" falsecount="0"/>
        <line num="116" count="2" type="cond" truecount="2" falsecount="0"/>
        <line num="117" count="2" type="stmt"/>
        <line num="121" count="1" type="stmt"/>
        <line num="122" count="1" type="stmt"/>
      </file>
      <file name="shippingService.ts" path="/Users/brandongarlock/projects/Fully-Compliant-Pipeline/ui/src/services/shippingService.ts">
        <metrics statements="94" coveredstatements="94" conditionals="54" coveredconditionals="46" methods="6" coveredmethods="6"/>
        <line num="1" count="20" type="stmt"/>
        <line num="22" count="20" type="stmt"/>
        <line num="23" count="20" type="stmt"/>
        <line num="24" count="20" type="stmt"/>
        <line num="25" count="20" type="stmt"/>
        <line num="26" count="20" type="stmt"/>
        <line num="43" count="20" type="stmt"/>
        <line num="57" count="7" type="cond" truecount="2" falsecount="0"/>
        <line num="60" count="7" type="stmt"/>
        <line num="61" count="7" type="cond" truecount="1" falsecount="0"/>
        <line num="62" count="3" type="stmt"/>
        <line num="63" count="3" type="stmt"/>
        <line num="64" count="2" type="stmt"/>
        <line num="67" count="2" type="cond" truecount="1" falsecount="0"/>
        <line num="69" count="1" type="stmt"/>
        <line num="82" count="6" type="stmt"/>
        <line num="83" count="6" type="stmt"/>
        <line num="84" count="6" type="cond" truecount="1" falsecount="0"/>
        <line num="85" count="6" type="stmt"/>
        <line num="87" count="6" type="cond" truecount="1" falsecount="0"/>
        <line num="88" count="5" type="stmt"/>
        <line num="91" count="6" type="stmt"/>
        <line num="92" count="6" type="cond" truecount="1" falsecount="1"/>
        <line num="94" count="6" type="stmt"/>
        <line num="95" count="5" type="stmt"/>
        <line num="98" count="5" type="stmt"/>
        <line num="105" count="5" type="stmt"/>
        <line num="113" count="5" type="stmt"/>
        <line num="116" count="1" type="stmt"/>
        <line num="124" count="1" type="stmt"/>
        <line num="141" count="238" type="cond" truecount="2" falsecount="0"/>
        <line num="144" count="238" type="stmt"/>
        <line num="145" count="237" type="cond" truecount="1" falsecount="0"/>
        <line num="146" count="5" type="stmt"/>
        <line num="147" count="5" type="stmt"/>
        <line num="148" count="4" type="stmt"/>
        <line num="151" count="4" type="cond" truecount="1" falsecount="0"/>
        <line num="155" count="3" type="stmt"/>
        <line num="156" count="3" type="cond" truecount="2" falsecount="0"/>
        <line num="157" count="3" type="stmt"/>
        <line num="160" count="3" type="cond" truecount="2" falsecount="0"/>
        <line num="162" count="1" type="stmt"/>
        <line num="164" count="2" type="stmt"/>
        <line num="179" count="235" type="stmt"/>
        <line num="180" count="235" type="stmt"/>
        <line num="181" count="235" type="cond" truecount="1" falsecount="0"/>
        <line num="182" count="235" type="stmt"/>
        <line num="184" count="235" type="cond" truecount="1" falsecount="0"/>
        <line num="185" count="73" type="stmt"/>
        <line num="188" count="235" type="stmt"/>
        <line num="189" count="235" type="cond" truecount="1" falsecount="1"/>
        <line num="191" count="235" type="stmt"/>
        <line num="192" count="7" type="stmt"/>
        <line num="195" count="7" type="stmt"/>
        <line num="203" count="7" type="stmt"/>
        <line num="211" count="7" type="stmt"/>
        <line num="214" count="134" type="stmt"/>
        <line num="224" count="134" type="stmt"/>
        <line num="245" count="9" type="cond" truecount="4" falsecount="0"/>
        <line num="248" count="9" type="cond" truecount="1" falsecount="1"/>
        <line num="251" count="9" type="stmt"/>
        <line num="252" count="9" type="cond" truecount="1" falsecount="0"/>
        <line num="253" count="3" type="stmt"/>
        <line num="254" count="3" type="stmt"/>
        <line num="255" count="2" type="stmt"/>
        <line num="258" count="2" type="cond" truecount="1" falsecount="0"/>
        <line num="259" count="1" type="stmt"/>
        <line num="267" count="8" type="stmt"/>
        <line num="268" count="8" type="stmt"/>
        <line num="269" count="8" type="cond" truecount="1" falsecount="0"/>
        <line num="270" count="8" type="stmt"/>
        <line num="272" count="8" type="cond" truecount="3" falsecount="0"/>
        <line num="273" count="2" type="stmt"/>
        <line num="275" count="8" type="cond" truecount="1" falsecount="0"/>
        <line num="276" count="8" type="stmt"/>
        <line num="278" count="8" type="cond" truecount="1" falsecount="0"/>
        <line num="279" count="1" type="stmt"/>
        <line num="282" count="8" type="stmt"/>
        <line num="283" count="8" type="cond" truecount="1" falsecount="1"/>
        <line num="285" count="8" type="stmt"/>
        <line num="286" count="7" type="stmt"/>
        <line num="289" count="7" type="stmt"/>
        <line num="297" count="7" type="stmt"/>
        <line num="300" count="1" type="stmt"/>
        <line num="301" count="1" type="stmt"/>
        <line num="309" count="4" type="cond" truecount="2" falsecount="0"/>
        <line num="310" count="2" type="stmt"/>
        <line num="311" count="2" type="stmt"/>
        <line num="313" count="2" type="stmt"/>
        <line num="314" count="4" type="cond" truecount="3" falsecount="0"/>
        <line num="315" count="2" type="stmt"/>
        <line num="320" count="2" type="stmt"/>
        <line num="321" count="6" type="cond" truecount="4" falsecount="0"/>
        <line num="324" count="4" type="stmt"/>
      </file>
      <file name="stockService.ts" path="/Users/brandongarlock/projects/Fully-Compliant-Pipeline/ui/src/services/stockService.ts">
        <metrics statements="10" coveredstatements="10" conditionals="0" coveredconditionals="0" methods="5" coveredmethods="5"/>
        <line num="1" count="21" type="stmt"/>
        <line num="33" count="21" type="stmt"/>
        <line num="38" count="2" type="stmt"/>
        <line num="39" count="1" type="stmt"/>
        <line num="46" count="42" type="stmt"/>
        <line num="49" count="1" type="stmt"/>
        <line num="56" count="2" type="stmt"/>
        <line num="66" count="1" type="stmt"/>
        <line num="69" count="1" type="stmt"/>
        <line num="76" count="2" type="stmt"/>
      </file>
      <file name="userService.ts" path="/Users/brandongarlock/projects/Fully-Compliant-Pipeline/ui/src/services/userService.ts">
        <metrics statements="6" coveredstatements="6" conditionals="0" coveredconditionals="0" methods="2" coveredmethods="2"/>
        <line num="1" count="4" type="stmt"/>
        <line num="4" count="4" type="stmt"/>
        <line num="6" count="2" type="stmt"/>
        <line num="7" count="1" type="stmt"/>
        <line num="11" count="2" type="stmt"/>
        <line num="12" count="1" type="stmt"/>
      </file>
      <file name="wishlistService.ts" path="/Users/brandongarlock/projects/Fully-Compliant-Pipeline/ui/src/services/wishlistService.ts">
        <metrics statements="6" coveredstatements="6" conditionals="0" coveredconditionals="0" methods="3" coveredmethods="3"/>
        <line num="1" count="19" type="stmt"/>
        <line num="4" count="19" type="stmt"/>
        <line num="6" count="66" type="stmt"/>
        <line num="7" count="2" type="stmt"/>
        <line num="11" count="2" type="stmt"/>
        <line num="15" count="2" type="stmt"/>
      </file>
    </package>
    <package name="src.utils">
      <metrics statements="7" coveredstatements="7" conditionals="0" coveredconditionals="0" methods="1" coveredmethods="1"/>
      <file name="test-utils.tsx" path="/Users/brandongarlock/projects/Fully-Compliant-Pipeline/ui/src/utils/test-utils.tsx">
        <metrics statements="7" coveredstatements="7" conditionals="0" coveredconditionals="0" methods="1" coveredmethods="1"/>
        <line num="1" count="1" type="stmt"/>
        <line num="2" count="1" type="stmt"/>
        <line num="23" count="1" type="stmt"/>
        <line num="26" count="4" type="stmt"/>
        <line num="27" count="4" type="stmt"/>
        <line num="28" count="4" type="stmt"/>
        <line num="29" count="4" type="stmt"/>
      </file>
    </package>
  </project>
</coverage>
