{"/Users/brandongarlock/projects/Fully-Compliant-Pipeline/ui/src/App.tsx": {"path":"/Users/brandongarlock/projects/Fully-Compliant-Pipeline/ui/src/App.tsx","statementMap":{"0":{"start":{"line":13,"column":29},"end":{"line":35,"column":1}},"1":{"start":{"line":14,"column":19},"end":{"line":14,"column":34}},"2":{"start":{"line":15,"column":19},"end":{"line":15,"column":32}},"3":{"start":{"line":17,"column":2},"end":{"line":34,"column":4}},"4":{"start":{"line":38,"column":2},"end":{"line":55,"column":4}},"5":{"start":{"line":59,"column":2},"end":{"line":63,"column":4}}},"fnMap":{"0":{"name":"(anonymous_0)","decl":{"start":{"line":13,"column":29},"end":{"line":13,"column":32}},"loc":{"start":{"line":13,"column":34},"end":{"line":35,"column":1}}},"1":{"name":"AppContent","decl":{"start":{"line":37,"column":9},"end":{"line":37,"column":19}},"loc":{"start":{"line":37,"column":19},"end":{"line":56,"column":1}}},"2":{"name":"App","decl":{"start":{"line":58,"column":9},"end":{"line":58,"column":12}},"loc":{"start":{"line":58,"column":12},"end":{"line":64,"column":1}}}},"branchMap":{"0":{"loc":{"start":{"line":24,"column":37},"end":{"line":24,"column":83}},"type":"cond-expr","locations":[{"start":{"line":24,"column":65},"end":{"line":24,"column":71}},{"start":{"line":24,"column":74},"end":{"line":24,"column":83}}]},"1":{"loc":{"start":{"line":25,"column":41},"end":{"line":25,"column":91}},"type":"cond-expr","locations":[{"start":{"line":25,"column":73},"end":{"line":25,"column":79}},{"start":{"line":25,"column":82},"end":{"line":25,"column":91}}]},"2":{"loc":{"start":{"line":26,"column":45},"end":{"line":26,"column":99}},"type":"cond-expr","locations":[{"start":{"line":26,"column":81},"end":{"line":26,"column":87}},{"start":{"line":26,"column":90},"end":{"line":26,"column":99}}]},"3":{"loc":{"start":{"line":27,"column":45},"end":{"line":27,"column":99}},"type":"cond-expr","locations":[{"start":{"line":27,"column":81},"end":{"line":27,"column":87}},{"start":{"line":27,"column":90},"end":{"line":27,"column":99}}]},"4":{"loc":{"start":{"line":28,"column":43},"end":{"line":28,"column":103}},"type":"cond-expr","locations":[{"start":{"line":28,"column":85},"end":{"line":28,"column":91}},{"start":{"line":28,"column":94},"end":{"line":28,"column":103}}]},"5":{"loc":{"start":{"line":29,"column":20},"end":{"line":29,"column":88}},"type":"binary-expr","locations":[{"start":{"line":29,"column":20},"end":{"line":29,"column":35}},{"start":{"line":29,"column":39},"end":{"line":29,"column":88}}]}},"s":{"0":0,"1":0,"2":0,"3":0,"4":0,"5":0},"f":{"0":0,"1":0,"2":0},"b":{"0":[0,0],"1":[0,0],"2":[0,0],"3":[0,0],"4":[0,0],"5":[0,0]}}
,"/Users/brandongarlock/projects/Fully-Compliant-Pipeline/ui/src/components/LoyaltyBalance.tsx": {"path":"/Users/brandongarlock/projects/Fully-Compliant-Pipeline/ui/src/components/LoyaltyBalance.tsx","statementMap":{"0":{"start":{"line":1,"column":0},"end":{"line":1,"column":51}},"1":{"start":{"line":2,"column":0},"end":{"line":2,"column":60}},"2":{"start":{"line":4,"column":0},"end":{"line":4,"column":30}},"3":{"start":{"line":11,"column":61},"end":{"line":55,"column":1}},"4":{"start":{"line":12,"column":32},"end":{"line":12,"column":69}},"5":{"start":{"line":13,"column":32},"end":{"line":13,"column":46}},"6":{"start":{"line":14,"column":28},"end":{"line":14,"column":57}},"7":{"start":{"line":16,"column":2},"end":{"line":18,"column":15}},"8":{"start":{"line":17,"column":4},"end":{"line":17,"column":18}},"9":{"start":{"line":20,"column":22},"end":{"line":35,"column":3}},"10":{"start":{"line":21,"column":4},"end":{"line":34,"column":5}},"11":{"start":{"line":22,"column":6},"end":{"line":22,"column":23}},"12":{"start":{"line":23,"column":6},"end":{"line":23,"column":21}},"13":{"start":{"line":24,"column":22},"end":{"line":24,"column":61}},"14":{"start":{"line":25,"column":6},"end":{"line":25,"column":26}},"15":{"start":{"line":26,"column":6},"end":{"line":28,"column":7}},"16":{"start":{"line":27,"column":8},"end":{"line":27,"column":47}},"17":{"start":{"line":30,"column":6},"end":{"line":30,"column":49}},"18":{"start":{"line":31,"column":6},"end":{"line":31,"column":59}},"19":{"start":{"line":33,"column":6},"end":{"line":33,"column":24}},"20":{"start":{"line":37,"column":2},"end":{"line":43,"column":3}},"21":{"start":{"line":38,"column":4},"end":{"line":42,"column":6}},"22":{"start":{"line":45,"column":2},"end":{"line":47,"column":3}},"23":{"start":{"line":46,"column":4},"end":{"line":46,"column":16}},"24":{"start":{"line":49,"column":2},"end":{"line":54,"column":4}},"25":{"start":{"line":11,"column":13},"end":{"line":11,"column":61}}},"fnMap":{"0":{"name":"(anonymous_0)","decl":{"start":{"line":11,"column":61},"end":{"line":11,"column":62}},"loc":{"start":{"line":11,"column":93},"end":{"line":55,"column":1}}},"1":{"name":"(anonymous_1)","decl":{"start":{"line":16,"column":12},"end":{"line":16,"column":15}},"loc":{"start":{"line":16,"column":17},"end":{"line":18,"column":3}}},"2":{"name":"(anonymous_2)","decl":{"start":{"line":20,"column":22},"end":{"line":20,"column":27}},"loc":{"start":{"line":20,"column":33},"end":{"line":35,"column":3}}}},"branchMap":{"0":{"loc":{"start":{"line":26,"column":6},"end":{"line":28,"column":7}},"type":"if","locations":[{"start":{"line":26,"column":6},"end":{"line":28,"column":7}}]},"1":{"loc":{"start":{"line":37,"column":2},"end":{"line":43,"column":3}},"type":"if","locations":[{"start":{"line":37,"column":2},"end":{"line":43,"column":3}}]},"2":{"loc":{"start":{"line":45,"column":2},"end":{"line":47,"column":3}},"type":"if","locations":[{"start":{"line":45,"column":2},"end":{"line":47,"column":3}}]},"3":{"loc":{"start":{"line":45,"column":6},"end":{"line":45,"column":23}},"type":"binary-expr","locations":[{"start":{"line":45,"column":6},"end":{"line":45,"column":11}},{"start":{"line":45,"column":15},"end":{"line":45,"column":23}}]}},"s":{"0":3,"1":3,"2":3,"3":3,"4":5,"5":5,"6":5,"7":5,"8":3,"9":5,"10":3,"11":3,"12":3,"13":3,"14":2,"15":2,"16":1,"17":0,"18":0,"19":2,"20":5,"21":3,"22":2,"23":0,"24":2,"25":3},"f":{"0":5,"1":3,"2":3},"b":{"0":[1],"1":[3],"2":[0],"3":[2,2]}}
,"/Users/brandongarlock/projects/Fully-Compliant-Pipeline/ui/src/components/LoyaltyDashboard.tsx": {"path":"/Users/brandongarlock/projects/Fully-Compliant-Pipeline/ui/src/components/LoyaltyDashboard.tsx","statementMap":{"0":{"start":{"line":1,"column":0},"end":{"line":1,"column":51}},"1":{"start":{"line":2,"column":0},"end":{"line":2,"column":60}},"2":{"start":{"line":3,"column":0},"end":{"line":3,"column":54}},"3":{"start":{"line":4,"column":0},"end":{"line":4,"column":52}},"4":{"start":{"line":6,"column":0},"end":{"line":6,"column":32}},"5":{"start":{"line":12,"column":65},"end":{"line":180,"column":1}},"6":{"start":{"line":13,"column":36},"end":{"line":13,"column":79}},"7":{"start":{"line":14,"column":32},"end":{"line":14,"column":46}},"8":{"start":{"line":15,"column":28},"end":{"line":15,"column":57}},"9":{"start":{"line":17,"column":2},"end":{"line":19,"column":15}},"10":{"start":{"line":18,"column":4},"end":{"line":18,"column":20}},"11":{"start":{"line":21,"column":24},"end":{"line":33,"column":3}},"12":{"start":{"line":22,"column":4},"end":{"line":32,"column":5}},"13":{"start":{"line":23,"column":6},"end":{"line":23,"column":23}},"14":{"start":{"line":24,"column":6},"end":{"line":24,"column":21}},"15":{"start":{"line":25,"column":19},"end":{"line":25,"column":60}},"16":{"start":{"line":26,"column":6},"end":{"line":26,"column":25}},"17":{"start":{"line":28,"column":6},"end":{"line":28,"column":51}},"18":{"start":{"line":29,"column":6},"end":{"line":29,"column":61}},"19":{"start":{"line":31,"column":6},"end":{"line":31,"column":24}},"20":{"start":{"line":35,"column":2},"end":{"line":41,"column":3}},"21":{"start":{"line":36,"column":4},"end":{"line":40,"column":6}},"22":{"start":{"line":43,"column":2},"end":{"line":52,"column":3}},"23":{"start":{"line":44,"column":4},"end":{"line":51,"column":6}},"24":{"start":{"line":54,"column":110},"end":{"line":54,"column":119}},"25":{"start":{"line":56,"column":2},"end":{"line":179,"column":4}},"26":{"start":{"line":107,"column":18},"end":{"line":107,"column":35}},"27":{"start":{"line":155,"column":18},"end":{"line":155,"column":55}},"28":{"start":{"line":12,"column":13},"end":{"line":12,"column":65}}},"fnMap":{"0":{"name":"(anonymous_0)","decl":{"start":{"line":12,"column":65},"end":{"line":12,"column":66}},"loc":{"start":{"line":12,"column":80},"end":{"line":180,"column":1}}},"1":{"name":"(anonymous_1)","decl":{"start":{"line":17,"column":12},"end":{"line":17,"column":15}},"loc":{"start":{"line":17,"column":17},"end":{"line":19,"column":3}}},"2":{"name":"(anonymous_2)","decl":{"start":{"line":21,"column":24},"end":{"line":21,"column":29}},"loc":{"start":{"line":21,"column":35},"end":{"line":33,"column":3}}},"3":{"name":"(anonymous_3)","decl":{"start":{"line":106,"column":43},"end":{"line":106,"column":44}},"loc":{"start":{"line":107,"column":18},"end":{"line":107,"column":35}}},"4":{"name":"(anonymous_4)","decl":{"start":{"line":154,"column":40},"end":{"line":154,"column":41}},"loc":{"start":{"line":155,"column":18},"end":{"line":155,"column":55}}}},"branchMap":{"0":{"loc":{"start":{"line":35,"column":2},"end":{"line":41,"column":3}},"type":"if","locations":[{"start":{"line":35,"column":2},"end":{"line":41,"column":3}}]},"1":{"loc":{"start":{"line":43,"column":2},"end":{"line":52,"column":3}},"type":"if","locations":[{"start":{"line":43,"column":2},"end":{"line":52,"column":3}}]},"2":{"loc":{"start":{"line":43,"column":6},"end":{"line":43,"column":25}},"type":"binary-expr","locations":[{"start":{"line":43,"column":6},"end":{"line":43,"column":11}},{"start":{"line":43,"column":15},"end":{"line":43,"column":25}}]},"3":{"loc":{"start":{"line":46,"column":14},"end":{"line":46,"column":57}},"type":"binary-expr","locations":[{"start":{"line":46,"column":14},"end":{"line":46,"column":19}},{"start":{"line":46,"column":23},"end":{"line":46,"column":57}}]},"4":{"loc":{"start":{"line":81,"column":13},"end":{"line":94,"column":null}},"type":"binary-expr","locations":[{"start":{"line":81,"column":13},"end":{"line":81,"column":33}},{"start":{"line":82,"column":14},"end":{"line":93,"column":null}}]},"5":{"loc":{"start":{"line":114,"column":11},"end":{"line":121,"column":null}},"type":"binary-expr","locations":[{"start":{"line":114,"column":11},"end":{"line":114,"column":25}},{"start":{"line":114,"column":29},"end":{"line":114,"column":47}},{"start":{"line":115,"column":12},"end":{"line":120,"column":null}}]},"6":{"loc":{"start":{"line":119,"column":17},"end":{"line":119,"column":45}},"type":"binary-expr","locations":[{"start":{"line":119,"column":17},"end":{"line":119,"column":35}},{"start":{"line":119,"column":39},"end":{"line":119,"column":45}}]},"7":{"loc":{"start":{"line":148,"column":13},"end":{"line":170,"column":null}},"type":"cond-expr","locations":[{"start":{"line":149,"column":14},"end":{"line":149,"column":null}},{"start":{"line":153,"column":14},"end":{"line":169,"column":null}}]},"8":{"loc":{"start":{"line":158,"column":25},"end":{"line":158,"column":77}},"type":"cond-expr","locations":[{"start":{"line":158,"column":68},"end":{"line":158,"column":71}},{"start":{"line":158,"column":74},"end":{"line":158,"column":77}}]},"9":{"loc":{"start":{"line":162,"column":25},"end":{"line":162,"column":76}},"type":"binary-expr","locations":[{"start":{"line":162,"column":25},"end":{"line":162,"column":48}},{"start":{"line":162,"column":52},"end":{"line":162,"column":76}}]}},"s":{"0":2,"1":2,"2":2,"3":2,"4":2,"5":2,"6":37,"7":37,"8":37,"9":37,"10":17,"11":37,"12":18,"13":18,"14":18,"15":18,"16":16,"17":2,"18":2,"19":18,"20":37,"21":18,"22":19,"23":2,"24":17,"25":17,"26":34,"27":32,"28":2},"f":{"0":37,"1":17,"2":18,"3":34,"4":32},"b":{"0":[18],"1":[2],"2":[19,17],"3":[2,0],"4":[17,17],"5":[17,16,16],"6":[16,0],"7":[1,16],"8":[16,16],"9":[32,0]}}
,"/Users/brandongarlock/projects/Fully-Compliant-Pipeline/ui/src/components/LoyaltyTierBadge.tsx": {"path":"/Users/brandongarlock/projects/Fully-Compliant-Pipeline/ui/src/components/LoyaltyTierBadge.tsx","statementMap":{"0":{"start":{"line":3,"column":0},"end":{"line":3,"column":32}},"1":{"start":{"line":11,"column":65},"end":{"line":55,"column":1}},"2":{"start":{"line":15,"column":23},"end":{"line":27,"column":3}},"3":{"start":{"line":16,"column":4},"end":{"line":26,"column":5}},"4":{"start":{"line":18,"column":8},"end":{"line":18,"column":25}},"5":{"start":{"line":20,"column":8},"end":{"line":20,"column":25}},"6":{"start":{"line":22,"column":8},"end":{"line":22,"column":25}},"7":{"start":{"line":25,"column":8},"end":{"line":25,"column":25}},"8":{"start":{"line":29,"column":23},"end":{"line":31,"column":3}},"9":{"start":{"line":30,"column":4},"end":{"line":30,"column":56}},"10":{"start":{"line":33,"column":20},"end":{"line":33,"column":38}},"11":{"start":{"line":34,"column":20},"end":{"line":34,"column":38}},"12":{"start":{"line":36,"column":2},"end":{"line":54,"column":4}},"13":{"start":{"line":11,"column":13},"end":{"line":11,"column":65}}},"fnMap":{"0":{"name":"(anonymous_0)","decl":{"start":{"line":11,"column":65},"end":{"line":11,"column":66}},"loc":{"start":{"line":14,"column":5},"end":{"line":55,"column":1}}},"1":{"name":"(anonymous_1)","decl":{"start":{"line":15,"column":23},"end":{"line":15,"column":24}},"loc":{"start":{"line":15,"column":53},"end":{"line":27,"column":3}}},"2":{"name":"(anonymous_2)","decl":{"start":{"line":29,"column":23},"end":{"line":29,"column":24}},"loc":{"start":{"line":29,"column":53},"end":{"line":31,"column":3}}}},"branchMap":{"0":{"loc":{"start":{"line":13,"column":2},"end":{"line":13,"column":22}},"type":"default-arg","locations":[{"start":{"line":13,"column":21},"end":{"line":13,"column":22}}]},"1":{"loc":{"start":{"line":16,"column":4},"end":{"line":26,"column":5}},"type":"switch","locations":[{"start":{"line":17,"column":6},"end":{"line":18,"column":25}},{"start":{"line":19,"column":6},"end":{"line":20,"column":25}},{"start":{"line":21,"column":6},"end":{"line":22,"column":25}},{"start":{"line":23,"column":6},"end":{"line":23,"column":20}},{"start":{"line":24,"column":6},"end":{"line":25,"column":25}}]},"2":{"loc":{"start":{"line":47,"column":9},"end":{"line":50,"column":null}},"type":"binary-expr","locations":[{"start":{"line":47,"column":9},"end":{"line":47,"column":29}},{"start":{"line":48,"column":10},"end":{"line":49,"column":null}}]}},"s":{"0":2,"1":2,"2":17,"3":17,"4":0,"5":0,"6":17,"7":0,"8":17,"9":17,"10":17,"11":17,"12":17,"13":2},"f":{"0":17,"1":17,"2":17},"b":{"0":[0],"1":[0,0,17,0,0],"2":[17,17]}}
,"/Users/brandongarlock/projects/Fully-Compliant-Pipeline/ui/src/components/NotificationPreferences.tsx": {"path":"/Users/brandongarlock/projects/Fully-Compliant-Pipeline/ui/src/components/NotificationPreferences.tsx","statementMap":{"0":{"start":{"line":10,"column":79},"end":{"line":140,"column":1}},"1":{"start":{"line":11,"column":40},"end":{"line":11,"column":90}},"2":{"start":{"line":12,"column":32},"end":{"line":12,"column":46}},"3":{"start":{"line":13,"column":30},"end":{"line":13,"column":45}},"4":{"start":{"line":14,"column":28},"end":{"line":14,"column":57}},"5":{"start":{"line":15,"column":32},"end":{"line":15,"column":47}},"6":{"start":{"line":17,"column":2},"end":{"line":19,"column":15}},"7":{"start":{"line":18,"column":4},"end":{"line":18,"column":22}},"8":{"start":{"line":21,"column":26},"end":{"line":32,"column":3}},"9":{"start":{"line":22,"column":4},"end":{"line":22,"column":21}},"10":{"start":{"line":23,"column":4},"end":{"line":23,"column":19}},"11":{"start":{"line":24,"column":4},"end":{"line":31,"column":5}},"12":{"start":{"line":25,"column":20},"end":{"line":25,"column":73}},"13":{"start":{"line":26,"column":6},"end":{"line":26,"column":28}},"14":{"start":{"line":28,"column":6},"end":{"line":28,"column":82}},"15":{"start":{"line":30,"column":6},"end":{"line":30,"column":24}},"16":{"start":{"line":34,"column":21},"end":{"line":51,"column":3}},"17":{"start":{"line":35,"column":4},"end":{"line":35,"column":29}},"18":{"start":{"line":35,"column":22},"end":{"line":35,"column":29}},"19":{"start":{"line":37,"column":4},"end":{"line":37,"column":20}},"20":{"start":{"line":38,"column":4},"end":{"line":38,"column":19}},"21":{"start":{"line":39,"column":4},"end":{"line":39,"column":22}},"22":{"start":{"line":41,"column":4},"end":{"line":50,"column":5}},"23":{"start":{"line":42,"column":22},"end":{"line":42,"column":91}},"24":{"start":{"line":43,"column":6},"end":{"line":43,"column":30}},"25":{"start":{"line":44,"column":6},"end":{"line":44,"column":23}},"26":{"start":{"line":45,"column":6},"end":{"line":45,"column":48}},"27":{"start":{"line":45,"column":23},"end":{"line":45,"column":40}},"28":{"start":{"line":47,"column":6},"end":{"line":47,"column":82}},"29":{"start":{"line":49,"column":6},"end":{"line":49,"column":23}},"30":{"start":{"line":53,"column":2},"end":{"line":55,"column":3}},"31":{"start":{"line":54,"column":4},"end":{"line":54,"column":90}},"32":{"start":{"line":57,"column":2},"end":{"line":59,"column":3}},"33":{"start":{"line":58,"column":4},"end":{"line":58,"column":92}},"34":{"start":{"line":61,"column":2},"end":{"line":139,"column":4}},"35":{"start":{"line":79,"column":31},"end":{"line":79,"column":97}},"36":{"start":{"line":91,"column":31},"end":{"line":91,"column":95}},"37":{"start":{"line":105,"column":33},"end":{"line":105,"column":96}},"38":{"start":{"line":118,"column":31},"end":{"line":121,"column":16}}},"fnMap":{"0":{"name":"(anonymous_0)","decl":{"start":{"line":10,"column":79},"end":{"line":10,"column":80}},"loc":{"start":{"line":10,"column":94},"end":{"line":140,"column":1}}},"1":{"name":"(anonymous_1)","decl":{"start":{"line":17,"column":12},"end":{"line":17,"column":15}},"loc":{"start":{"line":17,"column":17},"end":{"line":19,"column":3}}},"2":{"name":"(anonymous_2)","decl":{"start":{"line":21,"column":26},"end":{"line":21,"column":31}},"loc":{"start":{"line":21,"column":37},"end":{"line":32,"column":3}}},"3":{"name":"(anonymous_3)","decl":{"start":{"line":34,"column":21},"end":{"line":34,"column":26}},"loc":{"start":{"line":34,"column":32},"end":{"line":51,"column":3}}},"4":{"name":"(anonymous_4)","decl":{"start":{"line":45,"column":17},"end":{"line":45,"column":20}},"loc":{"start":{"line":45,"column":23},"end":{"line":45,"column":40}}},"5":{"name":"(anonymous_5)","decl":{"start":{"line":79,"column":24},"end":{"line":79,"column":25}},"loc":{"start":{"line":79,"column":31},"end":{"line":79,"column":97}}},"6":{"name":"(anonymous_6)","decl":{"start":{"line":91,"column":24},"end":{"line":91,"column":25}},"loc":{"start":{"line":91,"column":31},"end":{"line":91,"column":95}}},"7":{"name":"(anonymous_7)","decl":{"start":{"line":105,"column":26},"end":{"line":105,"column":27}},"loc":{"start":{"line":105,"column":33},"end":{"line":105,"column":96}}},"8":{"name":"(anonymous_8)","decl":{"start":{"line":118,"column":24},"end":{"line":118,"column":25}},"loc":{"start":{"line":118,"column":31},"end":{"line":121,"column":16}}}},"branchMap":{"0":{"loc":{"start":{"line":28,"column":15},"end":{"line":28,"column":80}},"type":"cond-expr","locations":[{"start":{"line":28,"column":38},"end":{"line":28,"column":49}},{"start":{"line":28,"column":52},"end":{"line":28,"column":80}}]},"1":{"loc":{"start":{"line":35,"column":4},"end":{"line":35,"column":29}},"type":"if","locations":[{"start":{"line":35,"column":4},"end":{"line":35,"column":29}}]},"2":{"loc":{"start":{"line":47,"column":15},"end":{"line":47,"column":80}},"type":"cond-expr","locations":[{"start":{"line":47,"column":38},"end":{"line":47,"column":49}},{"start":{"line":47,"column":52},"end":{"line":47,"column":80}}]},"3":{"loc":{"start":{"line":53,"column":2},"end":{"line":55,"column":3}},"type":"if","locations":[{"start":{"line":53,"column":2},"end":{"line":55,"column":3}}]},"4":{"loc":{"start":{"line":57,"column":2},"end":{"line":59,"column":3}},"type":"if","locations":[{"start":{"line":57,"column":2},"end":{"line":59,"column":3}}]},"5":{"loc":{"start":{"line":65,"column":7},"end":{"line":65,"column":73}},"type":"binary-expr","locations":[{"start":{"line":65,"column":7},"end":{"line":65,"column":12}},{"start":{"line":65,"column":16},"end":{"line":65,"column":73}}]},"6":{"loc":{"start":{"line":66,"column":7},"end":{"line":69,"column":null}},"type":"binary-expr","locations":[{"start":{"line":66,"column":7},"end":{"line":66,"column":14}},{"start":{"line":67,"column":8},"end":{"line":67,"column":null}}]},"7":{"loc":{"start":{"line":97,"column":9},"end":{"line":109,"column":null}},"type":"binary-expr","locations":[{"start":{"line":97,"column":9},"end":{"line":97,"column":31}},{"start":{"line":98,"column":10},"end":{"line":108,"column":null}}]},"8":{"loc":{"start":{"line":104,"column":23},"end":{"line":104,"column":52}},"type":"binary-expr","locations":[{"start":{"line":104,"column":23},"end":{"line":104,"column":46}},{"start":{"line":104,"column":50},"end":{"line":104,"column":52}}]},"9":{"loc":{"start":{"line":135,"column":11},"end":{"line":135,"column":52}},"type":"cond-expr","locations":[{"start":{"line":135,"column":20},"end":{"line":135,"column":31}},{"start":{"line":135,"column":34},"end":{"line":135,"column":52}}]}},"s":{"0":0,"1":0,"2":0,"3":0,"4":0,"5":0,"6":0,"7":0,"8":0,"9":0,"10":0,"11":0,"12":0,"13":0,"14":0,"15":0,"16":0,"17":0,"18":0,"19":0,"20":0,"21":0,"22":0,"23":0,"24":0,"25":0,"26":0,"27":0,"28":0,"29":0,"30":0,"31":0,"32":0,"33":0,"34":0,"35":0,"36":0,"37":0,"38":0},"f":{"0":0,"1":0,"2":0,"3":0,"4":0,"5":0,"6":0,"7":0,"8":0},"b":{"0":[0,0],"1":[0],"2":[0,0],"3":[0],"4":[0],"5":[0,0],"6":[0,0],"7":[0,0],"8":[0,0],"9":[0,0]}}
,"/Users/brandongarlock/projects/Fully-Compliant-Pipeline/ui/src/components/OrderDetails.tsx": {"path":"/Users/brandongarlock/projects/Fully-Compliant-Pipeline/ui/src/components/OrderDetails.tsx","statementMap":{"0":{"start":{"line":3,"column":0},"end":{"line":3,"column":28}},"1":{"start":{"line":9,"column":57},"end":{"line":65,"column":1}},"2":{"start":{"line":10,"column":2},"end":{"line":64,"column":4}},"3":{"start":{"line":53,"column":14},"end":{"line":53,"column":null}},"4":{"start":{"line":9,"column":13},"end":{"line":9,"column":57}}},"fnMap":{"0":{"name":"(anonymous_0)","decl":{"start":{"line":9,"column":57},"end":{"line":9,"column":58}},"loc":{"start":{"line":9,"column":71},"end":{"line":65,"column":1}}},"1":{"name":"(anonymous_1)","decl":{"start":{"line":52,"column":29},"end":{"line":52,"column":30}},"loc":{"start":{"line":53,"column":14},"end":{"line":53,"column":null}}}},"branchMap":{"0":{"loc":{"start":{"line":32,"column":9},"end":{"line":36,"column":null}},"type":"binary-expr","locations":[{"start":{"line":32,"column":9},"end":{"line":32,"column":24}},{"start":{"line":33,"column":10},"end":{"line":35,"column":null}}]},"1":{"loc":{"start":{"line":54,"column":21},"end":{"line":54,"column":55}},"type":"binary-expr","locations":[{"start":{"line":54,"column":21},"end":{"line":54,"column":37}},{"start":{"line":54,"column":41},"end":{"line":54,"column":55}}]},"2":{"loc":{"start":{"line":56,"column":22},"end":{"line":56,"column":54}},"type":"binary-expr","locations":[{"start":{"line":56,"column":22},"end":{"line":56,"column":44}},{"start":{"line":56,"column":48},"end":{"line":56,"column":54}}]},"3":{"loc":{"start":{"line":57,"column":22},"end":{"line":57,"column":57}},"type":"binary-expr","locations":[{"start":{"line":57,"column":22},"end":{"line":57,"column":47}},{"start":{"line":57,"column":51},"end":{"line":57,"column":57}}]}},"s":{"0":2,"1":2,"2":5,"3":8,"4":2},"f":{"0":5,"1":8},"b":{"0":[5,5],"1":[8,2],"2":[8,2],"3":[8,2]}}
,"/Users/brandongarlock/projects/Fully-Compliant-Pipeline/ui/src/components/OrderDetailsCard.tsx": {"path":"/Users/brandongarlock/projects/Fully-Compliant-Pipeline/ui/src/components/OrderDetailsCard.tsx","statementMap":{"0":{"start":{"line":10,"column":65},"end":{"line":59,"column":1}},"1":{"start":{"line":11,"column":2},"end":{"line":58,"column":4}},"2":{"start":{"line":20,"column":14},"end":{"line":20,"column":31}}},"fnMap":{"0":{"name":"(anonymous_0)","decl":{"start":{"line":10,"column":65},"end":{"line":10,"column":66}},"loc":{"start":{"line":10,"column":89},"end":{"line":59,"column":1}}},"1":{"name":"(anonymous_1)","decl":{"start":{"line":19,"column":29},"end":{"line":19,"column":30}},"loc":{"start":{"line":20,"column":14},"end":{"line":20,"column":31}}}},"branchMap":{"0":{"loc":{"start":{"line":15,"column":7},"end":{"line":36,"column":null}},"type":"binary-expr","locations":[{"start":{"line":15,"column":7},"end":{"line":15,"column":12}},{"start":{"line":15,"column":16},"end":{"line":15,"column":27}},{"start":{"line":15,"column":31},"end":{"line":15,"column":53}},{"start":{"line":16,"column":8},"end":{"line":35,"column":null}}]},"1":{"loc":{"start":{"line":22,"column":47},"end":{"line":22,"column":106}},"type":"binary-expr","locations":[{"start":{"line":22,"column":47},"end":{"line":22,"column":63}},{"start":{"line":22,"column":67},"end":{"line":22,"column":106}}]},"2":{"loc":{"start":{"line":26,"column":20},"end":{"line":26,"column":126}},"type":"cond-expr","locations":[{"start":{"line":26,"column":36},"end":{"line":26,"column":60}},{"start":{"line":26,"column":64},"end":{"line":26,"column":125}}]},"3":{"loc":{"start":{"line":26,"column":64},"end":{"line":26,"column":125}},"type":"cond-expr","locations":[{"start":{"line":26,"column":77},"end":{"line":26,"column":116}},{"start":{"line":26,"column":119},"end":{"line":26,"column":125}}]},"4":{"loc":{"start":{"line":31,"column":11},"end":{"line":34,"column":null}},"type":"binary-expr","locations":[{"start":{"line":31,"column":11},"end":{"line":31,"column":28}},{"start":{"line":32,"column":12},"end":{"line":33,"column":null}}]},"5":{"loc":{"start":{"line":39,"column":7},"end":{"line":43,"column":null}},"type":"binary-expr","locations":[{"start":{"line":39,"column":7},"end":{"line":39,"column":31}},{"start":{"line":40,"column":8},"end":{"line":42,"column":null}}]},"6":{"loc":{"start":{"line":46,"column":7},"end":{"line":49,"column":null}},"type":"binary-expr","locations":[{"start":{"line":46,"column":7},"end":{"line":46,"column":30}},{"start":{"line":47,"column":8},"end":{"line":48,"column":null}}]},"7":{"loc":{"start":{"line":52,"column":7},"end":{"line":55,"column":null}},"type":"binary-expr","locations":[{"start":{"line":52,"column":7},"end":{"line":52,"column":31}},{"start":{"line":53,"column":8},"end":{"line":54,"column":null}}]}},"s":{"0":0,"1":0,"2":0},"f":{"0":0,"1":0},"b":{"0":[0,0,0,0],"1":[0,0],"2":[0,0],"3":[0,0],"4":[0,0],"5":[0,0],"6":[0,0],"7":[0,0]}}
,"/Users/brandongarlock/projects/Fully-Compliant-Pipeline/ui/src/components/OrderForm.tsx": {"path":"/Users/brandongarlock/projects/Fully-Compliant-Pipeline/ui/src/components/OrderForm.tsx","statementMap":{"0":{"start":{"line":1,"column":0},"end":{"line":1,"column":51}},"1":{"start":{"line":2,"column":0},"end":{"line":2,"column":54}},"2":{"start":{"line":3,"column":0},"end":{"line":3,"column":56}},"3":{"start":{"line":4,"column":0},"end":{"line":4,"column":66}},"4":{"start":{"line":5,"column":0},"end":{"line":5,"column":68}},"5":{"start":{"line":6,"column":0},"end":{"line":6,"column":50}},"6":{"start":{"line":7,"column":0},"end":{"line":7,"column":60}},"7":{"start":{"line":8,"column":0},"end":{"line":8,"column":60}},"8":{"start":{"line":10,"column":0},"end":{"line":10,"column":25}},"9":{"start":{"line":16,"column":51},"end":{"line":290,"column":1}},"10":{"start":{"line":31,"column":6},"end":{"line":31,"column":21}},"11":{"start":{"line":33,"column":35},"end":{"line":33,"column":78}},"12":{"start":{"line":34,"column":32},"end":{"line":34,"column":47}},"13":{"start":{"line":35,"column":28},"end":{"line":35,"column":57}},"14":{"start":{"line":36,"column":42},"end":{"line":36,"column":70}},"15":{"start":{"line":37,"column":46},"end":{"line":37,"column":65}},"16":{"start":{"line":38,"column":46},"end":{"line":38,"column":65}},"17":{"start":{"line":39,"column":46},"end":{"line":39,"column":65}},"18":{"start":{"line":41,"column":19},"end":{"line":43,"column":null}},"19":{"start":{"line":42,"column":19},"end":{"line":42,"column":56}},"20":{"start":{"line":46,"column":30},"end":{"line":46,"column":95}},"21":{"start":{"line":47,"column":22},"end":{"line":47,"column":82}},"22":{"start":{"line":50,"column":2},"end":{"line":58,"column":13}},"23":{"start":{"line":51,"column":4},"end":{"line":57,"column":5}},"24":{"start":{"line":52,"column":6},"end":{"line":56,"column":11}},"25":{"start":{"line":53,"column":25},"end":{"line":53,"column":65}},"26":{"start":{"line":60,"column":23},"end":{"line":100,"column":3}},"27":{"start":{"line":61,"column":4},"end":{"line":61,"column":23}},"28":{"start":{"line":63,"column":4},"end":{"line":66,"column":5}},"29":{"start":{"line":64,"column":6},"end":{"line":64,"column":53}},"30":{"start":{"line":65,"column":6},"end":{"line":65,"column":13}},"31":{"start":{"line":68,"column":4},"end":{"line":71,"column":5}},"32":{"start":{"line":69,"column":6},"end":{"line":69,"column":71}},"33":{"start":{"line":70,"column":6},"end":{"line":70,"column":13}},"34":{"start":{"line":73,"column":4},"end":{"line":73,"column":19}},"35":{"start":{"line":74,"column":4},"end":{"line":74,"column":21}},"36":{"start":{"line":76,"column":4},"end":{"line":99,"column":5}},"37":{"start":{"line":77,"column":24},"end":{"line":84,"column":8}},"38":{"start":{"line":79,"column":35},"end":{"line":82,"column":10}},"39":{"start":{"line":86,"column":20},"end":{"line":86,"column":61}},"40":{"start":{"line":87,"column":6},"end":{"line":87,"column":29}},"41":{"start":{"line":88,"column":6},"end":{"line":88,"column":18}},"42":{"start":{"line":89,"column":6},"end":{"line":89,"column":27}},"43":{"start":{"line":90,"column":6},"end":{"line":90,"column":27}},"44":{"start":{"line":92,"column":6},"end":{"line":94,"column":7}},"45":{"start":{"line":93,"column":8},"end":{"line":93,"column":30}},"46":{"start":{"line":96,"column":6},"end":{"line":96,"column":78}},"47":{"start":{"line":98,"column":6},"end":{"line":98,"column":24}},"48":{"start":{"line":102,"column":2},"end":{"line":122,"column":3}},"49":{"start":{"line":103,"column":4},"end":{"line":121,"column":6}},"50":{"start":{"line":111,"column":12},"end":{"line":111,"column":34}},"51":{"start":{"line":112,"column":12},"end":{"line":114,"column":13}},"52":{"start":{"line":113,"column":14},"end":{"line":113,"column":43}},"53":{"start":{"line":124,"column":2},"end":{"line":132,"column":3}},"54":{"start":{"line":125,"column":4},"end":{"line":131,"column":6}},"55":{"start":{"line":134,"column":2},"end":{"line":142,"column":3}},"56":{"start":{"line":135,"column":4},"end":{"line":141,"column":6}},"57":{"start":{"line":144,"column":2},"end":{"line":289,"column":4}},"58":{"start":{"line":151,"column":10},"end":{"line":151,"column":29}},"59":{"start":{"line":159,"column":33},"end":{"line":159,"column":84}},"60":{"start":{"line":167,"column":33},"end":{"line":167,"column":84}},"61":{"start":{"line":186,"column":31},"end":{"line":186,"column":54}},"62":{"start":{"line":206,"column":32},"end":{"line":206,"column":72}},"63":{"start":{"line":206,"column":53},"end":{"line":206,"column":71}},"64":{"start":{"line":207,"column":16},"end":{"line":209,"column":17}},"65":{"start":{"line":208,"column":18},"end":{"line":208,"column":40}},"66":{"start":{"line":233,"column":16},"end":{"line":233,"column":59}},"67":{"start":{"line":234,"column":16},"end":{"line":234,"column":59}},"68":{"start":{"line":235,"column":16},"end":{"line":235,"column":61}},"69":{"start":{"line":238,"column":16},"end":{"line":238,"column":35}},"70":{"start":{"line":16,"column":13},"end":{"line":16,"column":51}}},"fnMap":{"0":{"name":"(anonymous_0)","decl":{"start":{"line":16,"column":51},"end":{"line":16,"column":52}},"loc":{"start":{"line":16,"column":74},"end":{"line":290,"column":1}}},"1":{"name":"(anonymous_1)","decl":{"start":{"line":42,"column":4},"end":{"line":42,"column":5}},"loc":{"start":{"line":42,"column":19},"end":{"line":42,"column":56}}},"2":{"name":"(anonymous_2)","decl":{"start":{"line":50,"column":12},"end":{"line":50,"column":15}},"loc":{"start":{"line":50,"column":17},"end":{"line":58,"column":3}}},"3":{"name":"(anonymous_3)","decl":{"start":{"line":53,"column":14},"end":{"line":53,"column":21}},"loc":{"start":{"line":53,"column":25},"end":{"line":53,"column":65}}},"4":{"name":"(anonymous_4)","decl":{"start":{"line":54,"column":15},"end":{"line":54,"column":18}},"loc":{"start":{"line":54,"column":20},"end":{"line":56,"column":9}}},"5":{"name":"(anonymous_5)","decl":{"start":{"line":60,"column":23},"end":{"line":60,"column":28}},"loc":{"start":{"line":60,"column":52},"end":{"line":100,"column":3}}},"6":{"name":"(anonymous_6)","decl":{"start":{"line":79,"column":24},"end":{"line":79,"column":25}},"loc":{"start":{"line":79,"column":35},"end":{"line":82,"column":10}}},"7":{"name":"(anonymous_7)","decl":{"start":{"line":110,"column":19},"end":{"line":110,"column":22}},"loc":{"start":{"line":110,"column":24},"end":{"line":115,"column":11}}},"8":{"name":"(anonymous_8)","decl":{"start":{"line":150,"column":20},"end":{"line":150,"column":21}},"loc":{"start":{"line":151,"column":10},"end":{"line":151,"column":29}}},"9":{"name":"(anonymous_9)","decl":{"start":{"line":159,"column":27},"end":{"line":159,"column":30}},"loc":{"start":{"line":159,"column":33},"end":{"line":159,"column":84}}},"10":{"name":"(anonymous_10)","decl":{"start":{"line":167,"column":27},"end":{"line":167,"column":30}},"loc":{"start":{"line":167,"column":33},"end":{"line":167,"column":84}}},"11":{"name":"(anonymous_11)","decl":{"start":{"line":186,"column":25},"end":{"line":186,"column":28}},"loc":{"start":{"line":186,"column":31},"end":{"line":186,"column":54}}},"12":{"name":"(anonymous_12)","decl":{"start":{"line":204,"column":27},"end":{"line":204,"column":28}},"loc":{"start":{"line":204,"column":49},"end":{"line":210,"column":15}}},"13":{"name":"(anonymous_13)","decl":{"start":{"line":206,"column":46},"end":{"line":206,"column":47}},"loc":{"start":{"line":206,"column":53},"end":{"line":206,"column":71}}},"14":{"name":"(anonymous_14)","decl":{"start":{"line":232,"column":35},"end":{"line":232,"column":36}},"loc":{"start":{"line":232,"column":70},"end":{"line":236,"column":15}}},"15":{"name":"(anonymous_15)","decl":{"start":{"line":237,"column":23},"end":{"line":237,"column":24}},"loc":{"start":{"line":237,"column":44},"end":{"line":239,"column":15}}}},"branchMap":{"0":{"loc":{"start":{"line":33,"column":35},"end":{"line":33,"column":78}},"type":"binary-expr","locations":[{"start":{"line":33,"column":35},"end":{"line":33,"column":56}},{"start":{"line":33,"column":60},"end":{"line":33,"column":78}}]},"1":{"loc":{"start":{"line":46,"column":30},"end":{"line":46,"column":95}},"type":"cond-expr","locations":[{"start":{"line":46,"column":54},"end":{"line":46,"column":66}},{"start":{"line":46,"column":70},"end":{"line":46,"column":94}}]},"2":{"loc":{"start":{"line":46,"column":70},"end":{"line":46,"column":94}},"type":"binary-expr","locations":[{"start":{"line":46,"column":70},"end":{"line":46,"column":89}},{"start":{"line":46,"column":93},"end":{"line":46,"column":94}}]},"3":{"loc":{"start":{"line":51,"column":4},"end":{"line":57,"column":5}},"type":"if","locations":[{"start":{"line":51,"column":4},"end":{"line":57,"column":5}}]},"4":{"loc":{"start":{"line":63,"column":4},"end":{"line":66,"column":5}},"type":"if","locations":[{"start":{"line":63,"column":4},"end":{"line":66,"column":5}}]},"5":{"loc":{"start":{"line":68,"column":4},"end":{"line":71,"column":5}},"type":"if","locations":[{"start":{"line":68,"column":4},"end":{"line":71,"column":5}}]},"6":{"loc":{"start":{"line":83,"column":24},"end":{"line":83,"column":71}},"type":"cond-expr","locations":[{"start":{"line":83,"column":45},"end":{"line":83,"column":59}},{"start":{"line":83,"column":62},"end":{"line":83,"column":71}}]},"7":{"loc":{"start":{"line":92,"column":6},"end":{"line":94,"column":7}},"type":"if","locations":[{"start":{"line":92,"column":6},"end":{"line":94,"column":7}}]},"8":{"loc":{"start":{"line":96,"column":15},"end":{"line":96,"column":76}},"type":"cond-expr","locations":[{"start":{"line":96,"column":38},"end":{"line":96,"column":49}},{"start":{"line":96,"column":52},"end":{"line":96,"column":76}}]},"9":{"loc":{"start":{"line":102,"column":2},"end":{"line":122,"column":3}},"type":"if","locations":[{"start":{"line":102,"column":2},"end":{"line":122,"column":3}}]},"10":{"loc":{"start":{"line":112,"column":12},"end":{"line":114,"column":13}},"type":"if","locations":[{"start":{"line":112,"column":12},"end":{"line":114,"column":13}}]},"11":{"loc":{"start":{"line":124,"column":2},"end":{"line":132,"column":3}},"type":"if","locations":[{"start":{"line":124,"column":2},"end":{"line":132,"column":3}}]},"12":{"loc":{"start":{"line":134,"column":2},"end":{"line":142,"column":3}},"type":"if","locations":[{"start":{"line":134,"column":2},"end":{"line":142,"column":3}}]},"13":{"loc":{"start":{"line":172,"column":36},"end":{"line":172,"column":111}},"type":"cond-expr","locations":[{"start":{"line":172,"column":74},"end":{"line":172,"column":99}},{"start":{"line":172,"column":102},"end":{"line":172,"column":111}}]},"14":{"loc":{"start":{"line":176,"column":17},"end":{"line":179,"column":null}},"type":"binary-expr","locations":[{"start":{"line":176,"column":17},"end":{"line":176,"column":52}},{"start":{"line":177,"column":18},"end":{"line":178,"column":null}}]},"15":{"loc":{"start":{"line":196,"column":7},"end":{"line":221,"column":null}},"type":"binary-expr","locations":[{"start":{"line":196,"column":7},"end":{"line":196,"column":21}},{"start":{"line":196,"column":25},"end":{"line":196,"column":55}},{"start":{"line":196,"column":59},"end":{"line":196,"column":80}},{"start":{"line":196,"column":84},"end":{"line":196,"column":112}},{"start":{"line":197,"column":8},"end":{"line":220,"column":null}}]},"16":{"loc":{"start":{"line":200,"column":11},"end":{"line":211,"column":null}},"type":"binary-expr","locations":[{"start":{"line":200,"column":11},"end":{"line":200,"column":36}},{"start":{"line":201,"column":12},"end":{"line":210,"column":null}}]},"17":{"loc":{"start":{"line":207,"column":16},"end":{"line":209,"column":17}},"type":"if","locations":[{"start":{"line":207,"column":16},"end":{"line":209,"column":17}}]},"18":{"loc":{"start":{"line":223,"column":7},"end":{"line":242,"column":null}},"type":"binary-expr","locations":[{"start":{"line":223,"column":7},"end":{"line":223,"column":11}},{"start":{"line":223,"column":15},"end":{"line":223,"column":33}},{"start":{"line":224,"column":8},"end":{"line":241,"column":null}}]},"19":{"loc":{"start":{"line":254,"column":15},"end":{"line":257,"column":null}},"type":"cond-expr","locations":[{"start":{"line":255,"column":16},"end":{"line":255,"column":64}},{"start":{"line":257,"column":16},"end":{"line":257,"column":52}}]},"20":{"loc":{"start":{"line":254,"column":15},"end":{"line":254,"column":58}},"type":"binary-expr","locations":[{"start":{"line":254,"column":15},"end":{"line":254,"column":36}},{"start":{"line":254,"column":40},"end":{"line":254,"column":58}}]},"21":{"loc":{"start":{"line":261,"column":11},"end":{"line":265,"column":null}},"type":"binary-expr","locations":[{"start":{"line":261,"column":11},"end":{"line":261,"column":29}},{"start":{"line":262,"column":12},"end":{"line":264,"column":null}}]},"22":{"loc":{"start":{"line":274,"column":9},"end":{"line":277,"column":null}},"type":"binary-expr","locations":[{"start":{"line":274,"column":9},"end":{"line":274,"column":14}},{"start":{"line":275,"column":10},"end":{"line":276,"column":null}}]},"23":{"loc":{"start":{"line":283,"column":28},"end":{"line":283,"column":61}},"type":"cond-expr","locations":[{"start":{"line":283,"column":36},"end":{"line":283,"column":49}},{"start":{"line":283,"column":52},"end":{"line":283,"column":61}}]},"24":{"loc":{"start":{"line":285,"column":11},"end":{"line":285,"column":56}},"type":"cond-expr","locations":[{"start":{"line":285,"column":21},"end":{"line":285,"column":40}},{"start":{"line":285,"column":43},"end":{"line":285,"column":56}}]}},"s":{"0":2,"1":2,"2":2,"3":2,"4":2,"5":2,"6":2,"7":2,"8":2,"9":2,"10":78,"11":78,"12":78,"13":78,"14":78,"15":78,"16":78,"17":78,"18":78,"19":41,"20":78,"21":78,"22":78,"23":32,"24":27,"25":0,"26":78,"27":5,"28":5,"29":0,"30":0,"31":5,"32":0,"33":0,"34":5,"35":5,"36":5,"37":5,"38":5,"39":5,"40":4,"41":4,"42":4,"43":4,"44":4,"45":2,"46":1,"47":5,"48":78,"49":4,"50":1,"51":1,"52":1,"53":74,"54":10,"55":64,"56":25,"57":39,"58":39,"59":1,"60":1,"61":1,"62":0,"63":0,"64":0,"65":0,"66":0,"67":0,"68":0,"69":0,"70":2},"f":{"0":78,"1":41,"2":32,"3":0,"4":23,"5":5,"6":5,"7":1,"8":39,"9":1,"10":1,"11":1,"12":0,"13":0,"14":0,"15":0},"b":{"0":[78,46],"1":[46,32],"2":[32,32],"3":[27],"4":[0],"5":[0],"6":[0,5],"7":[2],"8":[1,0],"9":[4],"10":[1],"11":[10],"12":[25],"13":[2,37],"14":[39,2],"15":[39,39,39,39,39],"16":[39,36],"17":[0],"18":[39,39,0],"19":[3,36],"20":[39,39],"21":[39,0],"22":[39,1],"23":[1,38],"24":[6,33]}}
,"/Users/brandongarlock/projects/Fully-Compliant-Pipeline/ui/src/components/OrderStatusTimeline.tsx": {"path":"/Users/brandongarlock/projects/Fully-Compliant-Pipeline/ui/src/components/OrderStatusTimeline.tsx","statementMap":{"0":{"start":{"line":10,"column":71},"end":{"line":72,"column":1}},"1":{"start":{"line":14,"column":21},"end":{"line":22,"column":3}},"2":{"start":{"line":15,"column":4},"end":{"line":21,"column":7}},"3":{"start":{"line":24,"column":26},"end":{"line":26,"column":3}},"4":{"start":{"line":25,"column":4},"end":{"line":25,"column":64}},"5":{"start":{"line":29,"column":24},"end":{"line":30,"column":null}},"6":{"start":{"line":30,"column":4},"end":{"line":30,"column":69}},"7":{"start":{"line":33,"column":2},"end":{"line":71,"column":4}},"8":{"start":{"line":41,"column":12},"end":{"line":42,"column":null}}},"fnMap":{"0":{"name":"(anonymous_0)","decl":{"start":{"line":10,"column":71},"end":{"line":10,"column":72}},"loc":{"start":{"line":13,"column":5},"end":{"line":72,"column":1}}},"1":{"name":"(anonymous_1)","decl":{"start":{"line":14,"column":21},"end":{"line":14,"column":22}},"loc":{"start":{"line":14,"column":44},"end":{"line":22,"column":3}}},"2":{"name":"(anonymous_2)","decl":{"start":{"line":24,"column":26},"end":{"line":24,"column":27}},"loc":{"start":{"line":24,"column":45},"end":{"line":26,"column":3}}},"3":{"name":"(anonymous_3)","decl":{"start":{"line":29,"column":48},"end":{"line":29,"column":49}},"loc":{"start":{"line":30,"column":4},"end":{"line":30,"column":69}}},"4":{"name":"(anonymous_4)","decl":{"start":{"line":40,"column":29},"end":{"line":40,"column":30}},"loc":{"start":{"line":41,"column":12},"end":{"line":42,"column":null}}}},"branchMap":{"0":{"loc":{"start":{"line":36,"column":7},"end":{"line":68,"column":null}},"type":"cond-expr","locations":[{"start":{"line":37,"column":8},"end":{"line":37,"column":65}},{"start":{"line":39,"column":8},"end":{"line":67,"column":null}}]},"1":{"loc":{"start":{"line":43,"column":42},"end":{"line":43,"column":88}},"type":"cond-expr","locations":[{"start":{"line":43,"column":74},"end":{"line":43,"column":83}},{"start":{"line":43,"column":86},"end":{"line":43,"column":88}}]},"2":{"loc":{"start":{"line":44,"column":28},"end":{"line":44,"column":78}},"type":"cond-expr","locations":[{"start":{"line":44,"column":60},"end":{"line":44,"column":66}},{"start":{"line":44,"column":69},"end":{"line":44,"column":78}}]},"3":{"loc":{"start":{"line":45,"column":26},"end":{"line":45,"column":121}},"type":"cond-expr","locations":[{"start":{"line":45,"column":58},"end":{"line":45,"column":109}},{"start":{"line":45,"column":112},"end":{"line":45,"column":121}}]},"4":{"loc":{"start":{"line":48,"column":17},"end":{"line":48,"column":106}},"type":"binary-expr","locations":[{"start":{"line":48,"column":17},"end":{"line":48,"column":46}},{"start":{"line":48,"column":50},"end":{"line":48,"column":106}}]},"5":{"loc":{"start":{"line":55,"column":17},"end":{"line":58,"column":null}},"type":"binary-expr","locations":[{"start":{"line":55,"column":17},"end":{"line":55,"column":31}},{"start":{"line":56,"column":18},"end":{"line":57,"column":null}}]},"6":{"loc":{"start":{"line":60,"column":17},"end":{"line":63,"column":null}},"type":"binary-expr","locations":[{"start":{"line":60,"column":17},"end":{"line":60,"column":28}},{"start":{"line":61,"column":18},"end":{"line":62,"column":null}}]}},"s":{"0":0,"1":0,"2":0,"3":0,"4":0,"5":0,"6":0,"7":0,"8":0},"f":{"0":0,"1":0,"2":0,"3":0,"4":0},"b":{"0":[0,0],"1":[0,0],"2":[0,0],"3":[0,0],"4":[0,0],"5":[0,0],"6":[0,0]}}
,"/Users/brandongarlock/projects/Fully-Compliant-Pipeline/ui/src/components/OrderTrackingHeader.tsx": {"path":"/Users/brandongarlock/projects/Fully-Compliant-Pipeline/ui/src/components/OrderTrackingHeader.tsx","statementMap":{"0":{"start":{"line":3,"column":0},"end":{"line":3,"column":35}},"1":{"start":{"line":9,"column":71},"end":{"line":61,"column":1}},"2":{"start":{"line":10,"column":21},"end":{"line":19,"column":3}},"3":{"start":{"line":11,"column":4},"end":{"line":11,"column":44}},"4":{"start":{"line":11,"column":21},"end":{"line":11,"column":44}},"5":{"start":{"line":12,"column":4},"end":{"line":18,"column":7}},"6":{"start":{"line":21,"column":25},"end":{"line":27,"column":3}},"7":{"start":{"line":22,"column":24},"end":{"line":22,"column":44}},"8":{"start":{"line":23,"column":4},"end":{"line":23,"column":63}},"9":{"start":{"line":23,"column":37},"end":{"line":23,"column":63}},"10":{"start":{"line":24,"column":4},"end":{"line":24,"column":129}},"11":{"start":{"line":24,"column":105},"end":{"line":24,"column":129}},"12":{"start":{"line":25,"column":4},"end":{"line":25,"column":96}},"13":{"start":{"line":25,"column":69},"end":{"line":25,"column":96}},"14":{"start":{"line":26,"column":4},"end":{"line":26,"column":28}},"15":{"start":{"line":29,"column":2},"end":{"line":60,"column":4}},"16":{"start":{"line":9,"column":13},"end":{"line":9,"column":71}}},"fnMap":{"0":{"name":"(anonymous_0)","decl":{"start":{"line":9,"column":71},"end":{"line":9,"column":72}},"loc":{"start":{"line":9,"column":88},"end":{"line":61,"column":1}}},"1":{"name":"(anonymous_1)","decl":{"start":{"line":10,"column":21},"end":{"line":10,"column":22}},"loc":{"start":{"line":10,"column":45},"end":{"line":19,"column":3}}},"2":{"name":"(anonymous_2)","decl":{"start":{"line":21,"column":25},"end":{"line":21,"column":26}},"loc":{"start":{"line":21,"column":44},"end":{"line":27,"column":3}}}},"branchMap":{"0":{"loc":{"start":{"line":11,"column":4},"end":{"line":11,"column":44}},"type":"if","locations":[{"start":{"line":11,"column":4},"end":{"line":11,"column":44}}]},"1":{"loc":{"start":{"line":23,"column":4},"end":{"line":23,"column":63}},"type":"if","locations":[{"start":{"line":23,"column":4},"end":{"line":23,"column":63}}]},"2":{"loc":{"start":{"line":24,"column":4},"end":{"line":24,"column":129}},"type":"if","locations":[{"start":{"line":24,"column":4},"end":{"line":24,"column":129}}]},"3":{"loc":{"start":{"line":24,"column":8},"end":{"line":24,"column":103}},"type":"binary-expr","locations":[{"start":{"line":24,"column":8},"end":{"line":24,"column":33}},{"start":{"line":24,"column":37},"end":{"line":24,"column":65}},{"start":{"line":24,"column":69},"end":{"line":24,"column":103}}]},"4":{"loc":{"start":{"line":25,"column":4},"end":{"line":25,"column":96}},"type":"if","locations":[{"start":{"line":25,"column":4},"end":{"line":25,"column":96}}]},"5":{"loc":{"start":{"line":25,"column":8},"end":{"line":25,"column":67}},"type":"binary-expr","locations":[{"start":{"line":25,"column":8},"end":{"line":25,"column":36}},{"start":{"line":25,"column":40},"end":{"line":25,"column":67}}]},"6":{"loc":{"start":{"line":42,"column":9},"end":{"line":49,"column":null}},"type":"binary-expr","locations":[{"start":{"line":42,"column":9},"end":{"line":42,"column":32}},{"start":{"line":43,"column":10},"end":{"line":48,"column":null}}]},"7":{"loc":{"start":{"line":46,"column":13},"end":{"line":47,"column":null}},"type":"binary-expr","locations":[{"start":{"line":46,"column":13},"end":{"line":46,"column":33}},{"start":{"line":47,"column":14},"end":{"line":47,"column":78}}]},"8":{"loc":{"start":{"line":53,"column":7},"end":{"line":57,"column":null}},"type":"binary-expr","locations":[{"start":{"line":53,"column":7},"end":{"line":53,"column":37}},{"start":{"line":54,"column":8},"end":{"line":56,"column":null}}]}},"s":{"0":1,"1":1,"2":17,"3":15,"4":0,"5":15,"6":17,"7":17,"8":17,"9":1,"10":16,"11":14,"12":2,"13":1,"14":1,"15":17,"16":1},"f":{"0":17,"1":15,"2":17},"b":{"0":[0],"1":[1],"2":[14],"3":[16,4,3],"4":[1],"5":[2,1],"6":[17,16],"7":[16,15],"8":[17,15]}}
,"/Users/brandongarlock/projects/Fully-Compliant-Pipeline/ui/src/components/PointRedemptionForm.tsx": {"path":"/Users/brandongarlock/projects/Fully-Compliant-Pipeline/ui/src/components/PointRedemptionForm.tsx","statementMap":{"0":{"start":{"line":1,"column":0},"end":{"line":1,"column":51}},"1":{"start":{"line":3,"column":0},"end":{"line":3,"column":35}},"2":{"start":{"line":14,"column":71},"end":{"line":146,"column":1}},"3":{"start":{"line":19,"column":46},"end":{"line":19,"column":65}},"4":{"start":{"line":20,"column":46},"end":{"line":20,"column":65}},"5":{"start":{"line":21,"column":28},"end":{"line":21,"column":57}},"6":{"start":{"line":23,"column":25},"end":{"line":23,"column":28}},"7":{"start":{"line":24,"column":26},"end":{"line":24,"column":29}},"8":{"start":{"line":26,"column":2},"end":{"line":28,"column":23}},"9":{"start":{"line":27,"column":4},"end":{"line":27,"column":24}},"10":{"start":{"line":30,"column":28},"end":{"line":44,"column":3}},"11":{"start":{"line":31,"column":4},"end":{"line":43,"column":5}},"12":{"start":{"line":32,"column":31},"end":{"line":32,"column":63}},"13":{"start":{"line":35,"column":6},"end":{"line":38,"column":7}},"14":{"start":{"line":36,"column":28},"end":{"line":36,"column":44}},"15":{"start":{"line":37,"column":8},"end":{"line":37,"column":71}},"16":{"start":{"line":40,"column":6},"end":{"line":40,"column":44}},"17":{"start":{"line":42,"column":6},"end":{"line":42,"column":27}},"18":{"start":{"line":46,"column":23},"end":{"line":68,"column":3}},"19":{"start":{"line":47,"column":4},"end":{"line":50,"column":5}},"20":{"start":{"line":48,"column":6},"end":{"line":48,"column":65}},"21":{"start":{"line":49,"column":6},"end":{"line":49,"column":13}},"22":{"start":{"line":52,"column":4},"end":{"line":55,"column":5}},"23":{"start":{"line":53,"column":6},"end":{"line":53,"column":38}},"24":{"start":{"line":54,"column":6},"end":{"line":54,"column":13}},"25":{"start":{"line":59,"column":4},"end":{"line":67,"column":5}},"26":{"start":{"line":60,"column":49},"end":{"line":65,"column":8}},"27":{"start":{"line":66,"column":6},"end":{"line":66,"column":40}},"28":{"start":{"line":70,"column":28},"end":{"line":74,"column":3}},"29":{"start":{"line":71,"column":4},"end":{"line":73,"column":5}},"30":{"start":{"line":72,"column":6},"end":{"line":72,"column":32}},"31":{"start":{"line":76,"column":2},"end":{"line":145,"column":4}},"32":{"start":{"line":91,"column":27},"end":{"line":91,"column":75}},"33":{"start":{"line":112,"column":25},"end":{"line":112,"column":47}},"34":{"start":{"line":120,"column":25},"end":{"line":120,"column":48}},"35":{"start":{"line":128,"column":25},"end":{"line":128,"column":108}},"36":{"start":{"line":14,"column":13},"end":{"line":14,"column":71}}},"fnMap":{"0":{"name":"(anonymous_0)","decl":{"start":{"line":14,"column":71},"end":{"line":14,"column":72}},"loc":{"start":{"line":18,"column":5},"end":{"line":146,"column":1}}},"1":{"name":"(anonymous_1)","decl":{"start":{"line":26,"column":12},"end":{"line":26,"column":15}},"loc":{"start":{"line":26,"column":17},"end":{"line":28,"column":3}}},"2":{"name":"(anonymous_2)","decl":{"start":{"line":30,"column":28},"end":{"line":30,"column":31}},"loc":{"start":{"line":30,"column":33},"end":{"line":44,"column":3}}},"3":{"name":"(anonymous_3)","decl":{"start":{"line":46,"column":23},"end":{"line":46,"column":26}},"loc":{"start":{"line":46,"column":28},"end":{"line":68,"column":3}}},"4":{"name":"(anonymous_4)","decl":{"start":{"line":70,"column":28},"end":{"line":70,"column":29}},"loc":{"start":{"line":70,"column":47},"end":{"line":74,"column":3}}},"5":{"name":"(anonymous_5)","decl":{"start":{"line":91,"column":20},"end":{"line":91,"column":21}},"loc":{"start":{"line":91,"column":27},"end":{"line":91,"column":75}}},"6":{"name":"(anonymous_6)","decl":{"start":{"line":112,"column":19},"end":{"line":112,"column":22}},"loc":{"start":{"line":112,"column":25},"end":{"line":112,"column":47}}},"7":{"name":"(anonymous_7)","decl":{"start":{"line":120,"column":19},"end":{"line":120,"column":22}},"loc":{"start":{"line":120,"column":25},"end":{"line":120,"column":48}}},"8":{"name":"(anonymous_8)","decl":{"start":{"line":128,"column":19},"end":{"line":128,"column":22}},"loc":{"start":{"line":128,"column":25},"end":{"line":128,"column":108}}}},"branchMap":{"0":{"loc":{"start":{"line":31,"column":4},"end":{"line":43,"column":5}},"type":"if","locations":[{"start":{"line":31,"column":4},"end":{"line":43,"column":5}},{"start":{"line":41,"column":11},"end":{"line":43,"column":5}}]},"1":{"loc":{"start":{"line":31,"column":8},"end":{"line":31,"column":76}},"type":"binary-expr","locations":[{"start":{"line":31,"column":8},"end":{"line":31,"column":40}},{"start":{"line":31,"column":44},"end":{"line":31,"column":76}}]},"2":{"loc":{"start":{"line":35,"column":6},"end":{"line":38,"column":7}},"type":"if","locations":[{"start":{"line":35,"column":6},"end":{"line":38,"column":7}}]},"3":{"loc":{"start":{"line":47,"column":4},"end":{"line":50,"column":5}},"type":"if","locations":[{"start":{"line":47,"column":4},"end":{"line":50,"column":5}}]},"4":{"loc":{"start":{"line":52,"column":4},"end":{"line":55,"column":5}},"type":"if","locations":[{"start":{"line":52,"column":4},"end":{"line":55,"column":5}}]},"5":{"loc":{"start":{"line":59,"column":4},"end":{"line":67,"column":5}},"type":"if","locations":[{"start":{"line":59,"column":4},"end":{"line":67,"column":5}}]},"6":{"loc":{"start":{"line":71,"column":4},"end":{"line":73,"column":5}},"type":"if","locations":[{"start":{"line":71,"column":4},"end":{"line":73,"column":5}}]},"7":{"loc":{"start":{"line":71,"column":8},"end":{"line":71,"column":60}},"type":"binary-expr","locations":[{"start":{"line":71,"column":8},"end":{"line":71,"column":32}},{"start":{"line":71,"column":36},"end":{"line":71,"column":60}}]},"8":{"loc":{"start":{"line":90,"column":17},"end":{"line":90,"column":37}},"type":"binary-expr","locations":[{"start":{"line":90,"column":17},"end":{"line":90,"column":31}},{"start":{"line":90,"column":35},"end":{"line":90,"column":37}}]},"9":{"loc":{"start":{"line":91,"column":45},"end":{"line":91,"column":74}},"type":"binary-expr","locations":[{"start":{"line":91,"column":45},"end":{"line":91,"column":69}},{"start":{"line":91,"column":73},"end":{"line":91,"column":74}}]},"10":{"loc":{"start":{"line":93,"column":28},"end":{"line":93,"column":62}},"type":"cond-expr","locations":[{"start":{"line":93,"column":36},"end":{"line":93,"column":50}},{"start":{"line":93,"column":53},"end":{"line":93,"column":62}}]},"11":{"loc":{"start":{"line":97,"column":7},"end":{"line":100,"column":null}},"type":"binary-expr","locations":[{"start":{"line":97,"column":7},"end":{"line":97,"column":25}},{"start":{"line":98,"column":8},"end":{"line":99,"column":null}}]},"12":{"loc":{"start":{"line":103,"column":7},"end":{"line":106,"column":null}},"type":"binary-expr","locations":[{"start":{"line":103,"column":7},"end":{"line":103,"column":12}},{"start":{"line":104,"column":8},"end":{"line":105,"column":null}}]},"13":{"loc":{"start":{"line":139,"column":18},"end":{"line":139,"column":84}},"type":"binary-expr","locations":[{"start":{"line":139,"column":18},"end":{"line":139,"column":49}},{"start":{"line":139,"column":53},"end":{"line":139,"column":84}}]}},"s":{"0":2,"1":2,"2":2,"3":0,"4":0,"5":0,"6":0,"7":0,"8":0,"9":0,"10":0,"11":0,"12":0,"13":0,"14":0,"15":0,"16":0,"17":0,"18":0,"19":0,"20":0,"21":0,"22":0,"23":0,"24":0,"25":0,"26":0,"27":0,"28":0,"29":0,"30":0,"31":0,"32":0,"33":0,"34":0,"35":0,"36":2},"f":{"0":0,"1":0,"2":0,"3":0,"4":0,"5":0,"6":0,"7":0,"8":0},"b":{"0":[0,0],"1":[0,0],"2":[0],"3":[0],"4":[0],"5":[0],"6":[0],"7":[0,0],"8":[0,0],"9":[0,0],"10":[0,0],"11":[0,0],"12":[0,0],"13":[0,0]}}
,"/Users/brandongarlock/projects/Fully-Compliant-Pipeline/ui/src/components/ProductForm.tsx": {"path":"/Users/brandongarlock/projects/Fully-Compliant-Pipeline/ui/src/components/ProductForm.tsx","statementMap":{"0":{"start":{"line":1,"column":0},"end":{"line":1,"column":40}},"1":{"start":{"line":2,"column":0},"end":{"line":2,"column":54}},"2":{"start":{"line":3,"column":0},"end":{"line":3,"column":60}},"3":{"start":{"line":5,"column":0},"end":{"line":5,"column":27}},"4":{"start":{"line":7,"column":37},"end":{"line":165,"column":1}},"5":{"start":{"line":8,"column":36},"end":{"line":8,"column":51}},"6":{"start":{"line":9,"column":34},"end":{"line":15,"column":4}},"7":{"start":{"line":16,"column":32},"end":{"line":16,"column":47}},"8":{"start":{"line":17,"column":28},"end":{"line":17,"column":57}},"9":{"start":{"line":18,"column":32},"end":{"line":18,"column":47}},"10":{"start":{"line":20,"column":23},"end":{"line":59,"column":3}},"11":{"start":{"line":21,"column":4},"end":{"line":21,"column":23}},"12":{"start":{"line":22,"column":4},"end":{"line":22,"column":19}},"13":{"start":{"line":23,"column":4},"end":{"line":23,"column":22}},"14":{"start":{"line":24,"column":4},"end":{"line":24,"column":21}},"15":{"start":{"line":26,"column":4},"end":{"line":58,"column":5}},"16":{"start":{"line":28,"column":6},"end":{"line":30,"column":7}},"17":{"start":{"line":29,"column":8},"end":{"line":29,"column":52}},"18":{"start":{"line":31,"column":6},"end":{"line":33,"column":7}},"19":{"start":{"line":32,"column":8},"end":{"line":32,"column":51}},"20":{"start":{"line":34,"column":6},"end":{"line":36,"column":7}},"21":{"start":{"line":35,"column":8},"end":{"line":35,"column":56}},"22":{"start":{"line":37,"column":6},"end":{"line":39,"column":7}},"23":{"start":{"line":38,"column":8},"end":{"line":38,"column":55}},"24":{"start":{"line":40,"column":6},"end":{"line":42,"column":7}},"25":{"start":{"line":41,"column":8},"end":{"line":41,"column":48}},"26":{"start":{"line":44,"column":25},"end":{"line":44,"column":69}},"27":{"start":{"line":45,"column":6},"end":{"line":45,"column":45}},"28":{"start":{"line":46,"column":6},"end":{"line":46,"column":23}},"29":{"start":{"line":47,"column":6},"end":{"line":53,"column":9}},"30":{"start":{"line":55,"column":6},"end":{"line":55,"column":80}},"31":{"start":{"line":57,"column":6},"end":{"line":57,"column":24}},"32":{"start":{"line":61,"column":23},"end":{"line":67,"column":3}},"33":{"start":{"line":62,"column":28},"end":{"line":62,"column":36}},"34":{"start":{"line":63,"column":4},"end":{"line":66,"column":8}},"35":{"start":{"line":63,"column":27},"end":{"line":66,"column":6}},"36":{"start":{"line":69,"column":2},"end":{"line":164,"column":4}},"37":{"start":{"line":7,"column":13},"end":{"line":7,"column":37}}},"fnMap":{"0":{"name":"(anonymous_0)","decl":{"start":{"line":7,"column":37},"end":{"line":7,"column":40}},"loc":{"start":{"line":7,"column":42},"end":{"line":165,"column":1}}},"1":{"name":"(anonymous_1)","decl":{"start":{"line":20,"column":23},"end":{"line":20,"column":28}},"loc":{"start":{"line":20,"column":52},"end":{"line":59,"column":3}}},"2":{"name":"(anonymous_2)","decl":{"start":{"line":61,"column":23},"end":{"line":61,"column":24}},"loc":{"start":{"line":61,"column":88},"end":{"line":67,"column":3}}},"3":{"name":"(anonymous_3)","decl":{"start":{"line":63,"column":16},"end":{"line":63,"column":17}},"loc":{"start":{"line":63,"column":27},"end":{"line":66,"column":6}}}},"branchMap":{"0":{"loc":{"start":{"line":28,"column":6},"end":{"line":30,"column":7}},"type":"if","locations":[{"start":{"line":28,"column":6},"end":{"line":30,"column":7}}]},"1":{"loc":{"start":{"line":31,"column":6},"end":{"line":33,"column":7}},"type":"if","locations":[{"start":{"line":31,"column":6},"end":{"line":33,"column":7}}]},"2":{"loc":{"start":{"line":34,"column":6},"end":{"line":36,"column":7}},"type":"if","locations":[{"start":{"line":34,"column":6},"end":{"line":36,"column":7}}]},"3":{"loc":{"start":{"line":37,"column":6},"end":{"line":39,"column":7}},"type":"if","locations":[{"start":{"line":37,"column":6},"end":{"line":39,"column":7}}]},"4":{"loc":{"start":{"line":40,"column":6},"end":{"line":42,"column":7}},"type":"if","locations":[{"start":{"line":40,"column":6},"end":{"line":42,"column":7}}]},"5":{"loc":{"start":{"line":55,"column":15},"end":{"line":55,"column":78}},"type":"cond-expr","locations":[{"start":{"line":55,"column":38},"end":{"line":55,"column":49}},{"start":{"line":55,"column":52},"end":{"line":55,"column":78}}]},"6":{"loc":{"start":{"line":65,"column":14},"end":{"line":65,"column":86}},"type":"cond-expr","locations":[{"start":{"line":65,"column":56},"end":{"line":65,"column":78}},{"start":{"line":65,"column":81},"end":{"line":65,"column":86}}]},"7":{"loc":{"start":{"line":65,"column":14},"end":{"line":65,"column":53}},"type":"binary-expr","locations":[{"start":{"line":65,"column":14},"end":{"line":65,"column":30}},{"start":{"line":65,"column":34},"end":{"line":65,"column":53}}]},"8":{"loc":{"start":{"line":65,"column":56},"end":{"line":65,"column":78}},"type":"binary-expr","locations":[{"start":{"line":65,"column":56},"end":{"line":65,"column":73}},{"start":{"line":65,"column":77},"end":{"line":65,"column":78}}]},"9":{"loc":{"start":{"line":83,"column":30},"end":{"line":83,"column":119}},"type":"cond-expr","locations":[{"start":{"line":83,"column":92},"end":{"line":83,"column":107}},{"start":{"line":83,"column":110},"end":{"line":83,"column":119}}]},"10":{"loc":{"start":{"line":83,"column":30},"end":{"line":83,"column":89}},"type":"binary-expr","locations":[{"start":{"line":83,"column":30},"end":{"line":83,"column":35}},{"start":{"line":83,"column":40},"end":{"line":83,"column":62}},{"start":{"line":83,"column":66},"end":{"line":83,"column":88}}]},"11":{"loc":{"start":{"line":97,"column":30},"end":{"line":97,"column":98}},"type":"cond-expr","locations":[{"start":{"line":97,"column":71},"end":{"line":97,"column":86}},{"start":{"line":97,"column":89},"end":{"line":97,"column":98}}]},"12":{"loc":{"start":{"line":97,"column":30},"end":{"line":97,"column":68}},"type":"binary-expr","locations":[{"start":{"line":97,"column":30},"end":{"line":97,"column":35}},{"start":{"line":97,"column":39},"end":{"line":97,"column":68}}]},"13":{"loc":{"start":{"line":114,"column":32},"end":{"line":114,"column":94}},"type":"cond-expr","locations":[{"start":{"line":114,"column":67},"end":{"line":114,"column":82}},{"start":{"line":114,"column":85},"end":{"line":114,"column":94}}]},"14":{"loc":{"start":{"line":114,"column":32},"end":{"line":114,"column":64}},"type":"binary-expr","locations":[{"start":{"line":114,"column":32},"end":{"line":114,"column":37}},{"start":{"line":114,"column":41},"end":{"line":114,"column":64}}]},"15":{"loc":{"start":{"line":129,"column":32},"end":{"line":129,"column":97}},"type":"cond-expr","locations":[{"start":{"line":129,"column":70},"end":{"line":129,"column":85}},{"start":{"line":129,"column":88},"end":{"line":129,"column":97}}]},"16":{"loc":{"start":{"line":129,"column":32},"end":{"line":129,"column":67}},"type":"binary-expr","locations":[{"start":{"line":129,"column":32},"end":{"line":129,"column":37}},{"start":{"line":129,"column":41},"end":{"line":129,"column":67}}]},"17":{"loc":{"start":{"line":144,"column":30},"end":{"line":144,"column":95}},"type":"cond-expr","locations":[{"start":{"line":144,"column":68},"end":{"line":144,"column":83}},{"start":{"line":144,"column":86},"end":{"line":144,"column":95}}]},"18":{"loc":{"start":{"line":144,"column":30},"end":{"line":144,"column":65}},"type":"binary-expr","locations":[{"start":{"line":144,"column":30},"end":{"line":144,"column":35}},{"start":{"line":144,"column":39},"end":{"line":144,"column":65}}]},"19":{"loc":{"start":{"line":148,"column":9},"end":{"line":151,"column":null}},"type":"binary-expr","locations":[{"start":{"line":148,"column":9},"end":{"line":148,"column":14}},{"start":{"line":149,"column":10},"end":{"line":150,"column":null}}]},"20":{"loc":{"start":{"line":153,"column":9},"end":{"line":156,"column":null}},"type":"binary-expr","locations":[{"start":{"line":153,"column":9},"end":{"line":153,"column":16}},{"start":{"line":154,"column":10},"end":{"line":154,"column":null}}]},"21":{"loc":{"start":{"line":160,"column":11},"end":{"line":160,"column":53}},"type":"cond-expr","locations":[{"start":{"line":160,"column":21},"end":{"line":160,"column":34}},{"start":{"line":160,"column":37},"end":{"line":160,"column":53}}]}},"s":{"0":2,"1":2,"2":2,"3":2,"4":2,"5":111,"6":111,"7":111,"8":111,"9":111,"10":111,"11":11,"12":11,"13":11,"14":11,"15":11,"16":11,"17":1,"18":10,"19":1,"20":9,"21":1,"22":8,"23":1,"24":7,"25":1,"26":6,"27":4,"28":4,"29":4,"30":6,"31":10,"32":111,"33":59,"34":59,"35":59,"36":111,"37":2},"f":{"0":111,"1":11,"2":59,"3":59},"b":{"0":[1],"1":[1],"2":[1],"3":[1],"4":[1],"5":[6,0],"6":[25,34],"7":[59,47],"8":[25,2],"9":[1,110],"10":[111,6,5],"11":[1,110],"12":[111,6],"13":[1,110],"14":[111,6],"15":[1,110],"16":[111,6],"17":[1,110],"18":[111,6],"19":[111,6],"20":[111,5],"21":[7,104]}}
,"/Users/brandongarlock/projects/Fully-Compliant-Pipeline/ui/src/components/ProductList.tsx": {"path":"/Users/brandongarlock/projects/Fully-Compliant-Pipeline/ui/src/components/ProductList.tsx","statementMap":{"0":{"start":{"line":1,"column":0},"end":{"line":1,"column":51}},"1":{"start":{"line":2,"column":0},"end":{"line":2,"column":54}},"2":{"start":{"line":3,"column":0},"end":{"line":3,"column":60}},"3":{"start":{"line":5,"column":0},"end":{"line":5,"column":66}},"4":{"start":{"line":6,"column":0},"end":{"line":6,"column":50}},"5":{"start":{"line":7,"column":0},"end":{"line":7,"column":27}},"6":{"start":{"line":14,"column":55},"end":{"line":105,"column":1}},"7":{"start":{"line":18,"column":63},"end":{"line":18,"column":78}},"8":{"start":{"line":19,"column":32},"end":{"line":19,"column":47}},"9":{"start":{"line":20,"column":28},"end":{"line":20,"column":57}},"10":{"start":{"line":22,"column":2},"end":{"line":24,"column":9}},"11":{"start":{"line":23,"column":4},"end":{"line":23,"column":19}},"12":{"start":{"line":26,"column":23},"end":{"line":37,"column":3}},"13":{"start":{"line":27,"column":4},"end":{"line":27,"column":21}},"14":{"start":{"line":28,"column":4},"end":{"line":28,"column":19}},"15":{"start":{"line":29,"column":4},"end":{"line":36,"column":5}},"16":{"start":{"line":30,"column":30},"end":{"line":30,"column":67}},"17":{"start":{"line":31,"column":6},"end":{"line":31,"column":35}},"18":{"start":{"line":33,"column":6},"end":{"line":33,"column":79}},"19":{"start":{"line":35,"column":6},"end":{"line":35,"column":24}},"20":{"start":{"line":39,"column":26},"end":{"line":45,"column":3}},"21":{"start":{"line":40,"column":4},"end":{"line":44,"column":5}},"22":{"start":{"line":41,"column":6},"end":{"line":41,"column":27}},"23":{"start":{"line":43,"column":6},"end":{"line":43,"column":28}},"24":{"start":{"line":47,"column":2},"end":{"line":53,"column":3}},"25":{"start":{"line":48,"column":4},"end":{"line":52,"column":6}},"26":{"start":{"line":55,"column":2},"end":{"line":64,"column":3}},"27":{"start":{"line":56,"column":4},"end":{"line":63,"column":6}},"28":{"start":{"line":66,"column":2},"end":{"line":68,"column":3}},"29":{"start":{"line":67,"column":4},"end":{"line":67,"column":96}},"30":{"start":{"line":70,"column":2},"end":{"line":104,"column":4}},"31":{"start":{"line":75,"column":10},"end":{"line":75,"column":32}},"32":{"start":{"line":93,"column":31},"end":{"line":93,"column":55}},"33":{"start":{"line":14,"column":13},"end":{"line":14,"column":55}}},"fnMap":{"0":{"name":"(anonymous_0)","decl":{"start":{"line":14,"column":55},"end":{"line":14,"column":56}},"loc":{"start":{"line":17,"column":5},"end":{"line":105,"column":1}}},"1":{"name":"(anonymous_1)","decl":{"start":{"line":22,"column":12},"end":{"line":22,"column":15}},"loc":{"start":{"line":22,"column":17},"end":{"line":24,"column":3}}},"2":{"name":"(anonymous_2)","decl":{"start":{"line":26,"column":23},"end":{"line":26,"column":28}},"loc":{"start":{"line":26,"column":34},"end":{"line":37,"column":3}}},"3":{"name":"(anonymous_3)","decl":{"start":{"line":39,"column":26},"end":{"line":39,"column":27}},"loc":{"start":{"line":39,"column":47},"end":{"line":45,"column":3}}},"4":{"name":"(anonymous_4)","decl":{"start":{"line":74,"column":22},"end":{"line":74,"column":23}},"loc":{"start":{"line":75,"column":10},"end":{"line":75,"column":32}}},"5":{"name":"(anonymous_5)","decl":{"start":{"line":93,"column":25},"end":{"line":93,"column":28}},"loc":{"start":{"line":93,"column":31},"end":{"line":93,"column":55}}}},"branchMap":{"0":{"loc":{"start":{"line":16,"column":2},"end":{"line":16,"column":20}},"type":"default-arg","locations":[{"start":{"line":16,"column":16},"end":{"line":16,"column":20}}]},"1":{"loc":{"start":{"line":33,"column":15},"end":{"line":33,"column":77}},"type":"cond-expr","locations":[{"start":{"line":33,"column":38},"end":{"line":33,"column":49}},{"start":{"line":33,"column":52},"end":{"line":33,"column":77}}]},"2":{"loc":{"start":{"line":40,"column":4},"end":{"line":44,"column":5}},"type":"if","locations":[{"start":{"line":40,"column":4},"end":{"line":44,"column":5}},{"start":{"line":42,"column":11},"end":{"line":44,"column":5}}]},"3":{"loc":{"start":{"line":47,"column":2},"end":{"line":53,"column":3}},"type":"if","locations":[{"start":{"line":47,"column":2},"end":{"line":53,"column":3}}]},"4":{"loc":{"start":{"line":55,"column":2},"end":{"line":64,"column":3}},"type":"if","locations":[{"start":{"line":55,"column":2},"end":{"line":64,"column":3}}]},"5":{"loc":{"start":{"line":66,"column":2},"end":{"line":68,"column":3}},"type":"if","locations":[{"start":{"line":66,"column":2},"end":{"line":68,"column":3}}]},"6":{"loc":{"start":{"line":78,"column":15},"end":{"line":78,"column":66}},"type":"binary-expr","locations":[{"start":{"line":78,"column":15},"end":{"line":78,"column":26}},{"start":{"line":78,"column":30},"end":{"line":78,"column":66}}]},"7":{"loc":{"start":{"line":87,"column":36},"end":{"line":87,"column":63}},"type":"binary-expr","locations":[{"start":{"line":87,"column":36},"end":{"line":87,"column":50}},{"start":{"line":87,"column":54},"end":{"line":87,"column":63}}]},"8":{"loc":{"start":{"line":91,"column":13},"end":{"line":98,"column":null}},"type":"binary-expr","locations":[{"start":{"line":91,"column":13},"end":{"line":91,"column":24}},{"start":{"line":92,"column":14},"end":{"line":95,"column":null}}]}},"s":{"0":2,"1":2,"2":2,"3":2,"4":2,"5":2,"6":2,"7":52,"8":52,"9":52,"10":52,"11":18,"12":52,"13":18,"14":18,"15":18,"16":18,"17":16,"18":1,"19":17,"20":52,"21":0,"22":0,"23":0,"24":52,"25":27,"26":25,"27":1,"28":24,"29":19,"30":5,"31":8,"32":0,"33":2},"f":{"0":52,"1":18,"2":18,"3":0,"4":8,"5":0},"b":{"0":[52],"1":[1,0],"2":[0,0],"3":[27],"4":[1],"5":[19],"6":[8,8],"7":[8,1],"8":[8,8]}}
,"/Users/brandongarlock/projects/Fully-Compliant-Pipeline/ui/src/components/ProductShippingPreview.tsx": {"path":"/Users/brandongarlock/projects/Fully-Compliant-Pipeline/ui/src/components/ProductShippingPreview.tsx","statementMap":{"0":{"start":{"line":1,"column":0},"end":{"line":1,"column":60}},"1":{"start":{"line":2,"column":0},"end":{"line":2,"column":89}},"2":{"start":{"line":4,"column":0},"end":{"line":4,"column":50}},"3":{"start":{"line":5,"column":0},"end":{"line":5,"column":38}},"4":{"start":{"line":12,"column":13},"end":{"line":148,"column":3}},"5":{"start":{"line":16,"column":42},"end":{"line":16,"column":85}},"6":{"start":{"line":17,"column":32},"end":{"line":17,"column":46}},"7":{"start":{"line":18,"column":28},"end":{"line":18,"column":57}},"8":{"start":{"line":21,"column":23},"end":{"line":21,"column":68}},"9":{"start":{"line":21,"column":37},"end":{"line":21,"column":50}},"10":{"start":{"line":22,"column":22},"end":{"line":22,"column":66}},"11":{"start":{"line":22,"column":36},"end":{"line":22,"column":55}},"12":{"start":{"line":24,"column":2},"end":{"line":72,"column":34}},"13":{"start":{"line":25,"column":20},"end":{"line":25,"column":24}},"14":{"start":{"line":26,"column":43},"end":{"line":26,"column":47}},"15":{"start":{"line":28,"column":30},"end":{"line":59,"column":5}},"16":{"start":{"line":29,"column":6},"end":{"line":29,"column":23}},"17":{"start":{"line":30,"column":6},"end":{"line":30,"column":21}},"18":{"start":{"line":32,"column":6},"end":{"line":58,"column":7}},"19":{"start":{"line":34,"column":21},"end":{"line":36,"column":null}},"20":{"start":{"line":39,"column":8},"end":{"line":42,"column":9}},"21":{"start":{"line":40,"column":10},"end":{"line":40,"column":32}},"22":{"start":{"line":41,"column":10},"end":{"line":41,"column":28}},"23":{"start":{"line":44,"column":8},"end":{"line":57,"column":9}},"24":{"start":{"line":45,"column":10},"end":{"line":45,"column":88}},"25":{"start":{"line":46,"column":10},"end":{"line":46,"column":28}},"26":{"start":{"line":48,"column":10},"end":{"line":56,"column":13}},"27":{"start":{"line":62,"column":4},"end":{"line":64,"column":12}},"28":{"start":{"line":63,"column":6},"end":{"line":63,"column":26}},"29":{"start":{"line":66,"column":4},"end":{"line":71,"column":6}},"30":{"start":{"line":67,"column":6},"end":{"line":67,"column":24}},"31":{"start":{"line":68,"column":6},"end":{"line":70,"column":7}},"32":{"start":{"line":69,"column":8},"end":{"line":69,"column":32}},"33":{"start":{"line":75,"column":2},"end":{"line":81,"column":3}},"34":{"start":{"line":76,"column":4},"end":{"line":80,"column":6}},"35":{"start":{"line":84,"column":2},"end":{"line":90,"column":3}},"36":{"start":{"line":85,"column":4},"end":{"line":89,"column":6}},"37":{"start":{"line":92,"column":2},"end":{"line":94,"column":3}},"38":{"start":{"line":93,"column":4},"end":{"line":93,"column":16}},"39":{"start":{"line":101,"column":6},"end":{"line":101,"column":18}},"40":{"start":{"line":103,"column":2},"end":{"line":139,"column":4}},"41":{"start":{"line":143,"column":2},"end":{"line":147,"column":4}}},"fnMap":{"0":{"name":"(anonymous_9)","decl":{"start":{"line":12,"column":88},"end":{"line":12,"column":89}},"loc":{"start":{"line":15,"column":5},"end":{"line":140,"column":1}}},"1":{"name":"(anonymous_10)","decl":{"start":{"line":21,"column":31},"end":{"line":21,"column":34}},"loc":{"start":{"line":21,"column":37},"end":{"line":21,"column":50}}},"2":{"name":"(anonymous_11)","decl":{"start":{"line":22,"column":30},"end":{"line":22,"column":33}},"loc":{"start":{"line":22,"column":36},"end":{"line":22,"column":55}}},"3":{"name":"(anonymous_12)","decl":{"start":{"line":24,"column":12},"end":{"line":24,"column":15}},"loc":{"start":{"line":24,"column":17},"end":{"line":72,"column":3}}},"4":{"name":"(anonymous_13)","decl":{"start":{"line":28,"column":30},"end":{"line":28,"column":35}},"loc":{"start":{"line":28,"column":41},"end":{"line":59,"column":5}}},"5":{"name":"(anonymous_14)","decl":{"start":{"line":62,"column":27},"end":{"line":62,"column":30}},"loc":{"start":{"line":62,"column":32},"end":{"line":64,"column":5}}},"6":{"name":"(anonymous_15)","decl":{"start":{"line":66,"column":11},"end":{"line":66,"column":14}},"loc":{"start":{"line":66,"column":16},"end":{"line":71,"column":5}}},"7":{"name":"(anonymous_16)","decl":{"start":{"line":140,"column":3},"end":{"line":140,"column":4}},"loc":{"start":{"line":140,"column":28},"end":{"line":148,"column":1}}}},"branchMap":{"0":{"loc":{"start":{"line":22,"column":36},"end":{"line":22,"column":55}},"type":"binary-expr","locations":[{"start":{"line":22,"column":36},"end":{"line":22,"column":42}},{"start":{"line":22,"column":46},"end":{"line":22,"column":55}}]},"1":{"loc":{"start":{"line":39,"column":8},"end":{"line":42,"column":9}},"type":"if","locations":[{"start":{"line":39,"column":8},"end":{"line":42,"column":9}}]},"2":{"loc":{"start":{"line":44,"column":8},"end":{"line":57,"column":9}},"type":"if","locations":[{"start":{"line":44,"column":8},"end":{"line":57,"column":9}}]},"3":{"loc":{"start":{"line":45,"column":19},"end":{"line":45,"column":86}},"type":"cond-expr","locations":[{"start":{"line":45,"column":42},"end":{"line":45,"column":53}},{"start":{"line":45,"column":56},"end":{"line":45,"column":86}}]},"4":{"loc":{"start":{"line":49,"column":20},"end":{"line":49,"column":39}},"type":"binary-expr","locations":[{"start":{"line":49,"column":20},"end":{"line":49,"column":31}},{"start":{"line":49,"column":35},"end":{"line":49,"column":39}}]},"5":{"loc":{"start":{"line":51,"column":26},"end":{"line":51,"column":55}},"type":"cond-expr","locations":[{"start":{"line":51,"column":47},"end":{"line":51,"column":48}},{"start":{"line":51,"column":51},"end":{"line":51,"column":55}}]},"6":{"loc":{"start":{"line":68,"column":6},"end":{"line":70,"column":7}},"type":"if","locations":[{"start":{"line":68,"column":6},"end":{"line":70,"column":7}}]},"7":{"loc":{"start":{"line":75,"column":2},"end":{"line":81,"column":3}},"type":"if","locations":[{"start":{"line":75,"column":2},"end":{"line":81,"column":3}}]},"8":{"loc":{"start":{"line":75,"column":6},"end":{"line":75,"column":30}},"type":"binary-expr","locations":[{"start":{"line":75,"column":6},"end":{"line":75,"column":13}},{"start":{"line":75,"column":17},"end":{"line":75,"column":30}}]},"9":{"loc":{"start":{"line":84,"column":2},"end":{"line":90,"column":3}},"type":"if","locations":[{"start":{"line":84,"column":2},"end":{"line":90,"column":3}}]},"10":{"loc":{"start":{"line":84,"column":6},"end":{"line":84,"column":28}},"type":"binary-expr","locations":[{"start":{"line":84,"column":6},"end":{"line":84,"column":11}},{"start":{"line":84,"column":15},"end":{"line":84,"column":28}}]},"11":{"loc":{"start":{"line":92,"column":2},"end":{"line":94,"column":3}},"type":"if","locations":[{"start":{"line":92,"column":2},"end":{"line":94,"column":3}}]},"12":{"loc":{"start":{"line":109,"column":47},"end":{"line":109,"column":94}},"type":"cond-expr","locations":[{"start":{"line":109,"column":74},"end":{"line":109,"column":89}},{"start":{"line":109,"column":92},"end":{"line":109,"column":94}}]},"13":{"loc":{"start":{"line":112,"column":11},"end":{"line":118,"column":null}},"type":"cond-expr","locations":[{"start":{"line":113,"column":12},"end":{"line":115,"column":null}},{"start":{"line":118,"column":12},"end":{"line":118,"column":41}}]},"14":{"loc":{"start":{"line":123,"column":7},"end":{"line":130,"column":null}},"type":"binary-expr","locations":[{"start":{"line":123,"column":7},"end":{"line":123,"column":32}},{"start":{"line":124,"column":8},"end":{"line":129,"column":null}}]},"15":{"loc":{"start":{"line":133,"column":7},"end":{"line":136,"column":null}},"type":"binary-expr","locations":[{"start":{"line":133,"column":7},"end":{"line":133,"column":31}},{"start":{"line":134,"column":8},"end":{"line":134,"column":null}}]},"16":{"loc":{"start":{"line":144,"column":4},"end":{"line":146,"column":41}},"type":"binary-expr","locations":[{"start":{"line":144,"column":4},"end":{"line":144,"column":55}},{"start":{"line":145,"column":4},"end":{"line":145,"column":49}},{"start":{"line":146,"column":4},"end":{"line":146,"column":41}}]}},"s":{"0":3,"1":3,"2":3,"3":3,"4":3,"5":34,"6":34,"7":34,"8":34,"9":19,"10":34,"11":19,"12":34,"13":20,"14":20,"15":20,"16":14,"17":14,"18":14,"19":14,"20":13,"21":13,"22":13,"23":1,"24":1,"25":1,"26":1,"27":20,"28":14,"29":20,"30":20,"31":20,"32":20,"33":34,"34":18,"35":16,"36":0,"37":16,"38":2,"39":14,"40":14,"41":4},"f":{"0":34,"1":19,"2":19,"3":20,"4":14,"5":14,"6":20,"7":4},"b":{"0":[19,2],"1":[13],"2":[1],"3":[1,0],"4":[1,0],"5":[0,1],"6":[20],"7":[18],"8":[34,18],"9":[0],"10":[16,1],"11":[2],"12":[4,10],"13":[4,10],"14":[14,10],"15":[14,4],"16":[4,3,3]}}
[...]
,"/Users/brandongarlock/projects/Fully-Compliant-Pipeline/ui/src/services/shippingService.ts": {"path":"/Users/brandongarlock/projects/Fully-Compliant-Pipeline/ui/src/services/shippingService.ts","statementMap":{"0":{"start":{"line":1,"column":0},"end":{"line":1,"column":35}},"1":{"start":{"line":22,"column":25},"end":{"line":22,"column":46}},"2":{"start":{"line":23,"column":30},"end":{"line":23,"column":46}},"3":{"start":{"line":24,"column":41},"end":{"line":24,"column":68}},"4":{"start":{"line":25,"column":23},"end":{"line":25,"column":36}},"5":{"start":{"line":26,"column":39},"end":{"line":26,"column":48}},"6":{"start":{"line":43,"column":13},"end":{"line":329,"column":2}},"7":{"start":{"line":57,"column":21},"end":{"line":57,"column":64}},"8":{"start":{"line":60,"column":19},"end":{"line":60,"column":51}},"9":{"start":{"line":61,"column":4},"end":{"line":79,"column":5}},"10":{"start":{"line":62,"column":6},"end":{"line":78,"column":7}},"11":{"start":{"line":63,"column":44},"end":{"line":63,"column":62}},"12":{"start":{"line":64,"column":20},"end":{"line":64,"column":30}},"13":{"start":{"line":67,"column":8},"end":{"line":75,"column":9}},"14":{"start":{"line":69,"column":10},"end":{"line":74,"column":12}},"15":{"start":{"line":82,"column":6},"end":{"line":125,"column":5}},"16":{"start":{"line":83,"column":47},"end":{"line":83,"column":49}},"17":{"start":{"line":84,"column":8},"end":{"line":86,"column":9}},"18":{"start":{"line":85,"column":10},"end":{"line":85,"column":50}},"19":{"start":{"line":87,"column":8},"end":{"line":89,"column":9}},"20":{"start":{"line":88,"column":10},"end":{"line":88,"column":33}},"21":{"start":{"line":91,"column":28},"end":{"line":91,"column":66}},"22":{"start":{"line":92,"column":20},"end":{"line":92,"column":80}},"23":{"start":{"line":94,"column":23},"end":{"line":94,"column":75}},"24":{"start":{"line":95,"column":19},"end":{"line":95,"column":32}},"25":{"start":{"line":98,"column":58},"end":{"line":103,"column":8}},"26":{"start":{"line":105,"column":6},"end":{"line":111,"column":8}},"27":{"start":{"line":113,"column":6},"end":{"line":113,"column":18}},"28":{"start":{"line":116,"column":59},"end":{"line":122,"column":8}},"29":{"start":{"line":124,"column":6},"end":{"line":124,"column":31}},"30":{"start":{"line":141,"column":21},"end":{"line":141,"column":69}},"31":{"start":{"line":144,"column":19},"end":{"line":144,"column":51}},"32":{"start":{"line":145,"column":4},"end":{"line":176,"column":5}},"33":{"start":{"line":146,"column":6},"end":{"line":175,"column":7}},"34":{"start":{"line":147,"column":39},"end":{"line":147,"column":57}},"35":{"start":{"line":148,"column":20},"end":{"line":148,"column":30}},"36":{"start":{"line":151,"column":8},"end":{"line":172,"column":9}},"37":{"start":{"line":155,"column":43},"end":{"line":155,"column":93}},"38":{"start":{"line":156,"column":31},"end":{"line":156,"column":97}},"39":{"start":{"line":157,"column":34},"end":{"line":157,"column":96}},"40":{"start":{"line":160,"column":10},"end":{"line":171,"column":11}},"41":{"start":{"line":162,"column":12},"end":{"line":162,"column":48}},"42":{"start":{"line":164,"column":12},"end":{"line":170,"column":14}},"43":{"start":{"line":179,"column":4},"end":{"line":225,"column":5}},"44":{"start":{"line":180,"column":45},"end":{"line":180,"column":47}},"45":{"start":{"line":181,"column":6},"end":{"line":183,"column":7}},"46":{"start":{"line":182,"column":8},"end":{"line":182,"column":48}},"47":{"start":{"line":184,"column":6},"end":{"line":186,"column":7}},"48":{"start":{"line":185,"column":8},"end":{"line":185,"column":31}},"49":{"start":{"line":188,"column":26},"end":{"line":188,"column":64}},"50":{"start":{"line":189,"column":18},"end":{"line":189,"column":73}},"51":{"start":{"line":191,"column":23},"end":{"line":191,"column":70}},"52":{"start":{"line":192,"column":19},"end":{"line":192,"column":32}},"53":{"start":{"line":195,"column":48},"end":{"line":201,"column":8}},"54":{"start":{"line":203,"column":6},"end":{"line":209,"column":8}},"55":{"start":{"line":211,"column":6},"end":{"line":211,"column":18}},"56":{"start":{"line":214,"column":49},"end":{"line":222,"column":8}},"57":{"start":{"line":224,"column":6},"end":{"line":224,"column":26}},"58":{"start":{"line":245,"column":25},"end":{"line":247,"column":15}},"59":{"start":{"line":248,"column":21},"end":{"line":248,"column":109}},"60":{"start":{"line":251,"column":19},"end":{"line":251,"column":51}},"61":{"start":{"line":252,"column":4},"end":{"line":264,"column":5}},"62":{"start":{"line":253,"column":6},"end":{"line":263,"column":7}},"63":{"start":{"line":254,"column":50},"end":{"line":254,"column":68}},"64":{"start":{"line":255,"column":20},"end":{"line":255,"column":30}},"65":{"start":{"line":258,"column":8},"end":{"line":260,"column":9}},"66":{"start":{"line":259,"column":10},"end":{"line":259,"column":33}},"67":{"start":{"line":267,"column":4},"end":{"line":302,"column":5}},"68":{"start":{"line":268,"column":45},"end":{"line":268,"column":47}},"69":{"start":{"line":269,"column":6},"end":{"line":271,"column":7}},"70":{"start":{"line":270,"column":8},"end":{"line":270,"column":48}},"71":{"start":{"line":272,"column":6},"end":{"line":274,"column":7}},"72":{"start":{"line":273,"column":8},"end":{"line":273,"column":47}},"73":{"start":{"line":275,"column":6},"end":{"line":277,"column":7}},"74":{"start":{"line":276,"column":8},"end":{"line":276,"column":31}},"75":{"start":{"line":278,"column":6},"end":{"line":280,"column":7}},"76":{"start":{"line":279,"column":8},"end":{"line":279,"column":31}},"77":{"start":{"line":282,"column":26},"end":{"line":282,"column":64}},"78":{"start":{"line":283,"column":18},"end":{"line":283,"column":84}},"79":{"start":{"line":285,"column":23},"end":{"line":285,"column":72}},"80":{"start":{"line":286,"column":19},"end":{"line":286,"column":32}},"81":{"start":{"line":289,"column":6},"end":{"line":295,"column":8}},"82":{"start":{"line":297,"column":6},"end":{"line":297,"column":18}},"83":{"start":{"line":300,"column":6},"end":{"line":300,"column":71}},"84":{"start":{"line":301,"column":6},"end":{"line":301,"column":18}},"85":{"start":{"line":309,"column":4},"end":{"line":327,"column":5}},"86":{"start":{"line":310,"column":6},"end":{"line":310,"column":64}},"87":{"start":{"line":311,"column":6},"end":{"line":311,"column":69}},"88":{"start":{"line":313,"column":6},"end":{"line":317,"column":9}},"89":{"start":{"line":314,"column":8},"end":{"line":316,"column":9}},"90":{"start":{"line":315,"column":10},"end":{"line":315,"column":41}},"91":{"start":{"line":320,"column":6},"end":{"line":326,"column":9}},"92":{"start":{"line":321,"column":8},"end":{"line":325,"column":9}},"93":{"start":{"line":324,"column":10},"end":{"line":324,"column":41}}},"fnMap":{"0":{"name":"(anonymous_0)","decl":{"start":{"line":52,"column":24},"end":{"line":52,"column":29}},"loc":{"start":{"line":55,"column":42},"end":{"line":126,"column":3}}},"1":{"name":"(anonymous_1)","decl":{"start":{"line":136,"column":19},"end":{"line":136,"column":24}},"loc":{"start":{"line":139,"column":37},"end":{"line":226,"column":3}}},"2":{"name":"(anonymous_2)","decl":{"start":{"line":238,"column":30},"end":{"line":238,"column":35}},"loc":{"start":{"line":243,"column":46},"end":{"line":303,"column":3}}},"3":{"name":"(anonymous_3)","decl":{"start":{"line":308,"column":14},"end":{"line":308,"column":15}},"loc":{"start":{"line":308,"column":34},"end":{"line":328,"column":3}}},"4":{"name":"(anonymous_4)","decl":{"start":{"line":313,"column":42},"end":{"line":313,"column":43}},"loc":{"start":{"line":313,"column":50},"end":{"line":317,"column":7}}},"5":{"name":"(anonymous_5)","decl":{"start":{"line":320,"column":42},"end":{"line":320,"column":43}},"loc":{"start":{"line":320,"column":50},"end":{"line":326,"column":7}}}},"branchMap":{"0":{"loc":{"start":{"line":53,"column":4},"end":{"line":53,"column":25}},"type":"default-arg","locations":[{"start":{"line":53,"column":24},"end":{"line":53,"column":25}}]},"1":{"loc":{"start":{"line":57,"column":43},"end":{"line":57,"column":62}},"type":"binary-expr","locations":[{"start":{"line":57,"column":43},"end":{"line":57,"column":49}},{"start":{"line":57,"column":53},"end":{"line":57,"column":62}}]},"2":{"loc":{"start":{"line":61,"column":4},"end":{"line":79,"column":5}},"type":"if","locations":[{"start":{"line":61,"column":4},"end":{"line":79,"column":5}}]},"3":{"loc":{"start":{"line":67,"column":8},"end":{"line":75,"column":9}},"type":"if","locations":[{"start":{"line":67,"column":8},"end":{"line":75,"column":9}}]},"4":{"loc":{"start":{"line":84,"column":8},"end":{"line":86,"column":9}},"type":"if","locations":[{"start":{"line":84,"column":8},"end":{"line":86,"column":9}}]},"5":{"loc":{"start":{"line":87,"column":8},"end":{"line":89,"column":9}},"type":"if","locations":[{"start":{"line":87,"column":8},"end":{"line":89,"column":9}}]},"6":{"loc":{"start":{"line":92,"column":42},"end":{"line":92,"column":78}},"type":"cond-expr","locations":[{"start":{"line":92,"column":56},"end":{"line":92,"column":73}},{"start":{"line":92,"column":76},"end":{"line":92,"column":78}}]},"7":{"loc":{"start":{"line":117,"column":16},"end":{"line":117,"column":30}},"type":"binary-expr","locations":[{"start":{"line":117,"column":16},"end":{"line":117,"column":22}},{"start":{"line":117,"column":26},"end":{"line":117,"column":30}}]},"8":{"loc":{"start":{"line":137,"column":4},"end":{"line":137,"column":25}},"type":"default-arg","locations":[{"start":{"line":137,"column":24},"end":{"line":137,"column":25}}]},"9":{"loc":{"start":{"line":141,"column":48},"end":{"line":141,"column":67}},"type":"binary-expr","locations":[{"start":{"line":141,"column":48},"end":{"line":141,"column":54}},{"start":{"line":141,"column":58},"end":{"line":141,"column":67}}]},"10":{"loc":{"start":{"line":145,"column":4},"end":{"line":176,"column":5}},"type":"if","locations":[{"start":{"line":145,"column":4},"end":{"line":176,"column":5}}]},"11":{"loc":{"start":{"line":151,"column":8},"end":{"line":172,"column":9}},"type":"if","locations":[{"start":{"line":151,"column":8},"end":{"line":172,"column":9}}]},"12":{"loc":{"start":{"line":156,"column":31},"end":{"line":156,"column":97}},"type":"cond-expr","locations":[{"start":{"line":156,"column":58},"end":{"line":156,"column":59}},{"start":{"line":156,"column":62},"end":{"line":156,"column":97}}]},"13":{"loc":{"start":{"line":160,"column":10},"end":{"line":171,"column":11}},"type":"if","locations":[{"start":{"line":160,"column":10},"end":{"line":171,"column":11}},{"start":{"line":163,"column":17},"end":{"line":171,"column":11}}]},"14":{"loc":{"start":{"line":181,"column":6},"end":{"line":183,"column":7}},"type":"if","locations":[{"start":{"line":181,"column":6},"end":{"line":183,"column":7}}]},"15":{"loc":{"start":{"line":184,"column":6},"end":{"line":186,"column":7}},"type":"if","locations":[{"start":{"line":184,"column":6},"end":{"line":186,"column":7}}]},"16":{"loc":{"start":{"line":189,"column":35},"end":{"line":189,"column":71}},"type":"cond-expr","locations":[{"start":{"line":189,"column":49},"end":{"line":189,"column":66}},{"start":{"line":189,"column":69},"end":{"line":189,"column":71}}]},"17":{"loc":{"start":{"line":215,"column":16},"end":{"line":215,"column":30}},"type":"binary-expr","locations":[{"start":{"line":215,"column":16},"end":{"line":215,"column":22}},{"start":{"line":215,"column":26},"end":{"line":215,"column":30}}]},"18":{"loc":{"start":{"line":217,"column":22},"end":{"line":217,"column":51}},"type":"cond-expr","locations":[{"start":{"line":217,"column":43},"end":{"line":217,"column":44}},{"start":{"line":217,"column":47},"end":{"line":217,"column":51}}]},"19":{"loc":{"start":{"line":239,"column":4},"end":{"line":239,"column":25}},"type":"default-arg","locations":[{"start":{"line":239,"column":24},"end":{"line":239,"column":25}}]},"20":{"loc":{"start":{"line":245,"column":25},"end":{"line":247,"column":15}},"type":"cond-expr","locations":[{"start":{"line":246,"column":8},"end":{"line":246,"column":34}},{"start":{"line":247,"column":8},"end":{"line":247,"column":15}}]},"21":{"loc":{"start":{"line":245,"column":25},"end":{"line":245,"column":58}},"type":"binary-expr","locations":[{"start":{"line":245,"column":25},"end":{"line":245,"column":34}},{"start":{"line":245,"column":38},"end":{"line":245,"column":58}}]},"22":{"loc":{"start":{"line":248,"column":88},"end":{"line":248,"column":107}},"type":"binary-expr","locations":[{"start":{"line":248,"column":88},"end":{"line":248,"column":94}},{"start":{"line":248,"column":98},"end":{"line":248,"column":107}}]},"23":{"loc":{"start":{"line":252,"column":4},"end":{"line":264,"column":5}},"type":"if","locations":[{"start":{"line":252,"column":4},"end":{"line":264,"column":5}}]},"24":{"loc":{"start":{"line":258,"column":8},"end":{"line":260,"column":9}},"type":"if","locations":[{"start":{"line":258,"column":8},"end":{"line":260,"column":9}}]},"25":{"loc":{"start":{"line":269,"column":6},"end":{"line":271,"column":7}},"type":"if","locations":[{"start":{"line":269,"column":6},"end":{"line":271,"column":7}}]},"26":{"loc":{"start":{"line":272,"column":6},"end":{"line":274,"column":7}},"type":"if","locations":[{"start":{"line":272,"column":6},"end":{"line":274,"column":7}}]},"27":{"loc":{"start":{"line":272,"column":10},"end":{"line":272,"column":43}},"type":"binary-expr","locations":[{"start":{"line":272,"column":10},"end":{"line":272,"column":19}},{"start":{"line":272,"column":23},"end":{"line":272,"column":43}}]},"28":{"loc":{"start":{"line":275,"column":6},"end":{"line":277,"column":7}},"type":"if","locations":[{"start":{"line":275,"column":6},"end":{"line":277,"column":7}}]},"29":{"loc":{"start":{"line":278,"column":6},"end":{"line":280,"column":7}},"type":"if","locations":[{"start":{"line":278,"column":6},"end":{"line":280,"column":7}}]},"30":{"loc":{"start":{"line":283,"column":46},"end":{"line":283,"column":82}},"type":"cond-expr","locations":[{"start":{"line":283,"column":60},"end":{"line":283,"column":77}},{"start":{"line":283,"column":80},"end":{"line":283,"column":82}}]},"31":{"loc":{"start":{"line":309,"column":4},"end":{"line":327,"column":5}},"type":"if","locations":[{"start":{"line":309,"column":4},"end":{"line":327,"column":5}},{"start":{"line":318,"column":11},"end":{"line":327,"column":5}}]},"32":{"loc":{"start":{"line":314,"column":8},"end":{"line":316,"column":9}},"type":"if","locations":[{"start":{"line":314,"column":8},"end":{"line":316,"column":9}}]},"33":{"loc":{"start":{"line":314,"column":12},"end":{"line":314,"column":84}},"type":"binary-expr","locations":[{"start":{"line":314,"column":12},"end":{"line":314,"column":60}},{"start":{"line":314,"column":64},"end":{"line":314,"column":84}}]},"34":{"loc":{"start":{"line":321,"column":8},"end":{"line":325,"column":9}},"type":"if","locations":[{"start":{"line":321,"column":8},"end":{"line":325,"column":9}}]},"35":{"loc":{"start":{"line":321,"column":12},"end":{"line":323,"column":60}},"type":"binary-expr","locations":[{"start":{"line":321,"column":12},"end":{"line":321,"column":44}},{"start":{"line":322,"column":12},"end":{"line":322,"column":49}},{"start":{"line":323,"column":12},"end":{"line":323,"column":60}}]}},"s":{"0":13,"1":13,"2":13,"3":13,"4":13,"5":13,"6":13,"7":7,"8":7,"9":7,"10":3,"11":3,"12":2,"13":2,"14":1,"15":6,"16":6,"17":6,"18":6,"19":6,"20":5,"21":6,"22":6,"23":6,"24":5,"25":5,"26":5,"27":5,"28":1,"29":1,"30":137,"31":137,"32":137,"33":0,"34":0,"35":0,"36":0,"37":0,"38":0,"39":0,"40":0,"41":0,"42":0,"43":137,"44":137,"45":137,"46":137,"47":137,"48":49,"49":137,"50":137,"51":137,"52":4,"53":4,"54":4,"55":4,"56":76,"57":76,"58":0,"59":0,"60":0,"61":0,"62":0,"63":0,"64":0,"65":0,"66":0,"67":0,"68":0,"69":0,"70":0,"71":0,"72":0,"73":0,"74":0,"75":0,"76":0,"77":0,"78":0,"79":0,"80":0,"81":0,"82":0,"83":0,"84":0,"85":2,"86":1,"87":1,"88":1,"89":1,"90":0,"91":1,"92":3,"93":2},"f":{"0":7,"1":137,"2":0,"3":2,"4":1,"5":3},"b":{"0":[0],"1":[7,1],"2":[3],"3":[1],"4":[6],"5":[5],"6":[6,0],"7":[1,0],"8":[0],"9":[137,88],"10":[0],"11":[0],"12":[0,0],"13":[0,0],"14":[137],"15":[49],"16":[137,0],"17":[76,47],"18":[27,49],"19":[0],"20":[0,0],"21":[0,0],"22":[0,0],"23":[0],"24":[0],"25":[0],"26":[0],"27":[0,0],"28":[0],"29":[0],"30":[0,0],"31":[1,1],"32":[0],"33":[1,0],"34":[2],"35":[3,1,1]}}
,"/Users/brandongarlock/projects/Fully-Compliant-Pipeline/ui/src/services/userService.ts": {"path":"/Users/brandongarlock/projects/Fully-Compliant-Pipeline/ui/src/services/userService.ts","statementMap":{"0":{"start":{"line":1,"column":0},"end":{"line":1,"column":32}},"1":{"start":{"line":4,"column":13},"end":{"line":14,"column":2}},"2":{"start":{"line":6,"column":21},"end":{"line":6,"column":65}},"3":{"start":{"line":7,"column":4},"end":{"line":7,"column":25}},"4":{"start":{"line":11,"column":21},"end":{"line":11,"column":64}},"5":{"start":{"line":12,"column":4},"end":{"line":12,"column":25}}},"fnMap":{"0":{"name":"(anonymous_0)","decl":{"start":{"line":5,"column":14},"end":{"line":5,"column":19}},"loc":{"start":{"line":5,"column":67},"end":{"line":8,"column":3}}},"1":{"name":"(anonymous_1)","decl":{"start":{"line":10,"column":11},"end":{"line":10,"column":16}},"loc":{"start":{"line":10,"column":51},"end":{"line":13,"column":3}}}},"branchMap":{},"s":{"0":3,"1":3,"2":2,"3":1,"4":2,"5":1},"f":{"0":2,"1":2},"b":{}}
,"/Users/brandongarlock/projects/Fully-Compliant-Pipeline/ui/src/services/wishlistService.ts": {"path":"/Users/brandongarlock/projects/Fully-Compliant-Pipeline/ui/src/services/wishlistService.ts","statementMap":{"0":{"start":{"line":1,"column":0},"end":{"line":1,"column":35}},"1":{"start":{"line":4,"column":13},"end":{"line":17,"column":2}},"2":{"start":{"line":6,"column":21},"end":{"line":6,"column":75}},"3":{"start":{"line":7,"column":4},"end":{"line":7,"column":25}},"4":{"start":{"line":11,"column":4},"end":{"line":11,"column":62}},"5":{"start":{"line":15,"column":4},"end":{"line":15,"column":64}}},"fnMap":{"0":{"name":"(anonymous_0)","decl":{"start":{"line":5,"column":15},"end":{"line":5,"column":20}},"loc":{"start":{"line":5,"column":60},"end":{"line":8,"column":3}}},"1":{"name":"(anonymous_1)","decl":{"start":{"line":10,"column":11},"end":{"line":10,"column":16}},"loc":{"start":{"line":10,"column":70},"end":{"line":12,"column":3}}},"2":{"name":"(anonymous_2)","decl":{"start":{"line":14,"column":14},"end":{"line":14,"column":19}},"loc":{"start":{"line":14,"column":73},"end":{"line":16,"column":3}}}},"branchMap":{},"s":{"0":12,"1":12,"2":34,"3":2,"4":2,"5":2},"f":{"0":34,"1":2,"2":2},"b":{}}
,"/Users/brandongarlock/projects/Fully-Compliant-Pipeline/ui/src/utils/test-utils.tsx": {"path":"/Users/brandongarlock/projects/Fully-Compliant-Pipeline/ui/src/utils/test-utils.tsx","statementMap":{"0":{"start":{"line":26,"column":23},"end":{"line":26,"column":40}},"1":{"start":{"line":27,"column":21},"end":{"line":27,"column":54}},"2":{"start":{"line":28,"column":2},"end":{"line":28,"column":42}},"3":{"start":{"line":29,"column":2},"end":{"line":29,"column":41}}},"fnMap":{"0":{"name":"renderAndCheckA11y","decl":{"start":{"line":23,"column":22},"end":{"line":23,"column":40}},"loc":{"start":{"line":24,"column":31},"end":{"line":30,"column":1}}}},"branchMap":{},"s":{"0":0,"1":0,"2":0,"3":0},"f":{"0":0},"b":{}}
}
