{"/Users/brandongarlock/projects/Fully-Compliant-Pipeline/ui/src/components/OrderDetails.tsx": {"path":"/Users/brandongarlock/projects/Fully-Compliant-Pipeline/ui/src/components/OrderDetails.tsx","statementMap":{"0":{"start":{"line":3,"column":0},"end":{"line":3,"column":28}},"1":{"start":{"line":9,"column":57},"end":{"line":63,"column":1}},"2":{"start":{"line":10,"column":2},"end":{"line":62,"column":4}},"3":{"start":{"line":51,"column":14},"end":{"line":51,"column":null}},"4":{"start":{"line":9,"column":13},"end":{"line":9,"column":57}}},"fnMap":{"0":{"name":"(anonymous_0)","decl":{"start":{"line":9,"column":57},"end":{"line":9,"column":58}},"loc":{"start":{"line":9,"column":71},"end":{"line":63,"column":1}}},"1":{"name":"(anonymous_1)","decl":{"start":{"line":50,"column":29},"end":{"line":50,"column":30}},"loc":{"start":{"line":51,"column":14},"end":{"line":51,"column":null}}}},"branchMap":{"0":{"loc":{"start":{"line":30,"column":9},"end":{"line":34,"column":null}},"type":"binary-expr","locations":[{"start":{"line":30,"column":9},"end":{"line":30,"column":24}},{"start":{"line":31,"column":10},"end":{"line":33,"column":null}}]},"1":{"loc":{"start":{"line":52,"column":21},"end":{"line":52,"column":55}},"type":"binary-expr","locations":[{"start":{"line":52,"column":21},"end":{"line":52,"column":37}},{"start":{"line":52,"column":41},"end":{"line":52,"column":55}}]},"2":{"loc":{"start":{"line":54,"column":22},"end":{"line":54,"column":54}},"type":"binary-expr","locations":[{"start":{"line":54,"column":22},"end":{"line":54,"column":44}},{"start":{"line":54,"column":48},"end":{"line":54,"column":54}}]},"3":{"loc":{"start":{"line":55,"column":22},"end":{"line":55,"column":57}},"type":"binary-expr","locations":[{"start":{"line":55,"column":22},"end":{"line":55,"column":47}},{"start":{"line":55,"column":51},"end":{"line":55,"column":57}}]}},"s":{"0":2,"1":2,"2":3,"3":6,"4":2},"f":{"0":3,"1":6},"b":{"0":[3,3],"1":[6,0],"2":[6,0],"3":[6,0]}}
,"/Users/brandongarlock/projects/Fully-Compliant-Pipeline/ui/src/components/OrderForm.tsx": {"path":"/Users/brandongarlock/projects/Fully-Compliant-Pipeline/ui/src/components/OrderForm.tsx","statementMap":{"0":{"start":{"line":1,"column":0},"end":{"line":1,"column":40}},"1":{"start":{"line":2,"column":0},"end":{"line":2,"column":54}},"2":{"start":{"line":3,"column":0},"end":{"line":3,"column":56}},"3":{"start":{"line":4,"column":0},"end":{"line":4,"column":66}},"4":{"start":{"line":5,"column":0},"end":{"line":5,"column":68}},"5":{"start":{"line":7,"column":0},"end":{"line":7,"column":25}},"6":{"start":{"line":13,"column":51},"end":{"line":218,"column":1}},"7":{"start":{"line":28,"column":6},"end":{"line":28,"column":21}},"8":{"start":{"line":30,"column":35},"end":{"line":30,"column":78}},"9":{"start":{"line":31,"column":32},"end":{"line":31,"column":47}},"10":{"start":{"line":32,"column":28},"end":{"line":32,"column":57}},"11":{"start":{"line":33,"column":42},"end":{"line":33,"column":70}},"12":{"start":{"line":35,"column":19},"end":{"line":37,"column":null}},"13":{"start":{"line":36,"column":19},"end":{"line":36,"column":56}},"14":{"start":{"line":40,"column":30},"end":{"line":40,"column":95}},"15":{"start":{"line":41,"column":22},"end":{"line":41,"column":52}},"16":{"start":{"line":43,"column":23},"end":{"line":80,"column":3}},"17":{"start":{"line":44,"column":4},"end":{"line":44,"column":23}},"18":{"start":{"line":46,"column":4},"end":{"line":49,"column":5}},"19":{"start":{"line":47,"column":6},"end":{"line":47,"column":53}},"20":{"start":{"line":48,"column":6},"end":{"line":48,"column":13}},"21":{"start":{"line":51,"column":4},"end":{"line":54,"column":5}},"22":{"start":{"line":52,"column":6},"end":{"line":52,"column":71}},"23":{"start":{"line":53,"column":6},"end":{"line":53,"column":13}},"24":{"start":{"line":56,"column":4},"end":{"line":56,"column":19}},"25":{"start":{"line":57,"column":4},"end":{"line":57,"column":21}},"26":{"start":{"line":59,"column":4},"end":{"line":79,"column":5}},"27":{"start":{"line":60,"column":24},"end":{"line":66,"column":8}},"28":{"start":{"line":62,"column":35},"end":{"line":65,"column":10}},"29":{"start":{"line":68,"column":20},"end":{"line":68,"column":61}},"30":{"start":{"line":69,"column":6},"end":{"line":69,"column":29}},"31":{"start":{"line":70,"column":6},"end":{"line":70,"column":18}},"32":{"start":{"line":72,"column":6},"end":{"line":74,"column":7}},"33":{"start":{"line":73,"column":8},"end":{"line":73,"column":30}},"34":{"start":{"line":76,"column":6},"end":{"line":76,"column":78}},"35":{"start":{"line":78,"column":6},"end":{"line":78,"column":24}},"36":{"start":{"line":82,"column":2},"end":{"line":102,"column":3}},"37":{"start":{"line":83,"column":4},"end":{"line":101,"column":6}},"38":{"start":{"line":91,"column":12},"end":{"line":91,"column":34}},"39":{"start":{"line":92,"column":12},"end":{"line":94,"column":13}},"40":{"start":{"line":93,"column":14},"end":{"line":93,"column":43}},"41":{"start":{"line":104,"column":2},"end":{"line":112,"column":3}},"42":{"start":{"line":105,"column":4},"end":{"line":111,"column":6}},"43":{"start":{"line":114,"column":2},"end":{"line":122,"column":3}},"44":{"start":{"line":115,"column":4},"end":{"line":121,"column":6}},"45":{"start":{"line":124,"column":2},"end":{"line":217,"column":4}},"46":{"start":{"line":129,"column":10},"end":{"line":129,"column":29}},"47":{"start":{"line":137,"column":33},"end":{"line":137,"column":84}},"48":{"start":{"line":144,"column":33},"end":{"line":144,"column":84}},"49":{"start":{"line":155,"column":31},"end":{"line":155,"column":54}},"50":{"start":{"line":173,"column":32},"end":{"line":173,"column":72}},"51":{"start":{"line":173,"column":53},"end":{"line":173,"column":71}},"52":{"start":{"line":174,"column":16},"end":{"line":176,"column":17}},"53":{"start":{"line":175,"column":18},"end":{"line":175,"column":40}},"54":{"start":{"line":13,"column":13},"end":{"line":13,"column":51}}},"fnMap":{"0":{"name":"(anonymous_0)","decl":{"start":{"line":13,"column":51},"end":{"line":13,"column":52}},"loc":{"start":{"line":13,"column":74},"end":{"line":218,"column":1}}},"1":{"name":"(anonymous_1)","decl":{"start":{"line":36,"column":4},"end":{"line":36,"column":5}},"loc":{"start":{"line":36,"column":19},"end":{"line":36,"column":56}}},"2":{"name":"(anonymous_2)","decl":{"start":{"line":43,"column":23},"end":{"line":43,"column":28}},"loc":{"start":{"line":43,"column":52},"end":{"line":80,"column":3}}},"3":{"name":"(anonymous_3)","decl":{"start":{"line":62,"column":24},"end":{"line":62,"column":25}},"loc":{"start":{"line":62,"column":35},"end":{"line":65,"column":10}}},"4":{"name":"(anonymous_4)","decl":{"start":{"line":90,"column":19},"end":{"line":90,"column":22}},"loc":{"start":{"line":90,"column":24},"end":{"line":95,"column":11}}},"5":{"name":"(anonymous_5)","decl":{"start":{"line":128,"column":18},"end":{"line":128,"column":19}},"loc":{"start":{"line":129,"column":10},"end":{"line":129,"column":29}}},"6":{"name":"(anonymous_6)","decl":{"start":{"line":137,"column":27},"end":{"line":137,"column":30}},"loc":{"start":{"line":137,"column":33},"end":{"line":137,"column":84}}},"7":{"name":"(anonymous_7)","decl":{"start":{"line":144,"column":27},"end":{"line":144,"column":30}},"loc":{"start":{"line":144,"column":33},"end":{"line":144,"column":84}}},"8":{"name":"(anonymous_8)","decl":{"start":{"line":155,"column":25},"end":{"line":155,"column":28}},"loc":{"start":{"line":155,"column":31},"end":{"line":155,"column":54}}},"9":{"name":"(anonymous_9)","decl":{"start":{"line":171,"column":27},"end":{"line":171,"column":28}},"loc":{"start":{"line":171,"column":49},"end":{"line":177,"column":15}}},"10":{"name":"(anonymous_10)","decl":{"start":{"line":173,"column":46},"end":{"line":173,"column":47}},"loc":{"start":{"line":173,"column":53},"end":{"line":173,"column":71}}}},"branchMap":{"0":{"loc":{"start":{"line":30,"column":35},"end":{"line":30,"column":78}},"type":"binary-expr","locations":[{"start":{"line":30,"column":35},"end":{"line":30,"column":56}},{"start":{"line":30,"column":60},"end":{"line":30,"column":78}}]},"1":{"loc":{"start":{"line":40,"column":30},"end":{"line":40,"column":95}},"type":"cond-expr","locations":[{"start":{"line":40,"column":54},"end":{"line":40,"column":66}},{"start":{"line":40,"column":70},"end":{"line":40,"column":94}}]},"2":{"loc":{"start":{"line":40,"column":70},"end":{"line":40,"column":94}},"type":"binary-expr","locations":[{"start":{"line":40,"column":70},"end":{"line":40,"column":89}},{"start":{"line":40,"column":93},"end":{"line":40,"column":94}}]},"3":{"loc":{"start":{"line":46,"column":4},"end":{"line":49,"column":5}},"type":"if","locations":[{"start":{"line":46,"column":4},"end":{"line":49,"column":5}}]},"4":{"loc":{"start":{"line":51,"column":4},"end":{"line":54,"column":5}},"type":"if","locations":[{"start":{"line":51,"column":4},"end":{"line":54,"column":5}}]},"5":{"loc":{"start":{"line":72,"column":6},"end":{"line":74,"column":7}},"type":"if","locations":[{"start":{"line":72,"column":6},"end":{"line":74,"column":7}}]},"6":{"loc":{"start":{"line":76,"column":15},"end":{"line":76,"column":76}},"type":"cond-expr","locations":[{"start":{"line":76,"column":38},"end":{"line":76,"column":49}},{"start":{"line":76,"column":52},"end":{"line":76,"column":76}}]},"7":{"loc":{"start":{"line":82,"column":2},"end":{"line":102,"column":3}},"type":"if","locations":[{"start":{"line":82,"column":2},"end":{"line":102,"column":3}}]},"8":{"loc":{"start":{"line":92,"column":12},"end":{"line":94,"column":13}},"type":"if","locations":[{"start":{"line":92,"column":12},"end":{"line":94,"column":13}}]},"9":{"loc":{"start":{"line":104,"column":2},"end":{"line":112,"column":3}},"type":"if","locations":[{"start":{"line":104,"column":2},"end":{"line":112,"column":3}}]},"10":{"loc":{"start":{"line":114,"column":2},"end":{"line":122,"column":3}},"type":"if","locations":[{"start":{"line":114,"column":2},"end":{"line":122,"column":3}}]},"11":{"loc":{"start":{"line":164,"column":7},"end":{"line":188,"column":null}},"type":"binary-expr","locations":[{"start":{"line":164,"column":7},"end":{"line":164,"column":21}},{"start":{"line":164,"column":25},"end":{"line":164,"column":55}},{"start":{"line":164,"column":59},"end":{"line":164,"column":80}},{"start":{"line":164,"column":84},"end":{"line":164,"column":112}},{"start":{"line":165,"column":8},"end":{"line":187,"column":null}}]},"12":{"loc":{"start":{"line":167,"column":11},"end":{"line":178,"column":null}},"type":"binary-expr","locations":[{"start":{"line":167,"column":11},"end":{"line":167,"column":36}},{"start":{"line":168,"column":12},"end":{"line":177,"column":null}}]},"13":{"loc":{"start":{"line":174,"column":16},"end":{"line":176,"column":17}},"type":"if","locations":[{"start":{"line":174,"column":16},"end":{"line":176,"column":17}}]},"14":{"loc":{"start":{"line":198,"column":13},"end":{"line":201,"column":null}},"type":"cond-expr","locations":[{"start":{"line":199,"column":14},"end":{"line":199,"column":62}},{"start":{"line":201,"column":14},"end":{"line":201,"column":50}}]},"15":{"loc":{"start":{"line":198,"column":13},"end":{"line":198,"column":56}},"type":"binary-expr","locations":[{"start":{"line":198,"column":13},"end":{"line":198,"column":34}},{"start":{"line":198,"column":38},"end":{"line":198,"column":56}}]},"16":{"loc":{"start":{"line":211,"column":9},"end":{"line":211,"column":62}},"type":"binary-expr","locations":[{"start":{"line":211,"column":9},"end":{"line":211,"column":14}},{"start":{"line":211,"column":18},"end":{"line":211,"column":62}}]},"17":{"loc":{"start":{"line":213,"column":11},"end":{"line":213,"column":56}},"type":"cond-expr","locations":[{"start":{"line":213,"column":21},"end":{"line":213,"column":40}},{"start":{"line":213,"column":43},"end":{"line":213,"column":56}}]}},"s":{"0":2,"1":2,"2":2,"3":2,"4":2,"5":2,"6":2,"7":77,"8":77,"9":77,"10":77,"11":77,"12":77,"13":41,"14":77,"15":77,"16":77,"17":5,"18":5,"19":0,"20":0,"21":5,"22":0,"23":0,"24":5,"25":5,"26":5,"27":5,"28":5,"29":5,"30":4,"31":4,"32":4,"33":2,"34":1,"35":5,"36":77,"37":4,"38":1,"39":1,"40":1,"41":73,"42":10,"43":63,"44":24,"45":39,"46":39,"47":1,"48":1,"49":1,"50":0,"51":0,"52":0,"53":0,"54":2},"f":{"0":77,"1":41,"2":5,"3":5,"4":1,"5":39,"6":1,"7":1,"8":1,"9":0,"10":0},"b":{"0":[77,45],"1":[45,32],"2":[32,32],"3":[0],"4":[0],"5":[2],"6":[1,0],"7":[4],"8":[1],"9":[10],"10":[24],"11":[39,39,39,39,39],"12":[39,36],"13":[0],"14":[3,36],"15":[39,39],"16":[39,1],"17":[6,33]}}
,"/Users/brandongarlock/projects/Fully-Compliant-Pipeline/ui/src/components/ProductForm.tsx": {"path":"/Users/brandongarlock/projects/Fully-Compliant-Pipeline/ui/src/components/ProductForm.tsx","statementMap":{"0":{"start":{"line":1,"column":0},"end":{"line":1,"column":40}},"1":{"start":{"line":2,"column":0},"end":{"line":2,"column":54}},"2":{"start":{"line":3,"column":0},"end":{"line":3,"column":60}},"3":{"start":{"line":5,"column":0},"end":{"line":5,"column":27}},"4":{"start":{"line":7,"column":37},"end":{"line":152,"column":1}},"5":{"start":{"line":8,"column":36},"end":{"line":8,"column":51}},"6":{"start":{"line":9,"column":34},"end":{"line":15,"column":4}},"7":{"start":{"line":16,"column":32},"end":{"line":16,"column":47}},"8":{"start":{"line":17,"column":28},"end":{"line":17,"column":57}},"9":{"start":{"line":18,"column":32},"end":{"line":18,"column":47}},"10":{"start":{"line":20,"column":23},"end":{"line":59,"column":3}},"11":{"start":{"line":21,"column":4},"end":{"line":21,"column":23}},"12":{"start":{"line":22,"column":4},"end":{"line":22,"column":19}},"13":{"start":{"line":23,"column":4},"end":{"line":23,"column":22}},"14":{"start":{"line":24,"column":4},"end":{"line":24,"column":21}},"15":{"start":{"line":26,"column":4},"end":{"line":58,"column":5}},"16":{"start":{"line":28,"column":6},"end":{"line":30,"column":7}},"17":{"start":{"line":29,"column":8},"end":{"line":29,"column":52}},"18":{"start":{"line":31,"column":6},"end":{"line":33,"column":7}},"19":{"start":{"line":32,"column":8},"end":{"line":32,"column":51}},"20":{"start":{"line":34,"column":6},"end":{"line":36,"column":7}},"21":{"start":{"line":35,"column":8},"end":{"line":35,"column":56}},"22":{"start":{"line":37,"column":6},"end":{"line":39,"column":7}},"23":{"start":{"line":38,"column":8},"end":{"line":38,"column":55}},"24":{"start":{"line":40,"column":6},"end":{"line":42,"column":7}},"25":{"start":{"line":41,"column":8},"end":{"line":41,"column":48}},"26":{"start":{"line":44,"column":25},"end":{"line":44,"column":69}},"27":{"start":{"line":45,"column":6},"end":{"line":45,"column":45}},"28":{"start":{"line":46,"column":6},"end":{"line":46,"column":23}},"29":{"start":{"line":47,"column":6},"end":{"line":53,"column":9}},"30":{"start":{"line":55,"column":6},"end":{"line":55,"column":80}},"31":{"start":{"line":57,"column":6},"end":{"line":57,"column":24}},"32":{"start":{"line":61,"column":23},"end":{"line":67,"column":3}},"33":{"start":{"line":62,"column":28},"end":{"line":62,"column":36}},"34":{"start":{"line":63,"column":4},"end":{"line":66,"column":8}},"35":{"start":{"line":63,"column":27},"end":{"line":66,"column":6}},"36":{"start":{"line":69,"column":2},"end":{"line":151,"column":4}},"37":{"start":{"line":7,"column":13},"end":{"line":7,"column":37}}},"fnMap":{"0":{"name":"(anonymous_0)","decl":{"start":{"line":7,"column":37},"end":{"line":7,"column":40}},"loc":{"start":{"line":7,"column":42},"end":{"line":152,"column":1}}},"1":{"name":"(anonymous_1)","decl":{"start":{"line":20,"column":23},"end":{"line":20,"column":28}},"loc":{"start":{"line":20,"column":52},"end":{"line":59,"column":3}}},"2":{"name":"(anonymous_2)","decl":{"start":{"line":61,"column":23},"end":{"line":61,"column":24}},"loc":{"start":{"line":61,"column":88},"end":{"line":67,"column":3}}},"3":{"name":"(anonymous_3)","decl":{"start":{"line":63,"column":16},"end":{"line":63,"column":17}},"loc":{"start":{"line":63,"column":27},"end":{"line":66,"column":6}}}},"branchMap":{"0":{"loc":{"start":{"line":28,"column":6},"end":{"line":30,"column":7}},"type":"if","locations":[{"start":{"line":28,"column":6},"end":{"line":30,"column":7}}]},"1":{"loc":{"start":{"line":31,"column":6},"end":{"line":33,"column":7}},"type":"if","locations":[{"start":{"line":31,"column":6},"end":{"line":33,"column":7}}]},"2":{"loc":{"start":{"line":34,"column":6},"end":{"line":36,"column":7}},"type":"if","locations":[{"start":{"line":34,"column":6},"end":{"line":36,"column":7}}]},"3":{"loc":{"start":{"line":37,"column":6},"end":{"line":39,"column":7}},"type":"if","locations":[{"start":{"line":37,"column":6},"end":{"line":39,"column":7}}]},"4":{"loc":{"start":{"line":40,"column":6},"end":{"line":42,"column":7}},"type":"if","locations":[{"start":{"line":40,"column":6},"end":{"line":42,"column":7}}]},"5":{"loc":{"start":{"line":55,"column":15},"end":{"line":55,"column":78}},"type":"cond-expr","locations":[{"start":{"line":55,"column":38},"end":{"line":55,"column":49}},{"start":{"line":55,"column":52},"end":{"line":55,"column":78}}]},"6":{"loc":{"start":{"line":65,"column":14},"end":{"line":65,"column":86}},"type":"cond-expr","locations":[{"start":{"line":65,"column":56},"end":{"line":65,"column":78}},{"start":{"line":65,"column":81},"end":{"line":65,"column":86}}]},"7":{"loc":{"start":{"line":65,"column":14},"end":{"line":65,"column":53}},"type":"binary-expr","locations":[{"start":{"line":65,"column":14},"end":{"line":65,"column":30}},{"start":{"line":65,"column":34},"end":{"line":65,"column":53}}]},"8":{"loc":{"start":{"line":65,"column":56},"end":{"line":65,"column":78}},"type":"binary-expr","locations":[{"start":{"line":65,"column":56},"end":{"line":65,"column":73}},{"start":{"line":65,"column":77},"end":{"line":65,"column":78}}]},"9":{"loc":{"start":{"line":143,"column":9},"end":{"line":143,"column":62}},"type":"binary-expr","locations":[{"start":{"line":143,"column":9},"end":{"line":143,"column":14}},{"start":{"line":143,"column":18},"end":{"line":143,"column":62}}]},"10":{"loc":{"start":{"line":144,"column":9},"end":{"line":144,"column":88}},"type":"binary-expr","locations":[{"start":{"line":144,"column":9},"end":{"line":144,"column":16}},{"start":{"line":144,"column":20},"end":{"line":144,"column":88}}]},"11":{"loc":{"start":{"line":147,"column":11},"end":{"line":147,"column":53}},"type":"cond-expr","locations":[{"start":{"line":147,"column":21},"end":{"line":147,"column":34}},{"start":{"line":147,"column":37},"end":{"line":147,"column":53}}]}},"s":{"0":2,"1":2,"2":2,"3":2,"4":2,"5":110,"6":110,"7":110,"8":110,"9":110,"10":110,"11":11,"12":11,"13":11,"14":11,"15":11,"16":11,"17":1,"18":10,"19":1,"20":9,"21":1,"22":8,"23":1,"24":7,"25":1,"26":6,"27":4,"28":4,"29":4,"30":6,"31":10,"32":110,"33":59,"34":59,"35":59,"36":110,"37":2},"f":{"0":110,"1":11,"2":59,"3":59},"b":{"0":[1],"1":[1],"2":[1],"3":[1],"4":[1],"5":[6,0],"6":[25,34],"7":[59,47],"8":[25,2],"9":[110,6],"10":[110,4],"11":[7,103]}}
,"/Users/brandongarlock/projects/Fully-Compliant-Pipeline/ui/src/components/ProductList.tsx": {"path":"/Users/brandongarlock/projects/Fully-Compliant-Pipeline/ui/src/components/ProductList.tsx","statementMap":{"0":{"start":{"line":1,"column":0},"end":{"line":1,"column":51}},"1":{"start":{"line":2,"column":0},"end":{"line":2,"column":54}},"2":{"start":{"line":3,"column":0},"end":{"line":3,"column":60}},"3":{"start":{"line":5,"column":0},"end":{"line":5,"column":66}},"4":{"start":{"line":6,"column":0},"end":{"line":6,"column":27}},"5":{"start":{"line":13,"column":55},"end":{"line":97,"column":1}},"6":{"start":{"line":17,"column":63},"end":{"line":17,"column":78}},"7":{"start":{"line":18,"column":32},"end":{"line":18,"column":47}},"8":{"start":{"line":19,"column":28},"end":{"line":19,"column":57}},"9":{"start":{"line":21,"column":2},"end":{"line":23,"column":9}},"10":{"start":{"line":22,"column":4},"end":{"line":22,"column":19}},"11":{"start":{"line":25,"column":23},"end":{"line":36,"column":3}},"12":{"start":{"line":26,"column":4},"end":{"line":26,"column":21}},"13":{"start":{"line":27,"column":4},"end":{"line":27,"column":19}},"14":{"start":{"line":28,"column":4},"end":{"line":35,"column":5}},"15":{"start":{"line":29,"column":30},"end":{"line":29,"column":67}},"16":{"start":{"line":30,"column":6},"end":{"line":30,"column":35}},"17":{"start":{"line":32,"column":6},"end":{"line":32,"column":79}},"18":{"start":{"line":34,"column":6},"end":{"line":34,"column":24}},"19":{"start":{"line":38,"column":26},"end":{"line":44,"column":3}},"20":{"start":{"line":39,"column":4},"end":{"line":43,"column":5}},"21":{"start":{"line":40,"column":6},"end":{"line":40,"column":27}},"22":{"start":{"line":42,"column":6},"end":{"line":42,"column":28}},"23":{"start":{"line":46,"column":2},"end":{"line":48,"column":3}},"24":{"start":{"line":47,"column":4},"end":{"line":47,"column":62}},"25":{"start":{"line":50,"column":2},"end":{"line":59,"column":3}},"26":{"start":{"line":51,"column":4},"end":{"line":58,"column":6}},"27":{"start":{"line":61,"column":2},"end":{"line":63,"column":3}},"28":{"start":{"line":62,"column":4},"end":{"line":62,"column":96}},"29":{"start":{"line":65,"column":2},"end":{"line":96,"column":4}},"30":{"start":{"line":70,"column":10},"end":{"line":70,"column":32}},"31":{"start":{"line":85,"column":31},"end":{"line":85,"column":55}},"32":{"start":{"line":13,"column":13},"end":{"line":13,"column":55}}},"fnMap":{"0":{"name":"(anonymous_0)","decl":{"start":{"line":13,"column":55},"end":{"line":13,"column":56}},"loc":{"start":{"line":16,"column":5},"end":{"line":97,"column":1}}},"1":{"name":"(anonymous_1)","decl":{"start":{"line":21,"column":12},"end":{"line":21,"column":15}},"loc":{"start":{"line":21,"column":17},"end":{"line":23,"column":3}}},"2":{"name":"(anonymous_2)","decl":{"start":{"line":25,"column":23},"end":{"line":25,"column":28}},"loc":{"start":{"line":25,"column":34},"end":{"line":36,"column":3}}},"3":{"name":"(anonymous_3)","decl":{"start":{"line":38,"column":26},"end":{"line":38,"column":27}},"loc":{"start":{"line":38,"column":47},"end":{"line":44,"column":3}}},"4":{"name":"(anonymous_4)","decl":{"start":{"line":69,"column":22},"end":{"line":69,"column":23}},"loc":{"start":{"line":70,"column":10},"end":{"line":70,"column":32}}},"5":{"name":"(anonymous_5)","decl":{"start":{"line":85,"column":25},"end":{"line":85,"column":28}},"loc":{"start":{"line":85,"column":31},"end":{"line":85,"column":55}}}},"branchMap":{"0":{"loc":{"start":{"line":15,"column":2},"end":{"line":15,"column":20}},"type":"default-arg","locations":[{"start":{"line":15,"column":16},"end":{"line":15,"column":20}}]},"1":{"loc":{"start":{"line":32,"column":15},"end":{"line":32,"column":77}},"type":"cond-expr","locations":[{"start":{"line":32,"column":38},"end":{"line":32,"column":49}},{"start":{"line":32,"column":52},"end":{"line":32,"column":77}}]},"2":{"loc":{"start":{"line":39,"column":4},"end":{"line":43,"column":5}},"type":"if","locations":[{"start":{"line":39,"column":4},"end":{"line":43,"column":5}},{"start":{"line":41,"column":11},"end":{"line":43,"column":5}}]},"3":{"loc":{"start":{"line":46,"column":2},"end":{"line":48,"column":3}},"type":"if","locations":[{"start":{"line":46,"column":2},"end":{"line":48,"column":3}}]},"4":{"loc":{"start":{"line":50,"column":2},"end":{"line":59,"column":3}},"type":"if","locations":[{"start":{"line":50,"column":2},"end":{"line":59,"column":3}}]},"5":{"loc":{"start":{"line":61,"column":2},"end":{"line":63,"column":3}},"type":"if","locations":[{"start":{"line":61,"column":2},"end":{"line":63,"column":3}}]},"6":{"loc":{"start":{"line":79,"column":36},"end":{"line":79,"column":63}},"type":"binary-expr","locations":[{"start":{"line":79,"column":36},"end":{"line":79,"column":50}},{"start":{"line":79,"column":54},"end":{"line":79,"column":63}}]},"7":{"loc":{"start":{"line":83,"column":13},"end":{"line":90,"column":null}},"type":"binary-expr","locations":[{"start":{"line":83,"column":13},"end":{"line":83,"column":24}},{"start":{"line":84,"column":14},"end":{"line":87,"column":null}}]}},"s":{"0":2,"1":2,"2":2,"3":2,"4":2,"5":2,"6":52,"7":52,"8":52,"9":52,"10":18,"11":52,"12":18,"13":18,"14":18,"15":18,"16":16,"17":1,"18":17,"19":52,"20":0,"21":0,"22":0,"23":52,"24":27,"25":25,"26":1,"27":24,"28":19,"29":5,"30":8,"31":0,"32":2},"f":{"0":52,"1":18,"2":18,"3":0,"4":8,"5":0},"b":{"0":[52],"1":[1,0],"2":[0,0],"3":[27],"4":[1],"5":[19],"6":[8,1],"7":[8,8]}}
,"/Users/brandongarlock/projects/Fully-Compliant-Pipeline/ui/src/components/ProductShippingPreview.tsx": {"path":"/Users/brandongarlock/projects/Fully-Compliant-Pipeline/ui/src/components/ProductShippingPreview.tsx","statementMap":{"0":{"start":{"line":1,"column":0},"end":{"line":1,"column":60}},"1":{"start":{"line":2,"column":0},"end":{"line":2,"column":89}},"2":{"start":{"line":4,"column":0},"end":{"line":4,"column":50}},"3":{"start":{"line":5,"column":0},"end":{"line":5,"column":38}},"4":{"start":{"line":12,"column":13},"end":{"line":148,"column":3}},"5":{"start":{"line":16,"column":42},"end":{"line":16,"column":85}},"6":{"start":{"line":17,"column":32},"end":{"line":17,"column":46}},"7":{"start":{"line":18,"column":28},"end":{"line":18,"column":57}},"8":{"start":{"line":21,"column":23},"end":{"line":21,"column":68}},"9":{"start":{"line":21,"column":37},"end":{"line":21,"column":50}},"10":{"start":{"line":22,"column":22},"end":{"line":22,"column":66}},"11":{"start":{"line":22,"column":36},"end":{"line":22,"column":55}},"12":{"start":{"line":24,"column":2},"end":{"line":72,"column":34}},"13":{"start":{"line":25,"column":20},"end":{"line":25,"column":24}},"14":{"start":{"line":26,"column":43},"end":{"line":26,"column":47}},"15":{"start":{"line":28,"column":30},"end":{"line":59,"column":5}},"16":{"start":{"line":29,"column":6},"end":{"line":29,"column":23}},"17":{"start":{"line":30,"column":6},"end":{"line":30,"column":21}},"18":{"start":{"line":32,"column":6},"end":{"line":58,"column":7}},"19":{"start":{"line":34,"column":21},"end":{"line":36,"column":null}},"20":{"start":{"line":39,"column":8},"end":{"line":42,"column":9}},"21":{"start":{"line":40,"column":10},"end":{"line":40,"column":32}},"22":{"start":{"line":41,"column":10},"end":{"line":41,"column":28}},"23":{"start":{"line":44,"column":8},"end":{"line":57,"column":9}},"24":{"start":{"line":45,"column":10},"end":{"line":45,"column":88}},"25":{"start":{"line":46,"column":10},"end":{"line":46,"column":28}},"26":{"start":{"line":48,"column":10},"end":{"line":56,"column":13}},"27":{"start":{"line":62,"column":4},"end":{"line":64,"column":12}},"28":{"start":{"line":63,"column":6},"end":{"line":63,"column":26}},"29":{"start":{"line":66,"column":4},"end":{"line":71,"column":6}},"30":{"start":{"line":67,"column":6},"end":{"line":67,"column":24}},"31":{"start":{"line":68,"column":6},"end":{"line":70,"column":7}},"32":{"start":{"line":69,"column":8},"end":{"line":69,"column":32}},"33":{"start":{"line":75,"column":2},"end":{"line":81,"column":3}},"34":{"start":{"line":76,"column":4},"end":{"line":80,"column":6}},"35":{"start":{"line":84,"column":2},"end":{"line":90,"column":3}},"36":{"start":{"line":85,"column":4},"end":{"line":89,"column":6}},"37":{"start":{"line":92,"column":2},"end":{"line":94,"column":3}},"38":{"start":{"line":93,"column":4},"end":{"line":93,"column":16}},"39":{"start":{"line":101,"column":6},"end":{"line":101,"column":18}},"40":{"start":{"line":103,"column":2},"end":{"line":139,"column":4}},"41":{"start":{"line":143,"column":2},"end":{"line":147,"column":4}}},"fnMap":{"0":{"name":"(anonymous_9)","decl":{"start":{"line":12,"column":88},"end":{"line":12,"column":89}},"loc":{"start":{"line":15,"column":5},"end":{"line":140,"column":1}}},"1":{"name":"(anonymous_10)","decl":{"start":{"line":21,"column":31},"end":{"line":21,"column":34}},"loc":{"start":{"line":21,"column":37},"end":{"line":21,"column":50}}},"2":{"name":"(anonymous_11)","decl":{"start":{"line":22,"column":30},"end":{"line":22,"column":33}},"loc":{"start":{"line":22,"column":36},"end":{"line":22,"column":55}}},"3":{"name":"(anonymous_12)","decl":{"start":{"line":24,"column":12},"end":{"line":24,"column":15}},"loc":{"start":{"line":24,"column":17},"end":{"line":72,"column":3}}},"4":{"name":"(anonymous_13)","decl":{"start":{"line":28,"column":30},"end":{"line":28,"column":35}},"loc":{"start":{"line":28,"column":41},"end":{"line":59,"column":5}}},"5":{"name":"(anonymous_14)","decl":{"start":{"line":62,"column":27},"end":{"line":62,"column":30}},"loc":{"start":{"line":62,"column":32},"end":{"line":64,"column":5}}},"6":{"name":"(anonymous_15)","decl":{"start":{"line":66,"column":11},"end":{"line":66,"column":14}},"loc":{"start":{"line":66,"column":16},"end":{"line":71,"column":5}}},"7":{"name":"(anonymous_16)","decl":{"start":{"line":140,"column":3},"end":{"line":140,"column":4}},"loc":{"start":{"line":140,"column":28},"end":{"line":148,"column":1}}}},"branchMap":{"0":{"loc":{"start":{"line":22,"column":36},"end":{"line":22,"column":55}},"type":"binary-expr","locations":[{"start":{"line":22,"column":36},"end":{"line":22,"column":42}},{"start":{"line":22,"column":46},"end":{"line":22,"column":55}}]},"1":{"loc":{"start":{"line":39,"column":8},"end":{"line":42,"column":9}},"type":"if","locations":[{"start":{"line":39,"column":8},"end":{"line":42,"column":9}}]},"2":{"loc":{"start":{"line":44,"column":8},"end":{"line":57,"column":9}},"type":"if","locations":[{"start":{"line":44,"column":8},"end":{"line":57,"column":9}}]},"3":{"loc":{"start":{"line":45,"column":19},"end":{"line":45,"column":86}},"type":"cond-expr","locations":[{"start":{"line":45,"column":42},"end":{"line":45,"column":53}},{"start":{"line":45,"column":56},"end":{"line":45,"column":86}}]},"4":{"loc":{"start":{"line":49,"column":20},"end":{"line":49,"column":39}},"type":"binary-expr","locations":[{"start":{"line":49,"column":20},"end":{"line":49,"column":31}},{"start":{"line":49,"column":35},"end":{"line":49,"column":39}}]},"5":{"loc":{"start":{"line":51,"column":26},"end":{"line":51,"column":55}},"type":"cond-expr","locations":[{"start":{"line":51,"column":47},"end":{"line":51,"column":48}},{"start":{"line":51,"column":51},"end":{"line":51,"column":55}}]},"6":{"loc":{"start":{"line":68,"column":6},"end":{"line":70,"column":7}},"type":"if","locations":[{"start":{"line":68,"column":6},"end":{"line":70,"column":7}}]},"7":{"loc":{"start":{"line":75,"column":2},"end":{"line":81,"column":3}},"type":"if","locations":[{"start":{"line":75,"column":2},"end":{"line":81,"column":3}}]},"8":{"loc":{"start":{"line":75,"column":6},"end":{"line":75,"column":30}},"type":"binary-expr","locations":[{"start":{"line":75,"column":6},"end":{"line":75,"column":13}},{"start":{"line":75,"column":17},"end":{"line":75,"column":30}}]},"9":{"loc":{"start":{"line":84,"column":2},"end":{"line":90,"column":3}},"type":"if","locations":[{"start":{"line":84,"column":2},"end":{"line":90,"column":3}}]},"10":{"loc":{"start":{"line":84,"column":6},"end":{"line":84,"column":28}},"type":"binary-expr","locations":[{"start":{"line":84,"column":6},"end":{"line":84,"column":11}},{"start":{"line":84,"column":15},"end":{"line":84,"column":28}}]},"11":{"loc":{"start":{"line":92,"column":2},"end":{"line":94,"column":3}},"type":"if","locations":[{"start":{"line":92,"column":2},"end":{"line":94,"column":3}}]},"12":{"loc":{"start":{"line":109,"column":47},"end":{"line":109,"column":94}},"type":"cond-expr","locations":[{"start":{"line":109,"column":74},"end":{"line":109,"column":89}},{"start":{"line":109,"column":92},"end":{"line":109,"column":94}}]},"13":{"loc":{"start":{"line":112,"column":11},"end":{"line":118,"column":null}},"type":"cond-expr","locations":[{"start":{"line":113,"column":12},"end":{"line":115,"column":null}},{"start":{"line":118,"column":12},"end":{"line":118,"column":41}}]},"14":{"loc":{"start":{"line":123,"column":7},"end":{"line":130,"column":null}},"type":"binary-expr","locations":[{"start":{"line":123,"column":7},"end":{"line":123,"column":32}},{"start":{"line":124,"column":8},"end":{"line":129,"column":null}}]},"15":{"loc":{"start":{"line":133,"column":7},"end":{"line":136,"column":null}},"type":"binary-expr","locations":[{"start":{"line":133,"column":7},"end":{"line":133,"column":31}},{"start":{"line":134,"column":8},"end":{"line":134,"column":null}}]},"16":{"loc":{"start":{"line":144,"column":4},"end":{"line":146,"column":41}},"type":"binary-expr","locations":[{"start":{"line":144,"column":4},"end":{"line":144,"column":55}},{"start":{"line":145,"column":4},"end":{"line":145,"column":49}},{"start":{"line":146,"column":4},"end":{"line":146,"column":41}}]}},"s":{"0":3,"1":3,"2":3,"3":3,"4":3,"5":34,"6":34,"7":34,"8":34,"9":19,"10":34,"11":19,"12":34,"13":20,"14":20,"15":20,"16":14,"17":14,"18":14,"19":14,"20":13,"21":13,"22":13,"23":1,"24":1,"25":1,"26":1,"27":20,"28":14,"29":20,"30":20,"31":20,"32":20,"33":34,"34":18,"35":16,"36":0,"37":16,"38":2,"39":14,"40":14,"41":4},"f":{"0":34,"1":19,"2":19,"3":20,"4":14,"5":14,"6":20,"7":4},"b":{"0":[19,2],"1":[13],"2":[1],"3":[1,0],"4":[1,0],"5":[0,1],"6":[20],"7":[18],"8":[34,18],"9":[0],"10":[16,1],"11":[2],"12":[4,10],"13":[4,10],"14":[14,10],"15":[14,4],"16":[4,3,3]}}
,"/Users/brandongarlock/projects/Fully-Compliant-Pipeline/ui/src/components/ShippingBanner.tsx": {"path":"/Users/brandongarlock/projects/Fully-Compliant-Pipeline/ui/src/components/ShippingBanner.tsx","statementMap":{"0":{"start":{"line":2,"column":0},"end":{"line":2,"column":30}},"1":{"start":{"line":10,"column":61},"end":{"line":48,"column":1}},"2":{"start":{"line":15,"column":35},"end":{"line":15,"column":57}},"3":{"start":{"line":16,"column":26},"end":{"line":16,"column":60}},"4":{"start":{"line":17,"column":29},"end":{"line":17,"column":73}},"5":{"start":{"line":19,"column":2},"end":{"line":47,"column":4}},"6":{"start":{"line":10,"column":13},"end":{"line":10,"column":61}}},"fnMap":{"0":{"name":"(anonymous_0)","decl":{"start":{"line":10,"column":61},"end":{"line":10,"column":62}},"loc":{"start":{"line":14,"column":5},"end":{"line":48,"column":1}}}},"branchMap":{"0":{"loc":{"start":{"line":20,"column":39},"end":{"line":20,"column":116}},"type":"cond-expr","locations":[{"start":{"line":20,"column":66},"end":{"line":20,"column":91}},{"start":{"line":20,"column":94},"end":{"line":20,"column":116}}]},"1":{"loc":{"start":{"line":22,"column":9},"end":{"line":30,"column":null}},"type":"cond-expr","locations":[{"start":{"line":23,"column":10},"end":{"line":25,"column":null}},{"start":{"line":28,"column":10},"end":{"line":29,"column":null}}]},"2":{"loc":{"start":{"line":33,"column":7},"end":{"line":44,"column":null}},"type":"binary-expr","locations":[{"start":{"line":33,"column":7},"end":{"line":33,"column":32}},{"start":{"line":34,"column":8},"end":{"line":43,"column":null}}]}},"s":{"0":8,"1":8,"2":31,"3":31,"4":31,"5":31,"6":8},"f":{"0":31},"b":{"0":[8,23],"1":[8,23],"2":[31,23]}}
,"/Users/brandongarlock/projects/Fully-Compliant-Pipeline/ui/src/components/ShippingCostCalculator.tsx": {"path":"/Users/brandongarlock/projects/Fully-Compliant-Pipeline/ui/src/components/ShippingCostCalculator.tsx","statementMap":{"0":{"start":{"line":2,"column":0},"end":{"line":2,"column":50}},"1":{"start":{"line":3,"column":0},"end":{"line":3,"column":38}},"2":{"start":{"line":14,"column":77},"end":{"line":74,"column":1}},"3":{"start":{"line":22,"column":28},"end":{"line":22,"column":52}},"4":{"start":{"line":24,"column":2},"end":{"line":73,"column":4}},"5":{"start":{"line":14,"column":13},"end":{"line":14,"column":77}}},"fnMap":{"0":{"name":"(anonymous_0)","decl":{"start":{"line":14,"column":77},"end":{"line":14,"column":78}},"loc":{"start":{"line":21,"column":5},"end":{"line":74,"column":1}}}},"branchMap":{"0":{"loc":{"start":{"line":31,"column":49},"end":{"line":31,"column":96}},"type":"cond-expr","locations":[{"start":{"line":31,"column":76},"end":{"line":31,"column":91}},{"start":{"line":31,"column":94},"end":{"line":31,"column":96}}]},"1":{"loc":{"start":{"line":34,"column":13},"end":{"line":40,"column":null}},"type":"cond-expr","locations":[{"start":{"line":35,"column":14},"end":{"line":37,"column":null}},{"start":{"line":40,"column":14},"end":{"line":40,"column":43}}]},"2":{"loc":{"start":{"line":45,"column":9},"end":{"line":52,"column":null}},"type":"binary-expr","locations":[{"start":{"line":45,"column":9},"end":{"line":45,"column":34}},{"start":{"line":46,"column":10},"end":{"line":51,"column":null}}]},"3":{"loc":{"start":{"line":63,"column":41},"end":{"line":63,"column":93}},"type":"cond-expr","locations":[{"start":{"line":63,"column":68},"end":{"line":63,"column":88}},{"start":{"line":63,"column":91},"end":{"line":63,"column":93}}]},"4":{"loc":{"start":{"line":64,"column":13},"end":{"line":64,"column":78}},"type":"cond-expr","locations":[{"start":{"line":64,"column":40},"end":{"line":64,"column":46}},{"start":{"line":64,"column":49},"end":{"line":64,"column":78}}]}},"s":{"0":3,"1":3,"2":3,"3":51,"4":51,"5":3},"f":{"0":51},"b":{"0":[43,8],"1":[43,8],"2":[51,8],"3":[43,8],"4":[43,8]}}
,"/Users/brandongarlock/projects/Fully-Compliant-Pipeline/ui/src/components/ShippingRecommendations.tsx": {"path":"/Users/brandongarlock/projects/Fully-Compliant-Pipeline/ui/src/components/ShippingRecommendations.tsx","statementMap":{"0":{"start":{"line":1,"column":0},"end":{"line":1,"column":40}},"1":{"start":{"line":3,"column":0},"end":{"line":3,"column":39}},"2":{"start":{"line":11,"column":79},"end":{"line":97,"column":1}},"3":{"start":{"line":16,"column":52},"end":{"line":16,"column":71}},"4":{"start":{"line":19,"column":2},"end":{"line":25,"column":3}},"5":{"start":{"line":20,"column":4},"end":{"line":24,"column":6}},"6":{"start":{"line":28,"column":2},"end":{"line":30,"column":3}},"7":{"start":{"line":29,"column":4},"end":{"line":29,"column":16}},"8":{"start":{"line":32,"column":27},"end":{"line":34,"column":3}},"9":{"start":{"line":33,"column":4},"end":{"line":33,"column":27}},"10":{"start":{"line":36,"column":31},"end":{"line":40,"column":3}},"11":{"start":{"line":37,"column":4},"end":{"line":39,"column":7}},"12":{"start":{"line":38,"column":6},"end":{"line":38,"column":35}},"13":{"start":{"line":42,"column":2},"end":{"line":96,"column":4}},"14":{"start":{"line":65,"column":14},"end":{"line":66,"column":null}},"15":{"start":{"line":68,"column":31},"end":{"line":68,"column":58}},"16":{"start":{"line":79,"column":14},"end":{"line":80,"column":null}},"17":{"start":{"line":11,"column":13},"end":{"line":11,"column":79}},"18":{"start":{"line":105,"column":66},"end":{"line":141,"column":1}},"19":{"start":{"line":110,"column":2},"end":{"line":140,"column":4}},"20":{"start":{"line":121,"column":10},"end":{"line":122,"column":null}},"21":{"start":{"line":124,"column":31},"end":{"line":124,"column":55}},"22":{"start":{"line":133,"column":27},"end":{"line":133,"column":41}},"23":{"start":{"line":148,"column":76},"end":{"line":180,"column":1}},"24":{"start":{"line":152,"column":2},"end":{"line":179,"column":4}}},"fnMap":{"0":{"name":"(anonymous_0)","decl":{"start":{"line":11,"column":79},"end":{"line":11,"column":80}},"loc":{"start":{"line":15,"column":5},"end":{"line":97,"column":1}}},"1":{"name":"(anonymous_1)","decl":{"start":{"line":32,"column":27},"end":{"line":32,"column":28}},"loc":{"start":{"line":32,"column":49},"end":{"line":34,"column":3}}},"2":{"name":"(anonymous_2)","decl":{"start":{"line":36,"column":31},"end":{"line":36,"column":32}},"loc":{"start":{"line":36,"column":58},"end":{"line":40,"column":3}}},"3":{"name":"(anonymous_3)","decl":{"start":{"line":37,"column":26},"end":{"line":37,"column":27}},"loc":{"start":{"line":37,"column":38},"end":{"line":39,"column":5}}},"4":{"name":"(anonymous_4)","decl":{"start":{"line":64,"column":51},"end":{"line":64,"column":52}},"loc":{"start":{"line":65,"column":14},"end":{"line":66,"column":null}}},"5":{"name":"(anonymous_5)","decl":{"start":{"line":68,"column":25},"end":{"line":68,"column":28}},"loc":{"start":{"line":68,"column":31},"end":{"line":68,"column":58}}},"6":{"name":"(anonymous_6)","decl":{"start":{"line":78,"column":51},"end":{"line":78,"column":52}},"loc":{"start":{"line":79,"column":14},"end":{"line":80,"column":null}}},"7":{"name":"(anonymous_7)","decl":{"start":{"line":105,"column":66},"end":{"line":105,"column":67}},"loc":{"start":{"line":109,"column":5},"end":{"line":141,"column":1}}},"8":{"name":"(anonymous_8)","decl":{"start":{"line":120,"column":27},"end":{"line":120,"column":28}},"loc":{"start":{"line":121,"column":10},"end":{"line":122,"column":null}}},"9":{"name":"(anonymous_9)","decl":{"start":{"line":124,"column":25},"end":{"line":124,"column":28}},"loc":{"start":{"line":124,"column":31},"end":{"line":124,"column":55}}},"10":{"name":"(anonymous_10)","decl":{"start":{"line":133,"column":21},"end":{"line":133,"column":24}},"loc":{"start":{"line":133,"column":27},"end":{"line":133,"column":41}}},"11":{"name":"(anonymous_11)","decl":{"start":{"line":148,"column":76},"end":{"line":148,"column":77}},"loc":{"start":{"line":151,"column":5},"end":{"line":180,"column":1}}}},"branchMap":{"0":{"loc":{"start":{"line":13,"column":2},"end":{"line":13,"column":17}},"type":"default-arg","locations":[{"start":{"line":13,"column":12},"end":{"line":13,"column":17}}]},"1":{"loc":{"start":{"line":19,"column":2},"end":{"line":25,"column":3}},"type":"if","locations":[{"start":{"line":19,"column":2},"end":{"line":25,"column":3}}]},"2":{"loc":{"start":{"line":28,"column":2},"end":{"line":30,"column":3}},"type":"if","locations":[{"start":{"line":28,"column":2},"end":{"line":30,"column":3}}]},"3":{"loc":{"start":{"line":28,"column":6},"end":{"line":28,"column":116}},"type":"binary-expr","locations":[{"start":{"line":28,"column":6},"end":{"line":28,"column":22}},{"start":{"line":28,"column":26},"end":{"line":28,"column":66}},{"start":{"line":28,"column":70},"end":{"line":28,"column":116}}]},"4":{"loc":{"start":{"line":51,"column":7},"end":{"line":93,"column":null}},"type":"cond-expr","locations":[{"start":{"line":53,"column":8},"end":{"line":58,"column":null}},{"start":{"line":62,"column":8},"end":{"line":92,"column":null}}]},"5":{"loc":{"start":{"line":67,"column":59},"end":{"line":67,"column":102}},"type":"cond-expr","locations":[{"start":{"line":67,"column":89},"end":{"line":67,"column":97}},{"start":{"line":67,"column":100},"end":{"line":67,"column":102}}]},"6":{"loc":{"start":{"line":72,"column":17},"end":{"line":72,"column":115}},"type":"cond-expr","locations":[{"start":{"line":72,"column":46},"end":{"line":72,"column":62}},{"start":{"line":72,"column":65},"end":{"line":72,"column":115}}]},"7":{"loc":{"start":{"line":72,"column":65},"end":{"line":72,"column":115}},"type":"cond-expr","locations":[{"start":{"line":72,"column":94},"end":{"line":72,"column":102}},{"start":{"line":72,"column":105},"end":{"line":72,"column":115}}]},"8":{"loc":{"start":{"line":81,"column":66},"end":{"line":81,"column":109}},"type":"cond-expr","locations":[{"start":{"line":81,"column":96},"end":{"line":81,"column":104}},{"start":{"line":81,"column":107},"end":{"line":81,"column":109}}]},"9":{"loc":{"start":{"line":129,"column":7},"end":{"line":137,"column":null}},"type":"binary-expr","locations":[{"start":{"line":129,"column":7},"end":{"line":129,"column":31}},{"start":{"line":130,"column":8},"end":{"line":136,"column":null}}]},"10":{"loc":{"start":{"line":154,"column":7},"end":{"line":157,"column":null}},"type":"binary-expr","locations":[{"start":{"line":154,"column":7},"end":{"line":154,"column":23}},{"start":{"line":155,"column":8},"end":{"line":156,"column":null}}]},"11":{"loc":{"start":{"line":161,"column":9},"end":{"line":162,"column":null}},"type":"binary-expr","locations":[{"start":{"line":161,"column":9},"end":{"line":161,"column":28}},{"start":{"line":162,"column":10},"end":{"line":162,"column":89}}]},"12":{"loc":{"start":{"line":164,"column":9},"end":{"line":165,"column":null}},"type":"binary-expr","locations":[{"start":{"line":164,"column":9},"end":{"line":164,"column":25}},{"start":{"line":165,"column":10},"end":{"line":165,"column":83}}]},"13":{"loc":{"start":{"line":167,"column":9},"end":{"line":168,"column":null}},"type":"binary-expr","locations":[{"start":{"line":167,"column":9},"end":{"line":167,"column":31}},{"start":{"line":168,"column":10},"end":{"line":168,"column":88}}]}},"s":{"0":3,"1":3,"2":3,"3":56,"4":56,"5":24,"6":32,"7":17,"8":15,"9":3,"10":15,"11":1,"12":2,"13":15,"14":6,"15":1,"16":6,"17":3,"18":3,"19":18,"20":19,"21":1,"22":1,"23":3,"24":19},"f":{"0":56,"1":3,"2":1,"3":2,"4":6,"5":1,"6":6,"7":18,"8":19,"9":1,"10":1,"11":19},"b":{"0":[0],"1":[24],"2":[17],"3":[32,17,16],"4":[12,3],"5":[3,3],"6":[6,0],"7":[0,0],"8":[3,3],"9":[18,2],"10":[19,18],"11":[19,19],"12":[19,19],"13":[19,19]}}
,"/Users/brandongarlock/projects/Fully-Compliant-Pipeline/ui/src/components/UserForm.tsx": {"path":"/Users/brandongarlock/projects/Fully-Compliant-Pipeline/ui/src/components/UserForm.tsx","statementMap":{"0":{"start":{"line":1,"column":0},"end":{"line":1,"column":40}},"1":{"start":{"line":2,"column":0},"end":{"line":2,"column":54}},"2":{"start":{"line":3,"column":0},"end":{"line":3,"column":54}},"3":{"start":{"line":5,"column":0},"end":{"line":5,"column":24}},"4":{"start":{"line":7,"column":34},"end":{"line":121,"column":1}},"5":{"start":{"line":8,"column":28},"end":{"line":8,"column":43}},"6":{"start":{"line":9,"column":34},"end":{"line":13,"column":4}},"7":{"start":{"line":14,"column":32},"end":{"line":14,"column":47}},"8":{"start":{"line":15,"column":28},"end":{"line":15,"column":57}},"9":{"start":{"line":16,"column":32},"end":{"line":16,"column":47}},"10":{"start":{"line":18,"column":23},"end":{"line":45,"column":3}},"11":{"start":{"line":19,"column":4},"end":{"line":19,"column":23}},"12":{"start":{"line":20,"column":4},"end":{"line":20,"column":19}},"13":{"start":{"line":21,"column":4},"end":{"line":21,"column":22}},"14":{"start":{"line":22,"column":4},"end":{"line":22,"column":21}},"15":{"start":{"line":24,"column":4},"end":{"line":44,"column":5}},"16":{"start":{"line":26,"column":6},"end":{"line":28,"column":7}},"17":{"start":{"line":27,"column":8},"end":{"line":27,"column":44}},"18":{"start":{"line":29,"column":6},"end":{"line":31,"column":7}},"19":{"start":{"line":30,"column":8},"end":{"line":30,"column":45}},"20":{"start":{"line":32,"column":6},"end":{"line":34,"column":7}},"21":{"start":{"line":33,"column":8},"end":{"line":33,"column":66}},"22":{"start":{"line":36,"column":26},"end":{"line":36,"column":64}},"23":{"start":{"line":37,"column":6},"end":{"line":37,"column":27}},"24":{"start":{"line":38,"column":6},"end":{"line":38,"column":23}},"25":{"start":{"line":39,"column":6},"end":{"line":39,"column":57}},"26":{"start":{"line":41,"column":6},"end":{"line":41,"column":77}},"27":{"start":{"line":43,"column":6},"end":{"line":43,"column":24}},"28":{"start":{"line":47,"column":23},"end":{"line":50,"column":3}},"29":{"start":{"line":48,"column":28},"end":{"line":48,"column":36}},"30":{"start":{"line":49,"column":4},"end":{"line":49,"column":56}},"31":{"start":{"line":49,"column":27},"end":{"line":49,"column":53}},"32":{"start":{"line":52,"column":2},"end":{"line":66,"column":3}},"33":{"start":{"line":53,"column":4},"end":{"line":65,"column":6}},"34":{"start":{"line":60,"column":33},"end":{"line":60,"column":46}},"35":{"start":{"line":68,"column":2},"end":{"line":120,"column":4}},"36":{"start":{"line":7,"column":13},"end":{"line":7,"column":34}}},"fnMap":{"0":{"name":"(anonymous_0)","decl":{"start":{"line":7,"column":34},"end":{"line":7,"column":37}},"loc":{"start":{"line":7,"column":39},"end":{"line":121,"column":1}}},"1":{"name":"(anonymous_1)","decl":{"start":{"line":18,"column":23},"end":{"line":18,"column":28}},"loc":{"start":{"line":18,"column":52},"end":{"line":45,"column":3}}},"2":{"name":"(anonymous_2)","decl":{"start":{"line":47,"column":23},"end":{"line":47,"column":24}},"loc":{"start":{"line":47,"column":66},"end":{"line":50,"column":3}}},"3":{"name":"(anonymous_3)","decl":{"start":{"line":49,"column":16},"end":{"line":49,"column":17}},"loc":{"start":{"line":49,"column":27},"end":{"line":49,"column":53}}},"4":{"name":"(anonymous_4)","decl":{"start":{"line":60,"column":27},"end":{"line":60,"column":30}},"loc":{"start":{"line":60,"column":33},"end":{"line":60,"column":46}}}},"branchMap":{"0":{"loc":{"start":{"line":26,"column":6},"end":{"line":28,"column":7}},"type":"if","locations":[{"start":{"line":26,"column":6},"end":{"line":28,"column":7}}]},"1":{"loc":{"start":{"line":29,"column":6},"end":{"line":31,"column":7}},"type":"if","locations":[{"start":{"line":29,"column":6},"end":{"line":31,"column":7}}]},"2":{"loc":{"start":{"line":32,"column":6},"end":{"line":34,"column":7}},"type":"if","locations":[{"start":{"line":32,"column":6},"end":{"line":34,"column":7}}]},"3":{"loc":{"start":{"line":32,"column":10},"end":{"line":32,"column":67}},"type":"binary-expr","locations":[{"start":{"line":32,"column":10},"end":{"line":32,"column":35}},{"start":{"line":32,"column":39},"end":{"line":32,"column":67}}]},"4":{"loc":{"start":{"line":41,"column":15},"end":{"line":41,"column":75}},"type":"cond-expr","locations":[{"start":{"line":41,"column":38},"end":{"line":41,"column":49}},{"start":{"line":41,"column":52},"end":{"line":41,"column":75}}]},"5":{"loc":{"start":{"line":52,"column":2},"end":{"line":66,"column":3}},"type":"if","locations":[{"start":{"line":52,"column":2},"end":{"line":66,"column":3}}]},"6":{"loc":{"start":{"line":112,"column":9},"end":{"line":112,"column":62}},"type":"binary-expr","locations":[{"start":{"line":112,"column":9},"end":{"line":112,"column":14}},{"start":{"line":112,"column":18},"end":{"line":112,"column":62}}]},"7":{"loc":{"start":{"line":113,"column":9},"end":{"line":113,"column":85}},"type":"binary-expr","locations":[{"start":{"line":113,"column":9},"end":{"line":113,"column":16}},{"start":{"line":113,"column":20},"end":{"line":113,"column":85}}]},"8":{"loc":{"start":{"line":116,"column":11},"end":{"line":116,"column":50}},"type":"cond-expr","locations":[{"start":{"line":116,"column":21},"end":{"line":116,"column":34}},{"start":{"line":116,"column":37},"end":{"line":116,"column":50}}]}},"s":{"0":2,"1":2,"2":2,"3":2,"4":2,"5":30,"6":30,"7":30,"8":30,"9":30,"10":30,"11":3,"12":3,"13":3,"14":3,"15":3,"16":3,"17":0,"18":3,"19":0,"20":3,"21":1,"22":2,"23":1,"24":1,"25":1,"26":2,"27":3,"28":30,"29":9,"30":9,"31":9,"32":30,"33":3,"34":0,"35":27,"36":2},"f":{"0":30,"1":3,"2":9,"3":9,"4":0},"b":{"0":[0],"1":[0],"2":[1],"3":[3,3],"4":[2,0],"5":[3],"6":[27,2],"7":[27,0],"8":[2,25]}}
,"/Users/brandongarlock/projects/Fully-Compliant-Pipeline/ui/src/context/AppContext.tsx": {"path":"/Users/brandongarlock/projects/Fully-Compliant-Pipeline/ui/src/context/AppContext.tsx","statementMap":{"0":{"start":{"line":1,"column":0},"end":{"line":1,"column":99}},"1":{"start":{"line":4,"column":0},"end":{"line":4,"column":62}},"2":{"start":{"line":26,"column":19},"end":{"line":26,"column":71}},"3":{"start":{"line":28,"column":29},"end":{"line":34,"column":1}},"4":{"start":{"line":29,"column":18},"end":{"line":29,"column":40}},"5":{"start":{"line":30,"column":2},"end":{"line":32,"column":3}},"6":{"start":{"line":31,"column":4},"end":{"line":31,"column":69}},"7":{"start":{"line":33,"column":2},"end":{"line":33,"column":17}},"8":{"start":{"line":28,"column":13},"end":{"line":28,"column":29}},"9":{"start":{"line":40,"column":55},"end":{"line":280,"column":1}},"10":{"start":{"line":41,"column":31},"end":{"line":44,"column":4}},"11":{"start":{"line":42,"column":22},"end":{"line":42,"column":52}},"12":{"start":{"line":43,"column":4},"end":{"line":43,"column":52}},"13":{"start":{"line":46,"column":26},"end":{"line":49,"column":4}},"14":{"start":{"line":47,"column":22},"end":{"line":47,"column":52}},"15":{"start":{"line":48,"column":4},"end":{"line":48,"column":50}},"16":{"start":{"line":51,"column":34},"end":{"line":51,"column":57}},"17":{"start":{"line":53,"column":46},"end":{"line":59,"column":4}},"18":{"start":{"line":54,"column":4},"end":{"line":57,"column":5}},"19":{"start":{"line":55,"column":26},"end":{"line":55,"column":66}},"20":{"start":{"line":56,"column":6},"end":{"line":56,"column":33}},"21":{"start":{"line":58,"column":4},"end":{"line":58,"column":16}},"22":{"start":{"line":61,"column":60},"end":{"line":67,"column":4}},"23":{"start":{"line":62,"column":4},"end":{"line":65,"column":5}},"24":{"start":{"line":63,"column":29},"end":{"line":63,"column":76}},"25":{"start":{"line":64,"column":6},"end":{"line":64,"column":64}},"26":{"start":{"line":66,"column":4},"end":{"line":66,"column":16}},"27":{"start":{"line":69,"column":42},"end":{"line":75,"column":4}},"28":{"start":{"line":70,"column":4},"end":{"line":73,"column":5}},"29":{"start":{"line":71,"column":24},"end":{"line":71,"column":62}},"30":{"start":{"line":72,"column":6},"end":{"line":72,"column":54}},"31":{"start":{"line":74,"column":4},"end":{"line":74,"column":16}},"32":{"start":{"line":77,"column":56},"end":{"line":83,"column":4}},"33":{"start":{"line":78,"column":4},"end":{"line":81,"column":5}},"34":{"start":{"line":79,"column":31},"end":{"line":79,"column":76}},"35":{"start":{"line":80,"column":6},"end":{"line":80,"column":68}},"36":{"start":{"line":82,"column":4},"end":{"line":82,"column":16}},"37":{"start":{"line":85,"column":48},"end":{"line":85,"column":93}},"38":{"start":{"line":86,"column":62},"end":{"line":86,"column":86}},"39":{"start":{"line":87,"column":39},"end":{"line":87,"column":74}},"40":{"start":{"line":89,"column":29},"end":{"line":138,"column":28}},"41":{"start":{"line":90,"column":4},"end":{"line":137,"column":5}},"42":{"start":{"line":92,"column":24},"end":{"line":94,"column":null}},"43":{"start":{"line":93,"column":23},"end":{"line":93,"column":60}},"44":{"start":{"line":98,"column":23},"end":{"line":100,"column":null}},"45":{"start":{"line":103,"column":6},"end":{"line":103,"column":41}},"46":{"start":{"line":104,"column":6},"end":{"line":104,"column":63}},"47":{"start":{"line":105,"column":6},"end":{"line":105,"column":45}},"48":{"start":{"line":106,"column":6},"end":{"line":106,"column":59}},"49":{"start":{"line":109,"column":6},"end":{"line":114,"column":7}},"50":{"start":{"line":110,"column":8},"end":{"line":110,"column":66}},"51":{"start":{"line":111,"column":8},"end":{"line":111,"column":99}},"52":{"start":{"line":112,"column":8},"end":{"line":112,"column":81}},"53":{"start":{"line":113,"column":8},"end":{"line":113,"column":95}},"54":{"start":{"line":117,"column":29},"end":{"line":117,"column":51}},"55":{"start":{"line":118,"column":32},"end":{"line":118,"column":37}},"56":{"start":{"line":119,"column":35},"end":{"line":119,"column":39}},"57":{"start":{"line":120,"column":24},"end":{"line":122,"column":null}},"58":{"start":{"line":121,"column":23},"end":{"line":121,"column":60}},"59":{"start":{"line":124,"column":27},"end":{"line":124,"column":84}},"60":{"start":{"line":126,"column":6},"end":{"line":126,"column":40}},"61":{"start":{"line":127,"column":6},"end":{"line":127,"column":50}},"62":{"start":{"line":128,"column":6},"end":{"line":128,"column":36}},"63":{"start":{"line":129,"column":6},"end":{"line":129,"column":51}},"64":{"start":{"line":131,"column":6},"end":{"line":136,"column":7}},"65":{"start":{"line":132,"column":8},"end":{"line":132,"column":65}},"66":{"start":{"line":133,"column":8},"end":{"line":133,"column":86}},"67":{"start":{"line":134,"column":8},"end":{"line":134,"column":72}},"68":{"start":{"line":135,"column":8},"end":{"line":135,"column":87}},"69":{"start":{"line":141,"column":2},"end":{"line":144,"column":9}},"70":{"start":{"line":142,"column":4},"end":{"line":142,"column":25}},"71":{"start":{"line":147,"column":2},"end":{"line":152,"column":13}},"72":{"start":{"line":148,"column":4},"end":{"line":150,"column":5}},"73":{"start":{"line":149,"column":6},"end":{"line":149,"column":27}},"74":{"start":{"line":155,"column":32},"end":{"line":192,"column":34}},"75":{"start":{"line":157,"column":4},"end":{"line":159,"column":5}},"76":{"start":{"line":158,"column":6},"end":{"line":158,"column":57}},"77":{"start":{"line":162,"column":4},"end":{"line":162,"column":36}},"78":{"start":{"line":165,"column":4},"end":{"line":191,"column":12}},"79":{"start":{"line":166,"column":6},"end":{"line":190,"column":7}},"80":{"start":{"line":168,"column":26},"end":{"line":170,"column":null}},"81":{"start":{"line":169,"column":25},"end":{"line":169,"column":62}},"82":{"start":{"line":174,"column":28},"end":{"line":174,"column":55}},"83":{"start":{"line":174,"column":47},"end":{"line":174,"column":54}},"84":{"start":{"line":177,"column":36},"end":{"line":181,"column":null}},"85":{"start":{"line":184,"column":8},"end":{"line":184,"column":48}},"86":{"start":{"line":186,"column":8},"end":{"line":186,"column":64}},"87":{"start":{"line":187,"column":8},"end":{"line":187,"column":33}},"88":{"start":{"line":189,"column":8},"end":{"line":189,"column":41}},"89":{"start":{"line":195,"column":2},"end":{"line":205,"column":52}},"90":{"start":{"line":196,"column":4},"end":{"line":196,"column":28}},"91":{"start":{"line":199,"column":4},"end":{"line":203,"column":6}},"92":{"start":{"line":200,"column":6},"end":{"line":202,"column":7}},"93":{"start":{"line":201,"column":8},"end":{"line":201,"column":59}},"94":{"start":{"line":207,"column":18},"end":{"line":214,"column":3}},"95":{"start":{"line":208,"column":4},"end":{"line":208,"column":23}},"96":{"start":{"line":209,"column":4},"end":{"line":213,"column":5}},"97":{"start":{"line":210,"column":6},"end":{"line":210,"column":59}},"98":{"start":{"line":212,"column":6},"end":{"line":212,"column":40}},"99":{"start":{"line":216,"column":2},"end":{"line":222,"column":13}},"100":{"start":{"line":217,"column":4},"end":{"line":221,"column":5}},"101":{"start":{"line":218,"column":6},"end":{"line":218,"column":59}},"102":{"start":{"line":220,"column":6},"end":{"line":220,"column":40}},"103":{"start":{"line":224,"column":20},"end":{"line":236,"column":3}},"104":{"start":{"line":225,"column":4},"end":{"line":235,"column":7}},"105":{"start":{"line":226,"column":27},"end":{"line":226,"column":74}},"106":{"start":{"line":226,"column":51},"end":{"line":226,"column":73}},"107":{"start":{"line":227,"column":6},"end":{"line":233,"column":7}},"108":{"start":{"line":228,"column":8},"end":{"line":232,"column":10}},"109":{"start":{"line":229,"column":10},"end":{"line":231,"column":18}},"110":{"start":{"line":234,"column":6},"end":{"line":234,"column":68}},"111":{"start":{"line":238,"column":25},"end":{"line":240,"column":3}},"112":{"start":{"line":239,"column":4},"end":{"line":239,"column":76}},"113":{"start":{"line":239,"column":26},"end":{"line":239,"column":74}},"114":{"start":{"line":239,"column":52},"end":{"line":239,"column":73}},"115":{"start":{"line":242,"column":29},"end":{"line":252,"column":3}},"116":{"start":{"line":243,"column":4},"end":{"line":246,"column":5}},"117":{"start":{"line":244,"column":6},"end":{"line":244,"column":32}},"118":{"start":{"line":245,"column":6},"end":{"line":245,"column":13}},"119":{"start":{"line":247,"column":4},"end":{"line":251,"column":6}},"120":{"start":{"line":248,"column":6},"end":{"line":249,"column":null}},"121":{"start":{"line":249,"column":8},"end":{"line":249,"column":75}},"122":{"start":{"line":254,"column":20},"end":{"line":257,"column":3}},"123":{"start":{"line":255,"column":4},"end":{"line":255,"column":16}},"124":{"start":{"line":256,"column":4},"end":{"line":256,"column":38}},"125":{"start":{"line":259,"column":32},"end":{"line":277,"column":4}},"126":{"start":{"line":279,"column":2},"end":{"line":279,"column":77}},"127":{"start":{"line":40,"column":13},"end":{"line":40,"column":55}}},"fnMap":{"0":{"name":"(anonymous_0)","decl":{"start":{"line":28,"column":29},"end":{"line":28,"column":32}},"loc":{"start":{"line":28,"column":34},"end":{"line":34,"column":1}}},"1":{"name":"(anonymous_1)","decl":{"start":{"line":40,"column":55},"end":{"line":40,"column":56}},"loc":{"start":{"line":40,"column":72},"end":{"line":280,"column":1}}},"2":{"name":"(anonymous_2)","decl":{"start":{"line":41,"column":53},"end":{"line":41,"column":56}},"loc":{"start":{"line":41,"column":58},"end":{"line":44,"column":3}}},"3":{"name":"(anonymous_3)","decl":{"start":{"line":46,"column":47},"end":{"line":46,"column":50}},"loc":{"start":{"line":46,"column":52},"end":{"line":49,"column":3}}},"4":{"name":"(anonymous_4)","decl":{"start":{"line":53,"column":70},"end":{"line":53,"column":73}},"loc":{"start":{"line":53,"column":75},"end":{"line":59,"column":3}}},"5":{"name":"(anonymous_5)","decl":{"start":{"line":61,"column":84},"end":{"line":61,"column":87}},"loc":{"start":{"line":61,"column":89},"end":{"line":67,"column":3}}},"6":{"name":"(anonymous_6)","decl":{"start":{"line":69,"column":66},"end":{"line":69,"column":69}},"loc":{"start":{"line":69,"column":71},"end":{"line":75,"column":3}}},"7":{"name":"(anonymous_7)","decl":{"start":{"line":77,"column":80},"end":{"line":77,"column":83}},"loc":{"start":{"line":77,"column":85},"end":{"line":83,"column":3}}},"8":{"name":"(anonymous_8)","decl":{"start":{"line":89,"column":41},"end":{"line":89,"column":46}},"loc":{"start":{"line":89,"column":52},"end":{"line":138,"column":3}}},"9":{"name":"(anonymous_9)","decl":{"start":{"line":93,"column":8},"end":{"line":93,"column":9}},"loc":{"start":{"line":93,"column":23},"end":{"line":93,"column":60}}},"10":{"name":"(anonymous_10)","decl":{"start":{"line":121,"column":8},"end":{"line":121,"column":9}},"loc":{"start":{"line":121,"column":23},"end":{"line":121,"column":60}}},"11":{"name":"(anonymous_11)","decl":{"start":{"line":141,"column":12},"end":{"line":141,"column":15}},"loc":{"start":{"line":141,"column":17},"end":{"line":144,"column":3}}},"12":{"name":"(anonymous_12)","decl":{"start":{"line":147,"column":12},"end":{"line":147,"column":15}},"loc":{"start":{"line":147,"column":17},"end":{"line":152,"column":3}}},"13":{"name":"(anonymous_13)","decl":{"start":{"line":155,"column":44},"end":{"line":155,"column":49}},"loc":{"start":{"line":155,"column":55},"end":{"line":192,"column":3}}},"14":{"name":"(anonymous_14)","decl":{"start":{"line":165,"column":54},"end":{"line":165,"column":59}},"loc":{"start":{"line":165,"column":65},"end":{"line":191,"column":5}}},"15":{"name":"(anonymous_15)","decl":{"start":{"line":169,"column":10},"end":{"line":169,"column":11}},"loc":{"start":{"line":169,"column":25},"end":{"line":169,"column":62}}},"16":{"name":"(anonymous_16)","decl":{"start":{"line":174,"column":37},"end":{"line":174,"column":38}},"loc":{"start":{"line":174,"column":47},"end":{"line":174,"column":54}}},"17":{"name":"(anonymous_17)","decl":{"start":{"line":195,"column":12},"end":{"line":195,"column":15}},"loc":{"start":{"line":195,"column":17},"end":{"line":205,"column":3}}},"18":{"name":"(anonymous_18)","decl":{"start":{"line":199,"column":11},"end":{"line":199,"column":14}},"loc":{"start":{"line":199,"column":16},"end":{"line":203,"column":5}}},"19":{"name":"(anonymous_19)","decl":{"start":{"line":207,"column":18},"end":{"line":207,"column":19}},"loc":{"start":{"line":207,"column":40},"end":{"line":214,"column":3}}},"20":{"name":"(anonymous_20)","decl":{"start":{"line":216,"column":12},"end":{"line":216,"column":15}},"loc":{"start":{"line":216,"column":17},"end":{"line":222,"column":3}}},"21":{"name":"(anonymous_21)","decl":{"start":{"line":224,"column":20},"end":{"line":224,"column":21}},"loc":{"start":{"line":224,"column":59},"end":{"line":236,"column":3}}},"22":{"name":"(anonymous_22)","decl":{"start":{"line":225,"column":12},"end":{"line":225,"column":13}},"loc":{"start":{"line":225,"column":25},"end":{"line":235,"column":5}}},"23":{"name":"(anonymous_23)","decl":{"start":{"line":226,"column":41},"end":{"line":226,"column":42}},"loc":{"start":{"line":226,"column":51},"end":{"line":226,"column":73}}},"24":{"name":"(anonymous_24)","decl":{"start":{"line":228,"column":28},"end":{"line":228,"column":29}},"loc":{"start":{"line":229,"column":10},"end":{"line":231,"column":18}}},"25":{"name":"(anonymous_25)","decl":{"start":{"line":238,"column":25},"end":{"line":238,"column":26}},"loc":{"start":{"line":238,"column":47},"end":{"line":240,"column":3}}},"26":{"name":"(anonymous_26)","decl":{"start":{"line":239,"column":12},"end":{"line":239,"column":13}},"loc":{"start":{"line":239,"column":26},"end":{"line":239,"column":74}}},"27":{"name":"(anonymous_27)","decl":{"start":{"line":239,"column":42},"end":{"line":239,"column":43}},"loc":{"start":{"line":239,"column":52},"end":{"line":239,"column":73}}},"28":{"name":"(anonymous_28)","decl":{"start":{"line":242,"column":29},"end":{"line":242,"column":30}},"loc":{"start":{"line":242,"column":69},"end":{"line":252,"column":3}}},"29":{"name":"(anonymous_29)","decl":{"start":{"line":247,"column":12},"end":{"line":247,"column":13}},"loc":{"start":{"line":248,"column":6},"end":{"line":249,"column":null}}},"30":{"name":"(anonymous_30)","decl":{"start":{"line":248,"column":19},"end":{"line":248,"column":20}},"loc":{"start":{"line":249,"column":8},"end":{"line":249,"column":75}}},"31":{"name":"(anonymous_31)","decl":{"start":{"line":254,"column":20},"end":{"line":254,"column":23}},"loc":{"start":{"line":254,"column":25},"end":{"line":257,"column":3}}}},"branchMap":{"0":{"loc":{"start":{"line":30,"column":2},"end":{"line":32,"column":3}},"type":"if","locations":[{"start":{"line":30,"column":2},"end":{"line":32,"column":3}}]},"1":{"loc":{"start":{"line":43,"column":11},"end":{"line":43,"column":51}},"type":"cond-expr","locations":[{"start":{"line":43,"column":23},"end":{"line":43,"column":44}},{"start":{"line":43,"column":47},"end":{"line":43,"column":51}}]},"2":{"loc":{"start":{"line":48,"column":11},"end":{"line":48,"column":49}},"type":"cond-expr","locations":[{"start":{"line":48,"column":23},"end":{"line":48,"column":44}},{"start":{"line":48,"column":47},"end":{"line":48,"column":49}}]},"3":{"loc":{"start":{"line":54,"column":4},"end":{"line":57,"column":5}},"type":"if","locations":[{"start":{"line":54,"column":4},"end":{"line":57,"column":5}}]},"4":{"loc":{"start":{"line":54,"column":8},"end":{"line":54,"column":62}},"type":"binary-expr","locations":[{"start":{"line":54,"column":8},"end":{"line":54,"column":37}},{"start":{"line":54,"column":41},"end":{"line":54,"column":62}}]},"5":{"loc":{"start":{"line":56,"column":13},"end":{"line":56,"column":32}},"type":"binary-expr","locations":[{"start":{"line":56,"column":13},"end":{"line":56,"column":24}},{"start":{"line":56,"column":28},"end":{"line":56,"column":32}}]},"6":{"loc":{"start":{"line":62,"column":4},"end":{"line":65,"column":5}},"type":"if","locations":[{"start":{"line":62,"column":4},"end":{"line":65,"column":5}}]},"7":{"loc":{"start":{"line":62,"column":8},"end":{"line":62,"column":62}},"type":"binary-expr","locations":[{"start":{"line":62,"column":8},"end":{"line":62,"column":37}},{"start":{"line":62,"column":41},"end":{"line":62,"column":62}}]},"8":{"loc":{"start":{"line":64,"column":13},"end":{"line":64,"column":63}},"type":"cond-expr","locations":[{"start":{"line":64,"column":30},"end":{"line":64,"column":56}},{"start":{"line":64,"column":59},"end":{"line":64,"column":63}}]},"9":{"loc":{"start":{"line":70,"column":4},"end":{"line":73,"column":5}},"type":"if","locations":[{"start":{"line":70,"column":4},"end":{"line":73,"column":5}}]},"10":{"loc":{"start":{"line":70,"column":8},"end":{"line":70,"column":62}},"type":"binary-expr","locations":[{"start":{"line":70,"column":8},"end":{"line":70,"column":37}},{"start":{"line":70,"column":41},"end":{"line":70,"column":62}}]},"11":{"loc":{"start":{"line":72,"column":13},"end":{"line":72,"column":53}},"type":"cond-expr","locations":[{"start":{"line":72,"column":25},"end":{"line":72,"column":46}},{"start":{"line":72,"column":49},"end":{"line":72,"column":53}}]},"12":{"loc":{"start":{"line":78,"column":4},"end":{"line":81,"column":5}},"type":"if","locations":[{"start":{"line":78,"column":4},"end":{"line":81,"column":5}}]},"13":{"loc":{"start":{"line":78,"column":8},"end":{"line":78,"column":62}},"type":"binary-expr","locations":[{"start":{"line":78,"column":8},"end":{"line":78,"column":37}},{"start":{"line":78,"column":41},"end":{"line":78,"column":62}}]},"14":{"loc":{"start":{"line":80,"column":13},"end":{"line":80,"column":67}},"type":"cond-expr","locations":[{"start":{"line":80,"column":32},"end":{"line":80,"column":60}},{"start":{"line":80,"column":63},"end":{"line":80,"column":67}}]},"15":{"loc":{"start":{"line":100,"column":8},"end":{"line":100,"column":35}},"type":"binary-expr","locations":[{"start":{"line":100,"column":8},"end":{"line":100,"column":22}},{"start":{"line":100,"column":26},"end":{"line":100,"column":35}}]},"16":{"loc":{"start":{"line":109,"column":6},"end":{"line":114,"column":7}},"type":"if","locations":[{"start":{"line":109,"column":6},"end":{"line":114,"column":7}}]},"17":{"loc":{"start":{"line":109,"column":10},"end":{"line":109,"column":64}},"type":"binary-expr","locations":[{"start":{"line":109,"column":10},"end":{"line":109,"column":39}},{"start":{"line":109,"column":43},"end":{"line":109,"column":64}}]},"18":{"loc":{"start":{"line":117,"column":29},"end":{"line":117,"column":51}},"type":"binary-expr","locations":[{"start":{"line":117,"column":29},"end":{"line":117,"column":43}},{"start":{"line":117,"column":47},"end":{"line":117,"column":51}}]},"19":{"loc":{"start":{"line":124,"column":27},"end":{"line":124,"column":84}},"type":"cond-expr","locations":[{"start":{"line":124,"column":60},"end":{"line":124,"column":61}},{"start":{"line":124,"column":64},"end":{"line":124,"column":84}}]},"20":{"loc":{"start":{"line":131,"column":6},"end":{"line":136,"column":7}},"type":"if","locations":[{"start":{"line":131,"column":6},"end":{"line":136,"column":7}}]},"21":{"loc":{"start":{"line":131,"column":10},"end":{"line":131,"column":64}},"type":"binary-expr","locations":[{"start":{"line":131,"column":10},"end":{"line":131,"column":39}},{"start":{"line":131,"column":43},"end":{"line":131,"column":64}}]},"22":{"loc":{"start":{"line":148,"column":4},"end":{"line":150,"column":5}},"type":"if","locations":[{"start":{"line":148,"column":4},"end":{"line":150,"column":5}}]},"23":{"loc":{"start":{"line":148,"column":8},"end":{"line":148,"column":41}},"type":"binary-expr","locations":[{"start":{"line":148,"column":8},"end":{"line":148,"column":23}},{"start":{"line":148,"column":27},"end":{"line":148,"column":41}}]},"24":{"loc":{"start":{"line":157,"column":4},"end":{"line":159,"column":5}},"type":"if","locations":[{"start":{"line":157,"column":4},"end":{"line":159,"column":5}}]},"25":{"loc":{"start":{"line":179,"column":10},"end":{"line":179,"column":58}},"type":"cond-expr","locations":[{"start":{"line":179,"column":35},"end":{"line":179,"column":46}},{"start":{"line":179,"column":49},"end":{"line":179,"column":58}}]},"26":{"loc":{"start":{"line":180,"column":10},"end":{"line":180,"column":37}},"type":"binary-expr","locations":[{"start":{"line":180,"column":10},"end":{"line":180,"column":24}},{"start":{"line":180,"column":28},"end":{"line":180,"column":37}}]},"27":{"loc":{"start":{"line":200,"column":6},"end":{"line":202,"column":7}},"type":"if","locations":[{"start":{"line":200,"column":6},"end":{"line":202,"column":7}}]},"28":{"loc":{"start":{"line":209,"column":4},"end":{"line":213,"column":5}},"type":"if","locations":[{"start":{"line":209,"column":4},"end":{"line":213,"column":5}},{"start":{"line":211,"column":11},"end":{"line":213,"column":5}}]},"29":{"loc":{"start":{"line":217,"column":4},"end":{"line":221,"column":5}},"type":"if","locations":[{"start":{"line":217,"column":4},"end":{"line":221,"column":5}},{"start":{"line":219,"column":11},"end":{"line":221,"column":5}}]},"30":{"loc":{"start":{"line":227,"column":6},"end":{"line":233,"column":7}},"type":"if","locations":[{"start":{"line":227,"column":6},"end":{"line":233,"column":7}}]},"31":{"loc":{"start":{"line":229,"column":10},"end":{"line":231,"column":18}},"type":"cond-expr","locations":[{"start":{"line":230,"column":14},"end":{"line":230,"column":71}},{"start":{"line":231,"column":14},"end":{"line":231,"column":18}}]},"32":{"loc":{"start":{"line":243,"column":4},"end":{"line":246,"column":5}},"type":"if","locations":[{"start":{"line":243,"column":4},"end":{"line":246,"column":5}}]},"33":{"loc":{"start":{"line":249,"column":8},"end":{"line":249,"column":75}},"type":"cond-expr","locations":[{"start":{"line":249,"column":32},"end":{"line":249,"column":68}},{"start":{"line":249,"column":71},"end":{"line":249,"column":75}}]}},"s":{"0":9,"1":9,"2":9,"3":9,"4":415,"5":415,"6":0,"7":415,"8":9,"9":9,"10":235,"11":87,"12":87,"13":235,"14":87,"15":87,"16":235,"17":235,"18":87,"19":87,"20":87,"21":0,"22":235,"23":87,"24":87,"25":87,"26":0,"27":235,"28":87,"29":87,"30":87,"31":0,"32":235,"33":87,"34":87,"35":87,"36":0,"37":235,"38":235,"39":235,"40":235,"41":126,"42":126,"43":51,"44":126,"45":72,"46":65,"47":65,"48":65,"49":65,"50":65,"51":65,"52":65,"53":65,"54":7,"55":7,"56":7,"57":7,"58":0,"59":7,"60":7,"61":7,"62":7,"63":7,"64":7,"65":7,"66":7,"67":7,"68":7,"69":235,"70":87,"71":235,"72":99,"73":39,"74":235,"75":110,"76":23,"77":110,"78":110,"79":8,"80":8,"81":0,"82":8,"83":0,"84":8,"85":8,"86":0,"87":0,"88":8,"89":235,"90":110,"91":110,"92":110,"93":110,"94":235,"95":2,"96":2,"97":2,"98":0,"99":235,"100":99,"101":27,"102":72,"103":235,"104":3,"105":3,"106":0,"107":3,"108":0,"109":0,"110":3,"111":235,"112":2,"113":2,"114":2,"115":235,"116":2,"117":0,"118":0,"119":2,"120":2,"121":2,"122":235,"123":5,"124":5,"125":235,"126":235,"127":9},"f":{"0":415,"1":235,"2":87,"3":87,"4":87,"5":87,"6":87,"7":87,"8":126,"9":51,"10":0,"11":87,"12":99,"13":110,"14":8,"15":0,"16":0,"17":110,"18":110,"19":2,"20":99,"21":3,"22":3,"23":0,"24":0,"25":2,"26":2,"27":2,"28":2,"29":2,"30":2,"31":5},"b":{"0":[0],"1":[29,58],"2":[22,65],"3":[87],"4":[87,87],"5":[87,63],"6":[87],"7":[87,87],"8":[24,63],"9":[87],"10":[87,87],"11":[20,67],"12":[87],"13":[87,87],"14":[20,67],"15":[126,71],"16":[65],"17":[65,65],"18":[7,1],"19":[0,7],"20":[7],"21":[7,7],"22":[39],"23":[99,72],"24":[23],"25":[0,8],"26":[8,0],"27":[110],"28":[2,0],"29":[27,72],"30":[0],"31":[0,0],"32":[0],"33":[2,0]}}
,"/Users/brandongarlock/projects/Fully-Compliant-Pipeline/ui/src/pages/Home.tsx": {"path":"/Users/brandongarlock/projects/Fully-Compliant-Pipeline/ui/src/pages/Home.tsx","statementMap":{"0":{"start":{"line":2,"column":0},"end":{"line":2,"column":40}},"1":{"start":{"line":3,"column":0},"end":{"line":3,"column":54}},"2":{"start":{"line":4,"column":0},"end":{"line":4,"column":62}},"3":{"start":{"line":5,"column":0},"end":{"line":5,"column":20}},"4":{"start":{"line":7,"column":30},"end":{"line":64,"column":1}},"5":{"start":{"line":8,"column":64},"end":{"line":8,"column":79}},"6":{"start":{"line":10,"column":20},"end":{"line":12,"column":null}},"7":{"start":{"line":11,"column":19},"end":{"line":11,"column":56}},"8":{"start":{"line":15,"column":2},"end":{"line":63,"column":4}},"9":{"start":{"line":7,"column":13},"end":{"line":7,"column":30}}},"fnMap":{"0":{"name":"(anonymous_0)","decl":{"start":{"line":7,"column":30},"end":{"line":7,"column":33}},"loc":{"start":{"line":7,"column":35},"end":{"line":64,"column":1}}},"1":{"name":"(anonymous_1)","decl":{"start":{"line":11,"column":4},"end":{"line":11,"column":5}},"loc":{"start":{"line":11,"column":19},"end":{"line":11,"column":56}}}},"branchMap":{"0":{"loc":{"start":{"line":26,"column":13},"end":{"line":26,"column":54}},"type":"cond-expr","locations":[{"start":{"line":26,"column":20},"end":{"line":26,"column":38}},{"start":{"line":26,"column":41},"end":{"line":26,"column":54}}]},"1":{"loc":{"start":{"line":44,"column":13},"end":{"line":44,"column":70}},"type":"cond-expr","locations":[{"start":{"line":44,"column":31},"end":{"line":44,"column":54}},{"start":{"line":44,"column":57},"end":{"line":44,"column":70}}]},"2":{"loc":{"start":{"line":49,"column":7},"end":{"line":54,"column":null}},"type":"binary-expr","locations":[{"start":{"line":49,"column":7},"end":{"line":49,"column":22}},{"start":{"line":49,"column":26},"end":{"line":49,"column":40}},{"start":{"line":49,"column":44},"end":{"line":49,"column":65}},{"start":{"line":50,"column":8},"end":{"line":53,"column":null}}]},"3":{"loc":{"start":{"line":57,"column":7},"end":{"line":60,"column":null}},"type":"binary-expr","locations":[{"start":{"line":57,"column":7},"end":{"line":57,"column":11}},{"start":{"line":58,"column":8},"end":{"line":59,"column":null}}]}},"s":{"0":1,"1":1,"2":1,"3":1,"4":1,"5":22,"6":22,"7":10,"8":22,"9":1},"f":{"0":22,"1":10},"b":{"0":[4,18],"1":[8,14],"2":[22,8,2,2],"3":[22,4]}}
,"/Users/brandongarlock/projects/Fully-Compliant-Pipeline/ui/src/pages/OrdersPage.tsx": {"path":"/Users/brandongarlock/projects/Fully-Compliant-Pipeline/ui/src/pages/OrdersPage.tsx","statementMap":{"0":{"start":{"line":1,"column":0},"end":{"line":1,"column":51}},"1":{"start":{"line":2,"column":0},"end":{"line":2,"column":54}},"2":{"start":{"line":3,"column":0},"end":{"line":3,"column":56}},"3":{"start":{"line":4,"column":0},"end":{"line":4,"column":52}},"4":{"start":{"line":5,"column":0},"end":{"line":5,"column":58}},"5":{"start":{"line":7,"column":0},"end":{"line":7,"column":26}},"6":{"start":{"line":9,"column":36},"end":{"line":125,"column":1}},"7":{"start":{"line":10,"column":25},"end":{"line":10,"column":40}},"8":{"start":{"line":11,"column":30},"end":{"line":11,"column":51}},"9":{"start":{"line":12,"column":44},"end":{"line":12,"column":72}},"10":{"start":{"line":13,"column":32},"end":{"line":13,"column":47}},"11":{"start":{"line":14,"column":28},"end":{"line":14,"column":57}},"12":{"start":{"line":15,"column":34},"end":{"line":15,"column":83}},"13":{"start":{"line":17,"column":2},"end":{"line":21,"column":23}},"14":{"start":{"line":18,"column":4},"end":{"line":20,"column":5}},"15":{"start":{"line":19,"column":6},"end":{"line":19,"column":19}},"16":{"start":{"line":23,"column":21},"end":{"line":36,"column":3}},"17":{"start":{"line":24,"column":4},"end":{"line":24,"column":22}},"18":{"start":{"line":24,"column":15},"end":{"line":24,"column":22}},"19":{"start":{"line":26,"column":4},"end":{"line":26,"column":21}},"20":{"start":{"line":27,"column":4},"end":{"line":27,"column":19}},"21":{"start":{"line":28,"column":4},"end":{"line":35,"column":5}},"22":{"start":{"line":29,"column":25},"end":{"line":29,"column":70}},"23":{"start":{"line":30,"column":6},"end":{"line":30,"column":28}},"24":{"start":{"line":32,"column":6},"end":{"line":32,"column":77}},"25":{"start":{"line":34,"column":6},"end":{"line":34,"column":24}},"26":{"start":{"line":38,"column":29},"end":{"line":42,"column":3}},"27":{"start":{"line":39,"column":4},"end":{"line":39,"column":28}},"28":{"start":{"line":40,"column":4},"end":{"line":40,"column":27}},"29":{"start":{"line":41,"column":4},"end":{"line":41,"column":34}},"30":{"start":{"line":44,"column":26},"end":{"line":56,"column":3}},"31":{"start":{"line":45,"column":4},"end":{"line":45,"column":21}},"32":{"start":{"line":46,"column":4},"end":{"line":46,"column":19}},"33":{"start":{"line":47,"column":4},"end":{"line":55,"column":5}},"34":{"start":{"line":48,"column":20},"end":{"line":48,"column":56}},"35":{"start":{"line":49,"column":6},"end":{"line":49,"column":30}},"36":{"start":{"line":50,"column":6},"end":{"line":50,"column":29}},"37":{"start":{"line":52,"column":6},"end":{"line":52,"column":76}},"38":{"start":{"line":54,"column":6},"end":{"line":54,"column":24}},"39":{"start":{"line":58,"column":2},"end":{"line":124,"column":4}},"40":{"start":{"line":64,"column":27},"end":{"line":64,"column":48}},"41":{"start":{"line":71,"column":14},"end":{"line":71,"column":34}},"42":{"start":{"line":72,"column":14},"end":{"line":72,"column":27}},"43":{"start":{"line":97,"column":16},"end":{"line":97,"column":36}},"44":{"start":{"line":97,"column":74},"end":{"line":97,"column":99}},"45":{"start":{"line":115,"column":27},"end":{"line":115,"column":46}},"46":{"start":{"line":9,"column":13},"end":{"line":9,"column":36}}},"fnMap":{"0":{"name":"(anonymous_0)","decl":{"start":{"line":9,"column":36},"end":{"line":9,"column":39}},"loc":{"start":{"line":9,"column":41},"end":{"l
[...]
,"/Users/brandongarlock/projects/Fully-Compliant-Pipeline/ui/src/services/productService.ts": {"path":"/Users/brandongarlock/projects/Fully-Compliant-Pipeline/ui/src/services/productService.ts","statementMap":{"0":{"start":{"line":1,"column":0},"end":{"line":1,"column":35}},"1":{"start":{"line":4,"column":13},"end":{"line":19,"column":2}},"2":{"start":{"line":6,"column":21},"end":{"line":6,"column":65}},"3":{"start":{"line":7,"column":4},"end":{"line":7,"column":25}},"4":{"start":{"line":11,"column":21},"end":{"line":11,"column":76}},"5":{"start":{"line":12,"column":4},"end":{"line":12,"column":25}},"6":{"start":{"line":16,"column":21},"end":{"line":16,"column":77}},"7":{"start":{"line":17,"column":4},"end":{"line":17,"column":25}}},"fnMap":{"0":{"name":"(anonymous_0)","decl":{"start":{"line":5,"column":18},"end":{"line":5,"column":23}},"loc":{"start":{"line":5,"column":49},"end":{"line":8,"column":3}}},"1":{"name":"(anonymous_1)","decl":{"start":{"line":10,"column":14},"end":{"line":10,"column":19}},"loc":{"start":{"line":10,"column":60},"end":{"line":13,"column":3}}},"2":{"name":"(anonymous_2)","decl":{"start":{"line":15,"column":17},"end":{"line":15,"column":22}},"loc":{"start":{"line":15,"column":79},"end":{"line":18,"column":3}}}},"branchMap":{},"s":{"0":4,"1":4,"2":2,"3":1,"4":1,"5":1,"6":1,"7":1},"f":{"0":2,"1":1,"2":1},"b":{}}
,"/Users/brandongarlock/projects/Fully-Compliant-Pipeline/ui/src/services/shippingService.ts": {"path":"/Users/brandongarlock/projects/Fully-Compliant-Pipeline/ui/src/services/shippingService.ts","statementMap":{"0":{"start":{"line":1,"column":0},"end":{"line":1,"column":35}},"1":{"start":{"line":22,"column":25},"end":{"line":22,"column":46}},"2":{"start":{"line":23,"column":30},"end":{"line":23,"column":46}},"3":{"start":{"line":24,"column":41},"end":{"line":24,"column":68}},"4":{"start":{"line":25,"column":23},"end":{"line":25,"column":36}},"5":{"start":{"line":26,"column":39},"end":{"line":26,"column":48}},"6":{"start":{"line":43,"column":13},"end":{"line":329,"column":2}},"7":{"start":{"line":57,"column":21},"end":{"line":57,"column":64}},"8":{"start":{"line":60,"column":19},"end":{"line":60,"column":51}},"9":{"start":{"line":61,"column":4},"end":{"line":79,"column":5}},"10":{"start":{"line":62,"column":6},"end":{"line":78,"column":7}},"11":{"start":{"line":63,"column":44},"end":{"line":63,"column":62}},"12":{"start":{"line":64,"column":20},"end":{"line":64,"column":30}},"13":{"start":{"line":67,"column":8},"end":{"line":75,"column":9}},"14":{"start":{"line":69,"column":10},"end":{"line":74,"column":12}},"15":{"start":{"line":82,"column":6},"end":{"line":125,"column":5}},"16":{"start":{"line":83,"column":47},"end":{"line":83,"column":49}},"17":{"start":{"line":84,"column":8},"end":{"line":86,"column":9}},"18":{"start":{"line":85,"column":10},"end":{"line":85,"column":50}},"19":{"start":{"line":87,"column":8},"end":{"line":89,"column":9}},"20":{"start":{"line":88,"column":10},"end":{"line":88,"column":33}},"21":{"start":{"line":91,"column":28},"end":{"line":91,"column":66}},"22":{"start":{"line":92,"column":20},"end":{"line":92,"column":80}},"23":{"start":{"line":94,"column":23},"end":{"line":94,"column":75}},"24":{"start":{"line":95,"column":19},"end":{"line":95,"column":32}},"25":{"start":{"line":98,"column":58},"end":{"line":103,"column":8}},"26":{"start":{"line":105,"column":6},"end":{"line":111,"column":8}},"27":{"start":{"line":113,"column":6},"end":{"line":113,"column":18}},"28":{"start":{"line":116,"column":59},"end":{"line":122,"column":8}},"29":{"start":{"line":124,"column":6},"end":{"line":124,"column":31}},"30":{"start":{"line":141,"column":21},"end":{"line":141,"column":69}},"31":{"start":{"line":144,"column":19},"end":{"line":144,"column":51}},"32":{"start":{"line":145,"column":4},"end":{"line":176,"column":5}},"33":{"start":{"line":146,"column":6},"end":{"line":175,"column":7}},"34":{"start":{"line":147,"column":39},"end":{"line":147,"column":57}},"35":{"start":{"line":148,"column":20},"end":{"line":148,"column":30}},"36":{"start":{"line":151,"column":8},"end":{"line":172,"column":9}},"37":{"start":{"line":155,"column":43},"end":{"line":155,"column":93}},"38":{"start":{"line":156,"column":31},"end":{"line":156,"column":97}},"39":{"start":{"line":157,"column":34},"end":{"line":157,"column":96}},"40":{"start":{"line":160,"column":10},"end":{"line":171,"column":11}},"41":{"start":{"line":162,"column":12},"end":{"line":162,"column":48}},"42":{"start":{"line":164,"column":12},"end":{"line":170,"column":14}},"43":{"start":{"line":179,"column":4},"end":{"line":225,"column":5}},"44":{"start":{"line":180,"column":45},"end":{"line":180,"column":47}},"45":{"start":{"line":181,"column":6},"end":{"line":183,"column":7}},"46":{"start":{"line":182,"column":8},"end":{"line":182,"column":48}},"47":{"start":{"line":184,"column":6},"end":{"line":186,"column":7}},"48":{"start":{"line":185,"column":8},"end":{"line":185,"column":31}},"49":{"start":{"line":188,"column":26},"end":{"line":188,"column":64}},"50":{"start":{"line":189,"column":18},"end":{"line":189,"column":73}},"51":{"start":{"line":191,"column":23},"end":{"line":191,"column":70}},"52":{"start":{"line":192,"column":19},"end":{"line":192,"column":32}},"53":{"start":{"line":195,"column":48},"end":{"line":201,"column":8}},"54":{"start":{"line":203,"column":6},"end":{"line":209,"column":8}},"55":{"start":{"line":211,"column":6},"end":{"line":211,"column":18}},"56":{"start":{"line":214,"column":49},"end":{"line":222,"column":8}},"57":{"start":{"line":224,"column":6},"end":{"line":224,"column":26}},"58":{"start":{"line":245,"column":25},"end":{"line":247,"column":15}},"59":{"start":{"line":248,"column":21},"end":{"line":248,"column":109}},"60":{"start":{"line":251,"column":19},"end":{"line":251,"column":51}},"61":{"start":{"line":252,"column":4},"end":{"line":264,"column":5}},"62":{"start":{"line":253,"column":6},"end":{"line":263,"column":7}},"63":{"start":{"line":254,"column":50},"end":{"line":254,"column":68}},"64":{"start":{"line":255,"column":20},"end":{"line":255,"column":30}},"65":{"start":{"line":258,"column":8},"end":{"line":260,"column":9}},"66":{"start":{"line":259,"column":10},"end":{"line":259,"column":33}},"67":{"start":{"line":267,"column":4},"end":{"line":302,"column":5}},"68":{"start":{"line":268,"column":45},"end":{"line":268,"column":47}},"69":{"start":{"line":269,"column":6},"end":{"line":271,"column":7}},"70":{"start":{"line":270,"column":8},"end":{"line":270,"column":48}},"71":{"start":{"line":272,"column":6},"end":{"line":274,"column":7}},"72":{"start":{"line":273,"column":8},"end":{"line":273,"column":47}},"73":{"start":{"line":275,"column":6},"end":{"line":277,"column":7}},"74":{"start":{"line":276,"column":8},"end":{"line":276,"column":31}},"75":{"start":{"line":278,"column":6},"end":{"line":280,"column":7}},"76":{"start":{"line":279,"column":8},"end":{"line":279,"column":31}},"77":{"start":{"line":282,"column":26},"end":{"line":282,"column":64}},"78":{"start":{"line":283,"column":18},"end":{"line":283,"column":84}},"79":{"start":{"line":285,"column":23},"end":{"line":285,"column":72}},"80":{"start":{"line":286,"column":19},"end":{"line":286,"column":32}},"81":{"start":{"line":289,"column":6},"end":{"line":295,"column":8}},"82":{"start":{"line":297,"column":6},"end":{"line":297,"column":18}},"83":{"start":{"line":300,"column":6},"end":{"line":300,"column":71}},"84":{"start":{"line":301,"column":6},"end":{"line":301,"column":18}},"85":{"start":{"line":309,"column":4},"end":{"line":327,"column":5}},"86":{"start":{"line":310,"column":6},"end":{"line":310,"column":64}},"87":{"start":{"line":311,"column":6},"end":{"line":311,"column":69}},"88":{"start":{"line":313,"column":6},"end":{"line":317,"column":9}},"89":{"start":{"line":314,"column":8},"end":{"line":316,"column":9}},"90":{"start":{"line":315,"column":10},"end":{"line":315,"column":41}},"91":{"start":{"line":320,"column":6},"end":{"line":326,"column":9}},"92":{"start":{"line":321,"column":8},"end":{"line":325,"column":9}},"93":{"start":{"line":324,"column":10},"end":{"line":324,"column":41}}},"fnMap":{"0":{"name":"(anonymous_0)","decl":{"start":{"line":52,"column":24},"end":{"line":52,"column":29}},"loc":{"start":{"line":55,"column":42},"end":{"line":126,"column":3}}},"1":{"name":"(anonymous_1)","decl":{"start":{"line":136,"column":19},"end":{"line":136,"column":24}},"loc":{"start":{"line":139,"column":37},"end":{"line":226,"column":3}}},"2":{"name":"(anonymous_2)","decl":{"start":{"line":238,"column":30},"end":{"line":238,"column":35}},"loc":{"start":{"line":243,"column":46},"end":{"line":303,"column":3}}},"3":{"name":"(anonymous_3)","decl":{"start":{"line":308,"column":14},"end":{"line":308,"column":15}},"loc":{"start":{"line":308,"column":34},"end":{"line":328,"column":3}}},"4":{"name":"(anonymous_4)","decl":{"start":{"line":313,"column":42},"end":{"line":313,"column":43}},"loc":{"start":{"line":313,"column":50},"end":{"line":317,"column":7}}},"5":{"name":"(anonymous_5)","decl":{"start":{"line":320,"column":42},"end":{"line":320,"column":43}},"loc":{"start":{"line":320,"column":50},"end":{"line":326,"column":7}}}},"branchMap":{"0":{"loc":{"start":{"line":53,"column":4},"end":{"line":53,"column":25}},"type":"default-arg","locations":[{"start":{"line":53,"column":24},"end":{"line":53,"column":25}}]},"1":{"loc":{"start":{"line":57,"column":43},"end":{"line":57,"column":62}},"type":"binary-expr","locations":[{"start":{"line":57,"column":43},"end":{"line":57,"column":49}},{"start":{"line":57,"column":53},"end":{"line":57,"column":62}}]},"2":{"loc":{"start":{"line":61,"column":4},"end":{"line":79,"column":5}},"type":"if","locations":[{"start":{"line":61,"column":4},"end":{"line":79,"column":5}}]},"3":{"loc":{"start":{"line":67,"column":8},"end":{"line":75,"column":9}},"type":"if","locations":[{"start":{"line":67,"column":8},"end":{"line":75,"column":9}}]},"4":{"loc":{"start":{"line":84,"column":8},"end":{"line":86,"column":9}},"type":"if","locations":[{"start":{"line":84,"column":8},"end":{"line":86,"column":9}}]},"5":{"loc":{"start":{"line":87,"column":8},"end":{"line":89,"column":9}},"type":"if","locations":[{"start":{"line":87,"column":8},"end":{"line":89,"column":9}}]},"6":{"loc":{"start":{"line":92,"column":42},"end":{"line":92,"column":78}},"type":"cond-expr","locations":[{"start":{"line":92,"column":56},"end":{"line":92,"column":73}},{"start":{"line":92,"column":76},"end":{"line":92,"column":78}}]},"7":{"loc":{"start":{"line":117,"column":16},"end":{"line":117,"column":30}},"type":"binary-expr","locations":[{"start":{"line":117,"column":16},"end":{"line":117,"column":22}},{"start":{"line":117,"column":26},"end":{"line":117,"column":30}}]},"8":{"loc":{"start":{"line":137,"column":4},"end":{"line":137,"column":25}},"type":"default-arg","locations":[{"start":{"line":137,"column":24},"end":{"line":137,"column":25}}]},"9":{"loc":{"start":{"line":141,"column":48},"end":{"line":141,"column":67}},"type":"binary-expr","locations":[{"start":{"line":141,"column":48},"end":{"line":141,"column":54}},{"start":{"line":141,"column":58},"end":{"line":141,"column":67}}]},"10":{"loc":{"start":{"line":145,"column":4},"end":{"line":176,"column":5}},"type":"if","locations":[{"start":{"line":145,"column":4},"end":{"line":176,"column":5}}]},"11":{"loc":{"start":{"line":151,"column":8},"end":{"line":172,"column":9}},"type":"if","locations":[{"start":{"line":151,"column":8},"end":{"line":172,"column":9}}]},"12":{"loc":{"start":{"line":156,"column":31},"end":{"line":156,"column":97}},"type":"cond-expr","locations":[{"start":{"line":156,"column":58},"end":{"line":156,"column":59}},{"start":{"line":156,"column":62},"end":{"line":156,"column":97}}]},"13":{"loc":{"start":{"line":160,"column":10},"end":{"line":171,"column":11}},"type":"if","locations":[{"start":{"line":160,"column":10},"end":{"line":171,"column":11}},{"start":{"line":163,"column":17},"end":{"line":171,"column":11}}]},"14":{"loc":{"start":{"line":181,"column":6},"end":{"line":183,"column":7}},"type":"if","locations":[{"start":{"line":181,"column":6},"end":{"line":183,"column":7}}]},"15":{"loc":{"start":{"line":184,"column":6},"end":{"line":186,"column":7}},"type":"if","locations":[{"start":{"line":184,"column":6},"end":{"line":186,"column":7}}]},"16":{"loc":{"start":{"line":189,"column":35},"end":{"line":189,"column":71}},"type":"cond-expr","locations":[{"start":{"line":189,"column":49},"end":{"line":189,"column":66}},{"start":{"line":189,"column":69},"end":{"line":189,"column":71}}]},"17":{"loc":{"start":{"line":215,"column":16},"end":{"line":215,"column":30}},"type":"binary-expr","locations":[{"start":{"line":215,"column":16},"end":{"line":215,"column":22}},{"start":{"line":215,"column":26},"end":{"line":215,"column":30}}]},"18":{"loc":{"start":{"line":217,"column":22},"end":{"line":217,"column":51}},"type":"cond-expr","locations":[{"start":{"line":217,"column":43},"end":{"line":217,"column":44}},{"start":{"line":217,"column":47},"end":{"line":217,"column":51}}]},"19":{"loc":{"start":{"line":239,"column":4},"end":{"line":239,"column":25}},"type":"default-arg","locations":[{"start":{"line":239,"column":24},"end":{"line":239,"column":25}}]},"20":{"loc":{"start":{"line":245,"column":25},"end":{"line":247,"column":15}},"type":"cond-expr","locations":[{"start":{"line":246,"column":8},"end":{"line":246,"column":34}},{"start":{"line":247,"column":8},"end":{"line":247,"column":15}}]},"21":{"loc":{"start":{"line":245,"column":25},"end":{"line":245,"column":58}},"type":"binary-expr","locations":[{"start":{"line":245,"column":25},"end":{"line":245,"column":34}},{"start":{"line":245,"column":38},"end":{"line":245,"column":58}}]},"22":{"loc":{"start":{"line":248,"column":88},"end":{"line":248,"column":107}},"type":"binary-expr","locations":[{"start":{"line":248,"column":88},"end":{"line":248,"column":94}},{"start":{"line":248,"column":98},"end":{"line":248,"column":107}}]},"23":{"loc":{"start":{"line":252,"column":4},"end":{"line":264,"column":5}},"type":"if","locations":[{"start":{"line":252,"column":4},"end":{"line":264,"column":5}}]},"24":{"loc":{"start":{"line":258,"column":8},"end":{"line":260,"column":9}},"type":"if","locations":[{"start":{"line":258,"column":8},"end":{"line":260,"column":9}}]},"25":{"loc":{"start":{"line":269,"column":6},"end":{"line":271,"column":7}},"type":"if","locations":[{"start":{"line":269,"column":6},"end":{"line":271,"column":7}}]},"26":{"loc":{"start":{"line":272,"column":6},"end":{"line":274,"column":7}},"type":"if","locations":[{"start":{"line":272,"column":6},"end":{"line":274,"column":7}}]},"27":{"loc":{"start":{"line":272,"column":10},"end":{"line":272,"column":43}},"type":"binary-expr","locations":[{"start":{"line":272,"column":10},"end":{"line":272,"column":19}},{"start":{"line":272,"column":23},"end":{"line":272,"column":43}}]},"28":{"loc":{"start":{"line":275,"column":6},"end":{"line":277,"column":7}},"type":"if","locations":[{"start":{"line":275,"column":6},"end":{"line":277,"column":7}}]},"29":{"loc":{"start":{"line":278,"column":6},"end":{"line":280,"column":7}},"type":"if","locations":[{"start":{"line":278,"column":6},"end":{"line":280,"column":7}}]},"30":{"loc":{"start":{"line":283,"column":46},"end":{"line":283,"column":82}},"type":"cond-expr","locations":[{"start":{"line":283,"column":60},"end":{"line":283,"column":77}},{"start":{"line":283,"column":80},"end":{"line":283,"column":82}}]},"31":{"loc":{"start":{"line":309,"column":4},"end":{"line":327,"column":5}},"type":"if","locations":[{"start":{"line":309,"column":4},"end":{"line":327,"column":5}},{"start":{"line":318,"column":11},"end":{"line":327,"column":5}}]},"32":{"loc":{"start":{"line":314,"column":8},"end":{"line":316,"column":9}},"type":"if","locations":[{"start":{"line":314,"column":8},"end":{"line":316,"column":9}}]},"33":{"loc":{"start":{"line":314,"column":12},"end":{"line":314,"column":84}},"type":"binary-expr","locations":[{"start":{"line":314,"column":12},"end":{"line":314,"column":60}},{"start":{"line":314,"column":64},"end":{"line":314,"column":84}}]},"34":{"loc":{"start":{"line":321,"column":8},"end":{"line":325,"column":9}},"type":"if","locations":[{"start":{"line":321,"column":8},"end":{"line":325,"column":9}}]},"35":{"loc":{"start":{"line":321,"column":12},"end":{"line":323,"column":60}},"type":"binary-expr","locations":[{"start":{"line":321,"column":12},"end":{"line":321,"column":44}},{"start":{"line":322,"column":12},"end":{"line":322,"column":49}},{"start":{"line":323,"column":12},"end":{"line":323,"column":60}}]}},"s":{"0":11,"1":11,"2":11,"3":11,"4":11,"5":11,"6":11,"7":7,"8":7,"9":7,"10":3,"11":3,"12":2,"13":2,"14":1,"15":6,"16":6,"17":6,"18":6,"19":6,"20":5,"21":6,"22":6,"23":6,"24":5,"25":5,"26":5,"27":5,"28":1,"29":1,"30":119,"31":119,"32":119,"33":0,"34":0,"35":0,"36":0,"37":0,"38":0,"39":0,"40":0,"41":0,"42":0,"43":119,"44":119,"45":119,"46":119,"47":119,"48":49,"49":119,"50":119,"51":119,"52":4,"53":4,"54":4,"55":4,"56":61,"57":61,"58":7,"59":7,"60":7,"61":7,"62":0,"63":0,"64":0,"65":0,"66":0,"67":7,"68":7,"69":7,"70":7,"71":7,"72":0,"73":7,"74":7,"75":7,"76":7,"77":7,"78":7,"79":7,"80":0,"81":0,"82":0,"83":7,"84":7,"85":2,"86":1,"87":1,"88":1,"89":1,"90":0,"91":1,"92":3,"93":2},"f":{"0":7,"1":119,"2":7,"3":2,"4":1,"5":3},"b":{"0":[0],"1":[7,1],"2":[3],"3":[1],"4":[6],"5":[5],"6":[6,0],"7":[1,0],"8":[0],"9":[119,70],"10":[0],"11":[0],"12":[0,0],"13":[0,0],"14":[119],"15":[49],"16":[119,0],"17":[61,31],"18":[27,34],"19":[0],"20":[0,7],"21":[7,0],"22":[7,0],"23":[0],"24":[0],"25":[7],"26":[0],"27":[7,0],"28":[7],"29":[7],"30":[7,0],"31":[1,1],"32":[0],"33":[1,0],"34":[2],"35":[3,1,1]}}
,"/Users/brandongarlock/projects/Fully-Compliant-Pipeline/ui/src/services/userService.ts": {"path":"/Users/brandongarlock/projects/Fully-Compliant-Pipeline/ui/src/services/userService.ts","statementMap":{"0":{"start":{"line":1,"column":0},"end":{"line":1,"column":32}},"1":{"start":{"line":4,"column":13},"end":{"line":14,"column":2}},"2":{"start":{"line":6,"column":21},"end":{"line":6,"column":65}},"3":{"start":{"line":7,"column":4},"end":{"line":7,"column":25}},"4":{"start":{"line":11,"column":21},"end":{"line":11,"column":64}},"5":{"start":{"line":12,"column":4},"end":{"line":12,"column":25}}},"fnMap":{"0":{"name":"(anonymous_0)","decl":{"start":{"line":5,"column":14},"end":{"line":5,"column":19}},"loc":{"start":{"line":5,"column":67},"end":{"line":8,"column":3}}},"1":{"name":"(anonymous_1)","decl":{"start":{"line":10,"column":11},"end":{"line":10,"column":16}},"loc":{"start":{"line":10,"column":51},"end":{"line":13,"column":3}}}},"branchMap":{},"s":{"0":3,"1":3,"2":2,"3":1,"4":2,"5":1},"f":{"0":2,"1":2},"b":{}}
}
