TN:
SF:src/App.tsx
FN:20,(anonymous_0)
FN:59,AppContent
FN:90,App
FNF:3
FNH:3
FNDA:18,(anonymous_0)
FNDA:9,AppContent
FNDA:9,App
DA:2,1
DA:3,1
DA:4,1
DA:5,1
DA:6,1
DA:7,1
DA:8,1
DA:9,1
DA:10,1
DA:11,1
DA:12,1
DA:13,1
DA:14,1
DA:15,1
DA:16,1
DA:17,1
DA:18,1
DA:20,1
DA:21,18
DA:22,18
DA:23,18
DA:25,18
DA:60,9
DA:91,9
DA:98,1
LF:25
LH:25
BRDA:28,0,0,0
BRDA:28,0,1,18
BRDA:32,1,0,0
BRDA:32,1,1,18
BRDA:34,2,0,0
BRDA:34,2,1,0
BRDA:35,3,0,0
BRDA:35,3,1,0
BRDA:39,4,0,18
BRDA:39,4,1,0
BRDA:40,5,0,0
BRDA:40,5,1,18
BRDA:41,6,0,0
BRDA:41,6,1,18
BRDA:42,7,0,0
BRDA:42,7,1,18
BRDA:43,8,0,0
BRDA:43,8,1,18
BRDA:44,9,0,0
BRDA:44,9,1,18
BRDA:45,10,0,0
BRDA:45,10,1,18
BRDA:46,11,0,18
BRDA:46,11,1,4
BRDA:48,12,0,0
BRDA:48,12,1,18
BRDA:49,13,0,0
BRDA:49,13,1,18
BRDA:50,14,0,0
BRDA:50,14,1,18
BRF:30
BRH:14
end_of_record
TN:
SF:src/components/CartStockStatus.tsx
FN:13,(anonymous_0)
FNF:1
FNH:1
FNDA:53,(anonymous_0)
DA:3,4
DA:4,4
DA:5,4
DA:6,4
DA:13,4
DA:14,53
DA:17,53
DA:18,53
DA:20,53
LF:9
LH:9
BRDA:14,0,0,53
BRDA:14,0,1,45
BRDA:15,1,0,42
BRDA:15,1,1,3
BRDA:25,2,0,53
BRDA:25,2,1,1
BRDA:26,3,0,53
BRDA:26,3,1,8
BRDA:32,4,0,8
BRDA:32,4,1,8
BRF:10
BRH:10
end_of_record
TN:
SF:src/components/ExchangeForm.tsx
FN:12,(anonymous_0)
FN:23,(anonymous_1)
FN:27,(anonymous_2)
FN:36,(anonymous_3)
FN:75,(anonymous_4)
FN:79,(anonymous_5)
FN:93,(anonymous_6)
FN:102,(anonymous_7)
FNF:8
FNH:8
FNDA:41,(anonymous_0)
FNDA:13,(anonymous_1)
FNDA:13,(anonymous_2)
FNDA:4,(anonymous_3)
FNDA:5,(anonymous_4)
FNDA:54,(anonymous_5)
FNDA:3,(anonymous_6)
FNDA:2,(anonymous_7)
DA:1,1
DA:2,1
DA:3,1
DA:5,1
DA:12,1
DA:16,41
DA:17,41
DA:18,41
DA:19,41
DA:20,41
DA:21,41
DA:23,41
DA:24,13
DA:27,41
DA:28,13
DA:29,13
DA:30,12
DA:32,1
DA:36,41
DA:37,4
DA:39,4
DA:40,0
DA:41,0
DA:44,4
DA:45,4
DA:47,4
DA:48,4
DA:54,4
DA:55,3
DA:56,1
DA:59,1
DA:61,4
DA:65,41
DA:75,5
DA:80,54
DA:93,3
DA:102,2
LF:37
LH:35
BRDA:39,0,0,0
BRDA:55,1,0,1
BRDA:59,2,0,1
BRDA:59,2,1,0
BRDA:69,3,0,41
BRDA:69,3,1,2
BRDA:93,4,0,3
BRDA:93,4,1,1
BRDA:108,5,0,4
BRDA:108,5,1,37
BRF:10
BRH:8
end_of_record
TN:
SF:src/components/GiftCardBalance.tsx
FN:6,(anonymous_0)
FN:13,(anonymous_1)
FN:47,(anonymous_2)
FN:55,(anonymous_3)
FN:73,(anonymous_4)
FN:125,(anonymous_5)
FNF:6
FNH:5
FNDA:15,(anonymous_0)
FNDA:4,(anonymous_1)
FNDA:2,(anonymous_2)
FNDA:4,(anonymous_3)
FNDA:3,(anonymous_4)
FNDA:0,(anonymous_5)
DA:1,2
DA:2,2
DA:4,2
DA:6,2
DA:7,15
DA:8,15
DA:9,15
DA:10,15
DA:11,15
DA:13,15
DA:14,4
DA:16,4
DA:17,1
DA:18,1
DA:21,3
DA:22,3
DA:23,3
DA:24,3
DA:26,3
DA:27,3
DA:28,2
DA:31,2
DA:32,2
DA:41,1
DA:43,3
DA:47,15
DA:48,2
DA:49,2
DA:51,0
DA:55,15
DA:56,4
DA:62,15
DA:73,3
DA:126,0
LF:34
LH:32
BRDA:16,0,0,1
BRDA:31,1,0,2
BRDA:41,2,0,1
BRDA:41,2,1,1
BRDA:41,2,2,0
BRDA:81,3,0,3
BRDA:81,3,1,12
BRDA:85,4,0,15
BRDA:85,4,1,2
BRDA:91,5,0,15
BRDA:91,5,1,2
BRDA:121,6,0,2
BRDA:121,6,1,0
BRDA:130,7,0,0
BRDA:130,7,1,0
BRF:15
BRH:11
end_of_record
TN:
SF:src/components/GiftCardPurchase.tsx
FN:9,(anonymous_0)
FN:23,(anonymous_1)
FN:28,(anonymous_2)
FN:36,(anonymous_3)
FN:47,(anonymous_4)
FN:97,(anonymous_5)
FN:113,(anonymous_6)
FN:124,(anonymous_7)
FN:140,(anonymous_8)
FN:145,(anonymous_9)
FN:170,(anonymous_10)
FN:178,(anonymous_11)
FN:188,(anonymous_12)
FN:204,(anonymous_13)
FN:215,(anonymous_14)
FN:226,(anonymous_15)
FN:239,(anonymous_16)
FN:254,(anonymous_17)
FNF:18
FNH:11
FNDA:32,(anonymous_0)
FNDA:6,(anonymous_1)
FNDA:4,(anonymous_2)
FNDA:76,(anonymous_3)
FNDA:2,(anonymous_4)
FNDA:250,(anonymous_5)
FNDA:1,(anonymous_6)
FNDA:0,(anonymous_7)
FNDA:217,(anonymous_8)
FNDA:6,(anonymous_9)
FNDA:0,(anonymous_10)
FNDA:2,(anonymous_11)
FNDA:2,(anonymous_12)
FNDA:0,(anonymous_13)
FNDA:0,(anonymous_14)
FNDA:0,(anonymous_15)
FNDA:0,(anonymous_16)
FNDA:0,(anonymous_17)
DA:1,2
DA:2,2
DA:3,2
DA:5,2
DA:7,2
DA:9,2
DA:10,32
DA:11,32
DA:12,32
DA:13,32
DA:14,32
DA:15,32
DA:16,32
DA:17,32
DA:18,32
DA:19,32
DA:20,32
DA:21,32
DA:23,32
DA:24,6
DA:25,6
DA:28,32
DA:29,4
DA:30,4
DA:31,4
DA:32,4
DA:36,32
DA:37,76
DA:38,36
DA:40,40
DA:41,9
DA:42,9
DA:44,31
DA:47,32
DA:48,2
DA:49,2
DA:50,2
DA:52,2
DA:53,2
DA:54,0
DA:55,0
DA:58,2
DA:59,0
DA:60,0
DA:63,2
DA:65,2
DA:66,2
DA:78,2
DA:79,1
DA:82,1
DA:83,1
DA:84,1
DA:85,1
DA:86,1
DA:87,1
DA:88,1
DA:89,1
DA:91,1
DA:93,2
DA:97,32
DA:98,250
DA:104,32
DA:106,32
DA:107,1
DA:114,1
DA:124,0
DA:132,31
DA:141,217
DA:145,6
DA:170,0
DA:179,2
DA:180,2
DA:188,2
DA:204,0
DA:215,0
DA:226,0
DA:239,0
DA:254,0
LF:78
LH:67
BRDA:30,0,0,4
BRDA:30,1,0,4
BRDA:30,1,1,4
BRDA:37,2,0,36
BRDA:40,3,0,9
BRDA:42,4,0,6
BRDA:42,4,1,3
BRDA:42,5,0,9
BRDA:42,5,1,9
BRDA:42,5,2,5
BRDA:53,6,0,0
BRDA:58,7,0,0
BRDA:58,8,0,2
BRDA:58,8,1,2
BRDA:70,9,0,2
BRDA:70,9,1,0
BRDA:71,10,0,2
BRDA:71,10,1,2
BRDA:72,11,0,2
BRDA:72,11,1,2
BRDA:73,12,0,2
BRDA:73,12,1,2
BRDA:74,13,0,2
BRDA:74,13,1,0
BRDA:75,14,0,2
BRDA:75,14,1,2
BRDA:91,15,0,1
BRDA:91,15,1,1
BRDA:91,15,2,0
BRDA:104,16,0,13
BRDA:104,16,1,19
BRDA:106,17,0,1
BRDA:118,18,0,1
BRDA:118,18,1,0
BRDA:144,19,0,12
BRDA:144,19,1,205
BRDA:179,20,0,2
BRDA:179,20,1,1
BRDA:267,21,0,31
BRDA:267,21,1,1
BRDA:273,22,0,31
BRDA:273,22,1,29
BRDA:274,23,0,2
BRDA:274,23,1,29
BRDA:274,24,0,3
BRDA:274,24,1,26
BRF:46
BRH:40
end_of_record
TN:
SF:src/components/LowStockWarning.tsx
FN:9,(anonymous_0)
FNF:1
FNH:1
FNDA:13,(anonymous_0)
DA:3,9
DA:9,9
DA:10,13
DA:13,13
DA:14,10
DA:17,3
LF:6
LH:6
BRDA:10,0,0,13
BRDA:10,0,1,8
BRDA:11,1,0,8
BRDA:11,1,1,0
BRDA:13,2,0,10
BRF:5
BRH:4
end_of_record
TN:
SF:src/components/LoyaltyBalance.tsx
FN:11,(anonymous_0)
FN:16,(anonymous_1)
FN:20,(anonymous_2)
FNF:3
FNH:3
FNDA:5,(anonymous_0)
FNDA:3,(anonymous_1)
FNDA:3,(anonymous_2)
DA:1,4
DA:2,4
DA:4,4
DA:11,4
DA:12,5
DA:13,5
DA:14,5
DA:16,5
DA:17,3
DA:20,5
DA:21,3
DA:22,3
DA:23,3
DA:24,3
DA:25,2
DA:26,2
DA:27,1
DA:30,0
DA:31,0
DA:33,2
DA:37,5
DA:38,3
DA:45,2
DA:46,0
DA:49,2
LF:25
LH:22
BRDA:26,0,0,1
BRDA:37,1,0,3
BRDA:45,2,0,0
BRDA:45,3,0,2
BRDA:45,3,1,2
BRF:5
BRH:4
end_of_record
TN:
SF:src/components/LoyaltyDashboard.tsx
FN:12,(anonymous_0)
FN:17,(anonymous_1)
FN:21,(anonymous_2)
FN:106,(anonymous_3)
FN:154,(anonymous_4)
FNF:5
FNH:5
FNDA:37,(anonymous_0)
FNDA:17,(anonymous_1)
FNDA:18,(anonymous_2)
FNDA:34,(anonymous_3)
FNDA:32,(anonymous_4)
DA:1,3
DA:2,3
DA:3,3
DA:4,3
DA:6,3
DA:12,3
DA:13,37
DA:14,37
DA:15,37
DA:17,37
DA:18,17
DA:21,37
DA:22,18
DA:23,18
DA:24,18
DA:25,18
DA:26,16
DA:28,2
DA:29,2
DA:31,18
DA:35,37
DA:36,18
DA:43,19
DA:44,2
DA:54,17
DA:56,17
DA:107,34
DA:155,32
LF:28
LH:28
BRDA:35,0,0,18
BRDA:43,1,0,2
BRDA:43,2,0,19
BRDA:43,2,1,17
BRDA:46,3,0,2
BRDA:46,3,1,0
BRDA:81,4,0,17
BRDA:81,4,1,17
BRDA:114,5,0,17
BRDA:114,5,1,16
BRDA:114,5,2,16
BRDA:119,6,0,16
BRDA:119,6,1,0
BRDA:148,7,0,1
BRDA:148,7,1,16
BRDA:158,8,0,16
BRDA:158,8,1,16
BRDA:162,9,0,32
BRDA:162,9,1,0
BRF:19
BRH:16
end_of_record
TN:
SF:src/components/LoyaltyTierBadge.tsx
FN:11,(anonymous_0)
FN:15,(anonymous_1)
FN:29,(anonymous_2)
FNF:3
FNH:3
FNDA:32,(anonymous_0)
FNDA:32,(anonymous_1)
FNDA:32,(anonymous_2)
DA:3,4
DA:11,4
DA:15,32
DA:16,32
DA:18,3
DA:20,4
DA:22,20
DA:25,5
DA:29,32
DA:30,32
DA:33,32
DA:34,32
DA:36,32
LF:13
LH:13
BRDA:13,0,0,12
BRDA:16,1,0,3
BRDA:16,1,1,4
BRDA:16,1,2,20
BRDA:16,1,3,4
BRDA:16,1,4,5
BRDA:47,2,0,32
BRDA:47,2,1,19
BRF:8
BRH:8
end_of_record
TN:
SF:src/components/NotificationPreferences.tsx
FN:10,(anonymous_0)
FN:17,(anonymous_1)
FN:21,(anonymous_2)
FN:34,(anonymous_3)
FN:45,(anonymous_4)
FN:79,(anonymous_5)
FN:91,(anonymous_6)
FN:105,(anonymous_7)
FN:118,(anonymous_8)
FNF:9
FNH:8
FNDA:39,(anonymous_0)
FNDA:14,(anonymous_1)
FNDA:14,(anonymous_2)
FNDA:3,(anonymous_3)
FNDA:0,(anonymous_4)
FNDA:1,(anonymous_5)
FNDA:1,(anonymous_6)
FNDA:1,(anonymous_7)
FNDA:1,(anonymous_8)
DA:1,3
DA:2,3
DA:4,3
DA:10,3
DA:11,39
DA:12,39
DA:13,39
DA:14,39
DA:15,39
DA:17,39
DA:18,14
DA:21,39
DA:22,14
DA:23,14
DA:24,14
DA:25,14
DA:26,13
DA:28,1
DA:30,14
DA:34,39
DA:35,3
DA:37,3
DA:38,3
DA:39,3
DA:41,3
DA:42,3
DA:43,2
DA:44,2
DA:45,2
DA:47,1
DA:49,3
DA:53,39
DA:54,15
DA:57,24
DA:58,1
DA:61,23
DA:79,1
DA:91,1
DA:105,1
DA:118,1
LF:40
LH:40
BRDA:28,0,0,1
BRDA:28,0,1,0
BRDA:35,1,0,0
BRDA:47,2,0,1
BRDA:47,2,1,0
BRDA:53,3,0,15
BRDA:57,4,0,1
BRDA:65,5,0,23
BRDA:65,5,1,1
BRDA:66,6,0,23
BRDA:66,6,1,2
BRDA:97,7,0,23
BRDA:97,7,1,6
BRDA:104,8,0,6
BRDA:104,8,1,3
BRDA:135,9,0,3
BRDA:135,9,1,20
BRF:17
BRH:14
end_of_record
TN:
SF:src/components/NotifyMeButton.tsx
FN:10,(anonymous_0)
FN:17,(anonymous_1)
FN:24,(anonymous_2)
FN:31,(anonymous_3)
FN:39,(anonymous_4)
FN:61,(anonymous_5)
FN:87,(anonymous_6)
FNF:7
FNH:6
FNDA:27,(anonymous_0)
FNDA:5,(anonymous_1)
FNDA:1,(anonymous_2)
FNDA:2,(anonymous_3)
FNDA:0,(anonymous_4)
FNDA:3,(anonymous_5)
FNDA:3,(anonymous_6)
DA:1,9
DA:2,9
DA:3,9
DA:10,9
DA:11,27
DA:12,27
DA:13,27
DA:14,27
DA:15,27
DA:17,27
DA:18,5
DA:19,5
DA:20,5
DA:21,5
DA:24,27
DA:25,1
DA:26,1
DA:27,1
DA:28,1
DA:31,27
DA:32,2
DA:33,2
DA:34,2
DA:36,2
DA:37,2
DA:38,1
DA:39,1
DA:40,0
DA:43,1
DA:45,2
DA:49,27
DA:61,3
DA:87,3
LF:33
LH:32
BRDA:43,0,0,1
BRDA:43,0,1,0
BRDA:59,1,0,27
BRDA:59,1,1,12
BRDA:75,2,0,1
BRDA:75,2,1,11
BRDA:93,3,0,11
BRDA:93,3,1,1
BRDA:106,4,0,11
BRDA:106,4,1,9
BRDA:108,5,0,2
BRDA:108,5,1,9
BRF:12
BRH:11
end_of_record
TN:
SF:src/components/OrderDetails.tsx
FN:10,(anonymous_0)
FN:16,(anonymous_1)
FN:73,(anonymous_2)
FNF:3
FNH:2
FNDA:6,(anonymous_0)
FNDA:0,(anonymous_1)
FNDA:9,(anonymous_2)
DA:2,3
DA:4,3
DA:10,3
DA:11,6
DA:14,6
DA:16,6
DA:17,0
DA:20,6
DA:74,9
LF:9
LH:8
BRDA:14,0,0,6
BRDA:14,0,1,6
BRDA:24,1,0,6
BRDA:24,1,1,0
BRDA:53,2,0,6
BRDA:53,2,1,6
BRDA:75,3,0,9
BRDA:75,3,1,3
BRDA:77,4,0,9
BRDA:77,4,1,3
BRDA:78,5,0,9
BRDA:78,5,1,3
BRF:12
BRH:11
end_of_record
TN:
SF:src/components/OrderDetailsCard.tsx
FN:10,(anonymous_0)
FN:19,(anonymous_1)
FNF:2
FNH:2
FNDA:29,(anonymous_0)
FNDA:37,(anonymous_1)
DA:3,3
DA:10,3
DA:11,29
DA:20,37
LF:4
LH:4
BRDA:15,0,0,29
BRDA:15,0,1,28
BRDA:15,0,2,28
BRDA:15,0,3,27
BRDA:22,1,0,37
BRDA:22,1,1,1
BRDA:26,2,0,35
BRDA:26,2,1,2
BRDA:26,3,0,2
BRDA:26,3,1,0
BRDA:31,4,0,27
BRDA:31,4,1,27
BRDA:39,5,0,29
BRDA:39,5,1,28
BRDA:46,6,0,29
BRDA:46,6,1,28
BRDA:52,7,0,29
BRDA:52,7,1,28
BRF:18
BRH:17
end_of_record
TN:
SF:src/components/OrderForm.tsx
FN:19,(anonymous_0)
FN:49,(anonymous_1)
FN:57,(anonymous_2)
FN:60,(anonymous_3)
FN:61,(anonymous_4)
FN:67,(anonymous_5)
FN:81,(anonymous_6)
FN:95,(anonymous_7)
FN:100,(anonymous_8)
FN:130,(anonymous_9)
FN:170,(anonymous_10)
FN:178,(anonymous_11)
FN:183,(anonymous_12)
FN:191,(anonymous_13)
FN:210,(anonymous_14)
FN:228,(anonymous_15)
FN:230,(anonymous_16)
FN:256,(anonymous_17)
FN:261,(anonymous_18)
FN:275,(anonymous_19)
FN:282,(anonymous_20)
FN:288,(anonymous_21)
FN:326,(anonymous_22)
FN:333,(anonymous_23)
FN:334,(anonymous_24)
FNF:25
FNH:12
FNDA:92,(anonymous_0)
FNDA:52,(anonymous_1)
FNDA:37,(anonymous_2)
FNDA:0,(anonymous_3)
FNDA:28,(anonymous_4)
FNDA:8,(anonymous_5)
FNDA:8,(anonymous_6)
FNDA:6,(anonymous_7)
FNDA:0,(anonymous_8)
FNDA:1,(anonymous_9)
FNDA:48,(anonymous_10)
FNDA:0,(anonymous_11)
FNDA:1,(anonymous_12)
FNDA:1,(anonymous_13)
FNDA:1,(anonymous_14)
FNDA:0,(anonymous_15)
FNDA:0,(anonymous_16)
FNDA:0,(anonymous_17)
FNDA:0,(anonymous_18)
FNDA:0,(anonymous_19)
FNDA:0,(anonymous_20)
FNDA:0,(anonymous_21)
FNDA:0,(anonymous_22)
FNDA:0,(anonymous_23)
FNDA:0,(anonymous_24)
DA:1,3
DA:2,3
DA:3,3
DA:4,3
DA:5,3
DA:6,3
DA:7,3
DA:8,3
DA:9,3
DA:10,3
DA:13,3
DA:19,3
DA:34,92
DA:36,92
DA:37,92
DA:38,92
DA:39,92
DA:40,92
DA:41,92
DA:42,92
DA:43,92
DA:44,92
DA:45,92
DA:46,92
DA:48,92
DA:49,52
DA:53,92
DA:54,92
DA:57,92
DA:58,37
DA:59,31
DA:60,0
DA:67,92
DA:68,8
DA:70,8
DA:71,0
DA:72,0
DA:75,8
DA:76,0
DA:77,0
DA:81,8
DA:82,8
DA:84,8
DA:85,2
DA:86,2
DA:89,6
DA:90,6
DA:92,6
DA:93,6
DA:95,6
DA:100,0
DA:103,6
DA:104,5
DA:105,5
DA:106,5
DA:107,5
DA:108,5
DA:109,5
DA:110,5
DA:112,5
DA:113,2
DA:116,1
DA:118,6
DA:122,92
DA:123,5
DA:131,1
DA:132,1
DA:133,1
DA:144,87
DA:145,12
DA:154,75
DA:155,27
DA:164,48
DA:171,48
DA:178,0
DA:183,1
DA:191,1
DA:210,1
DA:230,0
DA:231,0
DA:232,0
DA:257,0
DA:258,0
DA:259,0
DA:262,0
DA:275,0
DA:283,0
DA:284,0
DA:285,0
DA:288,0
DA:289,0
DA:290,0
DA:293,0
DA:294,0
DA:295,0
DA:296,0
DA:301,0
DA:306,0
DA:307,0
DA:309,0
DA:327,0
DA:334,0
DA:335,0
DA:336,0
LF:104
LH:71
BRDA:36,0,0,92
BRDA:36,0,1,59
BRDA:53,1,0,59
BRDA:53,1,1,33
BRDA:53,2,0,33
BRDA:53,2,1,33
BRDA:58,3,0,31
BRDA:70,4,0,0
BRDA:75,5,0,0
BRDA:82,6,0,8
BRDA:82,6,1,7
BRDA:84,7,0,2
BRDA:99,8,0,0
BRDA:99,8,1,6
BRDA:100,9,0,0
BRDA:100,9,1,6
BRDA:112,10,0,2
BRDA:116,11,0,1
BRDA:116,11,1,0
BRDA:122,12,0,5
BRDA:132,13,0,1
BRDA:144,14,0,12
BRDA:154,15,0,27
BRDA:193,16,0,48
BRDA:193,16,1,43
BRDA:194,17,0,48
BRDA:194,17,1,43
BRDA:196,18,0,5
BRDA:196,18,1,43
BRDA:200,19,0,48
BRDA:200,19,1,5
BRDA:220,20,0,48
BRDA:220,20,1,48
BRDA:220,20,2,48
BRDA:220,20,3,48
BRDA:220,20,4,48
BRDA:224,21,0,48
BRDA:224,21,1,45
BRDA:231,22,0,0
BRDA:247,23,0,48
BRDA:247,23,1,48
BRDA:247,23,2,0
BRDA:283,24,0,0
BRDA:288,25,0,0
BRDA:309,26,0,0
BRDA:309,26,1,0
BRDA:309,26,2,0
BRDA:313,27,0,48
BRDA:313,27,1,0
BRDA:318,28,0,48
BRDA:318,28,1,0
BRDA:323,29,0,48
BRDA:323,29,1,0
BRDA:358,30,0,3
BRDA:358,30,1,45
BRDA:358,31,0,48
BRDA:358,31,1,48
BRDA:365,32,0,48
BRDA:365,32,1,0
BRDA:371,33,0,48
BRDA:371,33,1,0
BRDA:384,34,0,48
BRDA:384,34,1,3
BRDA:393,35,0,3
BRDA:393,35,1,45
BRDA:395,36,0,7
BRDA:395,36,1,41
BRF:67
BRH:50
end_of_record
TN:
SF:src/components/OrderStatusTimeline.tsx
FN:10,(anonymous_0)
FN:14,(anonymous_1)
FN:24,(anonymous_2)
FN:29,(anonymous_3)
FN:40,(anonymous_4)
FNF:5
FNH:5
FNDA:27,(anonymous_0)
FNDA:57,(anonymous_1)
FNDA:228,(anonymous_2)
FNDA:33,(anonymous_3)
FNDA:57,(anonymous_4)
DA:3,3
DA:10,3
DA:14,27
DA:15,57
DA:24,27
DA:25,228
DA:29,27
DA:30,33
DA:33,27
DA:41,57
LF:10
LH:10
BRDA:36,0,0,1
BRDA:36,0,1,26
BRDA:43,1,0,26
BRDA:43,1,1,31
BRDA:44,2,0,26
BRDA:44,2,1,31
BRDA:45,3,0,26
BRDA:45,3,1,31
BRDA:48,4,0,57
BRDA:48,4,1,26
BRDA:55,5,0,57
BRDA:55,5,1,22
BRDA:60,6,0,57
BRDA:60,6,1,21
BRF:14
BRH:14
end_of_record
TN:
SF:src/components/OrderTrackingHeader.tsx
FN:9,(anonymous_0)
FN:10,(anonymous_1)
FN:21,(anonymous_2)
FNF:3
FNH:3
FNDA:32,(anonymous_0)
FNDA:30,(anonymous_1)
FNDA:32,(anonymous_2)
DA:3,3
DA:9,3
DA:10,32
DA:11,30
DA:12,30
DA:21,32
DA:22,32
DA:23,32
DA:24,31
DA:25,2
DA:26,1
DA:29,32
LF:12
LH:12
BRDA:11,0,0,0
BRDA:23,1,0,1
BRDA:24,2,0,29
BRDA:24,3,0,31
BRDA:24,3,1,4
BRDA:24,3,2,3
BRDA:25,4,0,1
BRDA:25,5,0,2
BRDA:25,5,1,1
BRDA:42,6,0,32
BRDA:42,6,1,31
BRDA:46,7,0,31
BRDA:46,7,1,30
BRDA:53,8,0,32
BRDA:53,8,1,30
BRF:15
BRH:14
end_of_record
TN:
SF:src/components/PointRedemptionForm.tsx
FN:14,(anonymous_0)
FN:26,(anonymous_1)
FN:30,(anonymous_2)
FN:46,(anonymous_3)
FN:70,(anonymous_4)
FN:91,(anonymous_5)
FN:112,(anonymous_6)
FN:120,(anonymous_7)
FN:128,(anonymous_8)
FNF:9
FNH:9
FNDA:48,(anonymous_0)
FNDA:32,(anonymous_1)
FNDA:32,(anonymous_2)
FNDA:1,(anonymous_3)
FNDA:3,(anonymous_4)
FNDA:13,(anonymous_5)
FNDA:1,(anonymous_6)
FNDA:1,(anonymous_7)
FNDA:1,(anonymous_8)
DA:1,4
DA:3,4
DA:14,4
DA:19,48
DA:20,48
DA:21,48
DA:23,48
DA:24,48
DA:26,48
DA:27,32
DA:30,48
DA:31,32
DA:32,10
DA:35,10
DA:36,3
DA:37,3
DA:40,10
DA:42,22
DA:46,48
DA:47,1
DA:48,0
DA:49,0
DA:52,1
DA:53,0
DA:54,0
DA:59,1
DA:60,1
DA:66,1
DA:70,48
DA:71,3
DA:72,3
DA:76,48
DA:91,13
DA:112,1
DA:120,1
DA:128,1
LF:36
LH:32
BRDA:31,0,0,10
BRDA:31,0,1,22
BRDA:31,1,0,32
BRDA:31,1,1,12
BRDA:35,2,0,3
BRDA:47,3,0,0
BRDA:52,4,0,0
BRDA:59,5,0,1
BRDA:71,6,0,3
BRDA:71,7,0,3
BRDA:71,7,1,3
BRDA:90,8,0,48
BRDA:90,8,1,18
BRDA:91,9,0,13
BRDA:91,9,1,1
BRDA:93,10,0,0
BRDA:93,10,1,48
BRDA:97,11,0,48
BRDA:97,11,1,13
BRDA:103,12,0,48
BRDA:103,12,1,0
BRDA:139,13,0,48
BRDA:139,13,1,24
BRF:23
BRH:19
end_of_record
TN:
SF:src/components/ProductForm.tsx
FN:7,(anonymous_0)
FN:20,(anonymous_1)
FN:61,(anonymous_2)
FN:63,(anonymous_3)
FNF:4
FNH:4
FNDA:112,(anonymous_0)
FNDA:11,(anonymous_1)
FNDA:59,(anonymous_2)
FNDA:59,(anonymous_3)
DA:1,4
DA:2,4
DA:3,4
DA:5,4
DA:7,4
DA:8,112
DA:9,112
DA:16,112
DA:17,112
DA:18,112
DA:20,112
DA:21,11
DA:22,11
DA:23,11
DA:24,11
DA:26,11
DA:28,11
DA:29,1
DA:31,10
DA:32,1
DA:34,9
DA:35,1
DA:37,8
DA:38,1
DA:40,7
DA:41,1
DA:44,6
DA:45,4
DA:46,4
DA:47,4
DA:55,6
DA:57,10
DA:61,112
DA:62,59
DA:63,59
DA:69,112
LF:36
LH:36
BRDA:28,0,0,1
BRDA:31,1,0,1
BRDA:34,2,0,1
BRDA:37,3,0,1
BRDA:40,4,0,1
BRDA:55,5,0,6
BRDA:55,5,1,0
BRDA:65,6,0,25
BRDA:65,6,1,34
BRDA:65,7,0,59
BRDA:65,7,1,47
BRDA:65,8,0,25
BRDA:65,8,1,2
BRDA:83,9,0,1
BRDA:83,9,1,111
BRDA:83,10,0,112
BRDA:83,10,1,6
BRDA:83,10,2,5
BRDA:97,11,0,1
BRDA:97,11,1,111
BRDA:97,12,0,112
BRDA:97,12,1,6
BRDA:114,13,0,1
BRDA:114,13,1,111
BRDA:114,14,0,112
BRDA:114,14,1,6
BRDA:129,15,0,1
BRDA:129,15,1,111
BRDA:129,16,0,112
BRDA:129,16,1,6
BRDA:144,17,0,1
BRDA:144,17,1,111
BRDA:144,18,0,112
BRDA:144,18,1,6
BRDA:148,19,0,112
BRDA:148,19,1,6
BRDA:153,20,0,112
BRDA:153,20,1,4
BRDA:160,21,0,7
BRDA:160,21,1,105
BRF:40
BRH:39
end_of_record
TN:
SF:src/components/ProductList.tsx
FN:18,(anonymous_0)
FN:26,(anonymous_1)
FN:30,(anonymous_2)
FN:43,(anonymous_3)
FN:78,(anonymous_4)
FN:108,(anonymous_5)
FNF:6
FNH:4
FNDA:77,(anonymous_0)
FNDA:29,(anonymous_1)
FNDA:29,(anonymous_2)
FNDA:0,(anonymous_3)
FNDA:8,(anonymous_4)
FNDA:0,(anonymous_5)
DA:1,5
DA:2,5
DA:3,5
DA:5,5
DA:6,5
DA:7,5
DA:8,5
DA:9,5
DA:10,5
DA:11,5
DA:18,5
DA:22,77
DA:23,77
DA:24,77
DA:26,77
DA:27,29
DA:30,77
DA:31,29
DA:32,29
DA:33,29
DA:34,29
DA:35,16
DA:37,1
DA:39,17
DA:43,77
DA:44,0
DA:45,0
DA:47,0
DA:51,77
DA:52,41
DA:59,36
DA:60,1
DA:70,35
DA:71,30
DA:74,5
DA:79,8
DA:108,0
LF:37
LH:33
BRDA:20,0,0,52
BRDA:37,1,0,1
BRDA:37,1,1,0
BRDA:44,2,0,0
BRDA:44,2,1,0
BRDA:51,3,0,41
BRDA:59,4,0,1
BRDA:70,5,0,30
BRDA:82,6,0,8
BRDA:82,6,1,8
BRDA:98,7,0,8
BRDA:98,7,1,1
BRDA:102,8,0,8
BRDA:102,8,1,8
BRDA:104,9,0,0
BRDA:104,9,1,8
BRDA:104,10,0,8
BRDA:104,10,1,8
BRF:18
BRH:14
end_of_record
TN:
SF:src/components/ProductShippingPreview.tsx
FN:12,(anonymous_9)
FN:21,(anonymous_10)
FN:22,(anonymous_11)
FN:24,(anonymous_12)
FN:28,(anonymous_13)
FN:62,(anonymous_14)
FN:66,(anonymous_15)
FN:140,(anonymous_16)
FNF:8
FNH:8
FNDA:34,(anonymous_9)
FNDA:19,(anonymous_10)
FNDA:19,(anonymous_11)
FNDA:20,(anonymous_12)
FNDA:14,(anonymous_13)
FNDA:14,(anonymous_14)
FNDA:20,(anonymous_15)
FNDA:4,(anonymous_16)
DA:1,6
DA:2,6
DA:4,6
DA:5,6
DA:12,6
DA:16,34
DA:17,34
DA:18,34
DA:21,34
DA:22,34
DA:24,34
DA:25,20
DA:26,20
DA:28,20
DA:29,14
DA:30,14
DA:32,14
DA:34,14
DA:39,13
DA:40,13
DA:41,13
DA:44,1
DA:45,1
DA:46,1
DA:48,1
DA:62,20
DA:63,14
DA:66,20
DA:67,20
DA:68,20
DA:69,20
DA:75,34
DA:76,18
DA:84,16
DA:85,0
DA:92,16
DA:93,2
DA:101,14
DA:103,14
DA:143,4
LF:40
LH:39
BRDA:22,0,0,19
BRDA:22,0,1,2
BRDA:39,1,0,13
BRDA:44,2,0,1
BRDA:45,3,0,1
BRDA:45,3,1,0
BRDA:49,4,0,1
BRDA:49,4,1,0
BRDA:51,5,0,0
BRDA:51,5,1,1
BRDA:68,6,0,20
BRDA:75,7,0,18
BRDA:75,8,0,34
BRDA:75,8,1,18
BRDA:84,9,0,0
BRDA:84,10,0,16
BRDA:84,10,1,1
BRDA:92,11,0,2
BRDA:109,12,0,4
BRDA:109,12,1,10
BRDA:112,13,0,4
BRDA:112,13,1,10
BRDA:123,14,0,14
BRDA:123,14,1,10
BRDA:133,15,0,14
BRDA:133,15,1,4
BRDA:144,16,0,4
BRDA:144,16,1,3
BRDA:144,16,2,3
BRF:29
BRH:25
end_of_record
TN:
SF:src/components/ReferralSection.tsx
FN:10,(anonymous_0)
FN:17,(anonymous_1)
FN:21,(anonymous_2)
FN:37,(anonymous_3)
FN:41,(anonymous_4)
FN:47,(anonymous_5)
FN:51,(anonymous_6)
FNF:7
FNH:7
FNDA:44,(anonymous_0)
FNDA:30,(anonymous_1)
FNDA:30,(anonymous_2)
FNDA:3,(anonymous_3)
FNDA:2,(anonymous_4)
FNDA:1,(anonymous_5)
FNDA:1,(anonymous_6)
DA:1,4
DA:2,4
DA:4,4
DA:10,4
DA:11,44
DA:12,44
DA:13,44
DA:14,44
DA:15,44
DA:17,44
DA:18,30
DA:21,44
DA:22,30
DA:23,30
DA:24,30
DA:25,30
DA:26,13
DA:28,13
DA:29,13
DA:31,17
DA:33,30
DA:37,44
DA:38,3
DA:39,3
DA:40,2
DA:41,2
DA:43,1
DA:47,44
DA:48,1
DA:49,1
DA:50,1
DA:51,1
DA:53,0
DA:57,44
DA:58,30
DA:61,14
LF:36
LH:35
BRDA:57,0,0,30
BRDA:75,1,0,2
BRDA:75,1,1,12
BRDA:90,2,0,2
BRDA:90,2,1,12
BRDA:95,3,0,14
BRDA:95,3,1,14
BRF:7
BRH:7
end_of_record
TN:
SF:src/components/ReturnItemCard.tsx
FN:9,(anonymous_0)
FNF:1
FNH:1
FNDA:14,(anonymous_0)
DA:3,1
DA:9,1
DA:10,14
LF:3
LH:3
BRDA:17,0,0,14
BRDA:17,0,1,1
BRDA:18,1,0,14
BRDA:18,1,1,1
BRDA:20,2,0,14
BRDA:20,2,1,12
BRF:6
BRH:6
end_of_record
TN:
SF:src/components/ReturnLabelDownload.tsx
FN:10,(anonymous_0)
FNF:1
FNH:1
FNDA:10,(anonymous_0)
DA:2,1
DA:10,1
DA:15,10
DA:16,2
DA:19,8
LF:5
LH:5
BRDA:15,0,0,2
BRDA:22,1,0,8
BRDA:22,1,1,3
BRDA:25,2,0,8
BRDA:25,2,1,3
BRF:5
BRH:5
end_of_record
TN:
SF:src/components/ReturnPolicyBadge.tsx
FN:10,(anonymous_0)
FN:13,(anonymous_1)
FN:16,(anonymous_2)
FNF:3
FNH:3
FNDA:10,(anonymous_0)
FNDA:6,(anonymous_1)
FNDA:5,(anonymous_2)
DA:1,5
DA:2,5
DA:4,5
DA:10,5
DA:11,10
DA:13,10
DA:14,6
DA:18,5
DA:22,10
DA:23,6
DA:26,4
LF:11
LH:11
BRDA:22,0,0,6
BRF:1
BRH:1
end_of_record
TN:
SF:src/components/ReturnStatusTimeline.tsx
FN:9,(anonymous_0)
FN:10,(anonymous_1)
FN:30,(anonymous_2)
FNF:3
FNH:3
FNDA:15,(anonymous_0)
FNDA:28,(anonymous_1)
FNDA:28,(anonymous_2)
DA:3,1
DA:9,1
DA:10,15
DA:11,28
DA:13,8
DA:15,1
DA:18,3
DA:20,8
DA:22,8
DA:26,15
DA:31,28
LF:11
LH:11
BRDA:11,0,0,8
BRDA:11,0,1,1
BRDA:11,0,2,2
BRDA:11,0,3,3
BRDA:11,0,4,8
BRDA:11,0,5,8
BRDA:39,1,0,28
BRDA:39,1,1,6
BRDA:40,2,0,28
BRDA:40,2,1,5
BRF:10
BRH:10
end_of_record
TN:
SF:src/components/ShippingBanner.tsx
FN:10,(anonymous_0)
FNF:1
FNH:1
FNDA:35,(anonymous_0)
DA:2,11
DA:10,11
DA:15,35
DA:16,35
DA:17,35
DA:19,35
LF:6
LH:6
BRDA:20,0,0,12
BRDA:20,0,1,23
BRDA:22,1,0,12
BRDA:22,1,1,23
BRDA:33,2,0,35
BRDA:33,2,1,23
BRF:6
BRH:6
end_of_record
TN:
SF:src/components/ShippingCostCalculator.tsx
FN:14,(anonymous_0)
FNF:1
FNH:1
FNDA:60,(anonymous_0)
DA:2,4
DA:3,4
DA:14,4
DA:22,60
DA:24,60
LF:5
LH:5
BRDA:31,0,0,52
BRDA:31,0,1,8
BRDA:34,1,0,52
BRDA:34,1,1,8
BRDA:45,2,0,60
BRDA:45,2,1,8
BRDA:63,3,0,52
BRDA:63,3,1,8
BRDA:64,4,0,52
BRDA:64,4,1,8
BRF:10
BRH:10
end_of_record
TN:
SF:src/components/ShippingRecommendations.tsx
FN:11,(anonymous_0)
FN:32,(anonymous_1)
FN:36,(anonymous_2)
FN:37,(anonymous_3)
FN:64,(anonymous_4)
FN:68,(anonymous_5)
FN:78,(anonymous_6)
FN:105,(anonymous_7)
FN:120,(anonymous_8)
FN:124,(anonymous_9)
FN:133,(anonymous_10)
FN:148,(anonymous_11)
FNF:12
FNH:12
FNDA:65,(anonymous_0)
FNDA:3,(anonymous_1)
FNDA:1,(anonymous_2)
FNDA:2,(anonymous_3)
FNDA:6,(anonymous_4)
FNDA:1,(anonymous_5)
FNDA:6,(anonymous_6)
FNDA:18,(anonymous_7)
FNDA:19,(anonymous_8)
FNDA:1,(anonymous_9)
FNDA:1,(anonymous_10)
FNDA:19,(anonymous_11)
DA:1,4
DA:3,4
DA:11,4
DA:16,65
DA:19,65
DA:20,30
DA:28,35
DA:29,20
DA:32,15
DA:33,3
DA:36,15
DA:37,1
DA:38,2
DA:42,15
DA:65,6
DA:68,1
DA:79,6
DA:105,4
DA:110,18
DA:121,19
DA:124,1
DA:133,1
DA:148,4
DA:152,19
LF:24
LH:24
BRDA:13,0,0,0
BRDA:19,1,0,30
BRDA:28,2,0,20
BRDA:28,3,0,35
BRDA:28,3,1,17
BRDA:28,3,2,16
BRDA:51,4,0,12
BRDA:51,4,1,3
BRDA:67,5,0,3
BRDA:67,5,1,3
BRDA:72,6,0,6
BRDA:72,6,1,0
BRDA:72,7,0,0
BRDA:72,7,1,0
BRDA:81,8,0,3
BRDA:81,8,1,3
BRDA:129,9,0,18
BRDA:129,9,1,2
BRDA:154,10,0,19
BRDA:154,10,1,18
BRDA:161,11,0,19
BRDA:161,11,1,19
BRDA:164,12,0,19
BRDA:164,12,1,19
BRDA:167,13,0,19
BRDA:167,13,1,19
BRF:26
BRH:22
end_of_record
TN:
SF:src/components/StockNotificationManager.tsx
FN:6,(anonymous_0)
FN:12,(anonymous_1)
FN:18,(anonymous_2)
FN:33,(anonymous_3)
FN:36,(anonymous_4)
FN:83,(anonymous_5)
FN:105,(anonymous_6)
FNF:7
FNH:7
FNDA:49,(anonymous_0)
FNDA:14,(anonymous_1)
FNDA:14,(anonymous_2)
FNDA:2,(anonymous_3)
FNDA:2,(anonymous_4)
FNDA:30,(anonymous_5)
FNDA:2,(anonymous_6)
DA:1,3
DA:2,3
DA:3,3
DA:4,3
DA:6,3
DA:7,49
DA:8,49
DA:9,49
DA:10,49
DA:12,49
DA:13,14
DA:14,13
DA:18,49
DA:19,14
DA:21,14
DA:22,14
DA:23,14
DA:24,14
DA:25,12
DA:27,2
DA:29,14
DA:33,49
DA:34,2
DA:35,2
DA:36,2
DA:38,1
DA:42,49
DA:43,2
DA:50,47
DA:51,15
DA:58,32
DA:59,4
DA:71,28
DA:84,30
DA:105,2
LF:35
LH:35
BRDA:13,0,0,13
BRDA:19,1,0,0
BRDA:27,2,0,2
BRDA:27,2,1,0
BRDA:38,3,0,1
BRDA:38,3,1,0
BRDA:42,4,0,2
BRDA:50,5,0,15
BRDA:58,6,0,4
BRDA:77,7,0,14
BRDA:77,7,1,14
BRDA:92,8,0,30
BRDA:92,8,1,30
BRDA:97,9,0,30
BRDA:97,9,1,13
BRF:15
BRH:12
end_of_record
TN:
SF:src/components/StockStatusBadge.tsx
FN:9,(anonymous_0)
FN:13,(anonymous_1)
FN:26,(anonymous_2)
FNF:3
FNH:3
FNDA:67,(anonymous_0)
FNDA:67,(anonymous_1)
FNDA:67,(anonymous_2)
DA:3,9
DA:9,9
DA:10,67
DA:13,67
DA:14,67
DA:16,55
DA:18,2
DA:20,10
DA:22,0
DA:26,67
DA:27,67
DA:29,55
DA:31,2
DA:33,10
DA:35,0
DA:39,67
LF:16
LH:14
BRDA:10,0,0,67
BRDA:10,0,1,55
BRDA:11,1,0,51
BRDA:11,1,1,4
BRDA:14,2,0,55
BRDA:14,2,1,2
BRDA:14,2,2,10
BRDA:14,2,3,0
BRDA:27,3,0,55
BRDA:27,3,1,2
BRDA:27,3,2,10
BRDA:27,3,3,0
BRF:12
BRH:10
end_of_record
TN:
SF:src/components/UserForm.tsx
FN:7,(anonymous_0)
FN:18,(anonymous_1)
FN:47,(anonymous_2)
FN:49,(anonymous_3)
FN:60,(anonymous_4)
FNF:5
FNH:4
FNDA:31,(anonymous_0)
FNDA:3,(anonymous_1)
FNDA:9,(anonymous_2)
FNDA:9,(anonymous_3)
FNDA:0,(anonymous_4)
DA:1,3
DA:2,3
DA:3,3
DA:5,3
DA:7,3
DA:8,31
DA:9,31
DA:14,31
DA:15,31
DA:16,31
DA:18,31
DA:19,3
DA:20,3
DA:21,3
DA:22,3
DA:24,3
DA:26,3
DA:27,0
DA:29,3
DA:30,0
DA:32,3
DA:33,1
DA:36,2
DA:37,1
DA:38,1
DA:39,1
DA:41,2
DA:43,3
DA:47,31
DA:48,9
DA:49,9
DA:52,31
DA:53,3
DA:60,0
DA:68,28
LF:35
LH:32
BRDA:26,0,0,0
BRDA:29,1,0,0
BRDA:32,2,0,1
BRDA:32,3,0,3
BRDA:32,3,1,3
BRDA:41,4,0,2
BRDA:41,4,1,0
BRDA:52,5,0,3
BRDA:82,6,0,0
BRDA:82,6,1,28
BRDA:82,7,0,28
BRDA:82,7,1,3
BRDA:96,8,0,2
BRDA:96,8,1,26
BRDA:96,9,0,28
BRDA:96,9,1,3
BRDA:111,10,0,1
BRDA:111,10,1,27
BRDA:111,11,0,28
BRDA:111,11,1,3
BRDA:115,12,0,28
BRDA:115,12,1,3
BRDA:115,12,2,0
BRDA:120,13,0,28
BRDA:120,13,1,3
BRDA:120,13,2,2
BRDA:120,13,3,2
BRDA:125,14,0,28
BRDA:125,14,1,3
BRDA:125,14,2,1
BRDA:125,14,3,1
BRDA:125,14,4,1
BRDA:130,15,0,28
BRDA:130,15,1,3
BRDA:130,15,2,3
BRDA:130,15,3,1
BRDA:130,15,4,0
BRDA:135,16,0,28
BRDA:135,16,1,0
BRDA:142,17,0,2
BRDA:142,17,1,26
BRF:41
BRH:34
end_of_record
TN:
SF:src/components/WishlistButton.tsx
FN:10,(anonymous_0)
FN:12,(anonymous_1)
FN:16,(anonymous_2)
FNF:3
FNH:3
FNDA:35,(anonymous_0)
FNDA:6,(anonymous_1)
FNDA:3,(anonymous_2)
DA:2,6
DA:4,6
DA:10,6
DA:11,35
DA:12,35
DA:14,35
DA:16,25
DA:17,3
DA:18,3
DA:19,3
DA:20,1
DA:22,2
DA:26,25
LF:13
LH:13
BRDA:14,0,0,10
BRDA:19,1,0,1
BRDA:19,1,1,2
BRDA:28,2,0,5
BRDA:28,2,1,20
BRDA:30,3,0,5
BRDA:30,3,1,20
BRDA:32,4,0,5
BRDA:32,4,1,20
BRF:9
BRH:9
end_of_record
TN:
SF:src/context/AppContext.tsx
FN:33,(anonymous_0)
FN:45,(anonymous_1)
FN:46,(anonymous_2)
FN:54,(anonymous_3)
FN:65,(anonymous_4)
FN:73,(anonymous_5)
FN:81,(anonymous_6)
FN:89,(anonymous_7)
FN:101,(anonymous_8)
FN:105,(anonymous_9)
FN:133,(anonymous_10)
FN:153,(anonymous_11)
FN:159,(anonymous_12)
FN:167,(anonymous_13)
FN:177,(anonymous_14)
FN:181,(anonymous_15)
FN:186,(anonymous_16)
FN:207,(anonymous_17)
FN:211,(anonymous_18)
FN:220,(anonymous_19)
FN:233,(anonymous_20)
FN:237,(anonymous_21)
FN:247,(anonymous_22)
FN:257,(anonymous_23)
FN:271,(anonymous_24)
FN:282,(anonymous_25)
FN:285,(anonymous_26)
FN:287,(anonymous_27)
FN:290,(anonymous_28)
FN:291,(anonymous_29)
FN:292,(anonymous_30)
FN:310,(anonymous_31)
FN:313,(anonymous_32)
FN:314,(anonymous_33)
FN:315,(anonymous_34)
FN:317,(anonymous_35)
FN:327,(anonymous_36)
FN:328,(anonymous_37)
FN:328,(anonymous_38)
FN:331,(anonymous_39)
FN:336,(anonymous_40)
FN:337,(anonymous_41)
FN:343,(anonymous_42)
FNF:43
FNH:35
FNDA:745,(anonymous_0)
FNDA:462,(anonymous_1)
FNDA:182,(anonymous_2)
FNDA:182,(anonymous_3)
FNDA:182,(anonymous_4)
FNDA:182,(anonymous_5)
FNDA:182,(anonymous_6)
FNDA:182,(anonymous_7)
FNDA:238,(anonymous_8)
FNDA:79,(anonymous_9)
FNDA:0,(anonymous_10)
FNDA:182,(anonymous_11)
FNDA:197,(anonymous_12)
FNDA:222,(anonymous_13)
FNDA:1,(anonymous_14)
FNDA:0,(anonymous_15)
FNDA:0,(anonymous_16)
FNDA:222,(anonymous_17)
FNDA:222,(anonymous_18)
FNDA:190,(anonymous_19)
FNDA:184,(anonymous_20)
FNDA:2,(anonymous_21)
FNDA:4,(anonymous_22)
FNDA:2,(anonymous_23)
FNDA:197,(anonymous_24)
FNDA:197,(anonymous_25)
FNDA:41,(anonymous_26)
FNDA:43,(anonymous_27)
FNDA:0,(anonymous_28)
FNDA:0,(anonymous_29)
FNDA:0,(anonymous_30)
FNDA:41,(anonymous_31)
FNDA:5,(anonymous_32)
FNDA:5,(anonymous_33)
FNDA:0,(anonymous_34)
FNDA:0,(anonymous_35)
FNDA:2,(anonymous_36)
FNDA:2,(anonymous_37)
FNDA:2,(anonymous_38)
FNDA:2,(anonymous_39)
FNDA:2,(anonymous_40)
FNDA:2,(anonymous_41)
FNDA:6,(anonymous_42)
DA:1,18
DA:4,18
DA:5,18
DA:6,18
DA:31,18
DA:33,18
DA:34,745
DA:35,744
DA:36,2
DA:38,742
DA:45,18
DA:46,462
DA:47,182
DA:48,181
DA:49,181
DA:51,1
DA:54,462
DA:55,182
DA:56,181
DA:57,181
DA:59,1
DA:62,462
DA:63,462
DA:65,462
DA:66,182
DA:67,181
DA:68,181
DA:70,1
DA:73,462
DA:74,182
DA:75,181
DA:76,181
DA:78,1
DA:81,462
DA:82,182
DA:83,181
DA:84,181
DA:86,1
DA:89,462
DA:90,182
DA:91,181
DA:92,181
DA:94,1
DA:97,462
DA:98,462
DA:99,462
DA:101,462
DA:102,238
DA:104,238
DA:105,79
DA:110,238
DA:115,143
DA:116,136
DA:117,136
DA:118,136
DA:121,136
DA:122,136
DA:123,136
DA:124,136
DA:125,136
DA:129,8
DA:130,8
DA:131,8
DA:132,8
DA:133,0
DA:136,8
DA:138,8
DA:139,8
DA:140,8
DA:141,8
DA:143,8
DA:144,8
DA:145,8
DA:146,8
DA:147,8
DA:153,462
DA:154,182
DA:159,462
DA:160,197
DA:161,56
DA:167,462
DA:169,222
DA:170,40
DA:174,222
DA:177,222
DA:178,1
DA:180,1
DA:181,0
DA:186,1
DA:189,1
DA:196,1
DA:198,0
DA:199,0
DA:201,1
DA:207,462
DA:208,222
DA:211,222
DA:212,222
DA:213,222
DA:220,462
DA:221,190
DA:222,83
DA:223,83
DA:224,20
DA:226,54
DA:229,107
DA:233,462
DA:234,184
DA:237,462
DA:238,2
DA:239,2
DA:240,2
DA:241,2
DA:243,0
DA:247,462
DA:248,4
DA:249,4
DA:250,4
DA:251,4
DA:253,0
DA:257,462
DA:258,2
DA:259,2
DA:260,2
DA:261,2
DA:263,0
DA:266,2
DA:267,0
DA:271,462
DA:272,197
DA:273,196
DA:274,41
DA:276,155
DA:282,462
DA:283,197
DA:285,41
DA:286,41
DA:287,43
DA:288,41
DA:290,0
DA:291,0
DA:292,0
DA:293,0
DA:300,22
DA:305,41
DA:308,41
DA:310,41
DA:313,462
DA:314,5
DA:315,5
DA:316,5
DA:317,0
DA:318,0
DA:323,5
DA:327,462
DA:328,2
DA:331,462
DA:332,2
DA:333,0
DA:334,0
DA:336,2
DA:337,2
DA:338,2
DA:343,462
DA:344,6
DA:345,6
DA:346,6
DA:350,462
DA:373,462
LF:169
LH:153
BRDA:35,0,0,2
BRDA:47,1,0,181
BRDA:47,2,0,182
BRDA:47,2,1,182
BRDA:49,3,0,75
BRDA:49,3,1,106
BRDA:55,4,0,181
BRDA:55,5,0,182
BRDA:55,5,1,182
BRDA:57,6,0,36
BRDA:57,6,1,145
BRDA:66,7,0,181
BRDA:66,8,0,182
BRDA:66,8,1,182
BRDA:68,9,0,181
BRDA:68,9,1,148
BRDA:74,10,0,181
BRDA:74,11,0,182
BRDA:74,11,1,182
BRDA:76,12,0,33
BRDA:76,12,1,148
BRDA:82,13,0,181
BRDA:82,14,0,182
BRDA:82,14,1,182
BRDA:84,15,0,25
BRDA:84,15,1,156
BRDA:90,16,0,181
BRDA:90,17,0,182
BRDA:90,17,1,182
BRDA:92,18,0,25
BRDA:92,18,1,156
BRDA:112,19,0,238
BRDA:112,19,1,164
BRDA:121,20,0,136
BRDA:121,21,0,136
BRDA:121,21,1,136
BRDA:129,22,0,8
BRDA:129,22,1,2
BRDA:136,23,0,0
BRDA:136,23,1,8
BRDA:143,24,0,8
BRDA:143,25,0,8
BRDA:143,25,1,8
BRDA:160,26,0,56
BRDA:160,27,0,197
BRDA:160,27,1,156
BRDA:169,28,0,40
BRDA:191,29,0,0
BRDA:191,29,1,1
BRDA:192,30,0,1
BRDA:192,30,1,0
BRDA:212,31,0,222
BRDA:221,32,0,83
BRDA:221,32,1,107
BRDA:238,33,0,0
BRDA:248,34,0,0
BRDA:259,35,0,2
BRDA:259,36,0,2
BRDA:259,36,1,2
BRDA:260,37,0,2
BRDA:260,37,1,0
BRDA:266,38,0,0
BRDA:272,39,0,196
BRDA:272,40,0,197
BRDA:272,40,1,197
BRDA:273,41,0,41
BRDA:273,41,1,155
BRDA:283,42,0,156
BRDA:293,43,0,0
BRDA:293,43,1,0
BRDA:316,44,0,0
BRDA:318,45,0,0
BRDA:318,45,1,0
BRDA:332,46,0,0
BRDA:338,47,0,2
BRDA:338,47,1,0
BRDA:345,48,0,6
BRDA:345,49,0,6
BRDA:345,49,1,6
BRF:79
BRH:65
end_of_record
TN:
SF:src/pages/AdminProductsPage.tsx
FN:6,(anonymous_0)
FN:14,(anonymous_1)
FNF:2
FNH:2
FNDA:7,(anonymous_0)
FNDA:3,(anonymous_1)
DA:1,2
DA:2,2
DA:3,2
DA:4,2
DA:6,2
DA:7,7
DA:9,7
DA:14,3
LF:8
LH:8
BRDA:17,0,0,2
BRDA:17,0,1,5
BRDA:21,1,0,7
BRDA:21,1,1,2
BRF:4
BRH:4
end_of_record
TN:
SF:src/pages/AdminReturnsPage.tsx
FN:6,(anonymous_0)
FN:20,(anonymous_1)
FN:28,(anonymous_2)
FN:41,(anonymous_3)
FN:54,(anonymous_4)
FN:68,(anonymous_5)
FN:80,(anonymous_6)
FN:96,(anonymous_7)
FN:108,(anonymous_8)
FN:120,(anonymous_9)
FN:138,(anonymous_10)
FN:144,(anonymous_11)
FN:163,(anonymous_12)
FN:181,(anonymous_13)
FN:190,(anonymous_14)
FN:199,(anonymous_15)
FN:212,(anonymous_16)
FN:220,(anonymous_17)
FN:235,(anonymous_18)
FN:260,(anonymous_19)
FN:272,(anonymous_20)
FN:285,(anonymous_21)
FN:294,(anonymous_22)
FN:308,(anonymous_23)
FN:319,(anonymous_24)
FN:329,(anonymous_25)
FN:377,(anonymous_26)
FN:389,(anonymous_27)
FNF:28
FNH:27
FNDA:101,(anonymous_0)
FNDA:38,(anonymous_1)
FNDA:31,(anonymous_2)
FNDA:4,(anonymous_3)
FNDA:13,(anonymous_4)
FNDA:1,(anonymous_5)
FNDA:1,(anonymous_6)
FNDA:1,(anonymous_7)
FNDA:1,(anonymous_8)
FNDA:1,(anonymous_9)
FNDA:0,(anonymous_10)
FNDA:4,(anonymous_11)
FNDA:1,(anonymous_12)
FNDA:1,(anonymous_13)
FNDA:1,(anonymous_14)
FNDA:1,(anonymous_15)
FNDA:24,(anonymous_16)
FNDA:8,(anonymous_17)
FNDA:1,(anonymous_18)
FNDA:8,(anonymous_19)
FNDA:8,(anonymous_20)
FNDA:1,(anonymous_21)
FNDA:2,(anonymous_22)
FNDA:1,(anonymous_23)
FNDA:1,(anonymous_24)
FNDA:1,(anonymous_25)
FNDA:12,(anonymous_26)
FNDA:12,(anonymous_27)
DA:1,2
DA:2,2
DA:4,2
DA:6,2
DA:7,101
DA:8,101
DA:9,101
DA:10,101
DA:11,101
DA:12,101
DA:13,101
DA:20,101
DA:21,38
DA:22,26
DA:23,12
DA:24,4
DA:28,101
DA:29,31
DA:30,31
DA:31,31
DA:32,31
DA:33,30
DA:35,1
DA:37,31
DA:41,101
DA:42,4
DA:43,4
DA:44,4
DA:45,4
DA:46,4
DA:48,0
DA:50,4
DA:54,101
DA:55,13
DA:56,13
DA:57,13
DA:58,13
DA:59,13
DA:60,13
DA:62,0
DA:64,13
DA:68,101
DA:69,1
DA:70,1
DA:71,1
DA:72,1
DA:73,1
DA:76,0
DA:80,101
DA:81,1
DA:82,0
DA:83,0
DA:85,1
DA:86,1
DA:87,1
DA:88,1
DA:89,1
DA:92,0
DA:96,101
DA:97,1
DA:98,1
DA:99,1
DA:100,1
DA:101,1
DA:104,0
DA:108,101
DA:109,1
DA:110,1
DA:111,1
DA:112,1
DA:113,1
DA:116,0
DA:120,101
DA:121,1
DA:122,1
DA:123,1
DA:124,1
DA:125,1
DA:128,0
DA:132,101
DA:138,0
DA:144,4
DA:163,1
DA:181,1
DA:190,1
DA:199,1
DA:213,24
DA:220,8
DA:236,1
DA:237,1
DA:261,8
DA:273,8
DA:286,1
DA:287,1
DA:295,2
DA:296,2
DA:297,1
DA:309,1
DA:310,1
DA:319,1
DA:330,1
DA:331,1
DA:378,12
DA:390,12
LF:104
LH:94
BRDA:21,0,0,26
BRDA:21,0,1,12
BRDA:23,1,0,4
BRDA:35,2,0,1
BRDA:35,2,1,0
BRDA:48,3,0,0
BRDA:48,3,1,0
BRDA:62,4,0,0
BRDA:62,4,1,0
BRDA:72,5,0,1
BRDA:76,6,0,0
BRDA:76,6,1,0
BRDA:81,7,0,0
BRDA:88,8,0,1
BRDA:92,9,0,0
BRDA:92,9,1,0
BRDA:100,10,0,1
BRDA:104,11,0,0
BRDA:104,11,1,0
BRDA:112,12,0,1
BRDA:116,13,0,0
BRDA:116,13,1,0
BRDA:124,14,0,1
BRDA:128,15,0,0
BRDA:128,15,1,0
BRDA:139,16,0,81
BRDA:139,16,1,20
BRDA:145,17,0,12
BRDA:145,17,1,89
BRDA:152,18,0,101
BRDA:152,18,1,1
BRDA:154,19,0,101
BRDA:154,19,1,81
BRDA:206,20,0,34
BRDA:206,20,1,47
BRDA:208,21,0,23
BRDA:208,21,1,24
BRDA:218,22,0,24
BRDA:218,22,1,0
BRDA:232,23,0,101
BRDA:232,23,1,8
BRDA:232,23,2,8
BRDA:254,24,0,8
BRDA:254,24,1,0
BRDA:265,25,0,8
BRDA:265,25,1,8
BRDA:275,26,0,8
BRDA:275,26,1,0
BRDA:282,27,0,8
BRDA:282,27,1,6
BRDA:287,28,0,1
BRDA:287,28,1,0
BRDA:296,29,0,1
BRDA:306,30,0,8
BRDA:306,30,1,1
BRDA:310,31,0,1
BRDA:310,31,1,0
BRDA:317,32,0,8
BRDA:317,32,1,1
BRDA:331,33,0,1
BRDA:331,33,1,0
BRDA:351,34,0,101
BRDA:351,34,1,12
BRDA:351,34,2,4
BRF:64
BRH:42
end_of_record
TN:
SF:src/pages/CustomerProductsPage.tsx
FN:7,(anonymous_0)
FN:11,(anonymous_1)
FNF:2
FNH:2
FNDA:14,(anonymous_0)
FNDA:10,(anonymous_1)
DA:2,2
DA:3,2
DA:4,2
DA:5,2
DA:7,2
DA:8,14
DA:10,14
DA:11,10
DA:15,14
LF:9
LH:9
BRDA:21,0,0,14
BRDA:21,0,1,8
BRDA:21,0,2,6
BRDA:21,0,3,4
BRF:4
BRH:4
end_of_record
TN:
SF:src/pages/GiftCardBalancePage.tsx
FN:5,(anonymous_0)
FNF:1
FNH:0
FNDA:0,(anonymous_0)
DA:2,1
DA:3,1
DA:5,1
DA:6,0
LF:4
LH:3
BRF:0
BRH:0
end_of_record
TN:
SF:src/pages/GiftCardPurchasePage.tsx
FN:5,(anonymous_0)
FNF:1
FNH:0
FNDA:0,(anonymous_0)
DA:2,1
DA:3,1
DA:5,1
DA:6,0
LF:4
LH:3
BRF:0
BRH:0
end_of_record
TN:
SF:src/pages/Home.tsx
FN:7,(anonymous_0)
FN:11,(anonymous_1)
FNF:2
FNH:2
FNDA:40,(anonymous_0)
FNDA:14,(anonymous_1)
DA:2,2
DA:3,2
DA:4,2
DA:5,2
DA:7,2
DA:8,40
DA:10,40
DA:11,14
DA:15,40
LF:9
LH:9
BRDA:26,0,0,4
BRDA:26,0,1,36
BRDA:44,1,0,12
BRDA:44,1,1,28
BRDA:49,2,0,40
BRDA:49,2,1,12
BRDA:49,2,2,2
BRDA:49,2,3,2
BRDA:57,3,0,40
BRDA:57,3,1,4
BRF:10
BRH:10
end_of_record
TN:
SF:src/pages/OrderTrackingPage.tsx
FN:12,(anonymous_0)
FN:21,(anonymous_1)
FN:27,(anonymous_2)
FN:32,(anonymous_3)
FN:41,(anonymous_4)
FN:53,(anonymous_5)
FN:56,(anonymous_6)
FN:64,(anonymous_7)
FNF:8
FNH:7
FNDA:46,(anonymous_0)
FNDA:14,(anonymous_1)
FNDA:14,(anonymous_2)
FNDA:15,(anonymous_3)
FNDA:1,(anonymous_4)
FNDA:14,(anonymous_5)
FNDA:1,(anonymous_6)
FNDA:0,(anonymous_7)
DA:1,2
DA:2,2
DA:3,2
DA:4,2
DA:5,2
DA:6,2
DA:7,2
DA:8,2
DA:10,2
DA:12,2
DA:13,46
DA:14,46
DA:15,46
DA:16,46
DA:17,46
DA:18,46
DA:19,46
DA:21,46
DA:22,14
DA:23,14
DA:24,14
DA:27,14
DA:32,46
DA:33,15
DA:35,15
DA:36,15
DA:38,15
DA:39,15
DA:41,1
DA:44,14
DA:45,14
DA:47,1
DA:49,15
DA:53,46
DA:54,14
DA:56,14
DA:57,1
DA:59,1
DA:62,14
DA:64,14
DA:65,0
DA:69,46
DA:70,28
DA:79,18
DA:80,3
DA:92,15
LF:46
LH:45
BRDA:22,0,0,14
BRDA:33,1,0,0
BRDA:47,2,0,1
BRDA:47,2,1,0
BRDA:54,3,0,0
BRDA:69,4,0,28
BRDA:79,5,0,3
BRDA:79,6,0,18
BRDA:79,6,1,17
BRDA:83,7,0,3
BRDA:83,7,1,2
BRDA:98,8,0,15
BRDA:98,8,1,15
BRDA:114,9,0,15
BRDA:114,9,1,1
BRDA:117,10,0,15
BRDA:117,10,1,2
BRF:17
BRH:14
end_of_record
TN:
SF:src/pages/OrdersPage.tsx
FN:10,(anonymous_0)
FN:19,(anonymous_1)
FN:25,(anonymous_2)
FN:40,(anonymous_3)
FN:46,(anonymous_4)
FN:66,(anonymous_5)
FN:72,(anonymous_6)
FN:100,(anonymous_7)
FN:106,(anonymous_8)
FN:119,(anonymous_9)
FN:139,(anonymous_10)
FNF:11
FNH:9
FNDA:68,(anonymous_0)
FNDA:29,(anonymous_1)
FNDA:21,(anonymous_2)
FNDA:0,(anonymous_3)
FNDA:2,(anonymous_4)
FNDA:1,(anonymous_5)
FNDA:10,(anonymous_6)
FNDA:18,(anonymous_7)
FNDA:2,(anonymous_8)
FNDA:0,(anonymous_9)
FNDA:1,(anonymous_10)
DA:1,2
DA:2,2
DA:3,2
DA:4,2
DA:5,2
DA:6,2
DA:8,2
DA:10,2
DA:11,68
DA:12,68
DA:13,68
DA:14,68
DA:15,68
DA:16,68
DA:17,68
DA:19,68
DA:20,29
DA:21,11
DA:25,68
DA:26,21
DA:28,21
DA:29,21
DA:30,21
DA:31,21
DA:32,19
DA:34,2
DA:36,21
DA:40,68
DA:41,0
DA:42,0
DA:43,0
DA:46,68
DA:47,2
DA:48,2
DA:49,2
DA:50,2
DA:51,2
DA:52,2
DA:54,0
DA:56,2
DA:60,68
DA:66,1
DA:73,10
DA:74,10
DA:101,18
DA:102,18
DA:106,2
DA:120,0
DA:121,0
DA:139,1
LF:50
LH:44
BRDA:20,0,0,11
BRDA:20,1,0,29
BRDA:20,1,1,25
BRDA:26,2,0,0
BRDA:34,3,0,2
BRDA:34,3,1,0
BRDA:54,4,0,0
BRDA:54,4,1,0
BRDA:67,5,0,31
BRDA:67,5,1,37
BRDA:69,6,0,4
BRDA:69,6,1,64
BRDA:76,7,0,34
BRDA:76,7,1,34
BRDA:84,8,0,68
BRDA:84,8,1,1
BRDA:86,9,0,68
BRDA:86,9,1,31
BRDA:90,10,0,68
BRDA:90,10,1,34
BRDA:92,11,0,23
BRDA:92,11,1,11
BRDA:96,12,0,2
BRDA:96,12,1,9
BRDA:101,13,0,18
BRDA:101,13,1,18
BRDA:113,14,0,18
BRDA:113,14,1,18
BRDA:117,15,0,18
BRDA:117,15,1,0
BRDA:136,16,0,68
BRDA:136,16,1,3
BRDA:136,16,2,3
BRF:33
BRH:28
end_of_record
TN:
SF:src/pages/ProductsPage.tsx
FN:8,(anonymous_0)
FN:13,(anonymous_1)
FN:22,(anonymous_2)
FNF:3
FNH:3
FNDA:34,(anonymous_0)
FNDA:4,(anonymous_1)
FNDA:9,(anonymous_2)
DA:1,1
DA:2,1
DA:3,1
DA:4,1
DA:5,1
DA:6,1
DA:8,1
DA:9,34
DA:10,34
DA:12,34
DA:13,4
DA:17,34
DA:22,9
LF:13
LH:13
BRDA:25,0,0,6
BRDA:25,0,1,28
BRDA:29,1,0,34
BRDA:29,1,1,6
BRDA:35,2,0,34
BRDA:35,2,1,4
BRDA:35,2,2,2
BRDA:35,2,3,2
BRF:8
BRH:8
end_of_record
TN:
SF:src/pages/ReturnPolicyPage.tsx
FN:6,(anonymous_0)
FN:11,(anonymous_1)
FN:15,(anonymous_2)
FNF:3
FNH:3
FNDA:31,(anonymous_0)
FNDA:17,(anonymous_1)
FNDA:17,(anonymous_2)
DA:1,2
DA:2,2
DA:4,2
DA:6,2
DA:7,31
DA:8,31
DA:9,31
DA:11,31
DA:12,17
DA:15,31
DA:16,17
DA:17,17
DA:18,17
DA:19,17
DA:20,16
DA:22,1
DA:24,17
DA:28,31
DA:29,17
DA:36,14
DA:37,1
DA:44,13
LF:22
LH:22
BRDA:22,0,0,1
BRDA:22,0,1,0
BRDA:28,1,0,17
BRDA:36,2,0,1
BRDA:48,3,0,13
BRDA:48,3,1,13
BRDA:74,4,0,13
BRDA:74,4,1,13
BRDA:74,4,2,13
BRDA:89,5,0,13
BRDA:89,5,1,13
BRDA:89,5,2,13
BRF:12
BRH:11
end_of_record
TN:
SF:src/pages/ReturnRequestPage.tsx
FN:9,(anonymous_0)
FN:22,(anonymous_1)
FN:30,(anonymous_2)
FN:31,(anonymous_3)
FN:36,(anonymous_4)
FN:45,(anonymous_5)
FN:55,(anonymous_6)
FN:61,(anonymous_7)
FN:74,(anonymous_8)
FN:80,(anonymous_9)
FN:108,(anonymous_10)
FN:145,(anonymous_11)
FN:179,(anonymous_12)
FN:183,(anonymous_13)
FN:200,(anonymous_14)
FN:206,(anonymous_15)
FN:220,(anonymous_16)
FN:246,(anonymous_17)
FN:255,(anonymous_18)
FN:264,(anonymous_19)
FN:275,(anonymous_20)
FNF:21
FNH:17
FNDA:77,(anonymous_0)
FNDA:16,(anonymous_1)
FNDA:0,(anonymous_2)
FNDA:0,(anonymous_3)
FNDA:14,(anonymous_4)
FNDA:14,(anonymous_5)
FNDA:8,(anonymous_6)
FNDA:5,(anonymous_7)
FNDA:3,(anonymous_8)
FNDA:4,(anonymous_9)
FNDA:3,(anonymous_10)
FNDA:1,(anonymous_11)
FNDA:40,(anonymous_12)
FNDA:8,(anonymous_13)
FNDA:46,(anonymous_14)
FNDA:5,(anonymous_15)
FNDA:3,(anonymous_16)
FNDA:0,(anonymous_17)
FNDA:1,(anonymous_18)
FNDA:0,(anonymous_19)
FNDA:1,(anonymous_20)
DA:1,2
DA:2,2
DA:3,2
DA:4,2
DA:5,2
DA:7,2
DA:9,2
DA:10,77
DA:11,77
DA:12,77
DA:13,77
DA:14,77
DA:15,77
DA:16,77
DA:17,77
DA:18,77
DA:19,77
DA:20,77
DA:22,77
DA:23,16
DA:24,14
DA:27,14
DA:28,14
DA:29,0
DA:30,0
DA:31,0
DA:36,77
DA:37,14
DA:39,14
DA:40,14
DA:41,14
DA:42,14
DA:44,13
DA:45,14
DA:47,13
DA:49,1
DA:51,14
DA:55,77
DA:56,8
DA:57,8
DA:58,8
DA:61,77
DA:62,5
DA:63,5
DA:64,0
DA:65,0
DA:66,0
DA:67,0
DA:69,5
DA:71,5
DA:74,77
DA:75,3
DA:76,3
DA:77,3
DA:80,77
DA:81,4
DA:83,4
DA:84,0
DA:85,0
DA:88,4
DA:89,0
DA:90,0
DA:94,4
DA:95,4
DA:96,1
DA:97,1
DA:101,3
DA:102,3
DA:104,3
DA:105,3
DA:109,3
DA:113,3
DA:114,3
DA:125,3
DA:126,2
DA:128,1
DA:130,3
DA:134,77
DA:135,2
DA:146,1
DA:147,1
DA:148,1
DA:159,75
DA:180,40
DA:183,8
DA:201,46
DA:206,5
DA:220,3
DA:246,0
DA:255,1
DA:264,0
DA:275,1
LF:92
LH:79
BRDA:23,0,0,14
BRDA:28,1,0,0
BRDA:37,2,0,0
BRDA:45,3,0,14
BRDA:45,3,1,2
BRDA:49,4,0,1
BRDA:49,4,1,0
BRDA:63,5,0,0
BRDA:63,5,1,5
BRDA:83,6,0,0
BRDA:83,7,0,4
BRDA:83,7,1,4
BRDA:88,8,0,0
BRDA:95,9,0,1
BRDA:113,10,0,3
BRDA:113,10,1,0
BRDA:128,11,0,1
BRDA:128,11,1,0
BRDA:134,12,0,2
BRDA:163,13,0,75
BRDA:163,13,1,4
BRDA:165,14,0,75
BRDA:165,14,1,4
BRDA:169,15,0,75
BRDA:169,15,1,71
BRDA:173,16,0,15
BRDA:173,16,1,56
BRDA:173,17,0,71
BRDA:173,17,1,18
BRDA:175,18,0,17
BRDA:175,18,1,39
BRDA:182,19,0,23
BRDA:182,19,1,17
BRDA:186,20,0,40
BRDA:186,20,1,0
BRDA:195,21,0,71
BRDA:195,21,1,23
BRDA:209,22,0,46
BRDA:209,22,1,0
BRDA:211,23,0,46
BRDA:211,23,1,0
BRDA:214,24,0,46
BRDA:214,24,1,14
BRDA:219,25,0,14
BRDA:219,25,1,6
BRDA:284,26,0,23
BRDA:284,26,1,20
BRDA:286,27,0,3
BRDA:286,27,1,20
BRF:49
BRH:38
end_of_record
TN:
SF:src/pages/ReturnTrackingPage.tsx
FN:6,(anonymous_0)
FN:12,(anonymous_1)
FN:33,(anonymous_2)
FN:59,(anonymous_3)
FN:114,(anonymous_4)
FN:129,(anonymous_5)
FNF:6
FNH:6
FNDA:52,(anonymous_0)
FNDA:13,(anonymous_1)
FNDA:33,(anonymous_2)
FNDA:13,(anonymous_3)
FNDA:22,(anonymous_4)
FNDA:11,(anonymous_5)
DA:1,2
DA:2,2
DA:4,2
DA:6,2
DA:7,52
DA:8,52
DA:9,52
DA:10,52
DA:12,52
DA:13,13
DA:14,13
DA:15,1
DA:16,1
DA:19,12
DA:20,12
DA:21,12
DA:22,12
DA:23,10
DA:24,10
DA:26,2
DA:27,2
DA:29,12
DA:33,52
DA:34,33
DA:36,22
DA:38,0
DA:41,0
DA:43,11
DA:45,0
DA:49,52
DA:59,13
DA:115,22
DA:130,11
LF:33
LH:30
BRDA:14,0,0,1
BRDA:26,1,0,2
BRDA:26,1,1,0
BRDA:34,2,0,22
BRDA:34,2,1,0
BRDA:34,2,2,0
BRDA:34,2,3,0
BRDA:34,2,4,11
BRDA:34,2,5,0
BRDA:65,3,0,12
BRDA:65,3,1,40
BRDA:69,4,0,52
BRDA:69,4,1,3
BRDA:71,5,0,52
BRDA:71,5,1,11
BRDA:86,6,0,11
BRDA:86,6,1,11
BRDA:89,7,0,11
BRDA:89,7,1,11
BRDA:92,8,0,11
BRDA:92,8,1,11
BRDA:95,9,0,11
BRDA:95,9,1,11
BRDA:98,10,0,11
BRDA:98,10,1,11
BRDA:103,11,0,11
BRDA:103,11,1,11
BRDA:120,12,0,22
BRDA:120,12,1,11
BRDA:134,13,0,11
BRDA:134,13,1,11
BRF:31
BRH:26
end_of_record
TN:
SF:src/pages/UserPage.tsx
FN:8,(anonymous_0)
FNF:1
FNH:1
FNDA:6,(anonymous_0)
DA:2,2
DA:3,2
DA:4,2
DA:5,2
DA:6,2
DA:8,2
DA:9,6
DA:11,6
LF:8
LH:8
BRDA:14,0,0,6
BRDA:14,0,1,0
BRF:2
BRH:1
end_of_record
TN:
SF:src/pages/WishlistPage.tsx
FN:5,(anonymous_0)
FN:16,(anonymous_1)
FN:25,(anonymous_2)
FN:32,(anonymous_3)
FN:38,(anonymous_4)
FNF:5
FNH:5
FNDA:25,(anonymous_0)
FNDA:2,(anonymous_1)
FNDA:12,(anonymous_2)
FNDA:2,(anonymous_3)
FNDA:1,(anonymous_4)
DA:2,2
DA:3,2
DA:5,2
DA:6,25
DA:8,25
DA:9,2
DA:12,23
DA:13,15
DA:16,8
DA:17,2
DA:18,2
DA:21,8
DA:26,12
DA:32,2
DA:38,1
LF:15
LH:15
BRDA:8,0,0,2
BRDA:12,1,0,15
BRF:2
BRH:2
end_of_record
TN:
SF:src/services/api.ts
FN:17,(anonymous_1)
FN:18,(anonymous_2)
FNF:2
FNH:1
FNDA:0,(anonymous_1)
FNDA:241,(anonymous_2)
DA:1,54
DA:5,54
DA:8,54
DA:16,54
DA:17,0
DA:19,241
DA:20,241
DA:26,54
DA:27,54
DA:28,54
LF:10
LH:9
BRDA:19,0,0,241
BRDA:19,0,1,241
BRDA:19,0,2,0
BRF:3
BRH:2
end_of_record
TN:
SF:src/services/giftCardService.ts
FN:80,(anonymous_0)
FN:85,(anonymous_1)
FN:90,(anonymous_2)
FN:95,(anonymous_3)
FN:100,(anonymous_4)
FN:105,(anonymous_5)
FN:110,(anonymous_6)
FN:115,(anonymous_7)
FNF:8
FNH:8
FNDA:1,(anonymous_0)
FNDA:1,(anonymous_1)
FNDA:1,(anonymous_2)
FNDA:1,(anonymous_3)
FNDA:1,(anonymous_4)
FNDA:1,(anonymous_5)
FNDA:1,(anonymous_6)
FNDA:1,(anonymous_7)
DA:1,6
DA:79,6
DA:81,1
DA:82,1
DA:86,1
DA:87,1
DA:91,1
DA:92,1
DA:96,1
DA:97,1
DA:101,1
DA:102,1
DA:106,1
DA:107,1
DA:111,1
DA:112,1
DA:116,1
LF:17
LH:17
BRF:0
BRH:0
end_of_record
TN:
SF:src/services/loyaltyService.ts
FN:13,(anonymous_0)
FN:20,(anonymous_1)
FN:27,(anonymous_2)
FN:40,(anonymous_3)
FN:47,(anonymous_4)
FN:54,(anonymous_5)
FN:61,(anonymous_6)
FN:69,(anonymous_7)
FN:75,(anonymous_8)
FNF:9
FNH:9
FNDA:32,(anonymous_0)
FNDA:1,(anonymous_1)
FNDA:2,(anonymous_2)
FNDA:1,(anonymous_3)
FNDA:1,(anonymous_4)
FNDA:1,(anonymous_5)
FNDA:2,(anonymous_6)
FNDA:1,(anonymous_7)
FNDA:1,(anonymous_8)
DA:1,8
DA:12,8
DA:14,32
DA:17,1
DA:21,1
DA:24,1
DA:34,2
DA:37,2
DA:41,1
DA:44,1
DA:48,1
DA:51,1
DA:55,1
DA:58,1
DA:62,2
DA:66,2
DA:70,1
DA:76,1
DA:79,1
LF:19
LH:19
BRDA:27,0,0,1
BRDA:27,1,0,1
BRDA:63,2,0,1
BRDA:63,2,1,1
BRF:4
BRH:4
end_of_record
TN:
SF:src/services/orderService.ts
FN:5,(anonymous_0)
FN:10,(anonymous_1)
FN:15,(anonymous_2)
FN:20,(anonymous_3)
FN:25,(anonymous_4)
FN:30,(anonymous_5)
FN:33,(anonymous_6)
FN:37,(anonymous_7)
FN:46,(anonymous_8)
FN:53,(anonymous_9)
FN:58,(anonymous_10)
FNF:11
FNH:9
FNDA:2,(anonymous_0)
FNDA:1,(anonymous_1)
FNDA:1,(anonymous_2)
FNDA:1,(anonymous_3)
FNDA:1,(anonymous_4)
FNDA:3,(anonymous_5)
FNDA:0,(anonymous_6)
FNDA:2,(anonymous_7)
FNDA:0,(anonymous_8)
FNDA:1,(anonymous_9)
FNDA:1,(anonymous_10)
DA:1,7
DA:4,7
DA:6,2
DA:7,1
DA:11,1
DA:12,1
DA:16,1
DA:17,1
DA:21,1
DA:22,1
DA:26,1
DA:27,1
DA:31,3
DA:33,3
DA:34,0
DA:37,3
DA:38,2
DA:39,2
DA:40,1
DA:42,1
DA:46,3
DA:47,0
DA:50,3
DA:54,1
DA:55,1
DA:59,1
DA:60,1
LF:27
LH:25
BRF:0
BRH:0
end_of_record
TN:
SF:src/services/productService.ts
FN:5,(anonymous_0)
FN:10,(anonymous_1)
FN:15,(anonymous_2)
FNF:3
FNH:3
FNDA:13,(anonymous_0)
FNDA:1,(anonymous_1)
FNDA:1,(anonymous_2)
DA:1,8
DA:4,8
DA:6,13
DA:7,1
DA:11,1
DA:12,1
DA:16,1
DA:17,1
LF:8
LH:8
BRF:0
BRH:0
end_of_record
TN:
SF:src/services/returnService.ts
FN:13,(anonymous_0)
FN:18,(anonymous_1)
FN:23,(anonymous_2)
FN:28,(anonymous_3)
FN:33,(anonymous_4)
FN:38,(anonymous_5)
FN:44,(anonymous_6)
FN:62,(anonymous_7)
FN:67,(anonymous_8)
FN:76,(anonymous_9)
FN:85,(anonymous_10)
FN:99,(anonymous_11)
FN:112,(anonymous_12)
FN:120,(anonymous_13)
FNF:14
FNH:14
FNDA:2,(anonymous_0)
FNDA:1,(anonymous_1)
FNDA:1,(anonymous_2)
FNDA:1,(anonymous_3)
FNDA:7,(anonymous_4)
FNDA:1,(anonymous_5)
FNDA:3,(anonymous_6)
FNDA:1,(anonymous_7)
FNDA:3,(anonymous_8)
FNDA:2,(anonymous_9)
FNDA:3,(anonymous_10)
FNDA:3,(anonymous_11)
FNDA:2,(anonymous_12)
FNDA:1,(anonymous_13)
DA:1,11
DA:12,11
DA:14,2
DA:15,1
DA:19,1
DA:20,1
DA:24,1
DA:25,1
DA:29,1
DA:30,1
DA:34,7
DA:35,1
DA:39,1
DA:40,1
DA:50,3
DA:51,3
DA:52,3
DA:53,3
DA:54,3
DA:56,3
DA:57,3
DA:58,3
DA:59,3
DA:63,1
DA:64,1
DA:68,3
DA:69,3
DA:71,3
DA:72,3
DA:73,3
DA:77,2
DA:78,2
DA:79,2
DA:81,2
DA:82,2
DA:91,3
DA:92,3
DA:94,3
DA:95,3
DA:96,3
DA:104,3
DA:105,3
DA:106,3
DA:108,3
DA:109,3
DA:113,2
DA:114,2
DA:116,2
DA:117,2
DA:121,1
DA:122,1
LF:51
LH:51
BRDA:51,0,0,2
BRDA:52,1,0,1
BRDA:53,2,0,1
BRDA:54,3,0,1
BRDA:57,4,0,2
BRDA:57,4,1,1
BRDA:69,5,0,1
BRDA:72,6,0,1
BRDA:72,6,1,2
BRDA:73,7,0,2
BRDA:73,7,1,1
BRDA:79,8,0,1
BRDA:92,9,0,1
BRDA:95,10,0,1
BRDA:95,10,1,2
BRDA:105,11,0,2
BRDA:106,12,0,1
BRDA:108,13,0,2
BRDA:108,13,1,1
BRDA:114,14,0,1
BRDA:116,15,0,1
BRDA:116,15,1,1
BRF:22
BRH:22
end_of_record
TN:
SF:src/services/shippingService.ts
FN:52,(anonymous_0)
FN:136,(anonymous_1)
FN:238,(anonymous_2)
FN:308,(anonymous_3)
FN:313,(anonymous_4)
FN:320,(anonymous_5)
FNF:6
FNH:6
FNDA:7,(anonymous_0)
FNDA:238,(anonymous_1)
FNDA:9,(anonymous_2)
FNDA:4,(anonymous_3)
FNDA:4,(anonymous_4)
FNDA:6,(anonymous_5)
DA:1,20
DA:22,20
DA:23,20
DA:24,20
DA:25,20
DA:26,20
DA:43,20
DA:57,7
DA:60,7
DA:61,7
DA:62,3
DA:63,3
DA:64,2
DA:67,2
DA:69,1
DA:82,6
DA:83,6
DA:84,6
DA:85,6
DA:87,6
DA:88,5
DA:91,6
DA:92,6
DA:94,6
DA:95,5
DA:98,5
DA:105,5
DA:113,5
DA:116,1
DA:124,1
DA:141,238
DA:144,238
DA:145,237
DA:146,5
DA:147,5
DA:148,4
DA:151,4
DA:155,3
DA:156,3
DA:157,3
DA:160,3
DA:162,1
DA:164,2
DA:179,235
DA:180,235
DA:181,235
DA:182,235
DA:184,235
DA:185,73
DA:188,235
DA:189,235
DA:191,235
DA:192,7
DA:195,7
DA:203,7
DA:211,7
DA:214,134
DA:224,134
DA:245,9
DA:248,9
DA:251,9
DA:252,9
DA:253,3
DA:254,3
DA:255,2
DA:258,2
DA:259,1
DA:267,8
DA:268,8
DA:269,8
DA:270,8
DA:272,8
DA:273,2
DA:275,8
DA:276,8
DA:278,8
DA:279,1
DA:282,8
DA:283,8
DA:285,8
DA:286,7
DA:289,7
DA:297,7
DA:300,1
DA:301,1
DA:309,4
DA:310,2
DA:311,2
DA:313,2
DA:314,4
DA:315,2
DA:320,2
DA:321,6
DA:324,4
LF:94
LH:94
BRDA:53,0,0,0
BRDA:57,1,0,7
BRDA:57,1,1,1
BRDA:61,2,0,3
BRDA:67,3,0,1
BRDA:84,4,0,6
BRDA:87,5,0,5
BRDA:92,6,0,6
BRDA:92,6,1,0
BRDA:117,7,0,1
BRDA:117,7,1,0
BRDA:137,8,0,0
BRDA:141,9,0,238
BRDA:141,9,1,163
BRDA:145,10,0,5
BRDA:151,11,0,3
BRDA:156,12,0,2
BRDA:156,12,1,1
BRDA:160,13,0,1
BRDA:160,13,1,2
BRDA:181,14,0,235
BRDA:184,15,0,73
BRDA:189,16,0,235
BRDA:189,16,1,0
BRDA:215,17,0,134
BRDA:215,17,1,88
BRDA:217,18,0,40
BRDA:217,18,1,94
BRDA:239,19,0,0
BRDA:245,20,0,2
BRDA:245,20,1,7
BRDA:245,21,0,9
BRDA:245,21,1,9
BRDA:248,22,0,9
BRDA:248,22,1,0
BRDA:252,23,0,3
BRDA:258,24,0,1
BRDA:269,25,0,8
BRDA:272,26,0,2
BRDA:272,27,0,8
BRDA:272,27,1,8
BRDA:275,28,0,8
BRDA:278,29,0,1
BRDA:283,30,0,8
BRDA:283,30,1,0
BRDA:309,31,0,2
BRDA:309,31,1,2
BRDA:314,32,0,2
BRDA:314,33,0,4
BRDA:314,33,1,3
BRDA:321,34,0,4
BRDA:321,35,0,6
BRDA:321,35,1,4
BRDA:321,35,2,4
BRF:54
BRH:46
end_of_record
TN:
SF:src/services/stockService.ts
FN:37,(anonymous_0)
FN:45,(anonymous_1)
FN:55,(anonymous_2)
FN:65,(anonymous_3)
FN:75,(anonymous_4)
FNF:5
FNH:5
FNDA:2,(anonymous_0)
FNDA:42,(anonymous_1)
FNDA:2,(anonymous_2)
FNDA:1,(anonymous_3)
FNDA:2,(anonymous_4)
DA:1,21
DA:33,21
DA:38,2
DA:39,1
DA:46,42
DA:49,1
DA:56,2
DA:66,1
DA:69,1
DA:76,2
LF:10
LH:10
BRF:0
BRH:0
end_of_record
TN:
SF:src/services/userService.ts
FN:5,(anonymous_0)
FN:10,(anonymous_1)
FNF:2
FNH:2
FNDA:2,(anonymous_0)
FNDA:2,(anonymous_1)
DA:1,4
DA:4,4
DA:6,2
DA:7,1
DA:11,2
DA:12,1
LF:6
LH:6
BRF:0
BRH:0
end_of_record
TN:
SF:src/services/wishlistService.ts
FN:5,(anonymous_0)
FN:10,(anonymous_1)
FN:14,(anonymous_2)
FNF:3
FNH:3
FNDA:66,(anonymous_0)
FNDA:2,(anonymous_1)
FNDA:2,(anonymous_2)
DA:1,19
DA:4,19
DA:6,66
DA:7,2
DA:11,2
DA:15,2
LF:6
LH:6
BRF:0
BRH:0
end_of_record
TN:
SF:src/utils/test-utils.tsx
FN:23,renderAndCheckA11y
FNF:1
FNH:1
FNDA:4,renderAndCheckA11y
DA:1,1
DA:2,1
DA:23,1
DA:26,4
DA:27,4
DA:28,4
DA:29,4
LF:7
LH:7
BRF:0
BRH:0
end_of_record
