TN:
SF:src/components/OrderDetails.tsx
FN:9,(anonymous_0)
FN:50,(anonymous_1)
FNF:2
FNH:2
FNDA:3,(anonymous_0)
FNDA:6,(anonymous_1)
DA:3,2
DA:9,2
DA:10,3
DA:51,6
LF:4
LH:4
BRDA:30,0,0,3
BRDA:30,0,1,3
BRDA:52,1,0,6
BRDA:52,1,1,0
BRDA:54,2,0,6
BRDA:54,2,1,0
BRDA:55,3,0,6
BRDA:55,3,1,0
BRF:8
BRH:5
end_of_record
TN:
SF:src/components/OrderForm.tsx
FN:13,(anonymous_0)
FN:36,(anonymous_1)
FN:43,(anonymous_2)
FN:62,(anonymous_3)
FN:90,(anonymous_4)
FN:128,(anonymous_5)
FN:137,(anonymous_6)
FN:144,(anonymous_7)
FN:155,(anonymous_8)
FN:171,(anonymous_9)
FN:173,(anonymous_10)
FNF:11
FNH:9
FNDA:77,(anonymous_0)
FNDA:41,(anonymous_1)
FNDA:5,(anonymous_2)
FNDA:5,(anonymous_3)
FNDA:1,(anonymous_4)
FNDA:39,(anonymous_5)
FNDA:1,(anonymous_6)
FNDA:1,(anonymous_7)
FNDA:1,(anonymous_8)
FNDA:0,(anonymous_9)
FNDA:0,(anonymous_10)
DA:1,2
DA:2,2
DA:3,2
DA:4,2
DA:5,2
DA:7,2
DA:13,2
DA:28,77
DA:30,77
DA:31,77
DA:32,77
DA:33,77
DA:35,77
DA:36,41
DA:40,77
DA:41,77
DA:43,77
DA:44,5
DA:46,5
DA:47,0
DA:48,0
DA:51,5
DA:52,0
DA:53,0
DA:56,5
DA:57,5
DA:59,5
DA:60,5
DA:62,5
DA:68,5
DA:69,4
DA:70,4
DA:72,4
DA:73,2
DA:76,1
DA:78,5
DA:82,77
DA:83,4
DA:91,1
DA:92,1
DA:93,1
DA:104,73
DA:105,10
DA:114,63
DA:115,24
DA:124,39
DA:129,39
DA:137,1
DA:144,1
DA:155,1
DA:173,0
DA:174,0
DA:175,0
LF:53
LH:46
BRDA:30,0,0,77
BRDA:30,0,1,45
BRDA:40,1,0,45
BRDA:40,1,1,32
BRDA:40,2,0,32
BRDA:40,2,1,32
BRDA:46,3,0,0
BRDA:51,4,0,0
BRDA:72,5,0,2
BRDA:76,6,0,1
BRDA:76,6,1,0
BRDA:82,7,0,4
BRDA:92,8,0,1
BRDA:104,9,0,10
BRDA:114,10,0,24
BRDA:164,11,0,39
BRDA:164,11,1,39
BRDA:164,11,2,39
BRDA:164,11,3,39
BRDA:164,11,4,39
BRDA:167,12,0,39
BRDA:167,12,1,36
BRDA:174,13,0,0
BRDA:198,14,0,3
BRDA:198,14,1,36
BRDA:198,15,0,39
BRDA:198,15,1,39
BRDA:211,16,0,39
BRDA:211,16,1,1
BRDA:213,17,0,6
BRDA:213,17,1,33
BRF:31
BRH:27
end_of_record
TN:
SF:src/components/ProductForm.tsx
FN:7,(anonymous_0)
FN:20,(anonymous_1)
FN:61,(anonymous_2)
FN:63,(anonymous_3)
FNF:4
FNH:4
FNDA:110,(anonymous_0)
FNDA:11,(anonymous_1)
FNDA:59,(anonymous_2)
FNDA:59,(anonymous_3)
DA:1,2
DA:2,2
DA:3,2
DA:5,2
DA:7,2
DA:8,110
DA:9,110
DA:16,110
DA:17,110
DA:18,110
DA:20,110
DA:21,11
DA:22,11
DA:23,11
DA:24,11
DA:26,11
DA:28,11
DA:29,1
DA:31,10
DA:32,1
DA:34,9
DA:35,1
DA:37,8
DA:38,1
DA:40,7
DA:41,1
DA:44,6
DA:45,4
DA:46,4
DA:47,4
DA:55,6
DA:57,10
DA:61,110
DA:62,59
DA:63,59
DA:69,110
LF:36
LH:36
BRDA:28,0,0,1
BRDA:31,1,0,1
BRDA:34,2,0,1
BRDA:37,3,0,1
BRDA:40,4,0,1
BRDA:55,5,0,6
BRDA:55,5,1,0
BRDA:65,6,0,25
BRDA:65,6,1,34
BRDA:65,7,0,59
BRDA:65,7,1,47
BRDA:65,8,0,25
BRDA:65,8,1,2
BRDA:143,9,0,110
BRDA:143,9,1,6
BRDA:144,10,0,110
BRDA:144,10,1,4
BRDA:147,11,0,7
BRDA:147,11,1,103
BRF:19
BRH:18
end_of_record
TN:
SF:src/components/ProductList.tsx
FN:13,(anonymous_0)
FN:21,(anonymous_1)
FN:25,(anonymous_2)
FN:38,(anonymous_3)
FN:69,(anonymous_4)
FN:85,(anonymous_5)
FNF:6
FNH:4
FNDA:52,(anonymous_0)
FNDA:18,(anonymous_1)
FNDA:18,(anonymous_2)
FNDA:0,(anonymous_3)
FNDA:8,(anonymous_4)
FNDA:0,(anonymous_5)
DA:1,2
DA:2,2
DA:3,2
DA:5,2
DA:6,2
DA:13,2
DA:17,52
DA:18,52
DA:19,52
DA:21,52
DA:22,18
DA:25,52
DA:26,18
DA:27,18
DA:28,18
DA:29,18
DA:30,16
DA:32,1
DA:34,17
DA:38,52
DA:39,0
DA:40,0
DA:42,0
DA:46,52
DA:47,27
DA:50,25
DA:51,1
DA:61,24
DA:62,19
DA:65,5
DA:70,8
DA:85,0
LF:32
LH:28
BRDA:15,0,0,52
BRDA:32,1,0,1
BRDA:32,1,1,0
BRDA:39,2,0,0
BRDA:39,2,1,0
BRDA:46,3,0,27
BRDA:50,4,0,1
BRDA:61,5,0,19
BRDA:79,6,0,8
BRDA:79,6,1,1
BRDA:83,7,0,8
BRDA:83,7,1,8
BRF:12
BRH:9
end_of_record
TN:
SF:src/components/ProductShippingPreview.tsx
FN:12,(anonymous_9)
FN:21,(anonymous_10)
FN:22,(anonymous_11)
FN:24,(anonymous_12)
FN:28,(anonymous_13)
FN:62,(anonymous_14)
FN:66,(anonymous_15)
FN:140,(anonymous_16)
FNF:8
FNH:8
FNDA:34,(anonymous_9)
FNDA:19,(anonymous_10)
FNDA:19,(anonymous_11)
FNDA:20,(anonymous_12)
FNDA:14,(anonymous_13)
FNDA:14,(anonymous_14)
FNDA:20,(anonymous_15)
FNDA:4,(anonymous_16)
DA:1,3
DA:2,3
DA:4,3
DA:5,3
DA:12,3
DA:16,34
DA:17,34
DA:18,34
DA:21,34
DA:22,34
DA:24,34
DA:25,20
DA:26,20
DA:28,20
DA:29,14
DA:30,14
DA:32,14
DA:34,14
DA:39,13
DA:40,13
DA:41,13
DA:44,1
DA:45,1
DA:46,1
DA:48,1
DA:62,20
DA:63,14
DA:66,20
DA:67,20
DA:68,20
DA:69,20
DA:75,34
DA:76,18
DA:84,16
DA:85,0
DA:92,16
DA:93,2
DA:101,14
DA:103,14
DA:143,4
LF:40
LH:39
BRDA:22,0,0,19
BRDA:22,0,1,2
BRDA:39,1,0,13
BRDA:44,2,0,1
BRDA:45,3,0,1
BRDA:45,3,1,0
BRDA:49,4,0,1
BRDA:49,4,1,0
BRDA:51,5,0,0
BRDA:51,5,1,1
BRDA:68,6,0,20
BRDA:75,7,0,18
BRDA:75,8,0,34
BRDA:75,8,1,18
BRDA:84,9,0,0
BRDA:84,10,0,16
BRDA:84,10,1,1
BRDA:92,11,0,2
BRDA:109,12,0,4
BRDA:109,12,1,10
BRDA:112,13,0,4
BRDA:112,13,1,10
BRDA:123,14,0,14
BRDA:123,14,1,10
BRDA:133,15,0,14
BRDA:133,15,1,4
BRDA:144,16,0,4
BRDA:144,16,1,3
BRDA:144,16,2,3
BRF:29
BRH:25
end_of_record
TN:
SF:src/components/ShippingBanner.tsx
FN:10,(anonymous_0)
FNF:1
FNH:1
FNDA:31,(anonymous_0)
DA:2,8
DA:10,8
DA:15,31
DA:16,31
DA:17,31
DA:19,31
LF:6
LH:6
BRDA:20,0,0,8
BRDA:20,0,1,23
BRDA:22,1,0,8
BRDA:22,1,1,23
BRDA:33,2,0,31
BRDA:33,2,1,23
BRF:6
BRH:6
end_of_record
TN:
SF:src/components/ShippingCostCalculator.tsx
FN:14,(anonymous_0)
FNF:1
FNH:1
FNDA:51,(anonymous_0)
DA:2,3
DA:3,3
DA:14,3
DA:22,51
DA:24,51
LF:5
LH:5
BRDA:31,0,0,43
BRDA:31,0,1,8
BRDA:34,1,0,43
BRDA:34,1,1,8
BRDA:45,2,0,51
BRDA:45,2,1,8
BRDA:63,3,0,43
BRDA:63,3,1,8
BRDA:64,4,0,43
BRDA:64,4,1,8
BRF:10
BRH:10
end_of_record
TN:
SF:src/components/ShippingRecommendations.tsx
FN:11,(anonymous_0)
FN:32,(anonymous_1)
FN:36,(anonymous_2)
FN:37,(anonymous_3)
FN:64,(anonymous_4)
FN:68,(anonymous_5)
FN:78,(anonymous_6)
FN:105,(anonymous_7)
FN:120,(anonymous_8)
FN:124,(anonymous_9)
FN:133,(anonymous_10)
FN:148,(anonymous_11)
FNF:12
FNH:12
FNDA:56,(anonymous_0)
FNDA:3,(anonymous_1)
FNDA:1,(anonymous_2)
FNDA:2,(anonymous_3)
FNDA:6,(anonymous_4)
FNDA:1,(anonymous_5)
FNDA:6,(anonymous_6)
FNDA:18,(anonymous_7)
FNDA:19,(anonymous_8)
FNDA:1,(anonymous_9)
FNDA:1,(anonymous_10)
FNDA:19,(anonymous_11)
DA:1,3
DA:3,3
DA:11,3
DA:16,56
DA:19,56
DA:20,24
DA:28,32
DA:29,17
DA:32,15
DA:33,3
DA:36,15
DA:37,1
DA:38,2
DA:42,15
DA:65,6
DA:68,1
DA:79,6
DA:105,3
DA:110,18
DA:121,19
DA:124,1
DA:133,1
DA:148,3
DA:152,19
LF:24
LH:24
BRDA:13,0,0,0
BRDA:19,1,0,24
BRDA:28,2,0,17
BRDA:28,3,0,32
BRDA:28,3,1,17
BRDA:28,3,2,16
BRDA:51,4,0,12
BRDA:51,4,1,3
BRDA:67,5,0,3
BRDA:67,5,1,3
BRDA:72,6,0,6
BRDA:72,6,1,0
BRDA:72,7,0,0
BRDA:72,7,1,0
BRDA:81,8,0,3
BRDA:81,8,1,3
BRDA:129,9,0,18
BRDA:129,9,1,2
BRDA:154,10,0,19
BRDA:154,10,1,18
BRDA:161,11,0,19
BRDA:161,11,1,19
BRDA:164,12,0,19
BRDA:164,12,1,19
BRDA:167,13,0,19
BRDA:167,13,1,19
BRF:26
BRH:22
end_of_record
TN:
SF:src/components/UserForm.tsx
FN:7,(anonymous_0)
FN:18,(anonymous_1)
FN:47,(anonymous_2)
FN:49,(anonymous_3)
FN:60,(anonymous_4)
FNF:5
FNH:4
FNDA:30,(anonymous_0)
FNDA:3,(anonymous_1)
FNDA:9,(anonymous_2)
FNDA:9,(anonymous_3)
FNDA:0,(anonymous_4)
DA:1,2
DA:2,2
DA:3,2
DA:5,2
DA:7,2
DA:8,30
DA:9,30
DA:14,30
DA:15,30
DA:16,30
DA:18,30
DA:19,3
DA:20,3
DA:21,3
DA:22,3
DA:24,3
DA:26,3
DA:27,0
DA:29,3
DA:30,0
DA:32,3
DA:33,1
DA:36,2
DA:37,1
DA:38,1
DA:39,1
DA:41,2
DA:43,3
DA:47,30
DA:48,9
DA:49,9
DA:52,30
DA:53,3
DA:60,0
DA:68,27
LF:35
LH:32
BRDA:26,0,0,0
BRDA:29,1,0,0
BRDA:32,2,0,1
BRDA:32,3,0,3
BRDA:32,3,1,3
BRDA:41,4,0,2
BRDA:41,4,1,0
BRDA:52,5,0,3
BRDA:112,6,0,27
BRDA:112,6,1,2
BRDA:113,7,0,27
BRDA:113,7,1,0
BRDA:116,8,0,2
BRDA:116,8,1,25
BRF:14
BRH:10
end_of_record
TN:
SF:src/context/AppContext.tsx
FN:28,(anonymous_0)
FN:40,(anonymous_1)
FN:41,(anonymous_2)
FN:46,(anonymous_3)
FN:53,(anonymous_4)
FN:61,(anonymous_5)
FN:69,(anonymous_6)
FN:77,(anonymous_7)
FN:89,(anonymous_8)
FN:93,(anonymous_9)
FN:121,(anonymous_10)
FN:141,(anonymous_11)
FN:147,(anonymous_12)
FN:155,(anonymous_13)
FN:165,(anonymous_14)
FN:169,(anonymous_15)
FN:174,(anonymous_16)
FN:195,(anonymous_17)
FN:199,(anonymous_18)
FN:207,(anonymous_19)
FN:216,(anonymous_20)
FN:224,(anonymous_21)
FN:225,(anonymous_22)
FN:226,(anonymous_23)
FN:228,(anonymous_24)
FN:238,(anonymous_25)
FN:239,(anonymous_26)
FN:239,(anonymous_27)
FN:242,(anonymous_28)
FN:247,(anonymous_29)
FN:248,(anonymous_30)
FN:254,(anonymous_31)
FNF:32
FNH:27
FNDA:415,(anonymous_0)
FNDA:235,(anonymous_1)
FNDA:87,(anonymous_2)
FNDA:87,(anonymous_3)
FNDA:87,(anonymous_4)
FNDA:87,(anonymous_5)
FNDA:87,(anonymous_6)
FNDA:87,(anonymous_7)
FNDA:126,(anonymous_8)
FNDA:51,(anonymous_9)
FNDA:0,(anonymous_10)
FNDA:87,(anonymous_11)
FNDA:99,(anonymous_12)
FNDA:110,(anonymous_13)
FNDA:8,(anonymous_14)
FNDA:0,(anonymous_15)
FNDA:0,(anonymous_16)
FNDA:110,(anonymous_17)
FNDA:110,(anonymous_18)
FNDA:2,(anonymous_19)
FNDA:99,(anonymous_20)
FNDA:3,(anonymous_21)
FNDA:3,(anonymous_22)
FNDA:0,(anonymous_23)
FNDA:0,(anonymous_24)
FNDA:2,(anonymous_25)
FNDA:2,(anonymous_26)
FNDA:2,(anonymous_27)
FNDA:2,(anonymous_28)
FNDA:2,(anonymous_29)
FNDA:2,(anonymous_30)
FNDA:5,(anonymous_31)
DA:1,9
DA:4,9
DA:26,9
DA:28,9
DA:29,415
DA:30,415
DA:31,0
DA:33,415
DA:40,9
DA:41,235
DA:42,87
DA:43,87
DA:46,235
DA:47,87
DA:48,87
DA:51,235
DA:53,235
DA:54,87
DA:55,87
DA:56,87
DA:58,0
DA:61,235
DA:62,87
DA:63,87
DA:64,87
DA:66,0
DA:69,235
DA:70,87
DA:71,87
DA:72,87
DA:74,0
DA:77,235
DA:78,87
DA:79,87
DA:80,87
DA:82,0
DA:85,235
DA:86,235
DA:87,235
DA:89,235
DA:90,126
DA:92,126
DA:93,51
DA:98,126
DA:103,72
DA:104,65
DA:105,65
DA:106,65
DA:109,65
DA:110,65
DA:111,65
DA:112,65
DA:113,65
DA:117,7
DA:118,7
DA:119,7
DA:120,7
DA:121,0
DA:124,7
DA:126,7
DA:127,7
DA:128,7
DA:129,7
DA:131,7
DA:132,7
DA:133,7
DA:134,7
DA:135,7
DA:141,235
DA:142,87
DA:147,235
DA:148,99
DA:149,39
DA:155,235
DA:157,110
DA:158,23
DA:162,110
DA:165,110
DA:166,8
DA:168,8
DA:169,0
DA:174,8
DA:177,8
DA:184,8
DA:186,0
DA:187,0
DA:189,8
DA:195,235
DA:196,110
DA:199,110
DA:200,110
DA:201,110
DA:207,235
DA:208,2
DA:209,2
DA:210,2
DA:212,0
DA:216,235
DA:217,99
DA:218,27
DA:220,72
DA:224,235
DA:225,3
DA:226,3
DA:227,3
DA:228,0
DA:229,0
DA:234,3
DA:238,235
DA:239,2
DA:242,235
DA:243,2
DA:244,0
DA:245,0
DA:247,2
DA:248,2
DA:249,2
DA:254,235
DA:255,5
DA:256,5
DA:259,235
DA:279,235
LF:122
LH:108
BRDA:30,0,0,0
BRDA:43,1,0,29
BRDA:43,1,1,58
BRDA:48,2,0,22
BRDA:48,2,1,65
BRDA:54,3,0,87
BRDA:54,4,0,87
BRDA:54,4,1,87
BRDA:56,5,0,87
BRDA:56,5,1,63
BRDA:62,6,0,87
BRDA:62,7,0,87
BRDA:62,7,1,87
BRDA:64,8,0,24
BRDA:64,8,1,63
BRDA:70,9,0,87
BRDA:70,10,0,87
BRDA:70,10,1,87
BRDA:72,11,0,20
BRDA:72,11,1,67
BRDA:78,12,0,87
BRDA:78,13,0,87
BRDA:78,13,1,87
BRDA:80,14,0,20
BRDA:80,14,1,67
BRDA:100,15,0,126
BRDA:100,15,1,71
BRDA:109,16,0,65
BRDA:109,17,0,65
BRDA:109,17,1,65
BRDA:117,18,0,7
BRDA:117,18,1,1
BRDA:124,19,0,0
BRDA:124,19,1,7
BRDA:131,20,0,7
BRDA:131,21,0,7
BRDA:131,21,1,7
BRDA:148,22,0,39
BRDA:148,23,0,99
BRDA:148,23,1,72
BRDA:157,24,0,23
BRDA:179,25,0,0
BRDA:179,25,1,8
BRDA:180,26,0,8
BRDA:180,26,1,0
BRDA:200,27,0,110
BRDA:209,28,0,2
BRDA:209,28,1,0
BRDA:217,29,0,27
BRDA:217,29,1,72
BRDA:227,30,0,0
BRDA:229,31,0,0
BRDA:229,31,1,0
BRDA:243,32,0,0
BRDA:249,33,0,2
BRDA:249,33,1,0
BRF:56
BRH:46
end_of_record
TN:
SF:src/pages/Home.tsx
FN:7,(anonymous_0)
FN:11,(anonymous_1)
FNF:2
FNH:2
FNDA:22,(anonymous_0)
FNDA:10,(anonymous_1)
DA:2,1
DA:3,1
DA:4,1
DA:5,1
DA:7,1
DA:8,22
DA:10,22
DA:11,10
DA:15,22
LF:9
LH:9
BRDA:26,0,0,4
BRDA:26,0,1,18
BRDA:44,1,0,8
BRDA:44,1,1,14
BRDA:49,2,0,22
BRDA:49,2,1,8
BRDA:49,2,2,2
BRDA:49,2,3,2
BRDA:57,3,0,22
BRDA:57,3,1,4
BRF:10
BRH:10
end_of_record
TN:
SF:src/pages/OrdersPage.tsx
FN:9,(anonymous_0)
FN:17,(anonymous_1)
FN:23,(anonymous_2)
FN:38,(anonymous_3)
FN:44,(anonymous_4)
FN:64,(anonymous_5)
FN:70,(anonymous_6)
FN:96,(anonymous_7)
FN:97,(anonymous_8)
FN:115,(anonymous_9)
FNF:10
FNH:5
FNDA:74,(anonymous_0)
FNDA:25,(anonymous_1)
FNDA:20,(anonymous_2)
FNDA:0,(anonymous_3)
FNDA:0,(anonymous_4)
FNDA:0,(anonymous_5)
FNDA:10,(anonymous_6)
FNDA:40,(anonymous_7)
FNDA:0,(anonymous_8)
FNDA:0,(anonymous_9)
DA:1,1
DA:2,1
DA:3,1
DA:4,1
DA:5,1
DA:7,1
DA:9,1
DA:10,74
DA:11,74
DA:12,74
DA:13,74
DA:14,74
DA:15,74
DA:17,74
DA:18,25
DA:19,10
DA:23,74
DA:24,20
DA:26,20
DA:27,20
DA:28,20
DA:29,20
DA:30,18
DA:32,2
DA:34,20
DA:38,74
DA:39,0
DA:40,0
DA:41,0
DA:44,74
DA:45,0
DA:46,0
DA:47,0
DA:48,0
DA:49,0
DA:50,0
DA:52,0
DA:54,0
DA:58,74
DA:64,0
DA:71,10
DA:72,10
DA:97,40
DA:115,0
LF:44
LH:31
BRDA:18,0,0,10
BRDA:18,1,0,25
BRDA:18,1,1,21
BRDA:24,2,0,0
BRDA:32,3,0,2
BRDA:32,3,1,0
BRDA:52,4,0,0
BRDA:52,4,1,0
BRDA:65,5,0,30
BRDA:65,5,1,44
BRDA:67,6,0,4
BRDA:67,6,1,70
BRDA:74,7,0,44
BRDA:74,7,1,30
BRDA:82,8,0,74
BRDA:82,8,1,2
BRDA:84,9,0,74
BRDA:84,9,1,30
BRDA:88,10,0,74
BRDA:88,10,1,44
BRDA:90,11,0,20
BRDA:90,11,1,24
BRDA:92,12,0,4
BRDA:92,12,1,20
BRDA:102,13,0,40
BRDA:102,13,1,40
BRDA:112,14,0,74
BRDA:112,14,1,0
BRDA:112,14,2,0
BRF:29
BRH:23
end_of_record
TN:
SF:src/pages/ProductsPage.tsx
FN:8,(anonymous_0)
FN:13,(anonymous_1)
FN:22,(anonymous_2)
FNF:3
FNH:3
FNDA:34,(anonymous_0)
FNDA:4,(anonymous_1)
FNDA:9,(anonymous_2)
DA:1,1
DA:2,1
DA:3,1
DA:4,1
DA:5,1
DA:6,1
DA:8,1
DA:9,34
DA:10,34
DA:12,34
DA:13,4
DA:17,34
DA:22,9
LF:13
LH:13
BRDA:25,0,0,6
BRDA:25,0,1,28
BRDA:29,1,0,34
BRDA:29,1,1,6
BRDA:35,2,0,34
BRDA:35,2,1,4
BRDA:35,2,2,2
BRDA:35,2,3,2
BRF:8
BRH:8
end_of_record
TN:
SF:src/pages/UserPage.tsx
FN:5,(anonymous_0)
FNF:1
FNH:1
FNDA:3,(anonymous_0)
DA:2,1
DA:3,1
DA:5,1
DA:6,3
LF:4
LH:4
BRF:0
BRH:0
end_of_record
TN:
SF:src/services/api.ts
FN:17,(anonymous_1)
FN:18,(anonymous_2)
FNF:2
FNH:1
FNDA:0,(anonymous_1)
FNDA:68,(anonymous_2)
DA:1,20
DA:5,20
DA:8,20
DA:16,20
DA:17,0
DA:19,68
DA:20,68
DA:26,20
DA:27,20
DA:28,20
LF:10
LH:9
BRDA:19,0,0,68
BRDA:19,0,1,68
BRDA:19,0,2,0
BRF:3
BRH:2
end_of_record
TN:
SF:src/services/orderService.ts
FN:5,(anonymous_0)
FN:10,(anonymous_1)
FN:15,(anonymous_2)
FNF:3
FNH:3
FNDA:2,(anonymous_0)
FNDA:1,(anonymous_1)
FNDA:1,(anonymous_2)
DA:1,3
DA:4,3
DA:6,2
DA:7,1
DA:11,1
DA:12,1
DA:16,1
DA:17,1
LF:8
LH:8
BRF:0
BRH:0
end_of_record
TN:
SF:src/services/productService.ts
FN:5,(anonymous_0)
FN:10,(anonymous_1)
FN:15,(anonymous_2)
FNF:3
FNH:3
FNDA:2,(anonymous_0)
FNDA:1,(anonymous_1)
FNDA:1,(anonymous_2)
DA:1,4
DA:4,4
DA:6,2
DA:7,1
DA:11,1
DA:12,1
DA:16,1
DA:17,1
LF:8
LH:8
BRF:0
BRH:0
end_of_record
TN:
SF:src/services/shippingService.ts
FN:52,(anonymous_0)
FN:136,(anonymous_1)
FN:238,(anonymous_2)
FN:308,(anonymous_3)
FN:313,(anonymous_4)
FN:320,(anonymous_5)
FNF:6
FNH:6
FNDA:7,(anonymous_0)
FNDA:119,(anonymous_1)
FNDA:7,(anonymous_2)
FNDA:2,(anonymous_3)
FNDA:1,(anonymous_4)
FNDA:3,(anonymous_5)
DA:1,11
DA:22,11
DA:23,11
DA:24,11
DA:25,11
DA:26,11
DA:43,11
DA:57,7
DA:60,7
DA:61,7
DA:62,3
DA:63,3
DA:64,2
DA:67,2
DA:69,1
DA:82,6
DA:83,6
DA:84,6
DA:85,6
DA:87,6
DA:88,5
DA:91,6
DA:92,6
DA:94,6
DA:95,5
DA:98,5
DA:105,5
DA:113,5
DA:116,1
DA:124,1
DA:141,119
DA:144,119
DA:145,119
DA:146,0
DA:147,0
DA:148,0
DA:151,0
DA:155,0
DA:156,0
DA:157,0
DA:160,0
DA:162,0
DA:164,0
DA:179,119
DA:180,119
DA:181,119
DA:182,119
DA:184,119
DA:185,49
DA:188,119
DA:189,119
DA:191,119
DA:192,4
DA:195,4
DA:203,4
DA:211,4
DA:214,61
DA:224,61
DA:245,7
DA:248,7
DA:251,7
DA:252,7
DA:253,0
DA:254,0
DA:255,0
DA:258,0
DA:259,0
DA:267,7
DA:268,7
DA:269,7
DA:270,7
DA:272,7
DA:273,0
DA:275,7
DA:276,7
DA:278,7
DA:279,7
DA:282,7
DA:283,7
DA:285,7
DA:286,0
DA:289,0
DA:297,0
DA:300,7
DA:301,7
DA:309,2
DA:310,1
DA:311,1
DA:313,1
DA:314,1
DA:315,0
DA:320,1
DA:321,3
DA:324,2
LF:94
LH:74
BRDA:53,0,0,0
BRDA:57,1,0,7
BRDA:57,1,1,1
BRDA:61,2,0,3
BRDA:67,3,0,1
BRDA:84,4,0,6
BRDA:87,5,0,5
BRDA:92,6,0,6
BRDA:92,6,1,0
BRDA:117,7,0,1
BRDA:117,7,1,0
BRDA:137,8,0,0
BRDA:141,9,0,119
BRDA:141,9,1,70
BRDA:145,10,0,0
BRDA:151,11,0,0
BRDA:156,12,0,0
BRDA:156,12,1,0
BRDA:160,13,0,0
BRDA:160,13,1,0
BRDA:181,14,0,119
BRDA:184,15,0,49
BRDA:189,16,0,119
BRDA:189,16,1,0
BRDA:215,17,0,61
BRDA:215,17,1,31
BRDA:217,18,0,27
BRDA:217,18,1,34
BRDA:239,19,0,0
BRDA:245,20,0,0
BRDA:245,20,1,7
BRDA:245,21,0,7
BRDA:245,21,1,0
BRDA:248,22,0,7
BRDA:248,22,1,0
BRDA:252,23,0,0
BRDA:258,24,0,0
BRDA:269,25,0,7
BRDA:272,26,0,0
BRDA:272,27,0,7
BRDA:272,27,1,0
BRDA:275,28,0,7
BRDA:278,29,0,7
BRDA:283,30,0,7
BRDA:283,30,1,0
BRDA:309,31,0,1
BRDA:309,31,1,1
BRDA:314,32,0,0
BRDA:314,33,0,1
BRDA:314,33,1,0
BRDA:321,34,0,2
BRDA:321,35,0,3
BRDA:321,35,1,1
BRDA:321,35,2,1
BRF:54
BRH:32
end_of_record
TN:
SF:src/services/userService.ts
FN:5,(anonymous_0)
FN:10,(anonymous_1)
FNF:2
FNH:2
FNDA:2,(anonymous_0)
FNDA:2,(anonymous_1)
DA:1,3
DA:4,3
DA:6,2
DA:7,1
DA:11,2
DA:12,1
LF:6
LH:6
BRF:0
BRH:0
end_of_record
